{"C:\\Users\\Cata\\WebstormProjects\\untitled1\\backend\\server.js": {"path":"C:\\Users\\Cata\\WebstormProjects\\untitled1\\backend\\server.js","statementMap":{"0":{"start":{"line":1,"column":17},"end":{"line":1,"column":35}},"1":{"start":{"line":2,"column":13},"end":{"line":2,"column":28}},"2":{"start":{"line":3,"column":15},"end":{"line":3,"column":32}},"3":{"start":{"line":4,"column":24},"end":{"line":4,"column":50}},"4":{"start":{"line":5,"column":24},"end":{"line":5,"column":42}},"5":{"start":{"line":6,"column":28},"end":{"line":6,"column":41}},"6":{"start":{"line":7,"column":27},"end":{"line":7,"column":53}},"7":{"start":{"line":8,"column":20},"end":{"line":8,"column":46}},"8":{"start":{"line":10,"column":12},"end":{"line":10,"column":21}},"9":{"start":{"line":11,"column":13},"end":{"line":11,"column":37}},"10":{"start":{"line":14,"column":0},"end":{"line":14,"column":18}},"11":{"start":{"line":15,"column":0},"end":{"line":15,"column":16}},"12":{"start":{"line":16,"column":0},"end":{"line":16,"column":24}},"13":{"start":{"line":18,"column":15},"end":{"line":103,"column":2}},"14":{"start":{"line":105,"column":18},"end":{"line":117,"column":1}},"15":{"start":{"line":106,"column":17},"end":{"line":106,"column":70}},"16":{"start":{"line":107,"column":57},"end":{"line":107,"column":125}},"17":{"start":{"line":108,"column":21},"end":{"line":108,"column":63}},"18":{"start":{"line":109,"column":15},"end":{"line":109,"column":41}},"19":{"start":{"line":110,"column":33},"end":{"line":110,"column":83}},"20":{"start":{"line":111,"column":30},"end":{"line":111,"column":60}},"21":{"start":{"line":112,"column":34},"end":{"line":112,"column":82}},"22":{"start":{"line":113,"column":27},"end":{"line":113,"column":68}},"23":{"start":{"line":114,"column":40},"end":{"line":114,"column":94}},"24":{"start":{"line":115,"column":35},"end":{"line":115,"column":84}},"25":{"start":{"line":116,"column":26},"end":{"line":116,"column":66}},"26":{"start":{"line":119,"column":0},"end":{"line":119,"column":72}},"27":{"start":{"line":122,"column":0},"end":{"line":122,"column":43}},"28":{"start":{"line":125,"column":0},"end":{"line":128,"column":3}},"29":{"start":{"line":126,"column":2},"end":{"line":126,"column":27}},"30":{"start":{"line":127,"column":2},"end":{"line":127,"column":59}},"31":{"start":{"line":131,"column":0},"end":{"line":133,"column":3}},"32":{"start":{"line":132,"column":2},"end":{"line":132,"column":53}},"33":{"start":{"line":135,"column":0},"end":{"line":159,"column":1}},"34":{"start":{"line":136,"column":17},"end":{"line":138,"column":4}},"35":{"start":{"line":137,"column":4},"end":{"line":137,"column":50}},"36":{"start":{"line":140,"column":14},"end":{"line":140,"column":58}},"37":{"start":{"line":142,"column":2},"end":{"line":149,"column":5}},"38":{"start":{"line":143,"column":4},"end":{"line":143,"column":46}},"39":{"start":{"line":144,"column":4},"end":{"line":144,"column":105}},"40":{"start":{"line":146,"column":4},"end":{"line":148,"column":7}},"41":{"start":{"line":147,"column":6},"end":{"line":147,"column":51}},"42":{"start":{"line":151,"column":2},"end":{"line":158,"column":5}},"43":{"start":{"line":152,"column":20},"end":{"line":152,"column":40}},"44":{"start":{"line":153,"column":4},"end":{"line":157,"column":7}},"45":{"start":{"line":154,"column":6},"end":{"line":156,"column":7}},"46":{"start":{"line":155,"column":8},"end":{"line":155,"column":29}},"47":{"start":{"line":161,"column":0},"end":{"line":161,"column":21}}},"fnMap":{"0":{"name":"(anonymous_0)","decl":{"start":{"line":106,"column":10},"end":{"line":106,"column":11}},"loc":{"start":{"line":106,"column":17},"end":{"line":106,"column":70}},"line":106},"1":{"name":"(anonymous_1)","decl":{"start":{"line":107,"column":10},"end":{"line":107,"column":11}},"loc":{"start":{"line":107,"column":57},"end":{"line":107,"column":125}},"line":107},"2":{"name":"(anonymous_2)","decl":{"start":{"line":108,"column":9},"end":{"line":108,"column":10}},"loc":{"start":{"line":108,"column":21},"end":{"line":108,"column":63}},"line":108},"3":{"name":"(anonymous_3)","decl":{"start":{"line":109,"column":9},"end":{"line":109,"column":10}},"loc":{"start":{"line":109,"column":15},"end":{"line":109,"column":41}},"line":109},"4":{"name":"(anonymous_4)","decl":{"start":{"line":110,"column":16},"end":{"line":110,"column":17}},"loc":{"start":{"line":110,"column":33},"end":{"line":110,"column":83}},"line":110},"5":{"name":"(anonymous_5)","decl":{"start":{"line":111,"column":15},"end":{"line":111,"column":16}},"loc":{"start":{"line":111,"column":30},"end":{"line":111,"column":60}},"line":111},"6":{"name":"(anonymous_6)","decl":{"start":{"line":112,"column":15},"end":{"line":112,"column":16}},"loc":{"start":{"line":112,"column":34},"end":{"line":112,"column":82}},"line":112},"7":{"name":"(anonymous_7)","decl":{"start":{"line":113,"column":15},"end":{"line":113,"column":16}},"loc":{"start":{"line":113,"column":27},"end":{"line":113,"column":68}},"line":113},"8":{"name":"(anonymous_8)","decl":{"start":{"line":114,"column":14},"end":{"line":114,"column":15}},"loc":{"start":{"line":114,"column":40},"end":{"line":114,"column":94}},"line":114},"9":{"name":"(anonymous_9)","decl":{"start":{"line":115,"column":14},"end":{"line":115,"column":15}},"loc":{"start":{"line":115,"column":35},"end":{"line":115,"column":84}},"line":115},"10":{"name":"(anonymous_10)","decl":{"start":{"line":116,"column":14},"end":{"line":116,"column":15}},"loc":{"start":{"line":116,"column":26},"end":{"line":116,"column":66}},"line":116},"11":{"name":"(anonymous_11)","decl":{"start":{"line":125,"column":8},"end":{"line":125,"column":9}},"loc":{"start":{"line":125,"column":33},"end":{"line":128,"column":1}},"line":125},"12":{"name":"(anonymous_12)","decl":{"start":{"line":131,"column":8},"end":{"line":131,"column":9}},"loc":{"start":{"line":131,"column":22},"end":{"line":133,"column":1}},"line":131},"13":{"name":"(anonymous_13)","decl":{"start":{"line":136,"column":34},"end":{"line":136,"column":35}},"loc":{"start":{"line":136,"column":40},"end":{"line":138,"column":3}},"line":136},"14":{"name":"(anonymous_14)","decl":{"start":{"line":142,"column":23},"end":{"line":142,"column":24}},"loc":{"start":{"line":142,"column":35},"end":{"line":149,"column":3}},"line":142},"15":{"name":"(anonymous_15)","decl":{"start":{"line":146,"column":23},"end":{"line":146,"column":24}},"loc":{"start":{"line":146,"column":29},"end":{"line":148,"column":5}},"line":146},"16":{"name":"(anonymous_16)","decl":{"start":{"line":151,"column":17},"end":{"line":151,"column":18}},"loc":{"start":{"line":151,"column":27},"end":{"line":158,"column":3}},"line":151},"17":{"name":"(anonymous_17)","decl":{"start":{"line":153,"column":24},"end":{"line":153,"column":25}},"loc":{"start":{"line":153,"column":36},"end":{"line":157,"column":5}},"line":153}},"branchMap":{"0":{"loc":{"start":{"line":11,"column":13},"end":{"line":11,"column":37}},"type":"binary-expr","locations":[{"start":{"line":11,"column":13},"end":{"line":11,"column":29}},{"start":{"line":11,"column":33},"end":{"line":11,"column":37}}],"line":11},"1":{"loc":{"start":{"line":135,"column":0},"end":{"line":159,"column":1}},"type":"if","locations":[{"start":{"line":135,"column":0},"end":{"line":159,"column":1}},{"start":{},"end":{}}],"line":135},"2":{"loc":{"start":{"line":154,"column":6},"end":{"line":156,"column":7}},"type":"if","locations":[{"start":{"line":154,"column":6},"end":{"line":156,"column":7}},{"start":{},"end":{}}],"line":154}},"s":{"0":1,"1":1,"2":1,"3":1,"4":1,"5":1,"6":1,"7":1,"8":1,"9":1,"10":1,"11":1,"12":1,"13":1,"14":1,"15":0,"16":0,"17":0,"18":0,"19":0,"20":0,"21":0,"22":0,"23":0,"24":0,"25":0,"26":1,"27":1,"28":1,"29":0,"30":0,"31":1,"32":0,"33":1,"34":0,"35":0,"36":0,"37":0,"38":0,"39":0,"40":0,"41":0,"42":0,"43":0,"44":0,"45":0,"46":0,"47":1},"f":{"0":0,"1":0,"2":0,"3":0,"4":0,"5":0,"6":0,"7":0,"8":0,"9":0,"10":0,"11":0,"12":0,"13":0,"14":0,"15":0,"16":0,"17":0},"b":{"0":[1,1],"1":[0,1],"2":[0,0]},"_coverageSchema":"1a1c01bbd47fc00a2c39e90264f33305004495a9","hash":"f4c81aaaa0ab1896bbeb8fee925b3dfed16d2b37"}
,"C:\\Users\\Cata\\WebstormProjects\\untitled1\\backend\\lib\\websocket.js": {"path":"C:\\Users\\Cata\\WebstormProjects\\untitled1\\backend\\lib\\websocket.js","statementMap":{"0":{"start":{"line":1,"column":18},"end":{"line":1,"column":26}},"1":{"start":{"line":4,"column":2},"end":{"line":4,"column":19}},"2":{"start":{"line":8,"column":2},"end":{"line":8,"column":20}},"3":{"start":{"line":11,"column":0},"end":{"line":14,"column":2}}},"fnMap":{"0":{"name":"(anonymous_0)","decl":{"start":{"line":1,"column":18},"end":{"line":1,"column":19}},"loc":{"start":{"line":1,"column":24},"end":{"line":1,"column":26}},"line":1},"1":{"name":"setBroadcaster","decl":{"start":{"line":3,"column":9},"end":{"line":3,"column":23}},"loc":{"start":{"line":3,"column":28},"end":{"line":5,"column":1}},"line":3},"2":{"name":"broadcast","decl":{"start":{"line":7,"column":9},"end":{"line":7,"column":18}},"loc":{"start":{"line":7,"column":25},"end":{"line":9,"column":1}},"line":7}},"branchMap":{},"s":{"0":1,"1":0,"2":0,"3":1},"f":{"0":0,"1":0,"2":0},"b":{},"_coverageSchema":"1a1c01bbd47fc00a2c39e90264f33305004495a9","hash":"dbb9d56ecea4e9d9163ea41b5480b9cc3c7093ec"}
,"C:\\Users\\Cata\\WebstormProjects\\untitled1\\backend\\routes\\trades.js": {"path":"C:\\Users\\Cata\\WebstormProjects\\untitled1\\backend\\routes\\trades.js","statementMap":{"0":{"start":{"line":1,"column":16},"end":{"line":1,"column":34}},"1":{"start":{"line":2,"column":12},"end":{"line":2,"column":26}},"2":{"start":{"line":3,"column":25},"end":{"line":3,"column":50}},"3":{"start":{"line":4,"column":22},"end":{"line":4,"column":49}},"4":{"start":{"line":5,"column":15},"end":{"line":5,"column":31}},"5":{"start":{"line":7,"column":15},"end":{"line":7,"column":33}},"6":{"start":{"line":10,"column":0},"end":{"line":12,"column":3}},"7":{"start":{"line":11,"column":2},"end":{"line":11,"column":78}},"8":{"start":{"line":14,"column":22},"end":{"line":37,"column":1}},"9":{"start":{"line":39,"column":21},"end":{"line":44,"column":1}},"10":{"start":{"line":47,"column":20},"end":{"line":57,"column":2}},"11":{"start":{"line":59,"column":19},"end":{"line":62,"column":2}},"12":{"start":{"line":64,"column":22},"end":{"line":68,"column":2}},"13":{"start":{"line":72,"column":2},"end":{"line":72,"column":60}},"14":{"start":{"line":76,"column":2},"end":{"line":76,"column":29}},"15":{"start":{"line":80,"column":16},"end":{"line":80,"column":35}},"16":{"start":{"line":81,"column":14},"end":{"line":81,"column":31}},"17":{"start":{"line":82,"column":17},"end":{"line":82,"column":28}},"18":{"start":{"line":83,"column":16},"end":{"line":83,"column":53}},"19":{"start":{"line":84,"column":18},"end":{"line":84,"column":71}},"20":{"start":{"line":85,"column":2},"end":{"line":85,"column":33}},"21":{"start":{"line":89,"column":14},"end":{"line":89,"column":68}},"22":{"start":{"line":90,"column":21},"end":{"line":90,"column":58}},"23":{"start":{"line":91,"column":2},"end":{"line":113,"column":4}},"24":{"start":{"line":106,"column":32},"end":{"line":112,"column":5}},"25":{"start":{"line":117,"column":2},"end":{"line":129,"column":4}},"26":{"start":{"line":118,"column":35},"end":{"line":122,"column":5}},"27":{"start":{"line":133,"column":2},"end":{"line":133,"column":33}},"28":{"start":{"line":134,"column":2},"end":{"line":134,"column":34}},"29":{"start":{"line":137,"column":13},"end":{"line":137,"column":42}},"30":{"start":{"line":138,"column":2},"end":{"line":145,"column":3}},"31":{"start":{"line":139,"column":4},"end":{"line":144,"column":7}},"32":{"start":{"line":147,"column":2},"end":{"line":177,"column":3}},"33":{"start":{"line":147,"column":15},"end":{"line":147,"column":16}},"34":{"start":{"line":148,"column":18},"end":{"line":148,"column":34}},"35":{"start":{"line":149,"column":16},"end":{"line":149,"column":70}},"36":{"start":{"line":150,"column":23},"end":{"line":150,"column":60}},"37":{"start":{"line":151,"column":20},"end":{"line":167,"column":6}},"38":{"start":{"line":169,"column":4},"end":{"line":176,"column":5}},"39":{"start":{"line":170,"column":6},"end":{"line":175,"column":9}},"40":{"start":{"line":181,"column":2},"end":{"line":181,"column":61}},"41":{"start":{"line":185,"column":2},"end":{"line":185,"column":54}},"42":{"start":{"line":189,"column":16},"end":{"line":192,"column":4}},"43":{"start":{"line":194,"column":2},"end":{"line":196,"column":3}},"44":{"start":{"line":195,"column":4},"end":{"line":195,"column":16}},"45":{"start":{"line":198,"column":2},"end":{"line":198,"column":41}},"46":{"start":{"line":202,"column":18},"end":{"line":202,"column":41}},"47":{"start":{"line":203,"column":19},"end":{"line":203,"column":72}},"48":{"start":{"line":205,"column":16},"end":{"line":205,"column":18}},"49":{"start":{"line":206,"column":2},"end":{"line":208,"column":3}},"50":{"start":{"line":207,"column":4},"end":{"line":207,"column":26}},"51":{"start":{"line":209,"column":2},"end":{"line":211,"column":3}},"52":{"start":{"line":210,"column":4},"end":{"line":210,"column":32}},"53":{"start":{"line":212,"column":2},"end":{"line":214,"column":3}},"54":{"start":{"line":213,"column":4},"end":{"line":213,"column":59}},"55":{"start":{"line":216,"column":16},"end":{"line":216,"column":51}},"56":{"start":{"line":217,"column":17},"end":{"line":223,"column":4}},"57":{"start":{"line":225,"column":2},"end":{"line":225,"column":59}},"58":{"start":{"line":229,"column":17},"end":{"line":229,"column":116}},"59":{"start":{"line":230,"column":21},"end":{"line":230,"column":46}},"60":{"start":{"line":232,"column":2},"end":{"line":245,"column":3}},"61":{"start":{"line":233,"column":4},"end":{"line":244,"column":6}},"62":{"start":{"line":247,"column":18},"end":{"line":247,"column":59}},"63":{"start":{"line":247,"column":37},"end":{"line":247,"column":58}},"64":{"start":{"line":248,"column":17},"end":{"line":248,"column":57}},"65":{"start":{"line":248,"column":36},"end":{"line":248,"column":56}},"66":{"start":{"line":249,"column":20},"end":{"line":249,"column":64}},"67":{"start":{"line":249,"column":39},"end":{"line":249,"column":63}},"68":{"start":{"line":250,"column":15},"end":{"line":250,"column":92}},"69":{"start":{"line":250,"column":37},"end":{"line":250,"column":91}},"70":{"start":{"line":252,"column":19},"end":{"line":252,"column":58}},"71":{"start":{"line":252,"column":45},"end":{"line":252,"column":54}},"72":{"start":{"line":253,"column":17},"end":{"line":253,"column":154}},"73":{"start":{"line":253,"column":69},"end":{"line":253,"column":129}},"74":{"start":{"line":254,"column":18},"end":{"line":254,"column":162}},"75":{"start":{"line":254,"column":77},"end":{"line":254,"column":137}},"76":{"start":{"line":255,"column":18},"end":{"line":255,"column":116}},"77":{"start":{"line":256,"column":23},"end":{"line":256,"column":94}},"78":{"start":{"line":258,"column":2},"end":{"line":269,"column":4}},"79":{"start":{"line":273,"column":38},"end":{"line":273,"column":65}},"80":{"start":{"line":274,"column":2},"end":{"line":276,"column":3}},"81":{"start":{"line":275,"column":4},"end":{"line":275,"column":16}},"82":{"start":{"line":278,"column":14},"end":{"line":278,"column":80}},"83":{"start":{"line":279,"column":21},"end":{"line":279,"column":62}},"84":{"start":{"line":281,"column":23},"end":{"line":297,"column":4}},"85":{"start":{"line":299,"column":2},"end":{"line":299,"column":39}},"86":{"start":{"line":303,"column":38},"end":{"line":303,"column":65}},"87":{"start":{"line":304,"column":2},"end":{"line":306,"column":3}},"88":{"start":{"line":305,"column":4},"end":{"line":305,"column":16}},"89":{"start":{"line":308,"column":14},"end":{"line":308,"column":80}},"90":{"start":{"line":309,"column":21},"end":{"line":309,"column":62}},"91":{"start":{"line":311,"column":2},"end":{"line":336,"column":3}},"92":{"start":{"line":312,"column":25},"end":{"line":328,"column":6}},"93":{"start":{"line":330,"column":4},"end":{"line":330,"column":41}},"94":{"start":{"line":332,"column":4},"end":{"line":334,"column":5}},"95":{"start":{"line":333,"column":6},"end":{"line":333,"column":41}},"96":{"start":{"line":335,"column":4},"end":{"line":335,"column":16}},"97":{"start":{"line":340,"column":2},"end":{"line":348,"column":3}},"98":{"start":{"line":341,"column":4},"end":{"line":341,"column":49}},"99":{"start":{"line":342,"column":4},"end":{"line":342,"column":16}},"100":{"start":{"line":344,"column":4},"end":{"line":346,"column":5}},"101":{"start":{"line":345,"column":6},"end":{"line":345,"column":41}},"102":{"start":{"line":347,"column":4},"end":{"line":347,"column":16}},"103":{"start":{"line":352,"column":16},"end":{"line":352,"column":73}},"104":{"start":{"line":353,"column":2},"end":{"line":355,"column":3}},"105":{"start":{"line":354,"column":4},"end":{"line":354,"column":39}},"106":{"start":{"line":357,"column":2},"end":{"line":362,"column":5}},"107":{"start":{"line":366,"column":2},"end":{"line":379,"column":3}},"108":{"start":{"line":367,"column":4},"end":{"line":373,"column":7}},"109":{"start":{"line":375,"column":4},"end":{"line":377,"column":5}},"110":{"start":{"line":376,"column":6},"end":{"line":376,"column":40}},"111":{"start":{"line":378,"column":4},"end":{"line":378,"column":16}},"112":{"start":{"line":383,"column":2},"end":{"line":391,"column":3}},"113":{"start":{"line":384,"column":4},"end":{"line":384,"column":48}},"114":{"start":{"line":385,"column":4},"end":{"line":385,"column":16}},"115":{"start":{"line":387,"column":4},"end":{"line":389,"column":5}},"116":{"start":{"line":388,"column":6},"end":{"line":388,"column":40}},"117":{"start":{"line":390,"column":4},"end":{"line":390,"column":16}},"118":{"start":{"line":395,"column":38},"end":{"line":395,"column":64}},"119":{"start":{"line":396,"column":2},"end":{"line":398,"column":3}},"120":{"start":{"line":397,"column":4},"end":{"line":397,"column":16}},"121":{"start":{"line":400,"column":2},"end":{"line":425,"column":3}},"122":{"start":{"line":401,"column":17},"end":{"line":407,"column":6}},"123":{"start":{"line":409,"column":4},"end":{"line":419,"column":6}},"124":{"start":{"line":421,"column":4},"end":{"line":423,"column":5}},"125":{"start":{"line":422,"column":6},"end":{"line":422,"column":46}},"126":{"start":{"line":424,"column":4},"end":{"line":424,"column":16}},"127":{"start":{"line":429,"column":15},"end":{"line":432,"column":4}},"128":{"start":{"line":434,"column":2},"end":{"line":436,"column":3}},"129":{"start":{"line":435,"column":4},"end":{"line":435,"column":16}},"130":{"start":{"line":438,"column":2},"end":{"line":449,"column":4}},"131":{"start":{"line":448,"column":37},"end":{"line":448,"column":68}},"132":{"start":{"line":453,"column":38},"end":{"line":453,"column":67}},"133":{"start":{"line":454,"column":2},"end":{"line":456,"column":3}},"134":{"start":{"line":455,"column":4},"end":{"line":455,"column":16}},"135":{"start":{"line":458,"column":15},"end":{"line":458,"column":70}},"136":{"start":{"line":459,"column":2},"end":{"line":461,"column":3}},"137":{"start":{"line":460,"column":4},"end":{"line":460,"column":38}},"138":{"start":{"line":463,"column":18},"end":{"line":476,"column":4}},"139":{"start":{"line":478,"column":2},"end":{"line":483,"column":4}},"140":{"start":{"line":487,"column":2},"end":{"line":487,"column":29}},"141":{"start":{"line":492,"column":0},"end":{"line":498,"column":3}},"142":{"start":{"line":493,"column":2},"end":{"line":497,"column":3}},"143":{"start":{"line":494,"column":4},"end":{"line":494,"column":31}},"144":{"start":{"line":496,"column":4},"end":{"line":496,"column":61}},"145":{"start":{"line":501,"column":0},"end":{"line":516,"column":3}},"146":{"start":{"line":502,"column":2},"end":{"line":515,"column":3}},"147":{"start":{"line":503,"column":63},"end":{"line":503,"column":72}},"148":{"start":{"line":504,"column":20},"end":{"line":504,"column":38}},"149":{"start":{"line":505,"column":21},"end":{"line":505,"column":40}},"150":{"start":{"line":507,"column":4},"end":{"line":509,"column":5}},"151":{"start":{"line":508,"column":6},"end":{"line":508,"column":78}},"152":{"start":{"line":511,"column":21},"end":{"line":511,"column":102}},"153":{"start":{"line":512,"column":4},"end":{"line":512,"column":23}},"154":{"start":{"line":514,"column":4},"end":{"line":514,"column":61}},"155":{"start":{"line":519,"column":0},"end":{"line":532,"column":3}},"156":{"start":{"line":520,"column":2},"end":{"line":531,"column":3}},"157":{"start":{"line":521,"column":15},"end":{"line":521,"column":42}},"158":{"start":{"line":522,"column":18},"end":{"line":522,"column":40}},"159":{"start":{"line":524,"column":4},"end":{"line":526,"column":5}},"160":{"start":{"line":525,"column":6},"end":{"line":525,"column":64}},"161":{"start":{"line":528,"column":4},"end":{"line":528,"column":20}},"162":{"start":{"line":530,"column":4},"end":{"line":530,"column":61}},"163":{"start":{"line":535,"column":0},"end":{"line":545,"column":3}},"164":{"start":{"line":536,"column":2},"end":{"line":544,"column":3}},"165":{"start":{"line":537,"column":21},"end":{"line":537,"column":48}},"166":{"start":{"line":538,"column":4},"end":{"line":538,"column":35}},"167":{"start":{"line":540,"column":4},"end":{"line":542,"column":5}},"168":{"start":{"line":541,"column":6},"end":{"line":541,"column":91}},"169":{"start":{"line":543,"column":4},"end":{"line":543,"column":61}},"170":{"start":{"line":548,"column":0},"end":{"line":562,"column":3}},"171":{"start":{"line":549,"column":2},"end":{"line":561,"column":3}},"172":{"start":{"line":550,"column":15},"end":{"line":550,"column":42}},"173":{"start":{"line":551,"column":25},"end":{"line":551,"column":56}},"174":{"start":{"line":552,"column":4},"end":{"line":552,"column":27}},"175":{"start":{"line":554,"column":4},"end":{"line":556,"column":5}},"176":{"start":{"line":555,"column":6},"end":{"line":555,"column":64}},"177":{"start":{"line":557,"column":4},"end":{"line":559,"column":5}},"178":{"start":{"line":558,"column":6},"end":{"line":558,"column":91}},"179":{"start":{"line":560,"column":4},"end":{"line":560,"column":61}},"180":{"start":{"line":565,"column":0},"end":{"line":576,"column":3}},"181":{"start":{"line":566,"column":2},"end":{"line":575,"column":3}},"182":{"start":{"line":567,"column":15},"end":{"line":567,"column":42}},"183":{"start":{"line":568,"column":4},"end":{"line":568,"column":26}},"184":{"start":{"line":569,"column":4},"end":{"line":569,"column":27}},"185":{"start":{"line":571,"column":4},"end":{"line":573,"column":5}},"186":{"start":{"line":572,"column":6},"end":{"line":572,"column":64}},"187":{"start":{"line":574,"column":4},"end":{"line":574,"column":61}},"188":{"start":{"line":580,"column":0},"end":{"line":593,"column":3}},"189":{"start":{"line":581,"column":2},"end":{"line":592,"column":3}},"190":{"start":{"line":582,"column":20},"end":{"line":582,"column":46}},"191":{"start":{"line":583,"column":4},"end":{"line":583,"column":34}},"192":{"start":{"line":585,"column":4},"end":{"line":587,"column":5}},"193":{"start":{"line":586,"column":6},"end":{"line":586,"column":69}},"194":{"start":{"line":588,"column":4},"end":{"line":590,"column":5}},"195":{"start":{"line":589,"column":6},"end":{"line":589,"column":91}},"196":{"start":{"line":591,"column":4},"end":{"line":591,"column":61}},"197":{"start":{"line":596,"column":0},"end":{"line":609,"column":3}},"198":{"start":{"line":597,"column":2},"end":{"line":608,"column":3}},"199":{"start":{"line":598,"column":15},"end":{"line":598,"column":42}},"200":{"start":{"line":599,"column":17},"end":{"line":599,"column":38}},"201":{"start":{"line":601,"column":4},"end":{"line":603,"column":5}},"202":{"start":{"line":602,"column":6},"end":{"line":602,"column":63}},"203":{"start":{"line":605,"column":4},"end":{"line":605,"column":19}},"204":{"start":{"line":607,"column":4},"end":{"line":607,"column":61}},"205":{"start":{"line":612,"column":0},"end":{"line":626,"column":3}},"206":{"start":{"line":613,"column":2},"end":{"line":625,"column":3}},"207":{"start":{"line":614,"column":19},"end":{"line":614,"column":46}},"208":{"start":{"line":615,"column":27},"end":{"line":615,"column":68}},"209":{"start":{"line":616,"column":4},"end":{"line":616,"column":29}},"210":{"start":{"line":618,"column":4},"end":{"line":620,"column":5}},"211":{"start":{"line":619,"column":6},"end":{"line":619,"column":63}},"212":{"start":{"line":621,"column":4},"end":{"line":623,"column":5}},"213":{"start":{"line":622,"column":6},"end":{"line":622,"column":91}},"214":{"start":{"line":624,"column":4},"end":{"line":624,"column":61}},"215":{"start":{"line":629,"column":24},"end":{"line":629,"column":28}},"216":{"start":{"line":630,"column":22},"end":{"line":630,"column":27}},"217":{"start":{"line":631,"column":15},"end":{"line":631,"column":87}},"218":{"start":{"line":632,"column":19},"end":{"line":632,"column":36}},"219":{"start":{"line":633,"column":24},"end":{"line":644,"column":1}},"220":{"start":{"line":647,"column":2},"end":{"line":647,"column":57}},"221":{"start":{"line":651,"column":16},"end":{"line":651,"column":49}},"222":{"start":{"line":652,"column":2},"end":{"line":652,"column":34}},"223":{"start":{"line":656,"column":2},"end":{"line":656,"column":59}},"224":{"start":{"line":660,"column":14},"end":{"line":660,"column":24}},"225":{"start":{"line":661,"column":19},"end":{"line":661,"column":75}},"226":{"start":{"line":662,"column":15},"end":{"line":662,"column":33}},"227":{"start":{"line":663,"column":2},"end":{"line":663,"column":41}},"228":{"start":{"line":667,"column":2},"end":{"line":669,"column":3}},"229":{"start":{"line":668,"column":4},"end":{"line":668,"column":17}},"230":{"start":{"line":671,"column":2},"end":{"line":671,"column":25}},"231":{"start":{"line":672,"column":2},"end":{"line":709,"column":17}},"232":{"start":{"line":673,"column":24},"end":{"line":673,"column":26}},"233":{"start":{"line":674,"column":4},"end":{"line":706,"column":5}},"234":{"start":{"line":674,"column":17},"end":{"line":674,"column":18}},"235":{"start":{"line":675,"column":20},"end":{"line":675,"column":41}},"236":{"start":{"line":676,"column":24},"end":{"line":676,"column":49}},"237":{"start":{"line":677,"column":20},"end":{"line":677,"column":42}},"238":{"start":{"line":678,"column":21},"end":{"line":678,"column":68}},"239":{"start":{"line":680,"column":6},"end":{"line":688,"column":7}},"240":{"start":{"line":681,"column":8},"end":{"line":681,"column":21}},"241":{"start":{"line":682,"column":13},"end":{"line":688,"column":7}},"242":{"start":{"line":683,"column":21},"end":{"line":683,"column":43}},"243":{"start":{"line":684,"column":8},"end":{"line":684,"column":122}},"244":{"start":{"line":686,"column":21},"end":{"line":686,"column":43}},"245":{"start":{"line":687,"column":8},"end":{"line":687,"column":122}},"246":{"start":{"line":689,"column":24},"end":{"line":689,"column":44}},"247":{"start":{"line":690,"column":22},"end":{"line":690,"column":124}},"248":{"start":{"line":691,"column":18},"end":{"line":691,"column":54}},"249":{"start":{"line":692,"column":21},"end":{"line":692,"column":51}},"250":{"start":{"line":694,"column":23},"end":{"line":704,"column":8}},"251":{"start":{"line":705,"column":6},"end":{"line":705,"column":33}},"252":{"start":{"line":708,"column":4},"end":{"line":708,"column":103}},"253":{"start":{"line":711,"column":2},"end":{"line":711,"column":14}},"254":{"start":{"line":715,"column":2},"end":{"line":717,"column":3}},"255":{"start":{"line":716,"column":4},"end":{"line":716,"column":17}},"256":{"start":{"line":719,"column":2},"end":{"line":719,"column":35}},"257":{"start":{"line":720,"column":2},"end":{"line":720,"column":27}},"258":{"start":{"line":721,"column":2},"end":{"line":721,"column":26}},"259":{"start":{"line":722,"column":2},"end":{"line":722,"column":14}},"260":{"start":{"line":725,"column":0},"end":{"line":735,"column":3}},"261":{"start":{"line":726,"column":2},"end":{"line":734,"column":3}},"262":{"start":{"line":727,"column":20},"end":{"line":727,"column":51}},"263":{"start":{"line":728,"column":4},"end":{"line":730,"column":5}},"264":{"start":{"line":729,"column":6},"end":{"line":729,"column":74}},"265":{"start":{"line":731,"column":4},"end":{"line":731,"column":48}},"266":{"start":{"line":733,"column":4},"end":{"line":733,"column":65}},"267":{"start":{"line":737,"column":0},"end":{"line":747,"column":3}},"268":{"start":{"line":738,"column":2},"end":{"line":746,"column":3}},"269":{"start":{"line":739,"column":20},"end":{"line":739,"column":44}},"270":{"start":{"line":740,"column":4},"end":{"line":742,"column":5}},"271":{"start":{"line":741,"column":6},"end":{"line":741,"column":70}},"272":{"start":{"line":743,"column":4},"end":{"line":743,"column":36}},"273":{"start":{"line":745,"column":4},"end":{"line":745,"column":64}},"274":{"start":{"line":749,"column":0},"end":{"line":765,"column":2}}},"fnMap":{"0":{"name":"(anonymous_0)","decl":{"start":{"line":10,"column":22},"end":{"line":10,"column":23}},"loc":{"start":{"line":10,"column":36},"end":{"line":12,"column":1}},"line":10},"1":{"name":"calculatePnL","decl":{"start":{"line":71,"column":9},"end":{"line":71,"column":21}},"loc":{"start":{"line":71,"column":46},"end":{"line":73,"column":1}},"line":71},"2":{"name":"calculatePnLPercent","decl":{"start":{"line":75,"column":9},"end":{"line":75,"column":28}},"loc":{"start":{"line":75,"column":41},"end":{"line":77,"column":1}},"line":75},"3":{"name":"calculateDuration","decl":{"start":{"line":79,"column":9},"end":{"line":79,"column":26}},"loc":{"start":{"line":79,"column":47},"end":{"line":86,"column":1}},"line":79},"4":{"name":"formatTrade","decl":{"start":{"line":88,"column":9},"end":{"line":88,"column":20}},"loc":{"start":{"line":88,"column":40},"end":{"line":114,"column":1}},"line":88},"5":{"name":"(anonymous_5)","decl":{"start":{"line":106,"column":21},"end":{"line":106,"column":22}},"loc":{"start":{"line":106,"column":32},"end":{"line":112,"column":5}},"line":106},"6":{"name":"formatTradePage","decl":{"start":{"line":116,"column":9},"end":{"line":116,"column":24}},"loc":{"start":{"line":116,"column":53},"end":{"line":130,"column":1}},"line":116},"7":{"name":"(anonymous_7)","decl":{"start":{"line":118,"column":23},"end":{"line":118,"column":24}},"loc":{"start":{"line":118,"column":35},"end":{"line":122,"column":5}},"line":118},"8":{"name":"resetTrades","decl":{"start":{"line":132,"column":15},"end":{"line":132,"column":26}},"loc":{"start":{"line":132,"column":29},"end":{"line":178,"column":1}},"line":132},"9":{"name":"getAllTrades","decl":{"start":{"line":180,"column":15},"end":{"line":180,"column":27}},"loc":{"start":{"line":180,"column":30},"end":{"line":182,"column":1}},"line":180},"10":{"name":"getNotesByTrade","decl":{"start":{"line":184,"column":15},"end":{"line":184,"column":30}},"loc":{"start":{"line":184,"column":40},"end":{"line":186,"column":1}},"line":184},"11":{"name":"getTradeById","decl":{"start":{"line":188,"column":15},"end":{"line":188,"column":27}},"loc":{"start":{"line":188,"column":32},"end":{"line":199,"column":1}},"line":188},"12":{"name":"getTradesPage","decl":{"start":{"line":201,"column":15},"end":{"line":201,"column":28}},"loc":{"start":{"line":201,"column":81},"end":{"line":226,"column":1}},"line":201},"13":{"name":"getStats","decl":{"start":{"line":228,"column":15},"end":{"line":228,"column":23}},"loc":{"start":{"line":228,"column":26},"end":{"line":270,"column":1}},"line":228},"14":{"name":"(anonymous_14)","decl":{"start":{"line":247,"column":32},"end":{"line":247,"column":33}},"loc":{"start":{"line":247,"column":37},"end":{"line":247,"column":58}},"line":247},"15":{"name":"(anonymous_15)","decl":{"start":{"line":248,"column":31},"end":{"line":248,"column":32}},"loc":{"start":{"line":248,"column":36},"end":{"line":248,"column":56}},"line":248},"16":{"name":"(anonymous_16)","decl":{"start":{"line":249,"column":34},"end":{"line":249,"column":35}},"loc":{"start":{"line":249,"column":39},"end":{"line":249,"column":63}},"line":249},"17":{"name":"(anonymous_17)","decl":{"start":{"line":250,"column":26},"end":{"line":250,"column":27}},"loc":{"start":{"line":250,"column":37},"end":{"line":250,"column":91}},"line":250},"18":{"name":"(anonymous_18)","decl":{"start":{"line":252,"column":31},"end":{"line":252,"column":32}},"loc":{"start":{"line":252,"column":45},"end":{"line":252,"column":54}},"line":252},"19":{"name":"(anonymous_19)","decl":{"start":{"line":253,"column":53},"end":{"line":253,"column":54}},"loc":{"start":{"line":253,"column":69},"end":{"line":253,"column":129}},"line":253},"20":{"name":"(anonymous_20)","decl":{"start":{"line":254,"column":61},"end":{"line":254,"column":62}},"loc":{"start":{"line":254,"column":77},"end":{"line":254,"column":137}},"line":254},"21":{"name":"createTrade","decl":{"start":{"line":272,"column":15},"end":{"line":272,"column":26}},"loc":{"start":{"line":272,"column":34},"end":{"line":300,"column":1}},"line":272},"22":{"name":"updateTrade","decl":{"start":{"line":302,"column":15},"end":{"line":302,"column":26}},"loc":{"start":{"line":302,"column":38},"end":{"line":337,"column":1}},"line":302},"23":{"name":"deleteTrade","decl":{"start":{"line":339,"column":15},"end":{"line":339,"column":26}},"loc":{"start":{"line":339,"column":31},"end":{"line":349,"column":1}},"line":339},"24":{"name":"createNote","decl":{"start":{"line":351,"column":15},"end":{"line":351,"column":25}},"loc":{"start":{"line":351,"column":44},"end":{"line":363,"column":1}},"line":351},"25":{"name":"updateNote","decl":{"start":{"line":365,"column":15},"end":{"line":365,"column":25}},"loc":{"start":{"line":365,"column":39},"end":{"line":380,"column":1}},"line":365},"26":{"name":"deleteNote","decl":{"start":{"line":382,"column":15},"end":{"line":382,"column":25}},"loc":{"start":{"line":382,"column":30},"end":{"line":392,"column":1}},"line":382},"27":{"name":"createUser","decl":{"start":{"line":394,"column":15},"end":{"line":394,"column":25}},"loc":{"start":{"line":394,"column":33},"end":{"line":426,"column":1}},"line":394},"28":{"name":"getUserById","decl":{"start":{"line":428,"column":15},"end":{"line":428,"column":26}},"loc":{"start":{"line":428,"column":31},"end":{"line":450,"column":1}},"line":428},"29":{"name":"(anonymous_29)","decl":{"start":{"line":448,"column":28},"end":{"line":448,"column":29}},"loc":{"start":{"line":448,"column":37},"end":{"line":448,"column":68}},"line":448},"30":{"name":"updateUserProfile","decl":{"start":{"line":452,"column":15},"end":{"line":452,"column":32}},"loc":{"start":{"line":452,"column":48},"end":{"line":484,"column":1}},"line":452},"31":{"name":"disconnect","decl":{"start":{"line":486,"column":15},"end":{"line":486,"column":25}},"loc":{"start":{"line":486,"column":28},"end":{"line":488,"column":1}},"line":486},"32":{"name":"(anonymous_32)","decl":{"start":{"line":492,"column":29},"end":{"line":492,"column":30}},"loc":{"start":{"line":492,"column":49},"end":{"line":498,"column":1}},"line":492},"33":{"name":"(anonymous_33)","decl":{"start":{"line":501,"column":16},"end":{"line":501,"column":17}},"loc":{"start":{"line":501,"column":36},"end":{"line":516,"column":1}},"line":501},"34":{"name":"(anonymous_34)","decl":{"start":{"line":519,"column":19},"end":{"line":519,"column":20}},"loc":{"start":{"line":519,"column":39},"end":{"line":532,"column":1}},"line":519},"35":{"name":"(anonymous_35)","decl":{"start":{"line":535,"column":17},"end":{"line":535,"column":18}},"loc":{"start":{"line":535,"column":37},"end":{"line":545,"column":1}},"line":535},"36":{"name":"(anonymous_36)","decl":{"start":{"line":548,"column":19},"end":{"line":548,"column":20}},"loc":{"start":{"line":548,"column":39},"end":{"line":562,"column":1}},"line":548},"37":{"name":"(anonymous_37)","decl":{"start":{"line":565,"column":22},"end":{"line":565,"column":23}},"loc":{"start":{"line":565,"column":42},"end":{"line":576,"column":1}},"line":565},"38":{"name":"(anonymous_38)","decl":{"start":{"line":580,"column":22},"end":{"line":580,"column":23}},"loc":{"start":{"line":580,"column":42},"end":{"line":593,"column":1}},"line":580},"39":{"name":"(anonymous_39)","decl":{"start":{"line":596,"column":25},"end":{"line":596,"column":26}},"loc":{"start":{"line":596,"column":45},"end":{"line":609,"column":1}},"line":596},"40":{"name":"(anonymous_40)","decl":{"start":{"line":612,"column":33},"end":{"line":612,"column":34}},"loc":{"start":{"line":612,"column":53},"end":{"line":626,"column":1}},"line":612},"41":{"name":"randomElement","decl":{"start":{"line":646,"column":9},"end":{"line":646,"column":22}},"loc":{"start":{"line":646,"column":30},"end":{"line":648,"column":1}},"line":646},"42":{"name":"randomFloat","decl":{"start":{"line":650,"column":9},"end":{"line":650,"column":20}},"loc":{"start":{"line":650,"column":49},"end":{"line":653,"column":1}},"line":650},"43":{"name":"randomInt","decl":{"start":{"line":655,"column":9},"end":{"line":655,"column":18}},"loc":{"start":{"line":655,"column":29},"end":{"line":657,"column":1}},"line":655},"44":{"name":"randomRecentDate","decl":{"start":{"line":659,"column":9},"end":{"line":659,"column":25}},"loc":{"start":{"line":659,"column":37},"end":{"line":664,"column":1}},"line":659},"45":{"name":"startFakeTradeGenerator","decl":{"start":{"line":666,"column":15},"end":{"line":666,"column":38}},"loc":{"start":{"line":666,"column":73},"end":{"line":712,"column":1}},"line":666},"46":{"name":"(anonymous_46)","decl":{"start":{"line":672,"column":34},"end":{"line":672,"column":35}},"loc":{"start":{"line":672,"column":46},"end":{"line":709,"column":3}},"line":672},"47":{"name":"stopFakeTradeGenerator","decl":{"start":{"line":714,"column":9},"end":{"line":714,"column":31}},"loc":{"start":{"line":714,"column":34},"end":{"line":723,"column":1}},"line":714},"48":{"name":"(anonymous_48)","decl":{"start":{"line":725,"column":32},"end":{"line":725,"column":33}},"loc":{"start":{"line":725,"column":52},"end":{"line":735,"column":1}},"line":725},"49":{"name":"(anonymous_49)","decl":{"start":{"line":737,"column":31},"end":{"line":737,"column":32}},"loc":{"start":{"line":737,"column":45},"end":{"line":747,"column":1}},"line":737}},"branchMap":{"0":{"loc":{"start":{"line":72,"column":9},"end":{"line":72,"column":59}},"type":"cond-expr","locations":[{"start":{"line":72,"column":32},"end":{"line":72,"column":44}},{"start":{"line":72,"column":47},"end":{"line":72,"column":59}}],"line":72},"1":{"loc":{"start":{"line":88,"column":28},"end":{"line":88,"column":38}},"type":"default-arg","locations":[{"start":{"line":88,"column":36},"end":{"line":88,"column":38}}],"line":88},"2":{"loc":{"start":{"line":102,"column":10},"end":{"line":102,"column":59}},"type":"cond-expr","locations":[{"start":{"line":102,"column":31},"end":{"line":102,"column":41}},{"start":{"line":102,"column":44},"end":{"line":102,"column":59}}],"line":102},"3":{"loc":{"start":{"line":103,"column":12},"end":{"line":103,"column":32}},"type":"binary-expr","locations":[{"start":{"line":103,"column":12},"end":{"line":103,"column":24}},{"start":{"line":103,"column":28},"end":{"line":103,"column":32}}],"line":103},"4":{"loc":{"start":{"line":121,"column":17},"end":{"line":121,"column":41}},"type":"binary-expr","locations":[{"start":{"line":121,"column":17},"end":{"line":121,"column":36}},{"start":{"line":121,"column":40},"end":{"line":121,"column":41}}],"line":121},"5":{"loc":{"start":{"line":138,"column":2},"end":{"line":145,"column":3}},"type":"if","locations":[{"start":{"line":138,"column":2},"end":{"line":145,"column":3}},{"start":{},"end":{}}],"line":138},"6":{"loc":{"start":{"line":169,"column":4},"end":{"line":176,"column":5}},"type":"if","locations":[{"start":{"line":169,"column":4},"end":{"line":176,"column":5}},{"start":{},"end":{}}],"line":169},"7":{"loc":{"start":{"line":169,"column":8},"end":{"line":169,"column":59}},"type":"binary-expr","locations":[{"start":{"line":169,"column":8},"end":{"line":169,"column":23}},{"start":{"line":169,"column":27},"end":{"line":169,"column":59}}],"line":169},"8":{"loc":{"start":{"line":194,"column":2},"end":{"line":196,"column":3}},"type":"if","locations":[{"start":{"line":194,"column":2},"end":{"line":196,"column":3}},{"start":{},"end":{}}],"line":194},"9":{"loc":{"start":{"line":201,"column":31},"end":{"line":201,"column":39}},"type":"default-arg","locations":[{"start":{"line":201,"column":38},"end":{"line":201,"column":39}}],"line":201},"10":{"loc":{"start":{"line":201,"column":41},"end":{"line":201,"column":51}},"type":"default-arg","locations":[{"start":{"line":201,"column":49},"end":{"line":201,"column":51}}],"line":201},"11":{"loc":{"start":{"line":202,"column":18},"end":{"line":202,"column":41}},"type":"binary-expr","locations":[{"start":{"line":202,"column":18},"end":{"line":202,"column":36}},{"start":{"line":202,"column":40},"end":{"line":202,"column":41}}],"line":202},"12":{"loc":{"start":{"line":203,"column":37},"end":{"line":203,"column":62}},"type":"binary-expr","locations":[{"start":{"line":203,"column":37},"end":{"line":203,"column":56}},{"start":{"line":203,"column":60},"end":{"line":203,"column":62}}],"line":203},"13":{"loc":{"start":{"line":206,"column":2},"end":{"line":208,"column":3}},"type":"if","locations":[{"start":{"line":206,"column":2},"end":{"line":208,"column":3}},{"start":{},"end":{}}],"line":206},"14":{"loc":{"start":{"line":209,"column":2},"end":{"line":211,"column":3}},"type":"if","locations":[{"start":{"line":209,"column":2},"end":{"line":211,"column":3}},{"start":{},"end":{}}],"line":209},"15":{"loc":{"start":{"line":212,"column":2},"end":{"line":214,"column":3}},"type":"if","locations":[{"start":{"line":212,"column":2},"end":{"line":214,"column":3}},{"start":{},"end":{}}],"line":212},"16":{"loc":{"start":{"line":232,"column":2},"end":{"line":245,"column":3}},"type":"if","locations":[{"start":{"line":232,"column":2},"end":{"line":245,"column":3}},{"start":{},"end":{}}],"line":232},"17":{"loc":{"start":{"line":253,"column":17},"end":{"line":253,"column":154}},"type":"cond-expr","locations":[{"start":{"line":253,"column":38},"end":{"line":253,"column":150}},{"start":{"line":253,"column":153},"end":{"line":253,"column":154}}],"line":253},"18":{"loc":{"start":{"line":254,"column":18},"end":{"line":254,"column":162}},"type":"cond-expr","locations":[{"start":{"line":254,"column":38},"end":{"line":254,"column":158}},{"start":{"line":254,"column":161},"end":{"line":254,"column":162}}],"line":254},"19":{"loc":{"start":{"line":255,"column":18},"end":{"line":255,"column":116}},"type":"cond-expr","locations":[{"start":{"line":255,"column":55},"end":{"line":255,"column":112}},{"start":{"line":255,"column":115},"end":{"line":255,"column":116}}],"line":255},"20":{"loc":{"start":{"line":256,"column":23},"end":{"line":256,"column":94}},"type":"cond-expr","locations":[{"start":{"line":256,"column":37},"end":{"line":256,"column":90}},{"start":{"line":256,"column":93},"end":{"line":256,"column":94}}],"line":256},"21":{"loc":{"start":{"line":274,"column":2},"end":{"line":276,"column":3}},"type":"if","locations":[{"start":{"line":274,"column":2},"end":{"line":276,"column":3}},{"start":{},"end":{}}],"line":274},"22":{"loc":{"start":{"line":304,"column":2},"end":{"line":306,"column":3}},"type":"if","locations":[{"start":{"line":304,"column":2},"end":{"line":306,"column":3}},{"start":{},"end":{}}],"line":304},"23":{"loc":{"start":{"line":332,"column":4},"end":{"line":334,"column":5}},"type":"if","locations":[{"start":{"line":332,"column":4},"end":{"line":334,"column":5}},{"start":{},"end":{}}],"line":332},"24":{"loc":{"start":{"line":344,"column":4},"end":{"line":346,"column":5}},"type":"if","locations":[{"start":{"line":344,"column":4},"end":{"line":346,"column":5}},{"start":{},"end":{}}],"line":344},"25":{"loc":{"start":{"line":353,"column":2},"end":{"line":355,"column":3}},"type":"if","locations":[{"start":{"line":353,"column":2},"end":{"line":355,"column":3}},{"start":{},"end":{}}],"line":353},"26":{"loc":{"start":{"line":375,"column":4},"end":{"line":377,"column":5}},"type":"if","locations":[{"start":{"line":375,"column":4},"end":{"line":377,"column":5}},{"start":{},"end":{}}],"line":375},"27":{"loc":{"start":{"line":387,"column":4},"end":{"line":389,"column":5}},"type":"if","locations":[{"start":{"line":387,"column":4},"end":{"line":389,"column":5}},{"start":{},"end":{}}],"line":387},"28":{"loc":{"start":{"line":396,"column":2},"end":{"line":398,"column":3}},"type":"if","locations":[{"start":{"line":396,"column":2},"end":{"line":398,"column":3}},{"start":{},"end":{}}],"line":396},"29":{"loc":{"start":{"line":413,"column":15},"end":{"line":418,"column":14}},"type":"cond-expr","locations":[{"start":{"line":413,"column":30},"end":{"line":418,"column":7}},{"start":{"line":418,"column":10},"end":{"line":418,"column":14}}],"line":413},"30":{"loc":{"start":{"line":421,"column":4},"end":{"line":423,"column":5}},"type":"if","locations":[{"start":{"line":421,"column":4},"end":{"line":423,"column":5}},{"start":{},"end":{}}],"line":421},"31":{"loc":{"start":{"line":434,"column":2},"end":{"line":436,"column":3}},"type":"if","locations":[{"start":{"line":434,"column":2},"end":{"line":436,"column":3}},{"start":{},"end":{}}],"line":434},"32":{"loc":{"start":{"line":442,"column":13},"end":{"line":447,"column":12}},"type":"cond-expr","locations":[{"start":{"line":442,"column":28},"end":{"line":447,"column":5}},{"start":{"line":447,"column":8},"end":{"line":447,"column":12}}],"line":442},"33":{"loc":{"start":{"line":454,"column":2},"end":{"line":456,"column":3}},"type":"if","locations":[{"start":{"line":454,"column":2},"end":{"line":456,"column":3}},{"start":{},"end":{}}],"line":454},"34":{"loc":{"start":{"line":459,"column":2},"end":{"line":461,"column":3}},"type":"if","locations":[{"start":{"line":459,"column":2},"end":{"line":461,"column":3}},{"start":{},"end":{}}],"line":459},"35":{"loc":{"start":{"line":503,"column":12},"end":{"line":503,"column":20}},"type":"default-arg","locations":[{"start":{"line":503,"column":19},"end":{"line":503,"column":20}}],"line":503},"36":{"loc":{"start":{"line":503,"column":22},"end":{"line":503,"column":32}},"type":"default-arg","locations":[{"start":{"line":503,"column":30},"end":{"line":503,"column":32}}],"line":503},"37":{"loc":{"start":{"line":507,"column":4},"end":{"line":509,"column":5}},"type":"if","locations":[{"start":{"line":507,"column":4},"end":{"line":509,"column":5}},{"start":{},"end":{}}],"line":507},"38":{"loc":{"start":{"line":507,"column":8},"end":{"line":507,"column":53}},"type":"binary-expr","locations":[{"start":{"line":507,"column":8},"end":{"line":507,"column":19}},{"start":{"line":507,"column":23},"end":{"line":507,"column":35}},{"start":{"line":507,"column":39},"end":{"line":507,"column":53}}],"line":507},"39":{"loc":{"start":{"line":524,"column":4},"end":{"line":526,"column":5}},"type":"if","locations":[{"start":{"line":524,"column":4},"end":{"line":526,"column":5}},{"start":{},"end":{}}],"line":524},"40":{"loc":{"start":{"line":540,"column":4},"end":{"line":542,"column":5}},"type":"if","locations":[{"start":{"line":540,"column":4},"end":{"line":542,"column":5}},{"start":{},"end":{}}],"line":540},"41":{"loc":{"start":{"line":540,"column":8},"end":{"line":540,"column":55}},"type":"binary-expr","locations":[{"start":{"line":540,"column":8},"end":{"line":540,"column":19}},{"start":{"line":540,"column":23},"end":{"line":540,"column":55}}],"line":540},"42":{"loc":{"start":{"line":541,"column":43},"end":{"line":541,"column":87}},"type":"binary-expr","locations":[{"start":{"line":541,"column":43},"end":{"line":541,"column":70}},{"start":{"line":541,"column":74},"end":{"line":541,"column":87}}],"line":541},"43":{"loc":{"start":{"line":554,"column":4},"end":{"line":556,"column":5}},"type":"if","locations":[{"start":{"line":554,"column":4},"end":{"line":556,"column":5}},{"start":{},"end":{}}],"line":554},"44":{"loc":{"start":{"line":557,"column":4},"end":{"line":559,"column":5}},"type":"if","locations":[{"start":{"line":557,"column":4},"end":{"line":559,"column":5}},{"start":{},"end":{}}],"line":557},"45":{"loc":{"start":{"line":557,"column":8},"end":{"line":557,"column":55}},"type":"binary-expr","locations":[{"start":{"line":557,"column":8},"end":{"line":557,"column":19}},{"start":{"line":557,"column":23},"end":{"line":557,"column":55}}],"line":557},"46":{"loc":{"start":{"line":558,"column":43},"end":{"line":558,"column":87}},"type":"binary-expr","locations":[{"start":{"line":558,"column":43},"end":{"line":558,"column":70}},{"start":{"line":558,"column":74},"end":{"line":558,"column":87}}],"line":558},"47":{"loc":{"start":{"line":571,"column":4},"end":{"line":573,"column":5}},"type":"if","locations":[{"start":{"line":571,"column":4},"end":{"line":573,"column":5}},{"start":{},"end":{}}],"line":571},"48":{"loc":{"start":{"line":585,"column":4},"end":{"line":587,"column":5}},"type":"if","locations":[{"start":{"line":585,"column":4},"end":{"line":587,"column":5}},{"start":{},"end":{}}],"line":585},"49":{"loc":{"start":{"line":588,"column":4},"end":{"line":590,"column":5}},"type":"if","locations":[{"start":{"line":588,"column":4},"end":{"line":590,"column":5}},{"start":{},"end":{}}],"line":588},"50":{"loc":{"start":{"line":588,"column":8},"end":{"line":588,"column":55}},"type":"binary-expr","locations":[{"start":{"line":588,"column":8},"end":{"line":588,"column":19}},{"start":{"line":588,"column":23},"end":{"line":588,"column":55}}],"line":588},"51":{"loc":{"start":{"line":589,"column":43},"end":{"line":589,"column":87}},"type":"binary-expr","locations":[{"start":{"line":589,"column":43},"end":{"line":589,"column":70}},{"start":{"line":589,"column":74},"end":{"line":589,"column":87}}],"line":589},"52":{"loc":{"start":{"line":601,"column":4},"end":{"line":603,"column":5}},"type":"if","locations":[{"start":{"line":601,"column":4},"end":{"line":603,"column":5}},{"start":{},"end":{}}],"line":601},"53":{"loc":{"start":{"line":618,"column":4},"end":{"line":620,"column":5}},"type":"if","locations":[{"start":{"line":618,"column":4},"end":{"line":620,"column":5}},{"start":{},"end":{}}],"line":618},"54":{"loc":{"start":{"line":621,"column":4},"end":{"line":623,"column":5}},"type":"if","locations":[{"start":{"line":621,"column":4},"end":{"line":623,"column":5}},{"start":{},"end":{}}],"line":621},"55":{"loc":{"start":{"line":621,"column":8},"end":{"line":621,"column":55}},"type":"binary-expr","locations":[{"start":{"line":621,"column":8},"end":{"line":621,"column":19}},{"start":{"line":621,"column":23},"end":{"line":621,"column":55}}],"line":621},"56":{"loc":{"start":{"line":622,"column":43},"end":{"line":622,"column":87}},"type":"binary-expr","locations":[{"start":{"line":622,"column":43},"end":{"line":622,"column":70}},{"start":{"line":622,"column":74},"end":{"line":622,"column":87}}],"line":622},"57":{"loc":{"start":{"line":650,"column":31},"end":{"line":650,"column":47}},"type":"default-arg","locations":[{"start":{"line":650,"column":43},"end":{"line":650,"column":47}}],"line":650},"58":{"loc":{"start":{"line":659,"column":26},"end":{"line":659,"column":35}},"type":"default-arg","locations":[{"start":{"line":659,"column":33},"end":{"line":659,"column":35}}],"line":659},"59":{"loc":{"start":{"line":666,"column":39},"end":{"line":666,"column":56}},"type":"default-arg","locations":[{"start":{"line":666,"column":52},"end":{"line":666,"column":56}}],"line":666},"60":{"loc":{"start":{"line":666,"column":58},"end":{"line":666,"column":71}},"type":"default-arg","locations":[{"start":{"line":666,"column":70},"end":{"line":666,"column":71}}],"line":666},"61":{"loc":{"start":{"line":667,"column":2},"end":{"line":669,"column":3}},"type":"if","locations":[{"start":{"line":667,"column":2},"end":{"line":669,"column":3}},{"start":{},"end":{}}],"line":667},"62":{"loc":{"start":{"line":680,"column":6},"end":{"line":688,"column":7}},"type":"if","locations":[{"start":{"line":680,"column":6},"end":{"line":688,"column":7}},{"start":{"line":682,"column":13},"end":{"line":688,"column":7}}],"line":680},"63":{"loc":{"start":{"line":682,"column":13},"end":{"line":688,"column":7}},"type":"if","locations":[{"start":{"line":682,"column":13},"end":{"line":688,"column":7}},{"start":{"line":685,"column":13},"end":{"line":688,"column":7}}],"line":682},"64":{"loc":{"start":{"line":684,"column":15},"end":{"line":684,"column":121}},"type":"cond-expr","locations":[{"start":{"line":684,"column":38},"end":{"line":684,"column":71}},{"start":{"line":684,"column":74},"end":{"line":684,"column":121}}],"line":684},"65":{"loc":{"start":{"line":687,"column":15},"end":{"line":687,"column":121}},"type":"cond-expr","locations":[{"start":{"line":687,"column":38},"end":{"line":687,"column":85}},{"start":{"line":687,"column":88},"end":{"line":687,"column":121}}],"line":687},"66":{"loc":{"start":{"line":715,"column":2},"end":{"line":717,"column":3}},"type":"if","locations":[{"start":{"line":715,"column":2},"end":{"line":717,"column":3}},{"start":{},"end":{}}],"line":715},"67":{"loc":{"start":{"line":728,"column":4},"end":{"line":730,"column":5}},"type":"if","locations":[{"start":{"line":728,"column":4},"end":{"line":730,"column":5}},{"start":{},"end":{}}],"line":728},"68":{"loc":{"start":{"line":740,"column":4},"end":{"line":742,"column":5}},"type":"if","locations":[{"start":{"line":740,"column":4},"end":{"line":742,"column":5}},{"start":{},"end":{}}],"line":740}},"s":{"0":1,"1":1,"2":1,"3":1,"4":1,"5":1,"6":1,"7":0,"8":1,"9":1,"10":1,"11":1,"12":1,"13":36,"14":32,"15":32,"16":32,"17":32,"18":32,"19":32,"20":32,"21":12,"22":12,"23":12,"24":1,"25":5,"26":9,"27":9,"28":9,"29":9,"30":9,"31":0,"32":9,"33":9,"34":18,"35":18,"36":18,"37":18,"38":18,"39":9,"40":0,"41":0,"42":2,"43":2,"44":1,"45":1,"46":5,"47":5,"48":5,"49":5,"50":1,"51":5,"52":0,"53":5,"54":0,"55":5,"56":5,"57":5,"58":1,"59":1,"60":1,"61":0,"62":1,"63":2,"64":1,"65":2,"66":1,"67":2,"68":1,"69":2,"70":1,"71":2,"72":1,"73":1,"74":1,"75":1,"76":1,"77":1,"78":1,"79":2,"80":2,"81":1,"82":1,"83":1,"84":1,"85":1,"86":1,"87":1,"88":0,"89":1,"90":1,"91":1,"92":1,"93":1,"94":0,"95":0,"96":0,"97":1,"98":1,"99":1,"100":0,"101":0,"102":0,"103":0,"104":0,"105":0,"106":0,"107":0,"108":0,"109":0,"110":0,"111":0,"112":0,"113":0,"114":0,"115":0,"116":0,"117":0,"118":0,"119":0,"120":0,"121":0,"122":0,"123":0,"124":0,"125":0,"126":0,"127":0,"128":0,"129":0,"130":0,"131":0,"132":0,"133":0,"134":0,"135":0,"136":0,"137":0,"138":0,"139":0,"140":1,"141":1,"142":1,"143":1,"144":0,"145":1,"146":5,"147":5,"148":5,"149":5,"150":5,"151":0,"152":5,"153":5,"154":0,"155":1,"156":2,"157":2,"158":2,"159":2,"160":1,"161":1,"162":0,"163":1,"164":2,"165":2,"166":1,"167":1,"168":1,"169":0,"170":1,"171":1,"172":1,"173":1,"174":1,"175":0,"176":0,"177":0,"178":0,"179":0,"180":1,"181":1,"182":1,"183":1,"184":1,"185":0,"186":0,"187":0,"188":1,"189":0,"190":0,"191":0,"192":0,"193":0,"194":0,"195":0,"196":0,"197":1,"198":0,"199":0,"200":0,"201":0,"202":0,"203":0,"204":0,"205":1,"206":0,"207":0,"208":0,"209":0,"210":0,"211":0,"212":0,"213":0,"214":0,"215":1,"216":1,"217":1,"218":1,"219":1,"220":0,"221":0,"222":0,"223":0,"224":0,"225":0,"226":0,"227":0,"228":2,"229":1,"230":1,"231":1,"232":0,"233":0,"234":0,"235":0,"236":0,"237":0,"238":0,"239":0,"240":0,"241":0,"242":0,"243":0,"244":0,"245":0,"246":0,"247":0,"248":0,"249":0,"250":0,"251":0,"252":0,"253":1,"254":1,"255":0,"256":1,"257":1,"258":1,"259":1,"260":1,"261":2,"262":2,"263":2,"264":1,"265":1,"266":0,"267":1,"268":1,"269":1,"270":1,"271":0,"272":1,"273":0,"274":1},"f":{"0":0,"1":36,"2":32,"3":32,"4":12,"5":1,"6":5,"7":9,"8":9,"9":0,"10":0,"11":2,"12":5,"13":1,"14":2,"15":2,"16":2,"17":2,"18":2,"19":1,"20":1,"21":2,"22":1,"23":1,"24":0,"25":0,"26":0,"27":0,"28":0,"29":0,"30":0,"31":1,"32":1,"33":5,"34":2,"35":2,"36":1,"37":1,"38":0,"39":0,"40":0,"41":0,"42":0,"43":0,"44":0,"45":2,"46":0,"47":1,"48":2,"49":1},"b":{"0":[36,0],"1":[9],"2":[12,0],"3":[12,0],"4":[9,0],"5":[0,9],"6":[9,9],"7":[18,9],"8":[1,1],"9":[0],"10":[0],"11":[5,0],"12":[5,0],"13":[1,4],"14":[0,5],"15":[0,5],"16":[0,1],"17":[1,0],"18":[1,0],"19":[1,0],"20":[1,0],"21":[1,1],"22":[0,1],"23":[0,0],"24":[0,0],"25":[0,0],"26":[0,0],"27":[0,0],"28":[0,0],"29":[0,0],"30":[0,0],"31":[0,0],"32":[0,0],"33":[0,0],"34":[0,0],"35":[4],"36":[4],"37":[0,5],"38":[5,5,5],"39":[1,1],"40":[1,0],"41":[1,0],"42":[1,0],"43":[0,0],"44":[0,0],"45":[0,0],"46":[0,0],"47":[0,0],"48":[0,0],"49":[0,0],"50":[0,0],"51":[0,0],"52":[0,0],"53":[0,0],"54":[0,0],"55":[0,0],"56":[0,0],"57":[0],"58":[0],"59":[2],"60":[2],"61":[1,1],"62":[0,0],"63":[0,0],"64":[0,0],"65":[0,0],"66":[0,1],"67":[1,1],"68":[0,1]},"_coverageSchema":"1a1c01bbd47fc00a2c39e90264f33305004495a9","hash":"9e1846c777f443229d1d3e8d9b7f5611608f845c"}
}
