{"C:\\Users\\Cata\\WebstormProjects\\untitled1\\backend\\server.js": {"path":"C:\\Users\\Cata\\WebstormProjects\\untitled1\\backend\\server.js","statementMap":{"0":{"start":{"line":1,"column":17},"end":{"line":1,"column":35}},"1":{"start":{"line":2,"column":13},"end":{"line":2,"column":28}},"2":{"start":{"line":3,"column":15},"end":{"line":3,"column":32}},"3":{"start":{"line":4,"column":28},"end":{"line":4,"column":41}},"4":{"start":{"line":5,"column":27},"end":{"line":5,"column":53}},"5":{"start":{"line":6,"column":20},"end":{"line":6,"column":46}},"6":{"start":{"line":8,"column":12},"end":{"line":8,"column":21}},"7":{"start":{"line":9,"column":13},"end":{"line":9,"column":37}},"8":{"start":{"line":12,"column":0},"end":{"line":12,"column":18}},"9":{"start":{"line":13,"column":0},"end":{"line":13,"column":16}},"10":{"start":{"line":14,"column":0},"end":{"line":14,"column":24}},"11":{"start":{"line":17,"column":0},"end":{"line":17,"column":43}},"12":{"start":{"line":20,"column":0},"end":{"line":22,"column":3}},"13":{"start":{"line":21,"column":2},"end":{"line":21,"column":66}},"14":{"start":{"line":25,"column":0},"end":{"line":28,"column":3}},"15":{"start":{"line":26,"column":2},"end":{"line":26,"column":27}},"16":{"start":{"line":27,"column":2},"end":{"line":27,"column":59}},"17":{"start":{"line":31,"column":0},"end":{"line":33,"column":3}},"18":{"start":{"line":32,"column":2},"end":{"line":32,"column":53}},"19":{"start":{"line":35,"column":0},"end":{"line":59,"column":1}},"20":{"start":{"line":36,"column":17},"end":{"line":38,"column":4}},"21":{"start":{"line":37,"column":4},"end":{"line":37,"column":50}},"22":{"start":{"line":40,"column":14},"end":{"line":40,"column":58}},"23":{"start":{"line":42,"column":2},"end":{"line":49,"column":5}},"24":{"start":{"line":43,"column":4},"end":{"line":43,"column":46}},"25":{"start":{"line":44,"column":4},"end":{"line":44,"column":105}},"26":{"start":{"line":46,"column":4},"end":{"line":48,"column":7}},"27":{"start":{"line":47,"column":6},"end":{"line":47,"column":51}},"28":{"start":{"line":51,"column":2},"end":{"line":58,"column":5}},"29":{"start":{"line":52,"column":20},"end":{"line":52,"column":40}},"30":{"start":{"line":53,"column":4},"end":{"line":57,"column":7}},"31":{"start":{"line":54,"column":6},"end":{"line":56,"column":7}},"32":{"start":{"line":55,"column":8},"end":{"line":55,"column":29}},"33":{"start":{"line":61,"column":0},"end":{"line":61,"column":21}}},"fnMap":{"0":{"name":"(anonymous_0)","decl":{"start":{"line":20,"column":19},"end":{"line":20,"column":20}},"loc":{"start":{"line":20,"column":33},"end":{"line":22,"column":1}},"line":20},"1":{"name":"(anonymous_1)","decl":{"start":{"line":25,"column":8},"end":{"line":25,"column":9}},"loc":{"start":{"line":25,"column":33},"end":{"line":28,"column":1}},"line":25},"2":{"name":"(anonymous_2)","decl":{"start":{"line":31,"column":8},"end":{"line":31,"column":9}},"loc":{"start":{"line":31,"column":22},"end":{"line":33,"column":1}},"line":31},"3":{"name":"(anonymous_3)","decl":{"start":{"line":36,"column":34},"end":{"line":36,"column":35}},"loc":{"start":{"line":36,"column":40},"end":{"line":38,"column":3}},"line":36},"4":{"name":"(anonymous_4)","decl":{"start":{"line":42,"column":23},"end":{"line":42,"column":24}},"loc":{"start":{"line":42,"column":35},"end":{"line":49,"column":3}},"line":42},"5":{"name":"(anonymous_5)","decl":{"start":{"line":46,"column":23},"end":{"line":46,"column":24}},"loc":{"start":{"line":46,"column":29},"end":{"line":48,"column":5}},"line":46},"6":{"name":"(anonymous_6)","decl":{"start":{"line":51,"column":17},"end":{"line":51,"column":18}},"loc":{"start":{"line":51,"column":27},"end":{"line":58,"column":3}},"line":51},"7":{"name":"(anonymous_7)","decl":{"start":{"line":53,"column":24},"end":{"line":53,"column":25}},"loc":{"start":{"line":53,"column":36},"end":{"line":57,"column":5}},"line":53}},"branchMap":{"0":{"loc":{"start":{"line":9,"column":13},"end":{"line":9,"column":37}},"type":"binary-expr","locations":[{"start":{"line":9,"column":13},"end":{"line":9,"column":29}},{"start":{"line":9,"column":33},"end":{"line":9,"column":37}}],"line":9},"1":{"loc":{"start":{"line":35,"column":0},"end":{"line":59,"column":1}},"type":"if","locations":[{"start":{"line":35,"column":0},"end":{"line":59,"column":1}},{"start":{},"end":{}}],"line":35},"2":{"loc":{"start":{"line":54,"column":6},"end":{"line":56,"column":7}},"type":"if","locations":[{"start":{"line":54,"column":6},"end":{"line":56,"column":7}},{"start":{},"end":{}}],"line":54}},"s":{"0":1,"1":1,"2":1,"3":1,"4":1,"5":1,"6":1,"7":1,"8":1,"9":1,"10":1,"11":1,"12":1,"13":0,"14":1,"15":0,"16":0,"17":1,"18":0,"19":1,"20":0,"21":0,"22":0,"23":0,"24":0,"25":0,"26":0,"27":0,"28":0,"29":0,"30":0,"31":0,"32":0,"33":1},"f":{"0":0,"1":0,"2":0,"3":0,"4":0,"5":0,"6":0,"7":0},"b":{"0":[1,1],"1":[0,1],"2":[0,0]},"_coverageSchema":"1a1c01bbd47fc00a2c39e90264f33305004495a9","hash":"583a18b949dede4c63eacee63fe68d657935f556"}
,"C:\\Users\\Cata\\WebstormProjects\\untitled1\\backend\\lib\\websocket.js": {"path":"C:\\Users\\Cata\\WebstormProjects\\untitled1\\backend\\lib\\websocket.js","statementMap":{"0":{"start":{"line":1,"column":18},"end":{"line":1,"column":26}},"1":{"start":{"line":4,"column":2},"end":{"line":4,"column":19}},"2":{"start":{"line":8,"column":2},"end":{"line":8,"column":20}},"3":{"start":{"line":11,"column":0},"end":{"line":14,"column":2}}},"fnMap":{"0":{"name":"(anonymous_0)","decl":{"start":{"line":1,"column":18},"end":{"line":1,"column":19}},"loc":{"start":{"line":1,"column":24},"end":{"line":1,"column":26}},"line":1},"1":{"name":"setBroadcaster","decl":{"start":{"line":3,"column":9},"end":{"line":3,"column":23}},"loc":{"start":{"line":3,"column":28},"end":{"line":5,"column":1}},"line":3},"2":{"name":"broadcast","decl":{"start":{"line":7,"column":9},"end":{"line":7,"column":18}},"loc":{"start":{"line":7,"column":25},"end":{"line":9,"column":1}},"line":7}},"branchMap":{},"s":{"0":1,"1":0,"2":0,"3":1},"f":{"0":0,"1":0,"2":0},"b":{},"_coverageSchema":"1a1c01bbd47fc00a2c39e90264f33305004495a9","hash":"dbb9d56ecea4e9d9163ea41b5480b9cc3c7093ec"}
,"C:\\Users\\Cata\\WebstormProjects\\untitled1\\backend\\routes\\trades.js": {"path":"C:\\Users\\Cata\\WebstormProjects\\untitled1\\backend\\routes\\trades.js","statementMap":{"0":{"start":{"line":1,"column":16},"end":{"line":1,"column":34}},"1":{"start":{"line":2,"column":12},"end":{"line":2,"column":26}},"2":{"start":{"line":3,"column":22},"end":{"line":3,"column":49}},"3":{"start":{"line":4,"column":15},"end":{"line":4,"column":31}},"4":{"start":{"line":7,"column":0},"end":{"line":9,"column":3}},"5":{"start":{"line":8,"column":2},"end":{"line":8,"column":78}},"6":{"start":{"line":11,"column":22},"end":{"line":42,"column":1}},"7":{"start":{"line":44,"column":13},"end":{"line":44,"column":31}},"8":{"start":{"line":47,"column":20},"end":{"line":57,"column":2}},"9":{"start":{"line":61,"column":2},"end":{"line":61,"column":60}},"10":{"start":{"line":65,"column":2},"end":{"line":65,"column":29}},"11":{"start":{"line":69,"column":16},"end":{"line":69,"column":35}},"12":{"start":{"line":70,"column":14},"end":{"line":70,"column":31}},"13":{"start":{"line":71,"column":17},"end":{"line":71,"column":28}},"14":{"start":{"line":72,"column":16},"end":{"line":72,"column":53}},"15":{"start":{"line":73,"column":18},"end":{"line":73,"column":71}},"16":{"start":{"line":74,"column":2},"end":{"line":74,"column":33}},"17":{"start":{"line":78,"column":2},"end":{"line":78,"column":51}},"18":{"start":{"line":78,"column":37},"end":{"line":78,"column":41}},"19":{"start":{"line":82,"column":14},"end":{"line":82,"column":68}},"20":{"start":{"line":83,"column":21},"end":{"line":83,"column":58}},"21":{"start":{"line":84,"column":19},"end":{"line":84,"column":88}},"22":{"start":{"line":86,"column":2},"end":{"line":93,"column":4}},"23":{"start":{"line":97,"column":2},"end":{"line":97,"column":30}},"24":{"start":{"line":101,"column":2},"end":{"line":101,"column":16}},"25":{"start":{"line":105,"column":2},"end":{"line":117,"column":3}},"26":{"start":{"line":106,"column":4},"end":{"line":116,"column":6}},"27":{"start":{"line":119,"column":18},"end":{"line":119,"column":59}},"28":{"start":{"line":119,"column":37},"end":{"line":119,"column":58}},"29":{"start":{"line":120,"column":17},"end":{"line":120,"column":57}},"30":{"start":{"line":120,"column":36},"end":{"line":120,"column":56}},"31":{"start":{"line":121,"column":20},"end":{"line":121,"column":64}},"32":{"start":{"line":121,"column":39},"end":{"line":121,"column":63}},"33":{"start":{"line":123,"column":18},"end":{"line":123,"column":75}},"34":{"start":{"line":124,"column":19},"end":{"line":124,"column":60}},"35":{"start":{"line":124,"column":45},"end":{"line":124,"column":56}},"36":{"start":{"line":125,"column":17},"end":{"line":125,"column":101}},"37":{"start":{"line":125,"column":65},"end":{"line":125,"column":76}},"38":{"start":{"line":126,"column":18},"end":{"line":126,"column":109}},"39":{"start":{"line":126,"column":73},"end":{"line":126,"column":84}},"40":{"start":{"line":127,"column":23},"end":{"line":127,"column":94}},"41":{"start":{"line":129,"column":2},"end":{"line":139,"column":4}},"42":{"start":{"line":145,"column":0},"end":{"line":151,"column":3}},"43":{"start":{"line":146,"column":2},"end":{"line":150,"column":3}},"44":{"start":{"line":147,"column":4},"end":{"line":147,"column":25}},"45":{"start":{"line":149,"column":4},"end":{"line":149,"column":61}},"46":{"start":{"line":154,"column":0},"end":{"line":193,"column":3}},"47":{"start":{"line":155,"column":2},"end":{"line":192,"column":3}},"48":{"start":{"line":156,"column":63},"end":{"line":156,"column":72}},"49":{"start":{"line":157,"column":20},"end":{"line":157,"column":38}},"50":{"start":{"line":158,"column":21},"end":{"line":158,"column":40}},"51":{"start":{"line":160,"column":4},"end":{"line":162,"column":5}},"52":{"start":{"line":161,"column":6},"end":{"line":161,"column":78}},"53":{"start":{"line":164,"column":25},"end":{"line":164,"column":36}},"54":{"start":{"line":166,"column":4},"end":{"line":168,"column":5}},"55":{"start":{"line":167,"column":6},"end":{"line":167,"column":71}},"56":{"start":{"line":167,"column":50},"end":{"line":167,"column":69}},"57":{"start":{"line":169,"column":4},"end":{"line":171,"column":5}},"58":{"start":{"line":170,"column":6},"end":{"line":170,"column":77}},"59":{"start":{"line":170,"column":50},"end":{"line":170,"column":75}},"60":{"start":{"line":172,"column":4},"end":{"line":174,"column":5}},"61":{"start":{"line":173,"column":6},"end":{"line":173,"column":103}},"62":{"start":{"line":173,"column":50},"end":{"line":173,"column":101}},"63":{"start":{"line":176,"column":18},"end":{"line":176,"column":39}},"64":{"start":{"line":177,"column":23},"end":{"line":177,"column":47}},"65":{"start":{"line":178,"column":21},"end":{"line":178,"column":42}},"66":{"start":{"line":179,"column":28},"end":{"line":179,"column":70}},"67":{"start":{"line":181,"column":4},"end":{"line":189,"column":7}},"68":{"start":{"line":191,"column":4},"end":{"line":191,"column":61}},"69":{"start":{"line":196,"column":0},"end":{"line":209,"column":3}},"70":{"start":{"line":197,"column":2},"end":{"line":208,"column":3}},"71":{"start":{"line":198,"column":15},"end":{"line":198,"column":42}},"72":{"start":{"line":199,"column":18},"end":{"line":199,"column":47}},"73":{"start":{"line":199,"column":35},"end":{"line":199,"column":46}},"74":{"start":{"line":201,"column":4},"end":{"line":203,"column":5}},"75":{"start":{"line":202,"column":6},"end":{"line":202,"column":64}},"76":{"start":{"line":205,"column":4},"end":{"line":205,"column":20}},"77":{"start":{"line":207,"column":4},"end":{"line":207,"column":61}},"78":{"start":{"line":212,"column":0},"end":{"line":225,"column":3}},"79":{"start":{"line":213,"column":2},"end":{"line":224,"column":3}},"80":{"start":{"line":214,"column":29},"end":{"line":214,"column":59}},"81":{"start":{"line":215,"column":4},"end":{"line":217,"column":5}},"82":{"start":{"line":216,"column":6},"end":{"line":216,"column":71}},"83":{"start":{"line":219,"column":21},"end":{"line":219,"column":39}},"84":{"start":{"line":220,"column":4},"end":{"line":220,"column":26}},"85":{"start":{"line":221,"column":4},"end":{"line":221,"column":35}},"86":{"start":{"line":223,"column":4},"end":{"line":223,"column":61}},"87":{"start":{"line":228,"column":0},"end":{"line":260,"column":3}},"88":{"start":{"line":229,"column":2},"end":{"line":259,"column":3}},"89":{"start":{"line":230,"column":15},"end":{"line":230,"column":42}},"90":{"start":{"line":231,"column":23},"end":{"line":231,"column":57}},"91":{"start":{"line":231,"column":45},"end":{"line":231,"column":56}},"92":{"start":{"line":233,"column":4},"end":{"line":235,"column":5}},"93":{"start":{"line":234,"column":6},"end":{"line":234,"column":64}},"94":{"start":{"line":237,"column":29},"end":{"line":237,"column":59}},"95":{"start":{"line":238,"column":4},"end":{"line":240,"column":5}},"96":{"start":{"line":239,"column":6},"end":{"line":239,"column":71}},"97":{"start":{"line":242,"column":16},"end":{"line":242,"column":70}},"98":{"start":{"line":243,"column":23},"end":{"line":243,"column":60}},"99":{"start":{"line":244,"column":21},"end":{"line":244,"column":101}},"100":{"start":{"line":246,"column":25},"end":{"line":253,"column":5}},"101":{"start":{"line":255,"column":4},"end":{"line":255,"column":38}},"102":{"start":{"line":256,"column":4},"end":{"line":256,"column":27}},"103":{"start":{"line":258,"column":4},"end":{"line":258,"column":61}},"104":{"start":{"line":263,"column":0},"end":{"line":277,"column":3}},"105":{"start":{"line":264,"column":2},"end":{"line":276,"column":3}},"106":{"start":{"line":265,"column":15},"end":{"line":265,"column":42}},"107":{"start":{"line":266,"column":23},"end":{"line":266,"column":57}},"108":{"start":{"line":266,"column":45},"end":{"line":266,"column":56}},"109":{"start":{"line":268,"column":4},"end":{"line":270,"column":5}},"110":{"start":{"line":269,"column":6},"end":{"line":269,"column":64}},"111":{"start":{"line":272,"column":4},"end":{"line":272,"column":33}},"112":{"start":{"line":273,"column":4},"end":{"line":273,"column":27}},"113":{"start":{"line":275,"column":4},"end":{"line":275,"column":61}},"114":{"start":{"line":280,"column":24},"end":{"line":280,"column":28}},"115":{"start":{"line":281,"column":22},"end":{"line":281,"column":27}},"116":{"start":{"line":282,"column":15},"end":{"line":282,"column":87}},"117":{"start":{"line":283,"column":19},"end":{"line":283,"column":36}},"118":{"start":{"line":284,"column":24},"end":{"line":295,"column":1}},"119":{"start":{"line":298,"column":2},"end":{"line":298,"column":57}},"120":{"start":{"line":302,"column":16},"end":{"line":302,"column":49}},"121":{"start":{"line":303,"column":2},"end":{"line":303,"column":34}},"122":{"start":{"line":307,"column":2},"end":{"line":307,"column":59}},"123":{"start":{"line":311,"column":14},"end":{"line":311,"column":24}},"124":{"start":{"line":312,"column":19},"end":{"line":312,"column":75}},"125":{"start":{"line":313,"column":15},"end":{"line":313,"column":33}},"126":{"start":{"line":314,"column":2},"end":{"line":314,"column":41}},"127":{"start":{"line":318,"column":2},"end":{"line":320,"column":3}},"128":{"start":{"line":319,"column":4},"end":{"line":319,"column":17}},"129":{"start":{"line":322,"column":2},"end":{"line":322,"column":25}},"130":{"start":{"line":323,"column":2},"end":{"line":353,"column":17}},"131":{"start":{"line":324,"column":24},"end":{"line":324,"column":26}},"132":{"start":{"line":325,"column":4},"end":{"line":350,"column":5}},"133":{"start":{"line":325,"column":17},"end":{"line":325,"column":18}},"134":{"start":{"line":326,"column":20},"end":{"line":326,"column":41}},"135":{"start":{"line":327,"column":24},"end":{"line":327,"column":49}},"136":{"start":{"line":328,"column":20},"end":{"line":328,"column":42}},"137":{"start":{"line":329,"column":19},"end":{"line":329,"column":41}},"138":{"start":{"line":330,"column":19},"end":{"line":330,"column":125}},"139":{"start":{"line":331,"column":24},"end":{"line":331,"column":44}},"140":{"start":{"line":332,"column":22},"end":{"line":332,"column":124}},"141":{"start":{"line":333,"column":18},"end":{"line":333,"column":54}},"142":{"start":{"line":334,"column":21},"end":{"line":334,"column":73}},"143":{"start":{"line":335,"column":21},"end":{"line":335,"column":51}},"144":{"start":{"line":337,"column":23},"end":{"line":347,"column":8}},"145":{"start":{"line":348,"column":6},"end":{"line":348,"column":28}},"146":{"start":{"line":349,"column":6},"end":{"line":349,"column":33}},"147":{"start":{"line":352,"column":4},"end":{"line":352,"column":103}},"148":{"start":{"line":355,"column":2},"end":{"line":355,"column":14}},"149":{"start":{"line":359,"column":2},"end":{"line":361,"column":3}},"150":{"start":{"line":360,"column":4},"end":{"line":360,"column":17}},"151":{"start":{"line":363,"column":2},"end":{"line":363,"column":35}},"152":{"start":{"line":364,"column":2},"end":{"line":364,"column":27}},"153":{"start":{"line":365,"column":2},"end":{"line":365,"column":26}},"154":{"start":{"line":366,"column":2},"end":{"line":366,"column":14}},"155":{"start":{"line":369,"column":0},"end":{"line":379,"column":3}},"156":{"start":{"line":370,"column":2},"end":{"line":378,"column":3}},"157":{"start":{"line":371,"column":20},"end":{"line":371,"column":45}},"158":{"start":{"line":372,"column":4},"end":{"line":374,"column":5}},"159":{"start":{"line":373,"column":6},"end":{"line":373,"column":74}},"160":{"start":{"line":375,"column":4},"end":{"line":375,"column":48}},"161":{"start":{"line":377,"column":4},"end":{"line":377,"column":65}},"162":{"start":{"line":381,"column":0},"end":{"line":391,"column":3}},"163":{"start":{"line":382,"column":2},"end":{"line":390,"column":3}},"164":{"start":{"line":383,"column":20},"end":{"line":383,"column":44}},"165":{"start":{"line":384,"column":4},"end":{"line":386,"column":5}},"166":{"start":{"line":385,"column":6},"end":{"line":385,"column":70}},"167":{"start":{"line":387,"column":4},"end":{"line":387,"column":36}},"168":{"start":{"line":389,"column":4},"end":{"line":389,"column":64}},"169":{"start":{"line":393,"column":0},"end":{"line":398,"column":2}}},"fnMap":{"0":{"name":"(anonymous_0)","decl":{"start":{"line":7,"column":22},"end":{"line":7,"column":23}},"loc":{"start":{"line":7,"column":36},"end":{"line":9,"column":1}},"line":7},"1":{"name":"calculatePnL","decl":{"start":{"line":60,"column":9},"end":{"line":60,"column":21}},"loc":{"start":{"line":60,"column":46},"end":{"line":62,"column":1}},"line":60},"2":{"name":"calculatePnLPercent","decl":{"start":{"line":64,"column":9},"end":{"line":64,"column":28}},"loc":{"start":{"line":64,"column":41},"end":{"line":66,"column":1}},"line":64},"3":{"name":"calculateDuration","decl":{"start":{"line":68,"column":9},"end":{"line":68,"column":26}},"loc":{"start":{"line":68,"column":47},"end":{"line":75,"column":1}},"line":68},"4":{"name":"generateId","decl":{"start":{"line":77,"column":9},"end":{"line":77,"column":19}},"loc":{"start":{"line":77,"column":22},"end":{"line":79,"column":1}},"line":77},"5":{"name":"(anonymous_5)","decl":{"start":{"line":78,"column":32},"end":{"line":78,"column":33}},"loc":{"start":{"line":78,"column":37},"end":{"line":78,"column":41}},"line":78},"6":{"name":"createTrade","decl":{"start":{"line":81,"column":9},"end":{"line":81,"column":20}},"loc":{"start":{"line":81,"column":53},"end":{"line":94,"column":1}},"line":81},"7":{"name":"resetTrades","decl":{"start":{"line":96,"column":9},"end":{"line":96,"column":20}},"loc":{"start":{"line":96,"column":23},"end":{"line":98,"column":1}},"line":96},"8":{"name":"getAllTrades","decl":{"start":{"line":100,"column":9},"end":{"line":100,"column":21}},"loc":{"start":{"line":100,"column":24},"end":{"line":102,"column":1}},"line":100},"9":{"name":"getStats","decl":{"start":{"line":104,"column":9},"end":{"line":104,"column":17}},"loc":{"start":{"line":104,"column":20},"end":{"line":140,"column":1}},"line":104},"10":{"name":"(anonymous_10)","decl":{"start":{"line":119,"column":32},"end":{"line":119,"column":33}},"loc":{"start":{"line":119,"column":37},"end":{"line":119,"column":58}},"line":119},"11":{"name":"(anonymous_11)","decl":{"start":{"line":120,"column":31},"end":{"line":120,"column":32}},"loc":{"start":{"line":120,"column":36},"end":{"line":120,"column":56}},"line":120},"12":{"name":"(anonymous_12)","decl":{"start":{"line":121,"column":34},"end":{"line":121,"column":35}},"loc":{"start":{"line":121,"column":39},"end":{"line":121,"column":63}},"line":121},"13":{"name":"(anonymous_13)","decl":{"start":{"line":124,"column":33},"end":{"line":124,"column":34}},"loc":{"start":{"line":124,"column":45},"end":{"line":124,"column":56}},"line":124},"14":{"name":"(anonymous_14)","decl":{"start":{"line":125,"column":53},"end":{"line":125,"column":54}},"loc":{"start":{"line":125,"column":65},"end":{"line":125,"column":76}},"line":125},"15":{"name":"(anonymous_15)","decl":{"start":{"line":126,"column":61},"end":{"line":126,"column":62}},"loc":{"start":{"line":126,"column":73},"end":{"line":126,"column":84}},"line":126},"16":{"name":"(anonymous_16)","decl":{"start":{"line":145,"column":29},"end":{"line":145,"column":30}},"loc":{"start":{"line":145,"column":43},"end":{"line":151,"column":1}},"line":145},"17":{"name":"(anonymous_17)","decl":{"start":{"line":154,"column":16},"end":{"line":154,"column":17}},"loc":{"start":{"line":154,"column":30},"end":{"line":193,"column":1}},"line":154},"18":{"name":"(anonymous_18)","decl":{"start":{"line":167,"column":45},"end":{"line":167,"column":46}},"loc":{"start":{"line":167,"column":50},"end":{"line":167,"column":69}},"line":167},"19":{"name":"(anonymous_19)","decl":{"start":{"line":170,"column":45},"end":{"line":170,"column":46}},"loc":{"start":{"line":170,"column":50},"end":{"line":170,"column":75}},"line":170},"20":{"name":"(anonymous_20)","decl":{"start":{"line":173,"column":45},"end":{"line":173,"column":46}},"loc":{"start":{"line":173,"column":50},"end":{"line":173,"column":101}},"line":173},"21":{"name":"(anonymous_21)","decl":{"start":{"line":196,"column":19},"end":{"line":196,"column":20}},"loc":{"start":{"line":196,"column":33},"end":{"line":209,"column":1}},"line":196},"22":{"name":"(anonymous_22)","decl":{"start":{"line":199,"column":30},"end":{"line":199,"column":31}},"loc":{"start":{"line":199,"column":35},"end":{"line":199,"column":46}},"line":199},"23":{"name":"(anonymous_23)","decl":{"start":{"line":212,"column":17},"end":{"line":212,"column":18}},"loc":{"start":{"line":212,"column":31},"end":{"line":225,"column":1}},"line":212},"24":{"name":"(anonymous_24)","decl":{"start":{"line":228,"column":19},"end":{"line":228,"column":20}},"loc":{"start":{"line":228,"column":33},"end":{"line":260,"column":1}},"line":228},"25":{"name":"(anonymous_25)","decl":{"start":{"line":231,"column":40},"end":{"line":231,"column":41}},"loc":{"start":{"line":231,"column":45},"end":{"line":231,"column":56}},"line":231},"26":{"name":"(anonymous_26)","decl":{"start":{"line":263,"column":22},"end":{"line":263,"column":23}},"loc":{"start":{"line":263,"column":36},"end":{"line":277,"column":1}},"line":263},"27":{"name":"(anonymous_27)","decl":{"start":{"line":266,"column":40},"end":{"line":266,"column":41}},"loc":{"start":{"line":266,"column":45},"end":{"line":266,"column":56}},"line":266},"28":{"name":"randomElement","decl":{"start":{"line":297,"column":9},"end":{"line":297,"column":22}},"loc":{"start":{"line":297,"column":30},"end":{"line":299,"column":1}},"line":297},"29":{"name":"randomFloat","decl":{"start":{"line":301,"column":9},"end":{"line":301,"column":20}},"loc":{"start":{"line":301,"column":49},"end":{"line":304,"column":1}},"line":301},"30":{"name":"randomInt","decl":{"start":{"line":306,"column":9},"end":{"line":306,"column":18}},"loc":{"start":{"line":306,"column":29},"end":{"line":308,"column":1}},"line":306},"31":{"name":"randomRecentDate","decl":{"start":{"line":310,"column":9},"end":{"line":310,"column":25}},"loc":{"start":{"line":310,"column":37},"end":{"line":315,"column":1}},"line":310},"32":{"name":"startFakeTradeGenerator","decl":{"start":{"line":317,"column":9},"end":{"line":317,"column":32}},"loc":{"start":{"line":317,"column":67},"end":{"line":356,"column":1}},"line":317},"33":{"name":"(anonymous_33)","decl":{"start":{"line":323,"column":34},"end":{"line":323,"column":35}},"loc":{"start":{"line":323,"column":40},"end":{"line":353,"column":3}},"line":323},"34":{"name":"stopFakeTradeGenerator","decl":{"start":{"line":358,"column":9},"end":{"line":358,"column":31}},"loc":{"start":{"line":358,"column":34},"end":{"line":367,"column":1}},"line":358},"35":{"name":"(anonymous_35)","decl":{"start":{"line":369,"column":32},"end":{"line":369,"column":33}},"loc":{"start":{"line":369,"column":46},"end":{"line":379,"column":1}},"line":369},"36":{"name":"(anonymous_36)","decl":{"start":{"line":381,"column":31},"end":{"line":381,"column":32}},"loc":{"start":{"line":381,"column":45},"end":{"line":391,"column":1}},"line":381}},"branchMap":{"0":{"loc":{"start":{"line":61,"column":9},"end":{"line":61,"column":59}},"type":"cond-expr","locations":[{"start":{"line":61,"column":32},"end":{"line":61,"column":44}},{"start":{"line":61,"column":47},"end":{"line":61,"column":59}}],"line":61},"1":{"loc":{"start":{"line":81,"column":28},"end":{"line":81,"column":51}},"type":"default-arg","locations":[{"start":{"line":81,"column":47},"end":{"line":81,"column":51}}],"line":81},"2":{"loc":{"start":{"line":84,"column":19},"end":{"line":84,"column":88}},"type":"binary-expr","locations":[{"start":{"line":84,"column":19},"end":{"line":84,"column":35}},{"start":{"line":84,"column":39},"end":{"line":84,"column":88}}],"line":84},"3":{"loc":{"start":{"line":92,"column":10},"end":{"line":92,"column":59}},"type":"cond-expr","locations":[{"start":{"line":92,"column":31},"end":{"line":92,"column":41}},{"start":{"line":92,"column":44},"end":{"line":92,"column":59}}],"line":92},"4":{"loc":{"start":{"line":105,"column":2},"end":{"line":117,"column":3}},"type":"if","locations":[{"start":{"line":105,"column":2},"end":{"line":117,"column":3}},{"start":{},"end":{}}],"line":105},"5":{"loc":{"start":{"line":125,"column":17},"end":{"line":125,"column":101}},"type":"cond-expr","locations":[{"start":{"line":125,"column":38},"end":{"line":125,"column":97}},{"start":{"line":125,"column":100},"end":{"line":125,"column":101}}],"line":125},"6":{"loc":{"start":{"line":126,"column":18},"end":{"line":126,"column":109}},"type":"cond-expr","locations":[{"start":{"line":126,"column":38},"end":{"line":126,"column":105}},{"start":{"line":126,"column":108},"end":{"line":126,"column":109}}],"line":126},"7":{"loc":{"start":{"line":127,"column":23},"end":{"line":127,"column":94}},"type":"cond-expr","locations":[{"start":{"line":127,"column":37},"end":{"line":127,"column":90}},{"start":{"line":127,"column":93},"end":{"line":127,"column":94}}],"line":127},"8":{"loc":{"start":{"line":156,"column":12},"end":{"line":156,"column":20}},"type":"default-arg","locations":[{"start":{"line":156,"column":19},"end":{"line":156,"column":20}}],"line":156},"9":{"loc":{"start":{"line":156,"column":22},"end":{"line":156,"column":32}},"type":"default-arg","locations":[{"start":{"line":156,"column":30},"end":{"line":156,"column":32}}],"line":156},"10":{"loc":{"start":{"line":160,"column":4},"end":{"line":162,"column":5}},"type":"if","locations":[{"start":{"line":160,"column":4},"end":{"line":162,"column":5}},{"start":{},"end":{}}],"line":160},"11":{"loc":{"start":{"line":160,"column":8},"end":{"line":160,"column":53}},"type":"binary-expr","locations":[{"start":{"line":160,"column":8},"end":{"line":160,"column":19}},{"start":{"line":160,"column":23},"end":{"line":160,"column":35}},{"start":{"line":160,"column":39},"end":{"line":160,"column":53}}],"line":160},"12":{"loc":{"start":{"line":166,"column":4},"end":{"line":168,"column":5}},"type":"if","locations":[{"start":{"line":166,"column":4},"end":{"line":168,"column":5}},{"start":{},"end":{}}],"line":166},"13":{"loc":{"start":{"line":169,"column":4},"end":{"line":171,"column":5}},"type":"if","locations":[{"start":{"line":169,"column":4},"end":{"line":171,"column":5}},{"start":{},"end":{}}],"line":169},"14":{"loc":{"start":{"line":172,"column":4},"end":{"line":174,"column":5}},"type":"if","locations":[{"start":{"line":172,"column":4},"end":{"line":174,"column":5}},{"start":{},"end":{}}],"line":172},"15":{"loc":{"start":{"line":201,"column":4},"end":{"line":203,"column":5}},"type":"if","locations":[{"start":{"line":201,"column":4},"end":{"line":203,"column":5}},{"start":{},"end":{}}],"line":201},"16":{"loc":{"start":{"line":215,"column":4},"end":{"line":217,"column":5}},"type":"if","locations":[{"start":{"line":215,"column":4},"end":{"line":217,"column":5}},{"start":{},"end":{}}],"line":215},"17":{"loc":{"start":{"line":233,"column":4},"end":{"line":235,"column":5}},"type":"if","locations":[{"start":{"line":233,"column":4},"end":{"line":235,"column":5}},{"start":{},"end":{}}],"line":233},"18":{"loc":{"start":{"line":238,"column":4},"end":{"line":240,"column":5}},"type":"if","locations":[{"start":{"line":238,"column":4},"end":{"line":240,"column":5}},{"start":{},"end":{}}],"line":238},"19":{"loc":{"start":{"line":244,"column":21},"end":{"line":244,"column":101}},"type":"binary-expr","locations":[{"start":{"line":244,"column":21},"end":{"line":244,"column":48}},{"start":{"line":244,"column":52},"end":{"line":244,"column":101}}],"line":244},"20":{"loc":{"start":{"line":252,"column":12},"end":{"line":252,"column":61}},"type":"cond-expr","locations":[{"start":{"line":252,"column":33},"end":{"line":252,"column":43}},{"start":{"line":252,"column":46},"end":{"line":252,"column":61}}],"line":252},"21":{"loc":{"start":{"line":268,"column":4},"end":{"line":270,"column":5}},"type":"if","locations":[{"start":{"line":268,"column":4},"end":{"line":270,"column":5}},{"start":{},"end":{}}],"line":268},"22":{"loc":{"start":{"line":301,"column":31},"end":{"line":301,"column":47}},"type":"default-arg","locations":[{"start":{"line":301,"column":43},"end":{"line":301,"column":47}}],"line":301},"23":{"loc":{"start":{"line":310,"column":26},"end":{"line":310,"column":35}},"type":"default-arg","locations":[{"start":{"line":310,"column":33},"end":{"line":310,"column":35}}],"line":310},"24":{"loc":{"start":{"line":317,"column":33},"end":{"line":317,"column":50}},"type":"default-arg","locations":[{"start":{"line":317,"column":46},"end":{"line":317,"column":50}}],"line":317},"25":{"loc":{"start":{"line":317,"column":52},"end":{"line":317,"column":65}},"type":"default-arg","locations":[{"start":{"line":317,"column":64},"end":{"line":317,"column":65}}],"line":317},"26":{"loc":{"start":{"line":318,"column":2},"end":{"line":320,"column":3}},"type":"if","locations":[{"start":{"line":318,"column":2},"end":{"line":320,"column":3}},{"start":{},"end":{}}],"line":318},"27":{"loc":{"start":{"line":330,"column":19},"end":{"line":330,"column":125}},"type":"cond-expr","locations":[{"start":{"line":330,"column":42},"end":{"line":330,"column":75}},{"start":{"line":330,"column":78},"end":{"line":330,"column":125}}],"line":330},"28":{"loc":{"start":{"line":334,"column":21},"end":{"line":334,"column":73}},"type":"cond-expr","locations":[{"start":{"line":334,"column":31},"end":{"line":334,"column":39}},{"start":{"line":334,"column":42},"end":{"line":334,"column":73}}],"line":334},"29":{"loc":{"start":{"line":334,"column":42},"end":{"line":334,"column":73}},"type":"cond-expr","locations":[{"start":{"line":334,"column":52},"end":{"line":334,"column":59}},{"start":{"line":334,"column":62},"end":{"line":334,"column":73}}],"line":334},"30":{"loc":{"start":{"line":359,"column":2},"end":{"line":361,"column":3}},"type":"if","locations":[{"start":{"line":359,"column":2},"end":{"line":361,"column":3}},{"start":{},"end":{}}],"line":359},"31":{"loc":{"start":{"line":372,"column":4},"end":{"line":374,"column":5}},"type":"if","locations":[{"start":{"line":372,"column":4},"end":{"line":374,"column":5}},{"start":{},"end":{}}],"line":372},"32":{"loc":{"start":{"line":384,"column":4},"end":{"line":386,"column":5}},"type":"if","locations":[{"start":{"line":384,"column":4},"end":{"line":386,"column":5}},{"start":{},"end":{}}],"line":384}},"s":{"0":1,"1":1,"2":1,"3":1,"4":1,"5":0,"6":1,"7":1,"8":1,"9":2,"10":2,"11":1,"12":1,"13":1,"14":1,"15":1,"16":1,"17":1,"18":2,"19":1,"20":1,"21":1,"22":1,"23":9,"24":0,"25":1,"26":0,"27":1,"28":2,"29":1,"30":2,"31":1,"32":2,"33":1,"34":1,"35":2,"36":1,"37":1,"38":1,"39":1,"40":1,"41":1,"42":1,"43":1,"44":1,"45":0,"46":1,"47":2,"48":2,"49":2,"50":2,"51":2,"52":0,"53":2,"54":2,"55":1,"56":2,"57":2,"58":0,"59":0,"60":2,"61":0,"62":0,"63":2,"64":2,"65":2,"66":2,"67":2,"68":0,"69":1,"70":2,"71":2,"72":2,"73":2,"74":2,"75":1,"76":1,"77":0,"78":1,"79":2,"80":2,"81":2,"82":1,"83":1,"84":1,"85":1,"86":0,"87":1,"88":1,"89":1,"90":1,"91":1,"92":1,"93":0,"94":1,"95":1,"96":0,"97":1,"98":1,"99":1,"100":1,"101":1,"102":1,"103":0,"104":1,"105":1,"106":1,"107":1,"108":2,"109":1,"110":0,"111":1,"112":1,"113":0,"114":1,"115":1,"116":1,"117":1,"118":1,"119":0,"120":0,"121":0,"122":0,"123":0,"124":0,"125":0,"126":0,"127":2,"128":1,"129":1,"130":1,"131":0,"132":0,"133":0,"134":0,"135":0,"136":0,"137":0,"138":0,"139":0,"140":0,"141":0,"142":0,"143":0,"144":0,"145":0,"146":0,"147":0,"148":1,"149":1,"150":0,"151":1,"152":1,"153":1,"154":1,"155":1,"156":2,"157":2,"158":2,"159":1,"160":1,"161":0,"162":1,"163":1,"164":1,"165":1,"166":0,"167":1,"168":0,"169":1},"f":{"0":0,"1":2,"2":2,"3":1,"4":1,"5":2,"6":1,"7":9,"8":0,"9":1,"10":2,"11":2,"12":2,"13":2,"14":1,"15":1,"16":1,"17":2,"18":2,"19":0,"20":0,"21":2,"22":2,"23":2,"24":1,"25":1,"26":1,"27":2,"28":0,"29":0,"30":0,"31":0,"32":2,"33":0,"34":1,"35":2,"36":1},"b":{"0":[2,0],"1":[1],"2":[1,1],"3":[1,0],"4":[0,1],"5":[1,0],"6":[1,0],"7":[1,0],"8":[1],"9":[1],"10":[0,2],"11":[2,2,2],"12":[1,1],"13":[0,2],"14":[0,2],"15":[1,1],"16":[1,1],"17":[0,1],"18":[0,1],"19":[1,0],"20":[1,0],"21":[0,1],"22":[0],"23":[0],"24":[2],"25":[2],"26":[1,1],"27":[0,0],"28":[0,0],"29":[0,0],"30":[0,1],"31":[1,1],"32":[0,1]},"_coverageSchema":"1a1c01bbd47fc00a2c39e90264f33305004495a9","hash":"eb5653ae6110c012b4f97fa82a15045e527c390c"}
}
