TN:
SF:server.js
FN:106,(anonymous_0)
FN:107,(anonymous_1)
FN:108,(anonymous_2)
FN:109,(anonymous_3)
FN:110,(anonymous_4)
FN:111,(anonymous_5)
FN:112,(anonymous_6)
FN:113,(anonymous_7)
FN:114,(anonymous_8)
FN:115,(anonymous_9)
FN:116,(anonymous_10)
FN:125,(anonymous_11)
FN:131,(anonymous_12)
FN:136,(anonymous_13)
FN:142,(anonymous_14)
FN:146,(anonymous_15)
FN:151,(anonymous_16)
FN:153,(anonymous_17)
FNF:18
FNH:0
FNDA:0,(anonymous_0)
FNDA:0,(anonymous_1)
FNDA:0,(anonymous_2)
FNDA:0,(anonymous_3)
FNDA:0,(anonymous_4)
FNDA:0,(anonymous_5)
FNDA:0,(anonymous_6)
FNDA:0,(anonymous_7)
FNDA:0,(anonymous_8)
FNDA:0,(anonymous_9)
FNDA:0,(anonymous_10)
FNDA:0,(anonymous_11)
FNDA:0,(anonymous_12)
FNDA:0,(anonymous_13)
FNDA:0,(anonymous_14)
FNDA:0,(anonymous_15)
FNDA:0,(anonymous_16)
FNDA:0,(anonymous_17)
DA:1,1
DA:2,1
DA:3,1
DA:4,1
DA:5,1
DA:6,1
DA:7,1
DA:8,1
DA:10,1
DA:11,1
DA:14,1
DA:15,1
DA:16,1
DA:18,1
DA:105,1
DA:106,0
DA:107,0
DA:108,0
DA:109,0
DA:110,0
DA:111,0
DA:112,0
DA:113,0
DA:114,0
DA:115,0
DA:116,0
DA:119,1
DA:122,1
DA:125,1
DA:126,0
DA:127,0
DA:131,1
DA:132,0
DA:135,1
DA:136,0
DA:137,0
DA:140,0
DA:142,0
DA:143,0
DA:144,0
DA:146,0
DA:147,0
DA:151,0
DA:152,0
DA:153,0
DA:154,0
DA:155,0
DA:161,1
LF:48
LH:21
BRDA:11,0,0,1
BRDA:11,0,1,1
BRDA:135,1,0,0
BRDA:135,1,1,1
BRDA:154,2,0,0
BRDA:154,2,1,0
BRF:6
BRH:3
end_of_record
TN:
SF:lib\websocket.js
FN:1,(anonymous_0)
FN:3,setBroadcaster
FN:7,broadcast
FNF:3
FNH:0
FNDA:0,(anonymous_0)
FNDA:0,setBroadcaster
FNDA:0,broadcast
DA:1,1
DA:4,0
DA:8,0
DA:11,1
LF:4
LH:2
BRF:0
BRH:0
end_of_record
TN:
SF:routes\trades.js
FN:10,(anonymous_0)
FN:71,calculatePnL
FN:75,calculatePnLPercent
FN:79,calculateDuration
FN:88,formatTrade
FN:106,(anonymous_5)
FN:116,formatTradePage
FN:118,(anonymous_7)
FN:132,resetTrades
FN:180,getAllTrades
FN:184,getNotesByTrade
FN:188,getTradeById
FN:201,getTradesPage
FN:228,getStats
FN:247,(anonymous_14)
FN:248,(anonymous_15)
FN:249,(anonymous_16)
FN:250,(anonymous_17)
FN:252,(anonymous_18)
FN:253,(anonymous_19)
FN:254,(anonymous_20)
FN:272,createTrade
FN:302,updateTrade
FN:339,deleteTrade
FN:351,createNote
FN:365,updateNote
FN:382,deleteNote
FN:394,createUser
FN:428,getUserById
FN:448,(anonymous_29)
FN:452,updateUserProfile
FN:486,disconnect
FN:492,(anonymous_32)
FN:501,(anonymous_33)
FN:519,(anonymous_34)
FN:535,(anonymous_35)
FN:548,(anonymous_36)
FN:565,(anonymous_37)
FN:580,(anonymous_38)
FN:596,(anonymous_39)
FN:612,(anonymous_40)
FN:646,randomElement
FN:650,randomFloat
FN:655,randomInt
FN:659,randomRecentDate
FN:666,startFakeTradeGenerator
FN:672,(anonymous_46)
FN:714,stopFakeTradeGenerator
FN:725,(anonymous_48)
FN:737,(anonymous_49)
FNF:50
FNH:32
FNDA:0,(anonymous_0)
FNDA:36,calculatePnL
FNDA:32,calculatePnLPercent
FNDA:32,calculateDuration
FNDA:12,formatTrade
FNDA:1,(anonymous_5)
FNDA:5,formatTradePage
FNDA:9,(anonymous_7)
FNDA:9,resetTrades
FNDA:0,getAllTrades
FNDA:0,getNotesByTrade
FNDA:2,getTradeById
FNDA:5,getTradesPage
FNDA:1,getStats
FNDA:2,(anonymous_14)
FNDA:2,(anonymous_15)
FNDA:2,(anonymous_16)
FNDA:2,(anonymous_17)
FNDA:2,(anonymous_18)
FNDA:1,(anonymous_19)
FNDA:1,(anonymous_20)
FNDA:2,createTrade
FNDA:1,updateTrade
FNDA:1,deleteTrade
FNDA:0,createNote
FNDA:0,updateNote
FNDA:0,deleteNote
FNDA:0,createUser
FNDA:0,getUserById
FNDA:0,(anonymous_29)
FNDA:0,updateUserProfile
FNDA:1,disconnect
FNDA:1,(anonymous_32)
FNDA:5,(anonymous_33)
FNDA:2,(anonymous_34)
FNDA:2,(anonymous_35)
FNDA:1,(anonymous_36)
FNDA:1,(anonymous_37)
FNDA:0,(anonymous_38)
FNDA:0,(anonymous_39)
FNDA:0,(anonymous_40)
FNDA:0,randomElement
FNDA:0,randomFloat
FNDA:0,randomInt
FNDA:0,randomRecentDate
FNDA:2,startFakeTradeGenerator
FNDA:0,(anonymous_46)
FNDA:1,stopFakeTradeGenerator
FNDA:2,(anonymous_48)
FNDA:1,(anonymous_49)
DA:1,1
DA:2,1
DA:3,1
DA:4,1
DA:5,1
DA:7,1
DA:10,1
DA:11,0
DA:14,1
DA:39,1
DA:47,1
DA:59,1
DA:64,1
DA:72,36
DA:76,32
DA:80,32
DA:81,32
DA:82,32
DA:83,32
DA:84,32
DA:85,32
DA:89,12
DA:90,12
DA:91,12
DA:106,1
DA:117,5
DA:118,9
DA:133,9
DA:134,9
DA:137,9
DA:138,9
DA:139,0
DA:147,9
DA:148,18
DA:149,18
DA:150,18
DA:151,18
DA:169,18
DA:170,9
DA:181,0
DA:185,0
DA:189,2
DA:194,2
DA:195,1
DA:198,1
DA:202,5
DA:203,5
DA:205,5
DA:206,5
DA:207,1
DA:209,5
DA:210,0
DA:212,5
DA:213,0
DA:216,5
DA:217,5
DA:225,5
DA:229,1
DA:230,1
DA:232,1
DA:233,0
DA:247,2
DA:248,2
DA:249,2
DA:250,2
DA:252,2
DA:253,1
DA:254,1
DA:255,1
DA:256,1
DA:258,1
DA:273,2
DA:274,2
DA:275,1
DA:278,1
DA:279,1
DA:281,1
DA:299,1
DA:303,1
DA:304,1
DA:305,0
DA:308,1
DA:309,1
DA:311,1
DA:312,1
DA:330,1
DA:332,0
DA:333,0
DA:335,0
DA:340,1
DA:341,1
DA:342,1
DA:344,0
DA:345,0
DA:347,0
DA:352,0
DA:353,0
DA:354,0
DA:357,0
DA:366,0
DA:367,0
DA:375,0
DA:376,0
DA:378,0
DA:383,0
DA:384,0
DA:385,0
DA:387,0
DA:388,0
DA:390,0
DA:395,0
DA:396,0
DA:397,0
DA:400,0
DA:401,0
DA:409,0
DA:421,0
DA:422,0
DA:424,0
DA:429,0
DA:434,0
DA:435,0
DA:438,0
DA:448,0
DA:453,0
DA:454,0
DA:455,0
DA:458,0
DA:459,0
DA:460,0
DA:463,0
DA:478,0
DA:487,1
DA:492,1
DA:493,1
DA:494,1
DA:496,0
DA:501,1
DA:502,5
DA:503,5
DA:504,5
DA:505,5
DA:507,5
DA:508,0
DA:511,5
DA:512,5
DA:514,0
DA:519,1
DA:520,2
DA:521,2
DA:522,2
DA:524,2
DA:525,1
DA:528,1
DA:530,0
DA:535,1
DA:536,2
DA:537,2
DA:538,1
DA:540,1
DA:541,1
DA:543,0
DA:548,1
DA:549,1
DA:550,1
DA:551,1
DA:552,1
DA:554,0
DA:555,0
DA:557,0
DA:558,0
DA:560,0
DA:565,1
DA:566,1
DA:567,1
DA:568,1
DA:569,1
DA:571,0
DA:572,0
DA:574,0
DA:580,1
DA:581,0
DA:582,0
DA:583,0
DA:585,0
DA:586,0
DA:588,0
DA:589,0
DA:591,0
DA:596,1
DA:597,0
DA:598,0
DA:599,0
DA:601,0
DA:602,0
DA:605,0
DA:607,0
DA:612,1
DA:613,0
DA:614,0
DA:615,0
DA:616,0
DA:618,0
DA:619,0
DA:621,0
DA:622,0
DA:624,0
DA:629,1
DA:630,1
DA:631,1
DA:632,1
DA:633,1
DA:647,0
DA:651,0
DA:652,0
DA:656,0
DA:660,0
DA:661,0
DA:662,0
DA:663,0
DA:667,2
DA:668,1
DA:671,1
DA:672,1
DA:673,0
DA:674,0
DA:675,0
DA:676,0
DA:677,0
DA:678,0
DA:680,0
DA:681,0
DA:682,0
DA:683,0
DA:684,0
DA:686,0
DA:687,0
DA:689,0
DA:690,0
DA:691,0
DA:692,0
DA:694,0
DA:705,0
DA:708,0
DA:711,1
DA:715,1
DA:716,0
DA:719,1
DA:720,1
DA:721,1
DA:722,1
DA:725,1
DA:726,2
DA:727,2
DA:728,2
DA:729,1
DA:731,1
DA:733,0
DA:737,1
DA:738,1
DA:739,1
DA:740,1
DA:741,0
DA:743,1
DA:745,0
DA:749,1
LF:266
LH:146
BRDA:72,0,0,36
BRDA:72,0,1,0
BRDA:88,1,0,9
BRDA:102,2,0,12
BRDA:102,2,1,0
BRDA:103,3,0,12
BRDA:103,3,1,0
BRDA:121,4,0,9
BRDA:121,4,1,0
BRDA:138,5,0,0
BRDA:138,5,1,9
BRDA:169,6,0,9
BRDA:169,6,1,9
BRDA:169,7,0,18
BRDA:169,7,1,9
BRDA:194,8,0,1
BRDA:194,8,1,1
BRDA:201,9,0,0
BRDA:201,10,0,0
BRDA:202,11,0,5
BRDA:202,11,1,0
BRDA:203,12,0,5
BRDA:203,12,1,0
BRDA:206,13,0,1
BRDA:206,13,1,4
BRDA:209,14,0,0
BRDA:209,14,1,5
BRDA:212,15,0,0
BRDA:212,15,1,5
BRDA:232,16,0,0
BRDA:232,16,1,1
BRDA:253,17,0,1
BRDA:253,17,1,0
BRDA:254,18,0,1
BRDA:254,18,1,0
BRDA:255,19,0,1
BRDA:255,19,1,0
BRDA:256,20,0,1
BRDA:256,20,1,0
BRDA:274,21,0,1
BRDA:274,21,1,1
BRDA:304,22,0,0
BRDA:304,22,1,1
BRDA:332,23,0,0
BRDA:332,23,1,0
BRDA:344,24,0,0
BRDA:344,24,1,0
BRDA:353,25,0,0
BRDA:353,25,1,0
BRDA:375,26,0,0
BRDA:375,26,1,0
BRDA:387,27,0,0
BRDA:387,27,1,0
BRDA:396,28,0,0
BRDA:396,28,1,0
BRDA:413,29,0,0
BRDA:413,29,1,0
BRDA:421,30,0,0
BRDA:421,30,1,0
BRDA:434,31,0,0
BRDA:434,31,1,0
BRDA:442,32,0,0
BRDA:442,32,1,0
BRDA:454,33,0,0
BRDA:454,33,1,0
BRDA:459,34,0,0
BRDA:459,34,1,0
BRDA:503,35,0,4
BRDA:503,36,0,4
BRDA:507,37,0,0
BRDA:507,37,1,5
BRDA:507,38,0,5
BRDA:507,38,1,5
BRDA:507,38,2,5
BRDA:524,39,0,1
BRDA:524,39,1,1
BRDA:540,40,0,1
BRDA:540,40,1,0
BRDA:540,41,0,1
BRDA:540,41,1,0
BRDA:541,42,0,1
BRDA:541,42,1,0
BRDA:554,43,0,0
BRDA:554,43,1,0
BRDA:557,44,0,0
BRDA:557,44,1,0
BRDA:557,45,0,0
BRDA:557,45,1,0
BRDA:558,46,0,0
BRDA:558,46,1,0
BRDA:571,47,0,0
BRDA:571,47,1,0
BRDA:585,48,0,0
BRDA:585,48,1,0
BRDA:588,49,0,0
BRDA:588,49,1,0
BRDA:588,50,0,0
BRDA:588,50,1,0
BRDA:589,51,0,0
BRDA:589,51,1,0
BRDA:601,52,0,0
BRDA:601,52,1,0
BRDA:618,53,0,0
BRDA:618,53,1,0
BRDA:621,54,0,0
BRDA:621,54,1,0
BRDA:621,55,0,0
BRDA:621,55,1,0
BRDA:622,56,0,0
BRDA:622,56,1,0
BRDA:650,57,0,0
BRDA:659,58,0,0
BRDA:666,59,0,2
BRDA:666,60,0,2
BRDA:667,61,0,1
BRDA:667,61,1,1
BRDA:680,62,0,0
BRDA:680,62,1,0
BRDA:682,63,0,0
BRDA:682,63,1,0
BRDA:684,64,0,0
BRDA:684,64,1,0
BRDA:687,65,0,0
BRDA:687,65,1,0
BRDA:715,66,0,0
BRDA:715,66,1,1
BRDA:728,67,0,1
BRDA:728,67,1,1
BRDA:740,68,0,0
BRDA:740,68,1,1
BRF:130
BRH:45
end_of_record
