TN:
SF:server.js
FN:20,(anonymous_0)
FN:25,(anonymous_1)
FN:31,(anonymous_2)
FN:36,(anonymous_3)
FN:42,(anonymous_4)
FN:46,(anonymous_5)
FN:51,(anonymous_6)
FN:53,(anonymous_7)
FNF:8
FNH:0
FNDA:0,(anonymous_0)
FNDA:0,(anonymous_1)
FNDA:0,(anonymous_2)
FNDA:0,(anonymous_3)
FNDA:0,(anonymous_4)
FNDA:0,(anonymous_5)
FNDA:0,(anonymous_6)
FNDA:0,(anonymous_7)
DA:1,1
DA:2,1
DA:3,1
DA:4,1
DA:5,1
DA:6,1
DA:8,1
DA:9,1
DA:12,1
DA:13,1
DA:14,1
DA:17,1
DA:20,1
DA:21,0
DA:25,1
DA:26,0
DA:27,0
DA:31,1
DA:32,0
DA:35,1
DA:36,0
DA:37,0
DA:40,0
DA:42,0
DA:43,0
DA:44,0
DA:46,0
DA:47,0
DA:51,0
DA:52,0
DA:53,0
DA:54,0
DA:55,0
DA:61,1
LF:34
LH:17
BRDA:9,0,0,1
BRDA:9,0,1,1
BRDA:35,1,0,0
BRDA:35,1,1,1
BRDA:54,2,0,0
BRDA:54,2,1,0
BRF:6
BRH:3
end_of_record
TN:
SF:lib\websocket.js
FN:1,(anonymous_0)
FN:3,setBroadcaster
FN:7,broadcast
FNF:3
FNH:0
FNDA:0,(anonymous_0)
FNDA:0,setBroadcaster
FNDA:0,broadcast
DA:1,1
DA:4,0
DA:8,0
DA:11,1
LF:4
LH:2
BRF:0
BRH:0
end_of_record
TN:
SF:routes\trades.js
FN:7,(anonymous_0)
FN:60,calculatePnL
FN:64,calculatePnLPercent
FN:68,calculateDuration
FN:77,generateId
FN:78,(anonymous_5)
FN:81,createTrade
FN:96,resetTrades
FN:100,getAllTrades
FN:104,getStats
FN:119,(anonymous_10)
FN:120,(anonymous_11)
FN:121,(anonymous_12)
FN:124,(anonymous_13)
FN:125,(anonymous_14)
FN:126,(anonymous_15)
FN:145,(anonymous_16)
FN:154,(anonymous_17)
FN:167,(anonymous_18)
FN:170,(anonymous_19)
FN:173,(anonymous_20)
FN:196,(anonymous_21)
FN:199,(anonymous_22)
FN:212,(anonymous_23)
FN:228,(anonymous_24)
FN:231,(anonymous_25)
FN:263,(anonymous_26)
FN:266,(anonymous_27)
FN:297,randomElement
FN:301,randomFloat
FN:306,randomInt
FN:310,randomRecentDate
FN:317,startFakeTradeGenerator
FN:323,(anonymous_33)
FN:358,stopFakeTradeGenerator
FN:369,(anonymous_35)
FN:381,(anonymous_36)
FNF:37
FNH:28
FNDA:0,(anonymous_0)
FNDA:2,calculatePnL
FNDA:2,calculatePnLPercent
FNDA:1,calculateDuration
FNDA:1,generateId
FNDA:2,(anonymous_5)
FNDA:1,createTrade
FNDA:9,resetTrades
FNDA:0,getAllTrades
FNDA:1,getStats
FNDA:2,(anonymous_10)
FNDA:2,(anonymous_11)
FNDA:2,(anonymous_12)
FNDA:2,(anonymous_13)
FNDA:1,(anonymous_14)
FNDA:1,(anonymous_15)
FNDA:1,(anonymous_16)
FNDA:2,(anonymous_17)
FNDA:2,(anonymous_18)
FNDA:0,(anonymous_19)
FNDA:0,(anonymous_20)
FNDA:2,(anonymous_21)
FNDA:2,(anonymous_22)
FNDA:2,(anonymous_23)
FNDA:1,(anonymous_24)
FNDA:1,(anonymous_25)
FNDA:1,(anonymous_26)
FNDA:2,(anonymous_27)
FNDA:0,randomElement
FNDA:0,randomFloat
FNDA:0,randomInt
FNDA:0,randomRecentDate
FNDA:2,startFakeTradeGenerator
FNDA:0,(anonymous_33)
FNDA:1,stopFakeTradeGenerator
FNDA:2,(anonymous_35)
FNDA:1,(anonymous_36)
DA:1,1
DA:2,1
DA:3,1
DA:4,1
DA:7,1
DA:8,0
DA:11,1
DA:44,1
DA:47,1
DA:61,2
DA:65,2
DA:69,1
DA:70,1
DA:71,1
DA:72,1
DA:73,1
DA:74,1
DA:78,2
DA:82,1
DA:83,1
DA:84,1
DA:86,1
DA:97,9
DA:101,0
DA:105,1
DA:106,0
DA:119,2
DA:120,2
DA:121,2
DA:123,1
DA:124,2
DA:125,1
DA:126,1
DA:127,1
DA:129,1
DA:145,1
DA:146,1
DA:147,1
DA:149,0
DA:154,1
DA:155,2
DA:156,2
DA:157,2
DA:158,2
DA:160,2
DA:161,0
DA:164,2
DA:166,2
DA:167,2
DA:169,2
DA:170,0
DA:172,2
DA:173,0
DA:176,2
DA:177,2
DA:178,2
DA:179,2
DA:181,2
DA:191,0
DA:196,1
DA:197,2
DA:198,2
DA:199,2
DA:201,2
DA:202,1
DA:205,1
DA:207,0
DA:212,1
DA:213,2
DA:214,2
DA:215,2
DA:216,1
DA:219,1
DA:220,1
DA:221,1
DA:223,0
DA:228,1
DA:229,1
DA:230,1
DA:231,1
DA:233,1
DA:234,0
DA:237,1
DA:238,1
DA:239,0
DA:242,1
DA:243,1
DA:244,1
DA:246,1
DA:255,1
DA:256,1
DA:258,0
DA:263,1
DA:264,1
DA:265,1
DA:266,2
DA:268,1
DA:269,0
DA:272,1
DA:273,1
DA:275,0
DA:280,1
DA:281,1
DA:282,1
DA:283,1
DA:284,1
DA:298,0
DA:302,0
DA:303,0
DA:307,0
DA:311,0
DA:312,0
DA:313,0
DA:314,0
DA:318,2
DA:319,1
DA:322,1
DA:323,1
DA:324,0
DA:325,0
DA:326,0
DA:327,0
DA:328,0
DA:329,0
DA:330,0
DA:331,0
DA:332,0
DA:333,0
DA:334,0
DA:335,0
DA:337,0
DA:348,0
DA:349,0
DA:352,0
DA:355,1
DA:359,1
DA:360,0
DA:363,1
DA:364,1
DA:365,1
DA:366,1
DA:369,1
DA:370,2
DA:371,2
DA:372,2
DA:373,1
DA:375,1
DA:377,0
DA:381,1
DA:382,1
DA:383,1
DA:384,1
DA:385,0
DA:387,1
DA:389,0
DA:393,1
LF:156
LH:113
BRDA:61,0,0,2
BRDA:61,0,1,0
BRDA:81,1,0,1
BRDA:84,2,0,1
BRDA:84,2,1,1
BRDA:92,3,0,1
BRDA:92,3,1,0
BRDA:105,4,0,0
BRDA:105,4,1,1
BRDA:125,5,0,1
BRDA:125,5,1,0
BRDA:126,6,0,1
BRDA:126,6,1,0
BRDA:127,7,0,1
BRDA:127,7,1,0
BRDA:156,8,0,1
BRDA:156,9,0,1
BRDA:160,10,0,0
BRDA:160,10,1,2
BRDA:160,11,0,2
BRDA:160,11,1,2
BRDA:160,11,2,2
BRDA:166,12,0,1
BRDA:166,12,1,1
BRDA:169,13,0,0
BRDA:169,13,1,2
BRDA:172,14,0,0
BRDA:172,14,1,2
BRDA:201,15,0,1
BRDA:201,15,1,1
BRDA:215,16,0,1
BRDA:215,16,1,1
BRDA:233,17,0,0
BRDA:233,17,1,1
BRDA:238,18,0,0
BRDA:238,18,1,1
BRDA:244,19,0,1
BRDA:244,19,1,0
BRDA:252,20,0,1
BRDA:252,20,1,0
BRDA:268,21,0,0
BRDA:268,21,1,1
BRDA:301,22,0,0
BRDA:310,23,0,0
BRDA:317,24,0,2
BRDA:317,25,0,2
BRDA:318,26,0,1
BRDA:318,26,1,1
BRDA:330,27,0,0
BRDA:330,27,1,0
BRDA:334,28,0,0
BRDA:334,28,1,0
BRDA:334,29,0,0
BRDA:334,29,1,0
BRDA:359,30,0,0
BRDA:359,30,1,1
BRDA:372,31,0,1
BRDA:372,31,1,1
BRDA:384,32,0,0
BRDA:384,32,1,1
BRF:60
BRH:36
end_of_record
