<?xml version="1.0" encoding="UTF-8"?>
<coverage generated="1778086571103" clover="3.2.0">
  <project timestamp="1778086571103" name="All files">
    <metrics statements="185" coveredstatements="130" conditionals="120" coveredconditionals="85" methods="105" coveredmethods="60" elements="410" coveredelements="275" complexity="0" loc="185" ncloc="185" packages="4" files="12" classes="12"/>
    <package name="components">
      <metrics statements="83" coveredstatements="46" conditionals="54" coveredconditionals="35" methods="34" coveredmethods="9"/>
      <file name="TradeDialog.jsx" path="C:\Users\Cata\WebstormProjects\untitled1\src\components\TradeDialog.jsx">
        <metrics statements="83" coveredstatements="46" conditionals="54" coveredconditionals="35" methods="34" coveredmethods="9"/>
        <line num="21" count="1" type="stmt"/>
        <line num="24" count="29" type="stmt"/>
        <line num="35" count="29" type="stmt"/>
        <line num="36" count="29" type="stmt"/>
        <line num="37" count="29" type="stmt"/>
        <line num="38" count="29" type="stmt"/>
        <line num="39" count="29" type="stmt"/>
        <line num="41" count="29" type="stmt"/>
        <line num="42" count="15" type="cond" truecount="2" falsecount="0"/>
        <line num="43" count="5" type="cond" truecount="2" falsecount="0"/>
        <line num="44" count="2" type="stmt"/>
        <line num="55" count="2" type="cond" truecount="2" falsecount="0"/>
        <line num="57" count="3" type="stmt"/>
        <line num="59" count="3" type="stmt"/>
        <line num="60" count="3" type="stmt"/>
        <line num="62" count="3" type="stmt"/>
        <line num="73" count="3" type="stmt"/>
        <line num="75" count="5" type="stmt"/>
        <line num="79" count="29" type="stmt"/>
        <line num="80" count="0" type="cond" truecount="0" falsecount="2"/>
        <line num="82" count="0" type="stmt"/>
        <line num="83" count="0" type="cond" truecount="0" falsecount="2"/>
        <line num="84" count="0" type="stmt"/>
        <line num="85" count="0" type="stmt"/>
        <line num="86" count="0" type="stmt"/>
        <line num="91" count="0" type="stmt"/>
        <line num="93" count="0" type="stmt"/>
        <line num="98" count="29" type="stmt"/>
        <line num="99" count="0" type="stmt"/>
        <line num="100" count="0" type="cond" truecount="0" falsecount="2"/>
        <line num="102" count="0" type="stmt"/>
        <line num="103" count="0" type="cond" truecount="0" falsecount="2"/>
        <line num="104" count="0" type="stmt"/>
        <line num="105" count="0" type="cond" truecount="0" falsecount="2"/>
        <line num="106" count="0" type="stmt"/>
        <line num="107" count="0" type="stmt"/>
        <line num="108" count="0" type="stmt"/>
        <line num="113" count="0" type="stmt"/>
        <line num="115" count="0" type="stmt"/>
        <line num="121" count="29" type="stmt"/>
        <line num="122" count="0" type="stmt"/>
        <line num="123" count="0" type="stmt"/>
        <line num="126" count="29" type="stmt"/>
        <line num="127" count="0" type="stmt"/>
        <line num="130" count="29" type="stmt"/>
        <line num="131" count="0" type="stmt"/>
        <line num="132" count="0" type="stmt"/>
        <line num="133" count="0" type="stmt"/>
        <line num="136" count="29" type="stmt"/>
        <line num="137" count="0" type="stmt"/>
        <line num="140" count="29" type="stmt"/>
        <line num="141" count="15" type="cond" truecount="2" falsecount="0"/>
        <line num="142" count="5" type="stmt"/>
        <line num="143" count="5" type="stmt"/>
        <line num="144" count="5" type="stmt"/>
        <line num="149" count="29" type="stmt"/>
        <line num="150" count="3" type="stmt"/>
        <line num="153" count="3" type="stmt"/>
        <line num="154" count="3" type="stmt"/>
        <line num="156" count="3" type="cond" truecount="1" falsecount="1"/>
        <line num="157" count="3" type="cond" truecount="4" falsecount="0"/>
        <line num="158" count="2" type="cond" truecount="3" falsecount="1"/>
        <line num="159" count="2" type="cond" truecount="1" falsecount="1"/>
        <line num="161" count="2" type="cond" truecount="1" falsecount="1"/>
        <line num="162" count="3" type="stmt"/>
        <line num="164" count="3" type="stmt"/>
        <line num="180" count="3" type="stmt"/>
        <line num="183" count="29" type="stmt"/>
        <line num="206" count="3" type="stmt"/>
        <line num="221" count="2" type="stmt"/>
        <line num="235" count="2" type="stmt"/>
        <line num="248" count="0" type="stmt"/>
        <line num="261" count="0" type="stmt"/>
        <line num="273" count="0" type="stmt"/>
        <line num="283" count="0" type="stmt"/>
        <line num="296" count="0" type="stmt"/>
        <line num="315" count="0" type="stmt"/>
        <line num="331" count="145" type="stmt"/>
        <line num="355" count="0" type="stmt"/>
        <line num="366" count="0" type="stmt"/>
        <line num="382" count="0" type="stmt"/>
        <line num="398" count="0" type="stmt"/>
        <line num="413" count="0" type="stmt"/>
      </file>
    </package>
    <package name="components.ui">
      <metrics statements="48" coveredstatements="37" conditionals="14" coveredconditionals="11" methods="40" coveredmethods="30"/>
      <file name="button.tsx" path="C:\Users\Cata\WebstormProjects\untitled1\src\components\ui\button.tsx">
        <metrics statements="3" coveredstatements="1" conditionals="3" coveredconditionals="0" methods="1" coveredmethods="0"/>
        <line num="7" count="1" type="stmt"/>
        <line num="47" count="0" type="cond" truecount="0" falsecount="2"/>
        <line num="49" count="0" type="stmt"/>
      </file>
      <file name="dialog.tsx" path="C:\Users\Cata\WebstormProjects\untitled1\src\components\ui\dialog.tsx">
        <metrics statements="11" coveredstatements="8" conditionals="0" coveredconditionals="0" methods="10" coveredmethods="7"/>
        <line num="1" count="1" type="stmt"/>
        <line num="12" count="29" type="stmt"/>
        <line num="18" count="0" type="stmt"/>
        <line num="24" count="29" type="stmt"/>
        <line num="30" count="0" type="stmt"/>
        <line num="37" count="20" type="stmt"/>
        <line num="54" count="29" type="stmt"/>
        <line num="76" count="15" type="stmt"/>
        <line num="86" count="0" type="stmt"/>
        <line num="102" count="15" type="stmt"/>
        <line num="115" count="15" type="stmt"/>
      </file>
      <file name="input.tsx" path="C:\Users\Cata\WebstormProjects\untitled1\src\components\ui\input.tsx">
        <metrics statements="1" coveredstatements="1" conditionals="0" coveredconditionals="0" methods="1" coveredmethods="1"/>
        <line num="6" count="90" type="stmt"/>
      </file>
      <file name="label.tsx" path="C:\Users\Cata\WebstormProjects\untitled1\src\components\ui\label.tsx">
        <metrics statements="2" coveredstatements="2" conditionals="0" coveredconditionals="0" methods="1" coveredmethods="1"/>
        <line num="1" count="1" type="stmt"/>
        <line num="12" count="150" type="stmt"/>
      </file>
      <file name="pagination.tsx" path="C:\Users\Cata\WebstormProjects\untitled1\src\components\ui\pagination.tsx">
        <metrics statements="7" coveredstatements="6" conditionals="5" coveredconditionals="5" methods="7" coveredmethods="6"/>
        <line num="12" count="16" type="stmt"/>
        <line num="27" count="16" type="stmt"/>
        <line num="37" count="48" type="stmt"/>
        <line num="51" count="48" type="stmt"/>
        <line num="72" count="16" type="stmt"/>
        <line num="89" count="16" type="stmt"/>
        <line num="106" count="0" type="stmt"/>
      </file>
      <file name="select.tsx" path="C:\Users\Cata\WebstormProjects\untitled1\src\components\ui\select.tsx">
        <metrics statements="13" coveredstatements="10" conditionals="6" coveredconditionals="6" methods="10" coveredmethods="7"/>
        <line num="1" count="1" type="stmt"/>
        <line num="16" count="45" type="stmt"/>
        <line num="22" count="0" type="stmt"/>
        <line num="28" count="45" type="stmt"/>
        <line num="31" count="1" type="stmt"/>
        <line num="37" count="45" type="stmt"/>
        <line num="55" count="1" type="stmt"/>
        <line num="63" count="45" type="stmt"/>
        <line num="96" count="0" type="stmt"/>
        <line num="110" count="150" type="stmt"/>
        <line num="133" count="0" type="stmt"/>
        <line num="146" count="45" type="stmt"/>
        <line num="164" count="45" type="stmt"/>
      </file>
      <file name="table.tsx" path="C:\Users\Cata\WebstormProjects\untitled1\src\components\ui\table.tsx">
        <metrics statements="9" coveredstatements="7" conditionals="0" coveredconditionals="0" methods="8" coveredmethods="6"/>
        <line num="1" count="1" type="stmt"/>
        <line num="8" count="16" type="stmt"/>
        <line num="23" count="16" type="stmt"/>
        <line num="33" count="16" type="stmt"/>
        <line num="43" count="0" type="stmt"/>
        <line num="56" count="48" type="stmt"/>
        <line num="69" count="144" type="stmt"/>
        <line num="82" count="288" type="stmt"/>
        <line num="98" count="0" type="stmt"/>
      </file>
      <file name="textarea.tsx" path="C:\Users\Cata\WebstormProjects\untitled1\src\components\ui\textarea.tsx">
        <metrics statements="1" coveredstatements="1" conditionals="0" coveredconditionals="0" methods="1" coveredmethods="1"/>
        <line num="6" count="15" type="stmt"/>
      </file>
      <file name="utils.ts" path="C:\Users\Cata\WebstormProjects\untitled1\src\components\ui\utils.ts">
        <metrics statements="1" coveredstatements="1" conditionals="0" coveredconditionals="0" methods="1" coveredmethods="1"/>
        <line num="5" count="1364" type="stmt"/>
      </file>
    </package>
    <package name="context">
      <metrics statements="14" coveredstatements="13" conditionals="2" coveredconditionals="2" methods="9" coveredmethods="7"/>
      <file name="TradeContext.jsx" path="C:\Users\Cata\WebstormProjects\untitled1\src\context\TradeContext.jsx">
        <metrics statements="14" coveredstatements="13" conditionals="2" coveredconditionals="2" methods="9" coveredmethods="7"/>
        <line num="3" count="2" type="stmt"/>
        <line num="10" count="2" type="stmt"/>
        <line num="13" count="18" type="stmt"/>
        <line num="15" count="18" type="stmt"/>
        <line num="16" count="2" type="stmt"/>
        <line num="17" count="2" type="stmt"/>
        <line num="20" count="18" type="stmt"/>
        <line num="21" count="4" type="cond" truecount="2" falsecount="0"/>
        <line num="24" count="18" type="stmt"/>
        <line num="25" count="4" type="stmt"/>
        <line num="28" count="18" type="stmt"/>
        <line num="29" count="0" type="stmt"/>
        <line num="32" count="18" type="stmt"/>
        <line num="39" count="23" type="stmt"/>
      </file>
    </package>
    <package name="pages">
      <metrics statements="40" coveredstatements="34" conditionals="50" coveredconditionals="37" methods="22" coveredmethods="14"/>
      <file name="MasterTablePage.jsx" path="C:\Users\Cata\WebstormProjects\untitled1\src\pages\MasterTablePage.jsx">
        <metrics statements="40" coveredstatements="34" conditionals="50" coveredconditionals="37" methods="22" coveredmethods="14"/>
        <line num="24" count="16" type="stmt"/>
        <line num="27" count="16" type="stmt"/>
        <line num="29" count="16" type="stmt"/>
        <line num="30" count="16" type="stmt"/>
        <line num="31" count="16" type="stmt"/>
        <line num="33" count="16" type="stmt"/>
        <line num="34" count="16" type="stmt"/>
        <line num="35" count="16" type="stmt"/>
        <line num="36" count="16" type="stmt"/>
        <line num="37" count="16" type="stmt"/>
        <line num="39" count="16" type="stmt"/>
        <line num="40" count="1" type="cond" truecount="1" falsecount="1"/>
        <line num="41" count="1" type="stmt"/>
        <line num="45" count="16" type="stmt"/>
        <line num="46" count="2" type="stmt"/>
        <line num="47" count="2" type="stmt"/>
        <line num="50" count="16" type="stmt"/>
        <line num="51" count="3" type="stmt"/>
        <line num="52" count="3" type="stmt"/>
        <line num="55" count="16" type="stmt"/>
        <line num="57" count="32" type="stmt"/>
        <line num="58" count="32" type="stmt"/>
        <line num="59" count="32" type="stmt"/>
        <line num="60" count="32" type="stmt"/>
        <line num="63" count="16" type="stmt"/>
        <line num="74" count="0" type="stmt"/>
        <line num="85" count="0" type="stmt"/>
        <line num="156" count="32" type="stmt"/>
        <line num="199" count="0" type="stmt"/>
        <line num="206" count="2" type="stmt"/>
        <line num="213" count="1" type="stmt"/>
        <line num="232" count="0" type="stmt"/>
        <line num="236" count="16" type="cond" truecount="1" falsecount="1"/>
        <line num="237" count="16" type="stmt"/>
        <line num="239" count="0" type="stmt"/>
        <line num="253" count="0" type="cond" truecount="0" falsecount="2"/>
        <line num="269" count="2" type="cond" truecount="2" falsecount="0"/>
        <line num="270" count="1" type="stmt"/>
        <line num="272" count="1" type="stmt"/>
        <line num="274" count="2" type="stmt"/>
      </file>
    </package>
  </project>
</coverage>
