{"C:\\Users\\Cata\\WebstormProjects\\untitled1\\src\\components\\TradeDialog.jsx": {"path":"C:\\Users\\Cata\\WebstormProjects\\untitled1\\src\\components\\TradeDialog.jsx","statementMap":{"0":{"start":{"line":21,"column":19},"end":{"line":21,"column":null}},"1":{"start":{"line":24,"column":21},"end":{"line":34,"column":6}},"2":{"start":{"line":35,"column":19},"end":{"line":35,"column":44}},"3":{"start":{"line":36,"column":29},"end":{"line":36,"column":66}},"4":{"start":{"line":37,"column":23},"end":{"line":37,"column":55}},"5":{"start":{"line":38,"column":18},"end":{"line":38,"column":42}},"6":{"start":{"line":39,"column":10},"end":{"line":39,"column":37}},"7":{"start":{"line":41,"column":4},"end":{"line":77,"column":null}},"8":{"start":{"line":42,"column":8},"end":{"line":75,"column":null}},"9":{"start":{"line":43,"column":12},"end":{"line":73,"column":null}},"10":{"start":{"line":44,"column":16},"end":{"line":54,"column":null}},"11":{"start":{"line":55,"column":16},"end":{"line":55,"column":null}},"12":{"start":{"line":57,"column":28},"end":{"line":57,"column":38}},"13":{"start":{"line":59,"column":31},"end":{"line":59,"column":null}},"14":{"start":{"line":60,"column":38},"end":{"line":60,"column":88}},"15":{"start":{"line":62,"column":16},"end":{"line":72,"column":null}},"16":{"start":{"line":73,"column":16},"end":{"line":73,"column":null}},"17":{"start":{"line":75,"column":12},"end":{"line":75,"column":null}},"18":{"start":{"line":79,"column":10},"end":{"line":95,"column":null}},"19":{"start":{"line":80,"column":8},"end":{"line":80,"column":null}},"20":{"start":{"line":80,"column":20},"end":{"line":80,"column":null}},"21":{"start":{"line":82,"column":8},"end":{"line":95,"column":null}},"22":{"start":{"line":83,"column":12},"end":{"line":93,"column":null}},"23":{"start":{"line":84,"column":31},"end":{"line":84,"column":47}},"24":{"start":{"line":85,"column":16},"end":{"line":91,"column":null}},"25":{"start":{"line":86,"column":37},"end":{"line":90,"column":null}},"26":{"start":{"line":91,"column":20},"end":{"line":91,"column":null}},"27":{"start":{"line":91,"column":40},"end":{"line":91,"column":59}},"28":{"start":{"line":93,"column":16},"end":{"line":93,"column":null}},"29":{"start":{"line":98,"column":10},"end":{"line":115,"column":null}},"30":{"start":{"line":99,"column":22},"end":{"line":99,"column":null}},"31":{"start":{"line":100,"column":8},"end":{"line":100,"column":null}},"32":{"start":{"line":100,"column":20},"end":{"line":100,"column":null}},"33":{"start":{"line":102,"column":8},"end":{"line":115,"column":null}},"34":{"start":{"line":102,"column":21},"end":{"line":102,"column":24}},"35":{"start":{"line":103,"column":12},"end":{"line":115,"column":null}},"36":{"start":{"line":104,"column":29},"end":{"line":104,"column":49}},"37":{"start":{"line":105,"column":16},"end":{"line":115,"column":null}},"38":{"start":{"line":106,"column":35},"end":{"line":106,"column":51}},"39":{"start":{"line":107,"column":20},"end":{"line":113,"column":null}},"40":{"start":{"line":108,"column":41},"end":{"line":112,"column":null}},"41":{"start":{"line":113,"column":24},"end":{"line":113,"column":null}},"42":{"start":{"line":113,"column":44},"end":{"line":113,"column":63}},"43":{"start":{"line":115,"column":20},"end":{"line":115,"column":null}},"44":{"start":{"line":121,"column":10},"end":{"line":123,"column":null}},"45":{"start":{"line":122,"column":8},"end":{"line":122,"column":null}},"46":{"start":{"line":123,"column":8},"end":{"line":123,"column":null}},"47":{"start":{"line":126,"column":10},"end":{"line":127,"column":null}},"48":{"start":{"line":127,"column":8},"end":{"line":127,"column":null}},"49":{"start":{"line":130,"column":10},"end":{"line":133,"column":null}},"50":{"start":{"line":131,"column":8},"end":{"line":131,"column":null}},"51":{"start":{"line":132,"column":8},"end":{"line":132,"column":null}},"52":{"start":{"line":133,"column":8},"end":{"line":133,"column":null}},"53":{"start":{"line":136,"column":10},"end":{"line":137,"column":null}},"54":{"start":{"line":137,"column":8},"end":{"line":137,"column":null}},"55":{"start":{"line":137,"column":28},"end":{"line":137,"column":63}},"56":{"start":{"line":137,"column":49},"end":{"line":137,"column":63}},"57":{"start":{"line":140,"column":4},"end":{"line":147,"column":null}},"58":{"start":{"line":141,"column":8},"end":{"line":144,"column":null}},"59":{"start":{"line":142,"column":18},"end":{"line":142,"column":59}},"60":{"start":{"line":142,"column":45},"end":{"line":142,"column":59}},"61":{"start":{"line":143,"column":12},"end":{"line":143,"column":null}},"62":{"start":{"line":144,"column":12},"end":{"line":144,"column":null}},"63":{"start":{"line":144,"column":25},"end":{"line":144,"column":81}},"64":{"start":{"line":149,"column":10},"end":{"line":180,"column":null}},"65":{"start":{"line":150,"column":8},"end":{"line":150,"column":null}},"66":{"start":{"line":153,"column":25},"end":{"line":153,"column":51}},"67":{"start":{"line":154,"column":24},"end":{"line":154,"column":49}},"68":{"start":{"line":156,"column":8},"end":{"line":156,"column":null}},"69":{"start":{"line":156,"column":36},"end":{"line":156,"column":null}},"70":{"start":{"line":157,"column":8},"end":{"line":157,"column":null}},"71":{"start":{"line":157,"column":46},"end":{"line":157,"column":null}},"72":{"start":{"line":158,"column":8},"end":{"line":158,"column":null}},"73":{"start":{"line":158,"column":44},"end":{"line":158,"column":null}},"74":{"start":{"line":159,"column":8},"end":{"line":159,"column":null}},"75":{"start":{"line":159,"column":71},"end":{"line":159,"column":null}},"76":{"start":{"line":161,"column":20},"end":{"line":161,"column":null}},"77":{"start":{"line":162,"column":28},"end":{"line":162,"column":null}},"78":{"start":{"line":164,"column":26},"end":{"line":178,"column":null}},"79":{"start":{"line":180,"column":8},"end":{"line":180,"column":null}},"80":{"start":{"line":183,"column":4},"end":{"line":427,"column":null}},"81":{"start":{"line":206,"column":49},"end":{"line":206,"column":100}},"82":{"start":{"line":221,"column":53},"end":{"line":221,"column":104}},"83":{"start":{"line":235,"column":53},"end":{"line":235,"column":103}},"84":{"start":{"line":248,"column":53},"end":{"line":248,"column":103}},"85":{"start":{"line":261,"column":53},"end":{"line":261,"column":108}},"86":{"start":{"line":273,"column":53},"end":{"line":273,"column":106}},"87":{"start":{"line":283,"column":93},"end":{"line":283,"column":139}},"88":{"start":{"line":296,"column":90},"end":{"line":296,"column":133}},"89":{"start":{"line":315,"column":49},"end":{"line":315,"column":101}},"90":{"start":{"line":331,"column":40},"end":{"line":333,"column":null}},"91":{"start":{"line":355,"column":49},"end":{"line":355,"column":81}},"92":{"start":{"line":366,"column":55},"end":{"line":366,"column":84}},"93":{"start":{"line":382,"column":36},"end":{"line":403,"column":null}},"94":{"start":{"line":398,"column":59},"end":{"line":398,"column":78}},"95":{"start":{"line":413,"column":43},"end":{"line":413,"column":62}}},"fnMap":{"0":{"name":"TradeDialog","decl":{"start":{"line":23,"column":16},"end":{"line":23,"column":28}},"loc":{"start":{"line":23,"column":67},"end":{"line":427,"column":null}},"line":23},"1":{"name":"(anonymous_1)","decl":{"start":{"line":41,"column":4},"end":{"line":41,"column":20}},"loc":{"start":{"line":41,"column":20},"end":{"line":77,"column":8}},"line":41},"2":{"name":"(anonymous_2)","decl":{"start":{"line":79,"column":10},"end":{"line":79,"column":30}},"loc":{"start":{"line":79,"column":40},"end":{"line":95,"column":null}},"line":79},"3":{"name":"(anonymous_3)","decl":{"start":{"line":82,"column":26},"end":{"line":82,"column":35}},"loc":{"start":{"line":82,"column":44},"end":{"line":95,"column":null}},"line":82},"4":{"name":"(anonymous_4)","decl":{"start":{"line":85,"column":23},"end":{"line":85,"column":33}},"loc":{"start":{"line":85,"column":39},"end":{"line":91,"column":null}},"line":85},"5":{"name":"(anonymous_5)","decl":{"start":{"line":91,"column":20},"end":{"line":91,"column":31}},"loc":{"start":{"line":91,"column":40},"end":{"line":91,"column":59}},"line":91},"6":{"name":"(anonymous_6)","decl":{"start":{"line":98,"column":10},"end":{"line":98,"column":25}},"loc":{"start":{"line":98,"column":31},"end":{"line":115,"column":null}},"line":98},"7":{"name":"(anonymous_7)","decl":{"start":{"line":107,"column":27},"end":{"line":107,"column":37}},"loc":{"start":{"line":107,"column":47},"end":{"line":113,"column":null}},"line":107},"8":{"name":"(anonymous_8)","decl":{"start":{"line":113,"column":24},"end":{"line":113,"column":35}},"loc":{"start":{"line":113,"column":44},"end":{"line":113,"column":63}},"line":113},"9":{"name":"(anonymous_9)","decl":{"start":{"line":121,"column":10},"end":{"line":121,"column":28}},"loc":{"start":{"line":121,"column":34},"end":{"line":123,"column":null}},"line":121},"10":{"name":"(anonymous_10)","decl":{"start":{"line":126,"column":10},"end":{"line":126,"column":34}},"loc":{"start":{"line":126,"column":34},"end":{"line":127,"column":null}},"line":126},"11":{"name":"(anonymous_11)","decl":{"start":{"line":130,"column":10},"end":{"line":130,"column":24}},"loc":{"start":{"line":130,"column":30},"end":{"line":133,"column":null}},"line":130},"12":{"name":"(anonymous_12)","decl":{"start":{"line":136,"column":10},"end":{"line":136,"column":25}},"loc":{"start":{"line":136,"column":32},"end":{"line":137,"column":null}},"line":136},"13":{"name":"(anonymous_13)","decl":{"start":{"line":137,"column":8},"end":{"line":137,"column":19}},"loc":{"start":{"line":137,"column":28},"end":{"line":137,"column":63}},"line":137},"14":{"name":"(anonymous_14)","decl":{"start":{"line":137,"column":33},"end":{"line":137,"column":41}},"loc":{"start":{"line":137,"column":49},"end":{"line":137,"column":63}},"line":137},"15":{"name":"(anonymous_15)","decl":{"start":{"line":140,"column":4},"end":{"line":140,"column":20}},"loc":{"start":{"line":140,"column":20},"end":{"line":147,"column":8}},"line":140},"16":{"name":"(anonymous_16)","decl":{"start":{"line":142,"column":18},"end":{"line":142,"column":39}},"loc":{"start":{"line":142,"column":45},"end":{"line":142,"column":59}},"line":142},"17":{"name":"(anonymous_17)","decl":{"start":{"line":144,"column":12},"end":{"line":144,"column":25}},"loc":{"start":{"line":144,"column":25},"end":{"line":144,"column":81}},"line":144},"18":{"name":"(anonymous_18)","decl":{"start":{"line":149,"column":10},"end":{"line":149,"column":26}},"loc":{"start":{"line":149,"column":32},"end":{"line":180,"column":null}},"line":149},"19":{"name":"(anonymous_19)","decl":{"start":{"line":206,"column":32},"end":{"line":206,"column":43}},"loc":{"start":{"line":206,"column":49},"end":{"line":206,"column":100}},"line":206},"20":{"name":"(anonymous_20)","decl":{"start":{"line":221,"column":36},"end":{"line":221,"column":47}},"loc":{"start":{"line":221,"column":53},"end":{"line":221,"column":104}},"line":221},"21":{"name":"(anonymous_21)","decl":{"start":{"line":235,"column":36},"end":{"line":235,"column":47}},"loc":{"start":{"line":235,"column":53},"end":{"line":235,"column":103}},"line":235},"22":{"name":"(anonymous_22)","decl":{"start":{"line":248,"column":36},"end":{"line":248,"column":47}},"loc":{"start":{"line":248,"column":53},"end":{"line":248,"column":103}},"line":248},"23":{"name":"(anonymous_23)","decl":{"start":{"line":261,"column":36},"end":{"line":261,"column":47}},"loc":{"start":{"line":261,"column":53},"end":{"line":261,"column":108}},"line":261},"24":{"name":"(anonymous_24)","decl":{"start":{"line":273,"column":36},"end":{"line":273,"column":47}},"loc":{"start":{"line":273,"column":53},"end":{"line":273,"column":106}},"line":273},"25":{"name":"(anonymous_25)","decl":{"start":{"line":283,"column":67},"end":{"line":283,"column":83}},"loc":{"start":{"line":283,"column":93},"end":{"line":283,"column":139}},"line":283},"26":{"name":"(anonymous_26)","decl":{"start":{"line":296,"column":64},"end":{"line":296,"column":80}},"loc":{"start":{"line":296,"column":90},"end":{"line":296,"column":133}},"line":296},"27":{"name":"(anonymous_27)","decl":{"start":{"line":315,"column":32},"end":{"line":315,"column":43}},"loc":{"start":{"line":315,"column":49},"end":{"line":315,"column":101}},"line":315},"28":{"name":"(anonymous_28)","decl":{"start":{"line":330,"column":48},"end":{"line":330,"column":53}},"loc":{"start":{"line":331,"column":40},"end":{"line":333,"column":null}},"line":331},"29":{"name":"(anonymous_29)","decl":{"start":{"line":355,"column":32},"end":{"line":355,"column":43}},"loc":{"start":{"line":355,"column":49},"end":{"line":355,"column":81}},"line":355},"30":{"name":"(anonymous_30)","decl":{"start":{"line":366,"column":40},"end":{"line":366,"column":55}},"loc":{"start":{"line":366,"column":55},"end":{"line":366,"column":84}},"line":366},"31":{"name":"(anonymous_31)","decl":{"start":{"line":381,"column":40},"end":{"line":381,"column":45}},"loc":{"start":{"line":382,"column":36},"end":{"line":403,"column":null}},"line":382},"32":{"name":"(anonymous_32)","decl":{"start":{"line":398,"column":44},"end":{"line":398,"column":59}},"loc":{"start":{"line":398,"column":59},"end":{"line":398,"column":78}},"line":398},"33":{"name":"(anonymous_33)","decl":{"start":{"line":413,"column":28},"end":{"line":413,"column":43}},"loc":{"start":{"line":413,"column":43},"end":{"line":413,"column":62}},"line":413}},"branchMap":{"0":{"loc":{"start":{"line":42,"column":8},"end":{"line":75,"column":null}},"type":"if","locations":[{"start":{"line":42,"column":8},"end":{"line":75,"column":null}},{"start":{},"end":{}}],"line":42},"1":{"loc":{"start":{"line":43,"column":12},"end":{"line":73,"column":null}},"type":"if","locations":[{"start":{"line":43,"column":12},"end":{"line":73,"column":null}},{"start":{"line":56,"column":19},"end":{"line":73,"column":null}}],"line":43},"2":{"loc":{"start":{"line":50,"column":26},"end":{"line":50,"column":null}},"type":"binary-expr","locations":[{"start":{"line":50,"column":26},"end":{"line":50,"column":48}},{"start":{"line":50,"column":52},"end":{"line":50,"column":null}}],"line":50},"3":{"loc":{"start":{"line":51,"column":28},"end":{"line":51,"column":null}},"type":"binary-expr","locations":[{"start":{"line":51,"column":28},"end":{"line":51,"column":44}},{"start":{"line":51,"column":44},"end":{"line":51,"column":null}}],"line":51},"4":{"loc":{"start":{"line":55,"column":26},"end":{"line":55,"column":44}},"type":"binary-expr","locations":[{"start":{"line":55,"column":26},"end":{"line":55,"column":42}},{"start":{"line":55,"column":42},"end":{"line":55,"column":44}}],"line":55},"5":{"loc":{"start":{"line":80,"column":8},"end":{"line":80,"column":null}},"type":"if","locations":[{"start":{"line":80,"column":8},"end":{"line":80,"column":null}},{"start":{},"end":{}}],"line":80},"6":{"loc":{"start":{"line":83,"column":12},"end":{"line":93,"column":null}},"type":"if","locations":[{"start":{"line":83,"column":12},"end":{"line":93,"column":null}},{"start":{},"end":{}}],"line":83},"7":{"loc":{"start":{"line":100,"column":8},"end":{"line":100,"column":null}},"type":"if","locations":[{"start":{"line":100,"column":8},"end":{"line":100,"column":null}},{"start":{},"end":{}}],"line":100},"8":{"loc":{"start":{"line":103,"column":12},"end":{"line":115,"column":null}},"type":"if","locations":[{"start":{"line":103,"column":12},"end":{"line":115,"column":null}},{"start":{},"end":{}}],"line":103},"9":{"loc":{"start":{"line":105,"column":16},"end":{"line":115,"column":null}},"type":"if","locations":[{"start":{"line":105,"column":16},"end":{"line":115,"column":null}},{"start":{},"end":{}}],"line":105},"10":{"loc":{"start":{"line":141,"column":8},"end":{"line":144,"column":null}},"type":"if","locations":[{"start":{"line":141,"column":8},"end":{"line":144,"column":null}},{"start":{},"end":{}}],"line":141},"11":{"loc":{"start":{"line":156,"column":8},"end":{"line":156,"column":null}},"type":"if","locations":[{"start":{"line":156,"column":8},"end":{"line":156,"column":null}},{"start":{},"end":{}}],"line":156},"12":{"loc":{"start":{"line":157,"column":8},"end":{"line":157,"column":null}},"type":"if","locations":[{"start":{"line":157,"column":8},"end":{"line":157,"column":null}},{"start":{},"end":{}}],"line":157},"13":{"loc":{"start":{"line":157,"column":12},"end":{"line":157,"column":46}},"type":"binary-expr","locations":[{"start":{"line":157,"column":12},"end":{"line":157,"column":27}},{"start":{"line":157,"column":31},"end":{"line":157,"column":46}}],"line":157},"14":{"loc":{"start":{"line":158,"column":8},"end":{"line":158,"column":null}},"type":"if","locations":[{"start":{"line":158,"column":8},"end":{"line":158,"column":null}},{"start":{},"end":{}}],"line":158},"15":{"loc":{"start":{"line":158,"column":12},"end":{"line":158,"column":44}},"type":"binary-expr","locations":[{"start":{"line":158,"column":12},"end":{"line":158,"column":26}},{"start":{"line":158,"column":30},"end":{"line":158,"column":44}}],"line":158},"16":{"loc":{"start":{"line":159,"column":8},"end":{"line":159,"column":null}},"type":"if","locations":[{"start":{"line":159,"column":8},"end":{"line":159,"column":null}},{"start":{},"end":{}}],"line":159},"17":{"loc":{"start":{"line":161,"column":20},"end":{"line":161,"column":null}},"type":"cond-expr","locations":[{"start":{"line":161,"column":52},"end":{"line":161,"column":73}},{"start":{"line":161,"column":73},"end":{"line":161,"column":null}}],"line":161},"18":{"loc":{"start":{"line":165,"column":16},"end":{"line":165,"column":41}},"type":"binary-expr","locations":[{"start":{"line":165,"column":16},"end":{"line":165,"column":25}},{"start":{"line":165,"column":25},"end":{"line":165,"column":41}}],"line":165},"19":{"loc":{"start":{"line":175,"column":18},"end":{"line":175,"column":null}},"type":"cond-expr","locations":[{"start":{"line":175,"column":34},"end":{"line":175,"column":59}},{"start":{"line":175,"column":62},"end":{"line":175,"column":null}}],"line":175},"20":{"loc":{"start":{"line":177,"column":20},"end":{"line":177,"column":null}},"type":"cond-expr","locations":[{"start":{"line":177,"column":40},"end":{"line":177,"column":49}},{"start":{"line":177,"column":49},"end":{"line":177,"column":null}}],"line":177},"21":{"loc":{"start":{"line":188,"column":25},"end":{"line":188,"column":null}},"type":"cond-expr","locations":[{"start":{"line":188,"column":33},"end":{"line":188,"column":48}},{"start":{"line":188,"column":48},"end":{"line":188,"column":null}}],"line":188},"22":{"loc":{"start":{"line":191,"column":25},"end":{"line":191,"column":null}},"type":"cond-expr","locations":[{"start":{"line":191,"column":33},"end":{"line":191,"column":63}},{"start":{"line":191,"column":63},"end":{"line":191,"column":null}}],"line":191},"23":{"loc":{"start":{"line":195,"column":17},"end":{"line":195,"column":null}},"type":"binary-expr","locations":[{"start":{"line":195,"column":17},"end":{"line":195,"column":26}},{"start":{"line":195,"column":26},"end":{"line":195,"column":null}}],"line":195},"24":{"loc":{"start":{"line":345,"column":32},"end":{"line":347,"column":null}},"type":"cond-expr","locations":[{"start":{"line":346,"column":38},"end":{"line":346,"column":null}},{"start":{"line":347,"column":38},"end":{"line":347,"column":null}}],"line":345},"25":{"loc":{"start":{"line":379,"column":25},"end":{"line":405,"column":null}},"type":"binary-expr","locations":[{"start":{"line":379,"column":25},"end":{"line":379,"column":null}},{"start":{"line":380,"column":28},"end":{"line":405,"column":null}}],"line":379},"26":{"loc":{"start":{"line":422,"column":29},"end":{"line":422,"column":null}},"type":"cond-expr","locations":[{"start":{"line":422,"column":37},"end":{"line":422,"column":48}},{"start":{"line":422,"column":48},"end":{"line":422,"column":null}}],"line":422}},"s":{"0":1,"1":37,"2":37,"3":37,"4":37,"5":37,"6":37,"7":37,"8":15,"9":5,"10":2,"11":2,"12":3,"13":3,"14":3,"15":3,"16":3,"17":5,"18":37,"19":0,"20":0,"21":0,"22":0,"23":0,"24":0,"25":0,"26":0,"27":0,"28":0,"29":37,"30":0,"31":0,"32":0,"33":0,"34":0,"35":0,"36":0,"37":0,"38":0,"39":0,"40":0,"41":0,"42":0,"43":0,"44":37,"45":0,"46":0,"47":37,"48":0,"49":37,"50":0,"51":0,"52":0,"53":37,"54":0,"55":0,"56":0,"57":37,"58":15,"59":5,"60":0,"61":5,"62":5,"63":5,"64":37,"65":3,"66":3,"67":3,"68":3,"69":0,"70":3,"71":1,"72":2,"73":0,"74":2,"75":0,"76":2,"77":3,"78":3,"79":3,"80":37,"81":3,"82":2,"83":2,"84":0,"85":0,"86":0,"87":0,"88":0,"89":0,"90":185,"91":0,"92":0,"93":0,"94":0,"95":0},"f":{"0":37,"1":15,"2":0,"3":0,"4":0,"5":0,"6":0,"7":0,"8":0,"9":0,"10":0,"11":0,"12":0,"13":0,"14":0,"15":15,"16":0,"17":5,"18":3,"19":3,"20":2,"21":2,"22":0,"23":0,"24":0,"25":0,"26":0,"27":0,"28":185,"29":0,"30":0,"31":0,"32":0,"33":0},"b":{"0":[5,10],"1":[2,3],"2":[2,0],"3":[2,0],"4":[2,2],"5":[0,0],"6":[0,0],"7":[0,0],"8":[0,0],"9":[0,0],"10":[5,10],"11":[0,3],"12":[1,2],"13":[3,3],"14":[0,2],"15":[2,2],"16":[0,2],"17":[2,0],"18":[3,1],"19":[1,1],"20":[0,2],"21":[6,31],"22":[6,31],"23":[37,1],"24":[0,37],"25":[37,0],"26":[6,31]},"meta":{"lastBranch":27,"lastFunction":34,"lastStatement":96,"seen":{"s:21:19:21:Infinity":0,"f:23:16:23:28":0,"s:24:21:34:6":1,"s:35:19:35:44":2,"s:36:29:36:66":3,"s:37:23:37:55":4,"s:38:18:38:42":5,"s:39:10:39:37":6,"s:41:4:77:Infinity":7,"f:41:4:41:20":1,"b:42:8:75:Infinity:undefined:undefined:undefined:undefined":0,"s:42:8:75:Infinity":8,"b:43:12:73:Infinity:56:19:73:Infinity":1,"s:43:12:73:Infinity":9,"s:44:16:54:Infinity":10,"b:50:26:50:48:50:52:50:Infinity":2,"b:51:28:51:44:51:44:51:Infinity":3,"s:55:16:55:Infinity":11,"b:55:26:55:42:55:42:55:44":4,"s:57:28:57:38":12,"s:59:31:59:Infinity":13,"s:60:38:60:88":14,"s:62:16:72:Infinity":15,"s:73:16:73:Infinity":16,"s:75:12:75:Infinity":17,"s:79:10:95:Infinity":18,"f:79:10:79:30":2,"b:80:8:80:Infinity:undefined:undefined:undefined:undefined":5,"s:80:8:80:Infinity":19,"s:80:20:80:Infinity":20,"s:82:8:95:Infinity":21,"f:82:26:82:35":3,"b:83:12:93:Infinity:undefined:undefined:undefined:undefined":6,"s:83:12:93:Infinity":22,"s:84:31:84:47":23,"s:85:16:91:Infinity":24,"f:85:23:85:33":4,"s:86:37:90:Infinity":25,"s:91:20:91:Infinity":26,"f:91:20:91:31":5,"s:91:40:91:59":27,"s:93:16:93:Infinity":28,"s:98:10:115:Infinity":29,"f:98:10:98:25":6,"s:99:22:99:Infinity":30,"b:100:8:100:Infinity:undefined:undefined:undefined:undefined":7,"s:100:8:100:Infinity":31,"s:100:20:100:Infinity":32,"s:102:8:115:Infinity":33,"s:102:21:102:24":34,"b:103:12:115:Infinity:undefined:undefined:undefined:undefined":8,"s:103:12:115:Infinity":35,"s:104:29:104:49":36,"b:105:16:115:Infinity:undefined:undefined:undefined:undefined":9,"s:105:16:115:Infinity":37,"s:106:35:106:51":38,"s:107:20:113:Infinity":39,"f:107:27:107:37":7,"s:108:41:112:Infinity":40,"s:113:24:113:Infinity":41,"f:113:24:113:35":8,"s:113:44:113:63":42,"s:115:20:115:Infinity":43,"s:121:10:123:Infinity":44,"f:121:10:121:28":9,"s:122:8:122:Infinity":45,"s:123:8:123:Infinity":46,"s:126:10:127:Infinity":47,"f:126:10:126:34":10,"s:127:8:127:Infinity":48,"s:130:10:133:Infinity":49,"f:130:10:130:24":11,"s:131:8:131:Infinity":50,"s:132:8:132:Infinity":51,"s:133:8:133:Infinity":52,"s:136:10:137:Infinity":53,"f:136:10:136:25":12,"s:137:8:137:Infinity":54,"f:137:8:137:19":13,"s:137:28:137:63":55,"f:137:33:137:41":14,"s:137:49:137:63":56,"s:140:4:147:Infinity":57,"f:140:4:140:20":15,"b:141:8:144:Infinity:undefined:undefined:undefined:undefined":10,"s:141:8:144:Infinity":58,"s:142:18:142:59":59,"f:142:18:142:39":16,"s:142:45:142:59":60,"s:143:12:143:Infinity":61,"s:144:12:144:Infinity":62,"f:144:12:144:25":17,"s:144:25:144:81":63,"s:149:10:180:Infinity":64,"f:149:10:149:26":18,"s:150:8:150:Infinity":65,"s:153:25:153:51":66,"s:154:24:154:49":67,"b:156:8:156:Infinity:undefined:undefined:undefined:undefined":11,"s:156:8:156:Infinity":68,"s:156:36:156:Infinity":69,"b:157:8:157:Infinity:undefined:undefined:undefined:undefined":12,"s:157:8:157:Infinity":70,"b:157:12:157:27:157:31:157:46":13,"s:157:46:157:Infinity":71,"b:158:8:158:Infinity:undefined:undefined:undefined:undefined":14,"s:158:8:158:Infinity":72,"b:158:12:158:26:158:30:158:44":15,"s:158:44:158:Infinity":73,"b:159:8:159:Infinity:undefined:undefined:undefined:undefined":16,"s:159:8:159:Infinity":74,"s:159:71:159:Infinity":75,"s:161:20:161:Infinity":76,"b:161:52:161:73:161:73:161:Infinity":17,"s:162:28:162:Infinity":77,"s:164:26:178:Infinity":78,"b:165:16:165:25:165:25:165:41":18,"b:175:34:175:59:175:62:175:Infinity":19,"b:177:40:177:49:177:49:177:Infinity":20,"s:180:8:180:Infinity":79,"s:183:4:427:Infinity":80,"b:188:33:188:48:188:48:188:Infinity":21,"b:191:33:191:63:191:63:191:Infinity":22,"b:195:17:195:26:195:26:195:Infinity":23,"f:206:32:206:43":19,"s:206:49:206:100":81,"f:221:36:221:47":20,"s:221:53:221:104":82,"f:235:36:235:47":21,"s:235:53:235:103":83,"f:248:36:248:47":22,"s:248:53:248:103":84,"f:261:36:261:47":23,"s:261:53:261:108":85,"f:273:36:273:47":24,"s:273:53:273:106":86,"f:283:67:283:83":25,"s:283:93:283:139":87,"f:296:64:296:80":26,"s:296:90:296:133":88,"f:315:32:315:43":27,"s:315:49:315:101":89,"f:330:48:330:53":28,"s:331:40:333:Infinity":90,"b:346:38:346:Infinity:347:38:347:Infinity":24,"f:355:32:355:43":29,"s:355:49:355:81":91,"f:366:40:366:55":30,"s:366:55:366:84":92,"b:379:25:379:Infinity:380:28:405:Infinity":25,"f:381:40:381:45":31,"s:382:36:403:Infinity":93,"f:398:44:398:59":32,"s:398:59:398:78":94,"f:413:28:413:43":33,"s:413:43:413:62":95,"b:422:37:422:48:422:48:422:Infinity":26}}}
,"C:\\Users\\Cata\\WebstormProjects\\untitled1\\src\\components\\ui\\dialog.tsx": {"path":"C:\\Users\\Cata\\WebstormProjects\\untitled1\\src\\components\\ui\\dialog.tsx","statementMap":{"0":{"start":{"line":1,"column":0},"end":{"line":1,"column":null}},"1":{"start":{"line":12,"column":2},"end":{"line":12,"column":null}},"2":{"start":{"line":18,"column":2},"end":{"line":18,"column":null}},"3":{"start":{"line":24,"column":2},"end":{"line":24,"column":null}},"4":{"start":{"line":30,"column":2},"end":{"line":30,"column":null}},"5":{"start":{"line":37,"column":2},"end":{"line":45,"column":null}},"6":{"start":{"line":54,"column":2},"end":{"line":68,"column":null}},"7":{"start":{"line":76,"column":2},"end":{"line":81,"column":null}},"8":{"start":{"line":86,"column":2},"end":{"line":94,"column":null}},"9":{"start":{"line":102,"column":2},"end":{"line":107,"column":null}},"10":{"start":{"line":115,"column":2},"end":{"line":120,"column":null}}},"fnMap":{"0":{"name":"Dialog","decl":{"start":{"line":9,"column":9},"end":{"line":9,"column":16}},"loc":{"start":{"line":11,"column":54},"end":{"line":12,"column":null}},"line":11},"1":{"name":"DialogTrigger","decl":{"start":{"line":15,"column":9},"end":{"line":15,"column":23}},"loc":{"start":{"line":17,"column":57},"end":{"line":18,"column":null}},"line":17},"2":{"name":"DialogPortal","decl":{"start":{"line":21,"column":9},"end":{"line":21,"column":22}},"loc":{"start":{"line":23,"column":56},"end":{"line":24,"column":null}},"line":23},"3":{"name":"DialogClose","decl":{"start":{"line":27,"column":9},"end":{"line":27,"column":21}},"loc":{"start":{"line":29,"column":55},"end":{"line":30,"column":null}},"line":29},"4":{"name":"DialogOverlay","decl":{"start":{"line":33,"column":9},"end":{"line":33,"column":23}},"loc":{"start":{"line":36,"column":57},"end":{"line":45,"column":null}},"line":36},"5":{"name":"DialogContent","decl":{"start":{"line":49,"column":9},"end":{"line":49,"column":23}},"loc":{"start":{"line":53,"column":57},"end":{"line":68,"column":null}},"line":53},"6":{"name":"DialogHeader","decl":{"start":{"line":75,"column":9},"end":{"line":75,"column":22}},"loc":{"start":{"line":75,"column":76},"end":{"line":81,"column":null}},"line":75},"7":{"name":"DialogFooter","decl":{"start":{"line":85,"column":9},"end":{"line":85,"column":22}},"loc":{"start":{"line":85,"column":76},"end":{"line":94,"column":null}},"line":85},"8":{"name":"DialogTitle","decl":{"start":{"line":98,"column":9},"end":{"line":98,"column":21}},"loc":{"start":{"line":101,"column":55},"end":{"line":107,"column":null}},"line":101},"9":{"name":"DialogDescription","decl":{"start":{"line":111,"column":9},"end":{"line":111,"column":27}},"loc":{"start":{"line":114,"column":61},"end":{"line":120,"column":null}},"line":114}},"branchMap":{},"s":{"0":1,"1":37,"2":0,"3":37,"4":0,"5":20,"6":37,"7":15,"8":0,"9":15,"10":15},"f":{"0":37,"1":0,"2":37,"3":0,"4":20,"5":37,"6":15,"7":0,"8":15,"9":15},"b":{},"meta":{"lastBranch":0,"lastFunction":10,"lastStatement":11,"seen":{"s:1:0:1:Infinity":0,"f:9:9:9:16":0,"s:12:2:12:Infinity":1,"f:15:9:15:23":1,"s:18:2:18:Infinity":2,"f:21:9:21:22":2,"s:24:2:24:Infinity":3,"f:27:9:27:21":3,"s:30:2:30:Infinity":4,"f:33:9:33:23":4,"s:37:2:45:Infinity":5,"f:49:9:49:23":5,"s:54:2:68:Infinity":6,"f:75:9:75:22":6,"s:76:2:81:Infinity":7,"f:85:9:85:22":7,"s:86:2:94:Infinity":8,"f:98:9:98:21":8,"s:102:2:107:Infinity":9,"f:111:9:111:27":9,"s:115:2:120:Infinity":10}}}
,"C:\\Users\\Cata\\WebstormProjects\\untitled1\\src\\components\\ui\\input.tsx": {"path":"C:\\Users\\Cata\\WebstormProjects\\untitled1\\src\\components\\ui\\input.tsx","statementMap":{"0":{"start":{"line":6,"column":2},"end":{"line":17,"column":null}}},"fnMap":{"0":{"name":"Input","decl":{"start":{"line":5,"column":9},"end":{"line":5,"column":15}},"loc":{"start":{"line":5,"column":77},"end":{"line":17,"column":null}},"line":5}},"branchMap":{},"s":{"0":90},"f":{"0":90},"b":{},"meta":{"lastBranch":0,"lastFunction":1,"lastStatement":1,"seen":{"f:5:9:5:15":0,"s:6:2:17:Infinity":0}}}
,"C:\\Users\\Cata\\WebstormProjects\\untitled1\\src\\components\\ui\\label.tsx": {"path":"C:\\Users\\Cata\\WebstormProjects\\untitled1\\src\\components\\ui\\label.tsx","statementMap":{"0":{"start":{"line":1,"column":0},"end":{"line":1,"column":null}},"1":{"start":{"line":12,"column":2},"end":{"line":20,"column":null}}},"fnMap":{"0":{"name":"Label","decl":{"start":{"line":8,"column":9},"end":{"line":8,"column":15}},"loc":{"start":{"line":11,"column":53},"end":{"line":20,"column":null}},"line":11}},"branchMap":{},"s":{"0":1,"1":150},"f":{"0":150},"b":{},"meta":{"lastBranch":0,"lastFunction":1,"lastStatement":2,"seen":{"s:1:0:1:Infinity":0,"f:8:9:8:15":0,"s:12:2:20:Infinity":1}}}
,"C:\\Users\\Cata\\WebstormProjects\\untitled1\\src\\components\\ui\\select.tsx": {"path":"C:\\Users\\Cata\\WebstormProjects\\untitled1\\src\\components\\ui\\select.tsx","statementMap":{"0":{"start":{"line":1,"column":0},"end":{"line":1,"column":null}},"1":{"start":{"line":16,"column":2},"end":{"line":16,"column":null}},"2":{"start":{"line":22,"column":2},"end":{"line":22,"column":null}},"3":{"start":{"line":28,"column":2},"end":{"line":28,"column":null}},"4":{"start":{"line":31,"column":22},"end":{"line":54,"column":null}},"5":{"start":{"line":37,"column":2},"end":{"line":51,"column":null}},"6":{"start":{"line":55,"column":0},"end":{"line":55,"column":null}},"7":{"start":{"line":63,"column":2},"end":{"line":88,"column":null}},"8":{"start":{"line":96,"column":2},"end":{"line":101,"column":null}},"9":{"start":{"line":110,"column":2},"end":{"line":124,"column":null}},"10":{"start":{"line":133,"column":2},"end":{"line":138,"column":null}},"11":{"start":{"line":146,"column":2},"end":{"line":156,"column":null}},"12":{"start":{"line":164,"column":2},"end":{"line":174,"column":null}}},"fnMap":{"0":{"name":"Select","decl":{"start":{"line":13,"column":9},"end":{"line":13,"column":16}},"loc":{"start":{"line":15,"column":54},"end":{"line":16,"column":null}},"line":15},"1":{"name":"SelectGroup","decl":{"start":{"line":19,"column":9},"end":{"line":19,"column":21}},"loc":{"start":{"line":21,"column":55},"end":{"line":22,"column":null}},"line":21},"2":{"name":"SelectValue","decl":{"start":{"line":25,"column":9},"end":{"line":25,"column":21}},"loc":{"start":{"line":27,"column":55},"end":{"line":28,"column":null}},"line":27},"3":{"name":"(anonymous_3)","decl":{"start":{"line":31,"column":28},"end":{"line":31,"column":null}},"loc":{"start":{"line":36,"column":64},"end":{"line":54,"column":null}},"line":36},"4":{"name":"SelectContent","decl":{"start":{"line":57,"column":9},"end":{"line":57,"column":23}},"loc":{"start":{"line":62,"column":57},"end":{"line":88,"column":null}},"line":62},"5":{"name":"SelectLabel","decl":{"start":{"line":92,"column":9},"end":{"line":92,"column":21}},"loc":{"start":{"line":95,"column":55},"end":{"line":101,"column":null}},"line":95},"6":{"name":"SelectItem","decl":{"start":{"line":105,"column":9},"end":{"line":105,"column":20}},"loc":{"start":{"line":109,"column":54},"end":{"line":124,"column":null}},"line":109},"7":{"name":"SelectSeparator","decl":{"start":{"line":129,"column":9},"end":{"line":129,"column":25}},"loc":{"start":{"line":132,"column":59},"end":{"line":138,"column":null}},"line":132},"8":{"name":"SelectScrollUpButton","decl":{"start":{"line":142,"column":9},"end":{"line":142,"column":30}},"loc":{"start":{"line":145,"column":64},"end":{"line":156,"column":null}},"line":145},"9":{"name":"SelectScrollDownButton","decl":{"start":{"line":160,"column":9},"end":{"line":160,"column":32}},"loc":{"start":{"line":163,"column":66},"end":{"line":174,"column":null}},"line":163}},"branchMap":{"0":{"loc":{"start":{"line":36,"column":16},"end":{"line":36,"column":34}},"type":"default-arg","locations":[{"start":{"line":36,"column":23},"end":{"line":36,"column":34}}],"line":36},"1":{"loc":{"start":{"line":60,"column":2},"end":{"line":60,"column":null}},"type":"default-arg","locations":[{"start":{"line":60,"column":13},"end":{"line":60,"column":null}}],"line":60},"2":{"loc":{"start":{"line":69,"column":10},"end":{"line":70,"column":null}},"type":"binary-expr","locations":[{"start":{"line":69,"column":10},"end":{"line":69,"column":null}},{"start":{"line":70,"column":12},"end":{"line":70,"column":null}}],"line":69},"3":{"loc":{"start":{"line":80,"column":12},"end":{"line":81,"column":null}},"type":"binary-expr","locations":[{"start":{"line":80,"column":12},"end":{"line":80,"column":null}},{"start":{"line":81,"column":14},"end":{"line":81,"column":null}}],"line":80}},"s":{"0":1,"1":45,"2":0,"3":45,"4":1,"5":45,"6":1,"7":45,"8":0,"9":150,"10":0,"11":45,"12":45},"f":{"0":45,"1":0,"2":45,"3":45,"4":45,"5":0,"6":150,"7":0,"8":45,"9":45},"b":{"0":[45],"1":[45],"2":[45,45],"3":[45,45]},"meta":{"lastBranch":4,"lastFunction":10,"lastStatement":13,"seen":{"s:1:0:1:Infinity":0,"f:13:9:13:16":0,"s:16:2:16:Infinity":1,"f:19:9:19:21":1,"s:22:2:22:Infinity":2,"f:25:9:25:21":2,"s:28:2:28:Infinity":3,"s:31:22:54:Infinity":4,"f:31:28:31:Infinity":3,"b:36:23:36:34":0,"s:37:2:51:Infinity":5,"s:55:0:55:Infinity":6,"f:57:9:57:23":4,"b:60:13:60:Infinity":1,"s:63:2:88:Infinity":7,"b:69:10:69:Infinity:70:12:70:Infinity":2,"b:80:12:80:Infinity:81:14:81:Infinity":3,"f:92:9:92:21":5,"s:96:2:101:Infinity":8,"f:105:9:105:20":6,"s:110:2:124:Infinity":9,"f:129:9:129:25":7,"s:133:2:138:Infinity":10,"f:142:9:142:30":8,"s:146:2:156:Infinity":11,"f:160:9:160:32":9,"s:164:2:174:Infinity":12}}}
,"C:\\Users\\Cata\\WebstormProjects\\untitled1\\src\\components\\ui\\table.tsx": {"path":"C:\\Users\\Cata\\WebstormProjects\\untitled1\\src\\components\\ui\\table.tsx","statementMap":{"0":{"start":{"line":1,"column":0},"end":{"line":1,"column":null}},"1":{"start":{"line":8,"column":2},"end":{"line":18,"column":null}},"2":{"start":{"line":23,"column":2},"end":{"line":28,"column":null}},"3":{"start":{"line":33,"column":2},"end":{"line":38,"column":null}},"4":{"start":{"line":43,"column":2},"end":{"line":51,"column":null}},"5":{"start":{"line":56,"column":2},"end":{"line":64,"column":null}},"6":{"start":{"line":69,"column":2},"end":{"line":77,"column":null}},"7":{"start":{"line":82,"column":2},"end":{"line":90,"column":null}},"8":{"start":{"line":98,"column":2},"end":{"line":103,"column":null}}},"fnMap":{"0":{"name":"Table","decl":{"start":{"line":7,"column":9},"end":{"line":7,"column":15}},"loc":{"start":{"line":7,"column":71},"end":{"line":18,"column":null}},"line":7},"1":{"name":"TableHeader","decl":{"start":{"line":22,"column":9},"end":{"line":22,"column":21}},"loc":{"start":{"line":22,"column":77},"end":{"line":28,"column":null}},"line":22},"2":{"name":"TableBody","decl":{"start":{"line":32,"column":9},"end":{"line":32,"column":19}},"loc":{"start":{"line":32,"column":75},"end":{"line":38,"column":null}},"line":32},"3":{"name":"TableFooter","decl":{"start":{"line":42,"column":9},"end":{"line":42,"column":21}},"loc":{"start":{"line":42,"column":77},"end":{"line":51,"column":null}},"line":42},"4":{"name":"TableRow","decl":{"start":{"line":55,"column":9},"end":{"line":55,"column":18}},"loc":{"start":{"line":55,"column":71},"end":{"line":64,"column":null}},"line":55},"5":{"name":"TableHead","decl":{"start":{"line":68,"column":9},"end":{"line":68,"column":19}},"loc":{"start":{"line":68,"column":72},"end":{"line":77,"column":null}},"line":68},"6":{"name":"TableCell","decl":{"start":{"line":81,"column":9},"end":{"line":81,"column":19}},"loc":{"start":{"line":81,"column":72},"end":{"line":90,"column":null}},"line":81},"7":{"name":"TableCaption","decl":{"start":{"line":94,"column":9},"end":{"line":94,"column":22}},"loc":{"start":{"line":97,"column":36},"end":{"line":103,"column":null}},"line":97}},"branchMap":{},"s":{"0":1,"1":24,"2":24,"3":24,"4":0,"5":24,"6":216,"7":432,"8":0},"f":{"0":24,"1":24,"2":24,"3":0,"4":24,"5":216,"6":432,"7":0},"b":{},"meta":{"lastBranch":0,"lastFunction":8,"lastStatement":9,"seen":{"s:1:0:1:Infinity":0,"f:7:9:7:15":0,"s:8:2:18:Infinity":1,"f:22:9:22:21":1,"s:23:2:28:Infinity":2,"f:32:9:32:19":2,"s:33:2:38:Infinity":3,"f:42:9:42:21":3,"s:43:2:51:Infinity":4,"f:55:9:55:18":4,"s:56:2:64:Infinity":5,"f:68:9:68:19":5,"s:69:2:77:Infinity":6,"f:81:9:81:19":6,"s:82:2:90:Infinity":7,"f:94:9:94:22":7,"s:98:2:103:Infinity":8}}}
,"C:\\Users\\Cata\\WebstormProjects\\untitled1\\src\\components\\ui\\textarea.tsx": {"path":"C:\\Users\\Cata\\WebstormProjects\\untitled1\\src\\components\\ui\\textarea.tsx","statementMap":{"0":{"start":{"line":6,"column":2},"end":{"line":14,"column":null}}},"fnMap":{"0":{"name":"Textarea","decl":{"start":{"line":5,"column":9},"end":{"line":5,"column":18}},"loc":{"start":{"line":5,"column":77},"end":{"line":14,"column":null}},"line":5}},"branchMap":{},"s":{"0":15},"f":{"0":15},"b":{},"meta":{"lastBranch":0,"lastFunction":1,"lastStatement":1,"seen":{"f:5:9:5:18":0,"s:6:2:14:Infinity":0}}}
,"C:\\Users\\Cata\\WebstormProjects\\untitled1\\src\\components\\ui\\utils.ts": {"path":"C:\\Users\\Cata\\WebstormProjects\\untitled1\\src\\components\\ui\\utils.ts","statementMap":{"0":{"start":{"line":5,"column":2},"end":{"line":5,"column":null}}},"fnMap":{"0":{"name":"cn","decl":{"start":{"line":4,"column":16},"end":{"line":4,"column":19}},"loc":{"start":{"line":4,"column":44},"end":{"line":5,"column":null}},"line":4}},"branchMap":{},"s":{"0":1476},"f":{"0":1476},"b":{},"meta":{"lastBranch":0,"lastFunction":1,"lastStatement":1,"seen":{"f:4:16:4:19":0,"s:5:2:5:Infinity":0}}}
,"C:\\Users\\Cata\\WebstormProjects\\untitled1\\src\\context\\TradeContext.jsx": {"path":"C:\\Users\\Cata\\WebstormProjects\\untitled1\\src\\context\\TradeContext.jsx","statementMap":{"0":{"start":{"line":3,"column":22},"end":{"line":5,"column":null}},"1":{"start":{"line":8,"column":27},"end":{"line":8,"column":null}},"2":{"start":{"line":9,"column":26},"end":{"line":9,"column":null}},"3":{"start":{"line":10,"column":28},"end":{"line":10,"column":null}},"4":{"start":{"line":11,"column":25},"end":{"line":11,"column":null}},"5":{"start":{"line":12,"column":16},"end":{"line":14,"column":null}},"6":{"start":{"line":16,"column":23},"end":{"line":21,"column":null}},"7":{"start":{"line":23,"column":6},"end":{"line":33,"column":2}},"8":{"start":{"line":28,"column":20},"end":{"line":28,"column":null}},"9":{"start":{"line":36,"column":4},"end":{"line":39,"column":null}},"10":{"start":{"line":37,"column":8},"end":{"line":37,"column":null}},"11":{"start":{"line":39,"column":8},"end":{"line":39,"column":null}},"12":{"start":{"line":44,"column":16},"end":{"line":44,"column":25}},"13":{"start":{"line":45,"column":4},"end":{"line":45,"column":null}},"14":{"start":{"line":45,"column":30},"end":{"line":45,"column":54}},"15":{"start":{"line":46,"column":4},"end":{"line":46,"column":null}},"16":{"start":{"line":50,"column":4},"end":{"line":51,"column":null}},"17":{"start":{"line":51,"column":8},"end":{"line":51,"column":null}},"18":{"start":{"line":54,"column":19},"end":{"line":54,"column":72}},"19":{"start":{"line":56,"column":4},"end":{"line":56,"column":null}},"20":{"start":{"line":60,"column":4},"end":{"line":61,"column":null}},"21":{"start":{"line":61,"column":8},"end":{"line":61,"column":null}},"22":{"start":{"line":64,"column":4},"end":{"line":66,"column":null}},"23":{"start":{"line":65,"column":8},"end":{"line":65,"column":null}},"24":{"start":{"line":72,"column":4},"end":{"line":72,"column":null}},"25":{"start":{"line":72,"column":38},"end":{"line":72,"column":103}},"26":{"start":{"line":76,"column":16},"end":{"line":76,"column":25}},"27":{"start":{"line":78,"column":4},"end":{"line":78,"column":null}},"28":{"start":{"line":78,"column":38},"end":{"line":78,"column":62}},"29":{"start":{"line":80,"column":4},"end":{"line":80,"column":null}},"30":{"start":{"line":80,"column":38},"end":{"line":80,"column":62}},"31":{"start":{"line":81,"column":4},"end":{"line":81,"column":null}},"32":{"start":{"line":85,"column":4},"end":{"line":85,"column":null}},"33":{"start":{"line":89,"column":20},"end":{"line":99,"column":null}},"34":{"start":{"line":100,"column":4},"end":{"line":100,"column":null}},"35":{"start":{"line":103,"column":21},"end":{"line":114,"column":null}},"36":{"start":{"line":117,"column":4},"end":{"line":118,"column":null}},"37":{"start":{"line":118,"column":8},"end":{"line":118,"column":null}},"38":{"start":{"line":121,"column":21},"end":{"line":127,"column":6}},"39":{"start":{"line":129,"column":20},"end":{"line":129,"column":41}},"40":{"start":{"line":130,"column":4},"end":{"line":132,"column":null}},"41":{"start":{"line":131,"column":29},"end":{"line":131,"column":null}},"42":{"start":{"line":132,"column":8},"end":{"line":132,"column":null}},"43":{"start":{"line":135,"column":4},"end":{"line":135,"column":null}},"44":{"start":{"line":139,"column":4},"end":{"line":140,"column":null}},"45":{"start":{"line":140,"column":8},"end":{"line":140,"column":null}},"46":{"start":{"line":142,"column":4},"end":{"line":142,"column":null}},"47":{"start":{"line":146,"column":18},"end":{"line":146,"column":37}},"48":{"start":{"line":147,"column":16},"end":{"line":147,"column":33}},"49":{"start":{"line":148,"column":19},"end":{"line":148,"column":null}},"50":{"start":{"line":149,"column":4},"end":{"line":150,"column":null}},"51":{"start":{"line":150,"column":8},"end":{"line":150,"column":null}},"52":{"start":{"line":152,"column":18},"end":{"line":152,"column":55}},"53":{"start":{"line":153,"column":20},"end":{"line":153,"column":73}},"54":{"start":{"line":154,"column":4},"end":{"line":154,"column":null}},"55":{"start":{"line":158,"column":19},"end":{"line":158,"column":98}},"56":{"start":{"line":158,"column":47},"end":{"line":158,"column":97}},"57":{"start":{"line":159,"column":18},"end":{"line":159,"column":84}},"58":{"start":{"line":159,"column":45},"end":{"line":159,"column":83}},"59":{"start":{"line":160,"column":20},"end":{"line":160,"column":102}},"60":{"start":{"line":160,"column":49},"end":{"line":160,"column":101}},"61":{"start":{"line":161,"column":18},"end":{"line":161,"column":52}},"62":{"start":{"line":162,"column":23},"end":{"line":162,"column":91}},"63":{"start":{"line":163,"column":26},"end":{"line":163,"column":61}},"64":{"start":{"line":164,"column":20},"end":{"line":164,"column":48}},"65":{"start":{"line":165,"column":29},"end":{"line":165,"column":67}},"66":{"start":{"line":166,"column":21},"end":{"line":166,"column":110}},"67":{"start":{"line":166,"column":51},"end":{"line":166,"column":110}},"68":{"start":{"line":167,"column":23},"end":{"line":167,"column":56}},"69":{"start":{"line":168,"column":25},"end":{"line":168,"column":61}},"70":{"start":{"line":169,"column":10},"end":{"line":169,"column":30}},"71":{"start":{"line":170,"column":10},"end":{"line":170,"column":38}},"72":{"start":{"line":171,"column":10},"end":{"line":171,"column":39}},"73":{"start":{"line":172,"column":10},"end":{"line":172,"column":36}},"74":{"start":{"line":173,"column":10},"end":{"line":173,"column":34}},"75":{"start":{"line":174,"column":10},"end":{"line":174,"column":44}},"76":{"start":{"line":175,"column":10},"end":{"line":175,"column":39}},"77":{"start":{"line":177,"column":4},"end":{"line":179,"column":null}},"78":{"start":{"line":178,"column":8},"end":{"line":178,"column":null}},"79":{"start":{"line":181,"column":4},"end":{"line":183,"column":null}},"80":{"start":{"line":182,"column":8},"end":{"line":182,"column":null}},"81":{"start":{"line":185,"column":10},"end":{"line":194,"column":null}},"82":{"start":{"line":186,"column":8},"end":{"line":194,"column":null}},"83":{"start":{"line":187,"column":12},"end":{"line":191,"column":null}},"84":{"start":{"line":188,"column":32},"end":{"line":188,"column":48}},"85":{"start":{"line":189,"column":16},"end":{"line":189,"column":null}},"86":{"start":{"line":190,"column":16},"end":{"line":190,"column":null}},"87":{"start":{"line":193,"column":12},"end":{"line":193,"column":null}},"88":{"start":{"line":194,"column":12},"end":{"line":194,"column":null}},"89":{"start":{"line":198,"column":10},"end":{"line":200,"column":null}},"90":{"start":{"line":199,"column":8},"end":{"line":199,"column":null}},"91":{"start":{"line":200,"column":8},"end":{"line":200,"column":null}},"92":{"start":{"line":203,"column":10},"end":{"line":205,"column":null}},"93":{"start":{"line":204,"column":8},"end":{"line":204,"column":null}},"94":{"start":{"line":205,"column":8},"end":{"line":205,"column":null}},"95":{"start":{"line":208,"column":10},"end":{"line":209,"column":null}},"96":{"start":{"line":209,"column":8},"end":{"line":209,"column":null}},"97":{"start":{"line":212,"column":22},"end":{"line":219,"column":null}},"98":{"start":{"line":213,"column":8},"end":{"line":219,"column":null}},"99":{"start":{"line":214,"column":26},"end":{"line":214,"column":null}},"100":{"start":{"line":215,"column":25},"end":{"line":215,"column":50}},"101":{"start":{"line":216,"column":12},"end":{"line":217,"column":null}},"102":{"start":{"line":217,"column":16},"end":{"line":217,"column":null}},"103":{"start":{"line":224,"column":27},"end":{"line":236,"column":null}},"104":{"start":{"line":225,"column":8},"end":{"line":236,"column":null}},"105":{"start":{"line":226,"column":29},"end":{"line":226,"column":98}},"106":{"start":{"line":227,"column":28},"end":{"line":227,"column":49}},"107":{"start":{"line":228,"column":12},"end":{"line":229,"column":null}},"108":{"start":{"line":229,"column":16},"end":{"line":229,"column":null}},"109":{"start":{"line":231,"column":12},"end":{"line":231,"column":null}},"110":{"start":{"line":232,"column":12},"end":{"line":232,"column":null}},"111":{"start":{"line":233,"column":12},"end":{"line":233,"column":null}},"112":{"start":{"line":235,"column":12},"end":{"line":235,"column":null}},"113":{"start":{"line":236,"column":12},"end":{"line":236,"column":null}},"114":{"start":{"line":240,"column":26},"end":{"line":252,"column":null}},"115":{"start":{"line":241,"column":8},"end":{"line":252,"column":null}},"116":{"start":{"line":242,"column":29},"end":{"line":242,"column":97}},"117":{"start":{"line":243,"column":28},"end":{"line":243,"column":49}},"118":{"start":{"line":244,"column":12},"end":{"line":245,"column":null}},"119":{"start":{"line":245,"column":16},"end":{"line":245,"column":null}},"120":{"start":{"line":247,"column":12},"end":{"line":247,"column":null}},"121":{"start":{"line":248,"column":12},"end":{"line":248,"column":null}},"122":{"start":{"line":249,"column":12},"end":{"line":249,"column":null}},"123":{"start":{"line":251,"column":12},"end":{"line":251,"column":null}},"124":{"start":{"line":252,"column":12},"end":{"line":252,"column":null}},"125":{"start":{"line":256,"column":26},"end":{"line":291,"column":null}},"126":{"start":{"line":257,"column":8},"end":{"line":258,"column":null}},"127":{"start":{"line":258,"column":12},"end":{"line":258,"column":null}},"128":{"start":{"line":261,"column":8},"end":{"line":261,"column":null}},"129":{"start":{"line":262,"column":8},"end":{"line":291,"column":null}},"130":{"start":{"line":263,"column":26},"end":{"line":263,"column":null}},"131":{"start":{"line":265,"column":25},"end":{"line":265,"column":67}},"132":{"start":{"line":266,"column":29},"end":{"line":266,"column":null}},"133":{"start":{"line":267,"column":12},"end":{"line":268,"column":null}},"134":{"start":{"line":268,"column":16},"end":{"line":268,"column":null}},"135":{"start":{"line":271,"column":12},"end":{"line":274,"column":null}},"136":{"start":{"line":272,"column":16},"end":{"line":272,"column":null}},"137":{"start":{"line":274,"column":16},"end":{"line":274,"column":null}},"138":{"start":{"line":274,"column":46},"end":{"line":274,"column":90}},"139":{"start":{"line":277,"column":12},"end":{"line":277,"column":null}},"140":{"start":{"line":278,"column":12},"end":{"line":278,"column":null}},"141":{"start":{"line":279,"column":12},"end":{"line":279,"column":null}},"142":{"start":{"line":280,"column":12},"end":{"line":280,"column":null}},"143":{"start":{"line":282,"column":29},"end":{"line":282,"column":null}},"144":{"start":{"line":283,"column":12},"end":{"line":284,"column":null}},"145":{"start":{"line":284,"column":16},"end":{"line":284,"column":null}},"146":{"start":{"line":287,"column":12},"end":{"line":287,"column":null}},"147":{"start":{"line":289,"column":12},"end":{"line":289,"column":null}},"148":{"start":{"line":291,"column":12},"end":{"line":291,"column":null}},"149":{"start":{"line":295,"column":30},"end":{"line":306,"column":null}},"150":{"start":{"line":296,"column":8},"end":{"line":297,"column":null}},"151":{"start":{"line":297,"column":12},"end":{"line":297,"column":null}},"152":{"start":{"line":300,"column":8},"end":{"line":306,"column":null}},"153":{"start":{"line":301,"column":26},"end":{"line":301,"column":null}},"154":{"start":{"line":302,"column":25},"end":{"line":302,"column":67}},"155":{"start":{"line":303,"column":12},"end":{"line":304,"column":null}},"156":{"start":{"line":304,"column":16},"end":{"line":304,"column":null}},"157":{"start":{"line":311,"column":25},"end":{"line":328,"column":null}},"158":{"start":{"line":312,"column":25},"end":{"line":312,"column":null}},"159":{"start":{"line":313,"column":8},"end":{"line":314,"column":null}},"160":{"start":{"line":314,"column":12},"end":{"line":314,"column":null}},"161":{"start":{"line":317,"column":8},"end":{"line":325,"column":null}},"162":{"start":{"line":318,"column":29},"end":{"line":318,"column":null}},"163":{"start":{"line":319,"column":12},"end":{"line":319,"column":null}},"164":{"start":{"line":320,"column":12},"end":{"line":320,"column":null}},"165":{"start":{"line":320,"column":42},"end":{"line":320,"column":86}},"166":{"start":{"line":321,"column":12},"end":{"line":321,"column":null}},"167":{"start":{"line":322,"column":12},"end":{"line":322,"column":null}},"168":{"start":{"line":323,"column":12},"end":{"line":323,"column":null}},"169":{"start":{"line":324,"column":12},"end":{"line":324,"column":null}},"170":{"start":{"line":325,"column":12},"end":{"line":325,"column":null}},"171":{"start":{"line":328,"column":8},"end":{"line":328,"column":null}},"172":{"start":{"line":331,"column":27},"end":{"line":343,"column":null}},"173":{"start":{"line":332,"column":22},"end":{"line":332,"column":null}},"174":{"start":{"line":334,"column":8},"end":{"line":340,"column":null}},"175":{"start":{"line":335,"column":25},"end":{"line":335,"column":58}},"176":{"start":{"line":336,"column":12},"end":{"line":338,"column":null}},"177":{"start":{"line":337,"column":16},"end":{"line":337,"column":null}},"178":{"start":{"line":337,"column":43},"end":{"line":337,"column":77}},"179":{"start":{"line":338,"column":16},"end":{"line":338,"column":null}},"180":{"start":{"line":343,"column":8},"end":{"line":343,"column":null}},"181":{"start":{"line":346,"column":23},"end":{"line":352,"column":null}},"182":{"start":{"line":347,"column":8},"end":{"line":352,"column":null}},"183":{"start":{"line":348,"column":26},"end":{"line":348,"column":null}},"184":{"start":{"line":349,"column":12},"end":{"line":349,"column":null}},"185":{"start":{"line":350,"column":12},"end":{"line":350,"column":null}},"186":{"start":{"line":352,"column":12},"end":{"line":352,"column":null}},"187":{"start":{"line":356,"column":23},"end":{"line":364,"column":null}},"188":{"start":{"line":357,"column":8},"end":{"line":364,"column":null}},"189":{"start":{"line":358,"column":26},"end":{"line":358,"column":null}},"190":{"start":{"line":359,"column":12},"end":{"line":359,"column":null}},"191":{"start":{"line":360,"column":12},"end":{"line":361,"column":null}},"192":{"start":{"line":361,"column":16},"end":{"line":361,"column":null}},"193":{"start":{"line":364,"column":12},"end":{"line":364,"column":null}},"194":{"start":{"line":368,"column":23},"end":{"line":376,"column":null}},"195":{"start":{"line":369,"column":8},"end":{"line":376,"column":null}},"196":{"start":{"line":370,"column":26},"end":{"line":370,"column":null}},"197":{"start":{"line":371,"column":12},"end":{"line":371,"column":null}},"198":{"start":{"line":372,"column":12},"end":{"line":373,"column":null}},"199":{"start":{"line":373,"column":16},"end":{"line":373,"column":null}},"200":{"start":{"line":376,"column":12},"end":{"line":376,"column":null}},"201":{"start":{"line":380,"column":34},"end":{"line":381,"column":null}},"202":{"start":{"line":381,"column":8},"end":{"line":381,"column":null}},"203":{"start":{"line":384,"column":10},"end":{"line":397,"column":null}},"204":{"start":{"line":385,"column":23},"end":{"line":385,"column":49}},"205":{"start":{"line":386,"column":32},"end":{"line":390,"column":null}},"206":{"start":{"line":392,"column":30},"end":{"line":392,"column":null}},"207":{"start":{"line":393,"column":29},"end":{"line":393,"column":null}},"208":{"start":{"line":395,"column":8},"end":{"line":395,"column":null}},"209":{"start":{"line":396,"column":8},"end":{"line":396,"column":null}},"210":{"start":{"line":397,"column":8},"end":{"line":397,"column":null}},"211":{"start":{"line":400,"column":10},"end":{"line":416,"column":null}},"212":{"start":{"line":401,"column":30},"end":{"line":401,"column":null}},"213":{"start":{"line":402,"column":29},"end":{"line":402,"column":null}},"214":{"start":{"line":404,"column":8},"end":{"line":412,"column":null}},"215":{"start":{"line":405,"column":12},"end":{"line":410,"column":null}},"216":{"start":{"line":406,"column":16},"end":{"line":407,"column":null}},"217":{"start":{"line":407,"column":20},"end":{"line":407,"column":null}},"218":{"start":{"line":409,"column":16},"end":{"line":409,"column":null}},"219":{"start":{"line":412,"column":12},"end":{"line":412,"column":null}},"220":{"start":{"line":415,"column":8},"end":{"line":415,"column":null}},"221":{"start":{"line":415,"column":51},"end":{"line":415,"column":120}},"222":{"start":{"line":416,"column":8},"end":{"line":416,"column":null}},"223":{"start":{"line":419,"column":10},"end":{"line":432,"column":null}},"224":{"start":{"line":420,"column":30},"end":{"line":420,"column":null}},"225":{"start":{"line":421,"column":29},"end":{"line":421,"column":null}},"226":{"start":{"line":423,"column":8},"end":{"line":427,"column":null}},"227":{"start":{"line":424,"column":12},"end":{"line":424,"column":null}},"228":{"start":{"line":424,"column":55},"end":{"line":424,"column":105}},"229":{"start":{"line":425,"column":12},"end":{"line":425,"column":null}},"230":{"start":{"line":425,"column":58},"end":{"line":425,"column":74}},"231":{"start":{"line":426,"column":12},"end":{"line":426,"column":null}},"232":{"start":{"line":427,"column":12},"end":{"line":427,"column":null}},"233":{"start":{"line":430,"column":8},"end":{"line":430,"column":null}},"234":{"start":{"line":431,"column":8},"end":{"line":431,"column":null}},"235":{"start":{"line":431,"column":54},"end":{"line":431,"column":70}},"236":{"start":{"line":432,"column":8},"end":{"line":432,"column":null}},"237":{"start":{"line":435,"column":30},"end":{"line":445,"column":null}},"238":{"start":{"line":436,"column":8},"end":{"line":437,"column":null}},"239":{"start":{"line":437,"column":12},"end":{"line":437,"column":null}},"240":{"start":{"line":440,"column":8},"end":{"line":445,"column":null}},"241":{"start":{"line":441,"column":12},"end":{"line":441,"column":null}},"242":{"start":{"line":442,"column":12},"end":{"line":442,"column":null}},"243":{"start":{"line":443,"column":12},"end":{"line":443,"column":null}},"244":{"start":{"line":445,"column":12},"end":{"line":445,"column":null}},"245":{"start":{"line":449,"column":25},"end":{"line":505,"column":null}},"246":{"start":{"line":450,"column":8},"end":{"line":451,"column":null}},"247":{"start":{"line":451,"column":12},"end":{"line":451,"column":null}},"248":{"start":{"line":454,"column":8},"end":{"line":454,"column":null}},"249":{"start":{"line":455,"column":8},"end":{"line":455,"column":null}},"250":{"start":{"line":456,"column":8},"end":{"line":456,"column":null}},"251":{"start":{"line":458,"column":27},"end":{"line":458,"column":48}},"252":{"start":{"line":459,"column":28},"end":{"line":459,"column":50}},"253":{"start":{"line":461,"column":8},"end":{"line":505,"column":null}},"254":{"start":{"line":462,"column":12},"end":{"line":495,"column":null}},"255":{"start":{"line":463,"column":29},"end":{"line":463,"column":null}},"256":{"start":{"line":465,"column":16},"end":{"line":491,"column":null}},"257":{"start":{"line":466,"column":34},"end":{"line":466,"column":null}},"258":{"start":{"line":467,"column":33},"end":{"line":467,"column":103}},"259":{"start":{"line":468,"column":41},"end":{"line":468,"column":null}},"260":{"start":{"line":469,"column":20},"end":{"line":469,"column":null}},"261":{"start":{"line":469,"column":65},"end":{"line":469,"column":115}},"262":{"start":{"line":470,"column":20},"end":{"line":478,"column":null}},"263":{"start":{"line":471,"column":24},"end":{"line":472,"column":null}},"264":{"start":{"line":472,"column":28},"end":{"line":472,"column":null}},"265":{"start":{"line":474,"column":24},"end":{"line":475,"column":null}},"266":{"start":{"line":475,"column":28},"end":{"line":475,"column":null}},"267":{"start":{"line":477,"column":24},"end":{"line":477,"column":null}},"268":{"start":{"line":479,"column":27},"end":{"line":491,"column":null}},"269":{"start":{"line":480,"column":34},"end":{"line":480,"column":null}},"270":{"start":{"line":481,"column":33},"end":{"line":481,"column":122}},"271":{"start":{"line":482,"column":41},"end":{"line":482,"column":null}},"272":{"start":{"line":483,"column":20},"end":{"line":483,"column":null}},"273":{"start":{"line":483,"column":65},"end":{"line":483,"column":117}},"274":{"start":{"line":484,"column":20},"end":{"line":484,"column":null}},"275":{"start":{"line":485,"column":27},"end":{"line":491,"column":null}},"276":{"start":{"line":486,"column":34},"end":{"line":486,"column":null}},"277":{"start":{"line":487,"column":20},"end":{"line":487,"column":null}},"278":{"start":{"line":488,"column":20},"end":{"line":488,"column":null}},"279":{"start":{"line":488,"column":68},"end":{"line":488,"column":89}},"280":{"start":{"line":489,"column":20},"end":{"line":489,"column":null}},"281":{"start":{"line":491,"column":20},"end":{"line":491,"column":null}},"282":{"start":{"line":494,"column":16},"end":{"line":494,"column":null}},"283":{"start":{"line":495,"column":16},"end":{"line":495,"column":null}},"284":{"start":{"line":498,"column":12},"end":{"line":498,"column":null}},"285":{"start":{"line":499,"column":12},"end":{"line":499,"column":null}},"286":{"start":{"line":500,"column":12},"end":{"line":500,"column":null}},"287":{"start":{"line":502,"column":12},"end":{"line":502,"column":null}},"288":{"start":{"line":503,"column":12},"end":{"line":503,"column":null}},"289":{"start":{"line":505,"column":12},"end":{"line":505,"column":null}},"290":{"start":{"line":509,"column":10},"end":{"line":553,"column":null}},"291":{"start":{"line":510,"column":8},"end":{"line":511,"column":null}},"292":{"start":{"line":511,"column":12},"end":{"line":511,"column":null}},"293":{"start":{"line":514,"column":8},"end":{"line":515,"column":null}},"294":{"start":{"line":515,"column":12},"end":{"line":515,"column":null}},"295":{"start":{"line":518,"column":8},"end":{"line":553,"column":null}},"296":{"start":{"line":519,"column":27},"end":{"line":519,"column":49}},"297":{"start":{"line":520,"column":12},"end":{"line":520,"column":null}},"298":{"start":{"line":522,"column":12},"end":{"line":523,"column":null}},"299":{"start":{"line":523,"column":16},"end":{"line":523,"column":null}},"300":{"start":{"line":526,"column":12},"end":{"line":533,"column":null}},"301":{"start":{"line":527,"column":16},"end":{"line":533,"column":null}},"302":{"start":{"line":528,"column":33},"end":{"line":528,"column":55}},"303":{"start":{"line":529,"column":20},"end":{"line":531,"column":null}},"304":{"start":{"line":530,"column":24},"end":{"line":530,"column":null}},"305":{"start":{"line":530,"column":51},"end":{"line":530,"column":84}},"306":{"start":{"line":531,"column":24},"end":{"line":531,"column":null}},"307":{"start":{"line":538,"column":12},"end":{"line":542,"column":null}},"308":{"start":{"line":539,"column":16},"end":{"line":539,"column":null}},"309":{"start":{"line":540,"column":16},"end":{"line":540,"column":null}},"310":{"start":{"line":541,"column":16},"end":{"line":542,"column":null}},"311":{"start":{"line":542,"column":20},"end":{"line":542,"column":null}},"312":{"start":{"line":546,"column":12},"end":{"line":549,"column":null}},"313":{"start":{"line":547,"column":16},"end":{"line":547,"column":null}},"314":{"start":{"line":548,"column":16},"end":{"line":549,"column":null}},"315":{"start":{"line":549,"column":20},"end":{"line":549,"column":null}},"316":{"start":{"line":553,"column":12},"end":{"line":553,"column":null}},"317":{"start":{"line":557,"column":30},"end":{"line":567,"column":null}},"318":{"start":{"line":558,"column":8},"end":{"line":558,"column":null}},"319":{"start":{"line":558,"column":81},"end":{"line":558,"column":null}},"320":{"start":{"line":560,"column":8},"end":{"line":567,"column":null}},"321":{"start":{"line":561,"column":26},"end":{"line":561,"column":null}},"322":{"start":{"line":562,"column":12},"end":{"line":562,"column":null}},"323":{"start":{"line":563,"column":12},"end":{"line":563,"column":null}},"324":{"start":{"line":564,"column":12},"end":{"line":564,"column":null}},"325":{"start":{"line":566,"column":12},"end":{"line":566,"column":null}},"326":{"start":{"line":567,"column":12},"end":{"line":567,"column":null}},"327":{"start":{"line":571,"column":4},"end":{"line":626,"column":null}},"328":{"start":{"line":572,"column":8},"end":{"line":573,"column":null}},"329":{"start":{"line":573,"column":12},"end":{"line":573,"column":null}},"330":{"start":{"line":576,"column":8},"end":{"line":576,"column":null}},"331":{"start":{"line":577,"column":8},"end":{"line":577,"column":null}},"332":{"start":{"line":579,"column":8},"end":{"line":581,"column":null}},"333":{"start":{"line":581,"column":12},"end":{"line":581,"column":null}},"334":{"start":{"line":584,"column":14},"end":{"line":585,"column":null}},"335":{"start":{"line":585,"column":12},"end":{"line":585,"column":null}},"336":{"start":{"line":588,"column":14},"end":{"line":590,"column":null}},"337":{"start":{"line":589,"column":12},"end":{"line":589,"column":null}},"338":{"start":{"line":590,"column":12},"end":{"line":590,"column":null}},"339":{"start":{"line":593,"column":8},"end":{"line":593,"column":null}},"340":{"start":{"line":594,"column":8},"end":{"line":594,"column":null}},"341":{"start":{"line":597,"column":8},"end":{"line":597,"column":null}},"342":{"start":{"line":598,"column":8},"end":{"line":598,"column":null}},"343":{"start":{"line":599,"column":8},"end":{"line":599,"column":null}},"344":{"start":{"line":602,"column":25},"end":{"line":602,"column":62}},"345":{"start":{"line":604,"column":8},"end":{"line":611,"column":null}},"346":{"start":{"line":605,"column":12},"end":{"line":605,"column":null}},"347":{"start":{"line":606,"column":12},"end":{"line":606,"column":null}},"348":{"start":{"line":607,"column":12},"end":{"line":607,"column":null}},"349":{"start":{"line":608,"column":12},"end":{"line":608,"column":null}},"350":{"start":{"line":610,"column":12},"end":{"line":610,"column":null}},"351":{"start":{"line":611,"column":12},"end":{"line":611,"column":null}},"352":{"start":{"line":614,"column":8},"end":{"line":622,"column":null}},"353":{"start":{"line":615,"column":12},"end":{"line":615,"column":null}},"354":{"start":{"line":616,"column":12},"end":{"line":616,"column":null}},"355":{"start":{"line":617,"column":12},"end":{"line":617,"column":null}},"356":{"start":{"line":618,"column":12},"end":{"line":619,"column":null}},"357":{"start":{"line":619,"column":16},"end":{"line":619,"column":null}},"358":{"start":{"line":621,"column":12},"end":{"line":622,"column":null}},"359":{"start":{"line":622,"column":16},"end":{"line":622,"column":null}},"360":{"start":{"line":628,"column":4},"end":{"line":637,"column":null}},"361":{"start":{"line":629,"column":8},"end":{"line":634,"column":null}},"362":{"start":{"line":630,"column":12},"end":{"line":630,"column":null}},"363":{"start":{"line":631,"column":12},"end":{"line":631,"column":null}},"364":{"start":{"line":632,"column":12},"end":{"line":632,"column":null}},"365":{"start":{"line":633,"column":19},"end":{"line":634,"column":null}},"366":{"start":{"line":634,"column":12},"end":{"line":634,"column":null}},"367":{"start":{"line":639,"column":21},"end":{"line":661,"column":null}},"368":{"start":{"line":640,"column":30},"end":{"line":640,"column":null}},"369":{"start":{"line":641,"column":26},"end":{"line":645,"column":null}},"370":{"start":{"line":647,"column":8},"end":{"line":647,"column":null}},"371":{"start":{"line":649,"column":8},"end":{"line":651,"column":null}},"372":{"start":{"line":650,"column":12},"end":{"line":650,"column":null}},"373":{"start":{"line":651,"column":12},"end":{"line":651,"column":null}},"374":{"start":{"line":654,"column":8},"end":{"line":661,"column":null}},"375":{"start":{"line":655,"column":26},"end":{"line":655,"column":null}},"376":{"start":{"line":656,"column":25},"end":{"line":656,"column":90}},"377":{"start":{"line":657,"column":33},"end":{"line":657,"column":null}},"378":{"start":{"line":658,"column":12},"end":{"line":658,"column":null}},"379":{"start":{"line":658,"column":73},"end":{"line":658,"column":128}},"380":{"start":{"line":660,"column":12},"end":{"line":660,"column":null}},"381":{"start":{"line":661,"column":12},"end":{"line":661,"column":null}},"382":{"start":{"line":665,"column":22},"end":{"line":680,"column":null}},"383":{"start":{"line":666,"column":30},"end":{"line":666,"column":null}},"384":{"start":{"line":667,"column":8},"end":{"line":667,"column":null}},"385":{"start":{"line":667,"column":51},"end":{"line":667,"column":120}},"386":{"start":{"line":669,"column":8},"end":{"line":671,"column":null}},"387":{"start":{"line":670,"column":12},"end":{"line":670,"column":null}},"388":{"start":{"line":671,"column":12},"end":{"line":671,"column":null}},"389":{"start":{"line":674,"column":8},"end":{"line":680,"column":null}},"390":{"start":{"line":675,"column":26},"end":{"line":675,"column":null}},"391":{"start":{"line":676,"column":25},"end":{"line":676,"column":118}},"392":{"start":{"line":677,"column":32},"end":{"line":677,"column":null}},"393":{"start":{"line":678,"column":12},"end":{"line":678,"column":null}},"394":{"start":{"line":678,"column":59},"end":{"line":678,"column":109}},"395":{"start":{"line":680,"column":12},"end":{"line":680,"column":null}},"396":{"start":{"line":684,"column":24},"end":{"line":697,"column":null}},"397":{"start":{"line":685,"column":30},"end":{"line":685,"column":null}},"398":{"start":{"line":686,"column":8},"end":{"line":686,"column":null}},"399":{"start":{"line":686,"column":54},"end":{"line":686,"column":70}},"400":{"start":{"line":688,"column":8},"end":{"line":690,"column":null}},"401":{"start":{"line":689,"column":12},"end":{"line":689,"column":null}},"402":{"start":{"line":690,"column":12},"end":{"line":690,"column":null}},"403":{"start":{"line":693,"column":8},"end":{"line":697,"column":null}},"404":{"start":{"line":694,"column":26},"end":{"line":694,"column":null}},"405":{"start":{"line":695,"column":12},"end":{"line":695,"column":null}},"406":{"start":{"line":697,"column":12},"end":{"line":697,"column":null}},"407":{"start":{"line":701,"column":10},"end":{"line":702,"column":null}},"408":{"start":{"line":702,"column":8},"end":{"line":702,"column":null}},"409":{"start":{"line":702,"column":38},"end":{"line":702,"column":78}},"410":{"start":{"line":705,"column":4},"end":{"line":736,"column":null}},"411":{"start":{"line":740,"column":13},"end":{"line":740,"column":55}}},"fnMap":{"0":{"name":"(anonymous_0)","decl":{"start":{"line":25,"column":4},"end":{"line":25,"column":20}},"loc":{"start":{"line":25,"column":20},"end":{"line":25,"column":null}},"line":25},"1":{"name":"(anonymous_1)","decl":{"start":{"line":26,"column":4},"end":{"line":26,"column":21}},"loc":{"start":{"line":26,"column":21},"end":{"line":26,"column":null}},"line":26},"2":{"name":"(anonymous_2)","decl":{"start":{"line":27,"column":4},"end":{"line":27,"column":23}},"loc":{"start":{"line":27,"column":23},"end":{"line":27,"column":null}},"line":27},"3":{"name":"(anonymous_3)","decl":{"start":{"line":28,"column":4},"end":{"line":28,"column":20}},"loc":{"start":{"line":28,"column":20},"end":{"line":28,"column":null}},"line":28},"4":{"name":"safeParse","decl":{"start":{"line":35,"column":9},"end":{"line":35,"column":19}},"loc":{"start":{"line":35,"column":36},"end":{"line":39,"column":null}},"line":35},"5":{"name":"deduplicateTrades","decl":{"start":{"line":43,"column":9},"end":{"line":43,"column":27}},"loc":{"start":{"line":43,"column":35},"end":{"line":46,"column":null}},"line":43},"6":{"name":"(anonymous_6)","decl":{"start":{"line":45,"column":11},"end":{"line":45,"column":20}},"loc":{"start":{"line":45,"column":30},"end":{"line":45,"column":54}},"line":45},"7":{"name":"loadFromStorage","decl":{"start":{"line":49,"column":9},"end":{"line":49,"column":25}},"loc":{"start":{"line":49,"column":40},"end":{"line":56,"column":null}},"line":49},"8":{"name":"saveToStorage","decl":{"start":{"line":59,"column":9},"end":{"line":59,"column":23}},"loc":{"start":{"line":59,"column":35},"end":{"line":66,"column":null}},"line":59},"9":{"name":"sortTrades","decl":{"start":{"line":71,"column":9},"end":{"line":71,"column":20}},"loc":{"start":{"line":71,"column":28},"end":{"line":72,"column":null}},"line":71},"10":{"name":"(anonymous_10)","decl":{"start":{"line":72,"column":23},"end":{"line":72,"column":29}},"loc":{"start":{"line":72,"column":38},"end":{"line":72,"column":103}},"line":72},"11":{"name":"mergeTrades","decl":{"start":{"line":75,"column":9},"end":{"line":75,"column":21}},"loc":{"start":{"line":75,"column":53},"end":{"line":81,"column":null}},"line":75},"12":{"name":"(anonymous_12)","decl":{"start":{"line":78,"column":19},"end":{"line":78,"column":28}},"loc":{"start":{"line":78,"column":38},"end":{"line":78,"column":62}},"line":78},"13":{"name":"(anonymous_13)","decl":{"start":{"line":80,"column":19},"end":{"line":80,"column":28}},"loc":{"start":{"line":80,"column":38},"end":{"line":80,"column":62}},"line":80},"14":{"name":"createTempId","decl":{"start":{"line":84,"column":9},"end":{"line":84,"column":24}},"loc":{"start":{"line":84,"column":24},"end":{"line":85,"column":null}},"line":84},"15":{"name":"normalizeTradeForApi","decl":{"start":{"line":88,"column":9},"end":{"line":88,"column":30}},"loc":{"start":{"line":88,"column":37},"end":{"line":100,"column":null}},"line":88},"16":{"name":"graphqlFetch","decl":{"start":{"line":116,"column":15},"end":{"line":116,"column":28}},"loc":{"start":{"line":116,"column":51},"end":{"line":135,"column":null}},"line":116},"17":{"name":"getAdjustedPnl","decl":{"start":{"line":138,"column":16},"end":{"line":138,"column":31}},"loc":{"start":{"line":138,"column":47},"end":{"line":142,"column":null}},"line":138},"18":{"name":"calculateDuration","decl":{"start":{"line":145,"column":9},"end":{"line":145,"column":27}},"loc":{"start":{"line":145,"column":47},"end":{"line":154,"column":null}},"line":145},"19":{"name":"TradeProvider","decl":{"start":{"line":157,"column":16},"end":{"line":157,"column":30}},"loc":{"start":{"line":157,"column":44},"end":{"line":736,"column":null}},"line":157},"20":{"name":"(anonymous_20)","decl":{"start":{"line":158,"column":32},"end":{"line":158,"column":47}},"loc":{"start":{"line":158,"column":47},"end":{"line":158,"column":97}},"line":158},"21":{"name":"(anonymous_21)","decl":{"start":{"line":159,"column":30},"end":{"line":159,"column":45}},"loc":{"start":{"line":159,"column":45},"end":{"line":159,"column":83}},"line":159},"22":{"name":"(anonymous_22)","decl":{"start":{"line":160,"column":34},"end":{"line":160,"column":49}},"loc":{"start":{"line":160,"column":49},"end":{"line":160,"column":101}},"line":160},"23":{"name":"(anonymous_23)","decl":{"start":{"line":166,"column":36},"end":{"line":166,"column":51}},"loc":{"start":{"line":166,"column":51},"end":{"line":166,"column":110}},"line":166},"24":{"name":"(anonymous_24)","decl":{"start":{"line":177,"column":4},"end":{"line":177,"column":20}},"loc":{"start":{"line":177,"column":20},"end":{"line":179,"column":8}},"line":177},"25":{"name":"(anonymous_25)","decl":{"start":{"line":181,"column":4},"end":{"line":181,"column":20}},"loc":{"start":{"line":181,"column":20},"end":{"line":183,"column":8}},"line":181},"26":{"name":"(anonymous_26)","decl":{"start":{"line":185,"column":10},"end":{"line":185,"column":27}},"loc":{"start":{"line":185,"column":42},"end":{"line":194,"column":null}},"line":185},"27":{"name":"(anonymous_27)","decl":{"start":{"line":187,"column":12},"end":{"line":187,"column":23}},"loc":{"start":{"line":187,"column":32},"end":{"line":191,"column":null}},"line":187},"28":{"name":"(anonymous_28)","decl":{"start":{"line":198,"column":10},"end":{"line":198,"column":26}},"loc":{"start":{"line":198,"column":40},"end":{"line":200,"column":null}},"line":198},"29":{"name":"(anonymous_29)","decl":{"start":{"line":203,"column":10},"end":{"line":203,"column":28}},"loc":{"start":{"line":203,"column":44},"end":{"line":205,"column":null}},"line":203},"30":{"name":"(anonymous_30)","decl":{"start":{"line":208,"column":10},"end":{"line":208,"column":25}},"loc":{"start":{"line":208,"column":37},"end":{"line":209,"column":null}},"line":208},"31":{"name":"(anonymous_31)","decl":{"start":{"line":212,"column":22},"end":{"line":212,"column":34}},"loc":{"start":{"line":212,"column":34},"end":{"line":219,"column":null}},"line":212},"32":{"name":"(anonymous_32)","decl":{"start":{"line":224,"column":27},"end":{"line":224,"column":39}},"loc":{"start":{"line":224,"column":39},"end":{"line":236,"column":null}},"line":224},"33":{"name":"(anonymous_33)","decl":{"start":{"line":240,"column":26},"end":{"line":240,"column":38}},"loc":{"start":{"line":240,"column":38},"end":{"line":252,"column":null}},"line":240},"34":{"name":"(anonymous_34)","decl":{"start":{"line":256,"column":26},"end":{"line":256,"column":33}},"loc":{"start":{"line":256,"column":72},"end":{"line":291,"column":null}},"line":256},"35":{"name":"(anonymous_35)","decl":{"start":{"line":274,"column":16},"end":{"line":274,"column":27}},"loc":{"start":{"line":274,"column":46},"end":{"line":274,"column":90}},"line":274},"36":{"name":"(anonymous_36)","decl":{"start":{"line":295,"column":30},"end":{"line":295,"column":37}},"loc":{"start":{"line":295,"column":72},"end":{"line":306,"column":null}},"line":295},"37":{"name":"(anonymous_37)","decl":{"start":{"line":311,"column":25},"end":{"line":311,"column":37}},"loc":{"start":{"line":311,"column":37},"end":{"line":328,"column":null}},"line":311},"38":{"name":"(anonymous_38)","decl":{"start":{"line":320,"column":12},"end":{"line":320,"column":23}},"loc":{"start":{"line":320,"column":42},"end":{"line":320,"column":86}},"line":320},"39":{"name":"(anonymous_39)","decl":{"start":{"line":331,"column":27},"end":{"line":331,"column":34}},"loc":{"start":{"line":331,"column":41},"end":{"line":343,"column":null}},"line":331},"40":{"name":"(anonymous_40)","decl":{"start":{"line":337,"column":16},"end":{"line":337,"column":31}},"loc":{"start":{"line":337,"column":43},"end":{"line":337,"column":77}},"line":337},"41":{"name":"(anonymous_41)","decl":{"start":{"line":346,"column":23},"end":{"line":346,"column":30}},"loc":{"start":{"line":346,"column":51},"end":{"line":352,"column":null}},"line":346},"42":{"name":"(anonymous_42)","decl":{"start":{"line":356,"column":23},"end":{"line":356,"column":30}},"loc":{"start":{"line":356,"column":55},"end":{"line":364,"column":null}},"line":356},"43":{"name":"(anonymous_43)","decl":{"start":{"line":368,"column":23},"end":{"line":368,"column":30}},"loc":{"start":{"line":368,"column":46},"end":{"line":376,"column":null}},"line":368},"44":{"name":"(anonymous_44)","decl":{"start":{"line":380,"column":34},"end":{"line":380,"column":46}},"loc":{"start":{"line":380,"column":46},"end":{"line":381,"column":null}},"line":380},"45":{"name":"(anonymous_45)","decl":{"start":{"line":384,"column":10},"end":{"line":384,"column":33}},"loc":{"start":{"line":384,"column":43},"end":{"line":397,"column":null}},"line":384},"46":{"name":"(anonymous_46)","decl":{"start":{"line":400,"column":10},"end":{"line":400,"column":31}},"loc":{"start":{"line":400,"column":48},"end":{"line":416,"column":null}},"line":400},"47":{"name":"(anonymous_47)","decl":{"start":{"line":405,"column":38},"end":{"line":405,"column":43}},"loc":{"start":{"line":405,"column":52},"end":{"line":410,"column":15}},"line":405},"48":{"name":"(anonymous_48)","decl":{"start":{"line":415,"column":36},"end":{"line":415,"column":41}},"loc":{"start":{"line":415,"column":51},"end":{"line":415,"column":120}},"line":415},"49":{"name":"(anonymous_49)","decl":{"start":{"line":419,"column":10},"end":{"line":419,"column":33}},"loc":{"start":{"line":419,"column":40},"end":{"line":432,"column":null}},"line":419},"50":{"name":"(anonymous_50)","decl":{"start":{"line":424,"column":38},"end":{"line":424,"column":46}},"loc":{"start":{"line":424,"column":55},"end":{"line":424,"column":105}},"line":424},"51":{"name":"(anonymous_51)","decl":{"start":{"line":425,"column":40},"end":{"line":425,"column":48}},"loc":{"start":{"line":425,"column":58},"end":{"line":425,"column":74}},"line":425},"52":{"name":"(anonymous_52)","decl":{"start":{"line":431,"column":36},"end":{"line":431,"column":44}},"loc":{"start":{"line":431,"column":54},"end":{"line":431,"column":70}},"line":431},"53":{"name":"(anonymous_53)","decl":{"start":{"line":435,"column":30},"end":{"line":435,"column":42}},"loc":{"start":{"line":435,"column":42},"end":{"line":445,"column":null}},"line":435},"54":{"name":"(anonymous_54)","decl":{"start":{"line":449,"column":25},"end":{"line":449,"column":37}},"loc":{"start":{"line":449,"column":37},"end":{"line":505,"column":null}},"line":449},"55":{"name":"(anonymous_55)","decl":{"start":{"line":469,"column":50},"end":{"line":469,"column":55}},"loc":{"start":{"line":469,"column":65},"end":{"line":469,"column":115}},"line":469},"56":{"name":"(anonymous_56)","decl":{"start":{"line":470,"column":57},"end":{"line":470,"column":62}},"loc":{"start":{"line":470,"column":77},"end":{"line":478,"column":null}},"line":470},"57":{"name":"(anonymous_57)","decl":{"start":{"line":483,"column":50},"end":{"line":483,"column":55}},"loc":{"start":{"line":483,"column":65},"end":{"line":483,"column":117}},"line":483},"58":{"name":"(anonymous_58)","decl":{"start":{"line":488,"column":50},"end":{"line":488,"column":58
[...]
nonymous_9)","decl":{"start":{"line":66,"column":10},"end":{"line":66,"column":31}},"loc":{"start":{"line":66,"column":38},"end":{"line":68,"column":null}},"line":66},"10":{"name":"(anonymous_10)","decl":{"start":{"line":72,"column":10},"end":{"line":72,"column":28}},"loc":{"start":{"line":72,"column":38},"end":{"line":74,"column":null}},"line":72},"11":{"name":"(anonymous_11)","decl":{"start":{"line":77,"column":10},"end":{"line":77,"column":32}},"loc":{"start":{"line":77,"column":32},"end":{"line":79,"column":null}},"line":77},"12":{"name":"(anonymous_12)","decl":{"start":{"line":91,"column":38},"end":{"line":91,"column":46}},"loc":{"start":{"line":91,"column":57},"end":{"line":91,"column":89}},"line":91},"13":{"name":"(anonymous_13)","decl":{"start":{"line":92,"column":35},"end":{"line":92,"column":43}},"loc":{"start":{"line":92,"column":54},"end":{"line":92,"column":86}},"line":92},"14":{"name":"(anonymous_14)","decl":{"start":{"line":102,"column":11},"end":{"line":102,"column":20}},"loc":{"start":{"line":102,"column":30},"end":{"line":112,"column":null}},"line":102},"15":{"name":"(anonymous_15)","decl":{"start":{"line":114,"column":57},"end":{"line":114,"column":63}},"loc":{"start":{"line":114,"column":72},"end":{"line":114,"column":98}},"line":114},"16":{"name":"(anonymous_16)","decl":{"start":{"line":134,"column":32},"end":{"line":134,"column":47}},"loc":{"start":{"line":134,"column":47},"end":{"line":134,"column":60}},"line":134},"17":{"name":"(anonymous_17)","decl":{"start":{"line":145,"column":32},"end":{"line":145,"column":47}},"loc":{"start":{"line":145,"column":47},"end":{"line":145,"column":74}},"line":145},"18":{"name":"(anonymous_18)","decl":{"start":{"line":162,"column":32},"end":{"line":162,"column":47}},"loc":{"start":{"line":162,"column":47},"end":{"line":162,"column":67}},"line":162},"19":{"name":"(anonymous_19)","decl":{"start":{"line":169,"column":32},"end":{"line":169,"column":47}},"loc":{"start":{"line":169,"column":47},"end":{"line":169,"column":65}},"line":169},"20":{"name":"(anonymous_20)","decl":{"start":{"line":253,"column":47},"end":{"line":253,"column":52}},"loc":{"start":{"line":254,"column":36},"end":{"line":325,"column":null}},"line":254},"21":{"name":"(anonymous_21)","decl":{"start":{"line":303,"column":52},"end":{"line":303,"column":67}},"loc":{"start":{"line":303,"column":67},"end":{"line":303,"column":97}},"line":303},"22":{"name":"(anonymous_22)","decl":{"start":{"line":310,"column":52},"end":{"line":310,"column":67}},"loc":{"start":{"line":310,"column":67},"end":{"line":310,"column":88}},"line":310},"23":{"name":"(anonymous_23)","decl":{"start":{"line":317,"column":52},"end":{"line":317,"column":67}},"loc":{"start":{"line":317,"column":67},"end":{"line":317,"column":94}},"line":317},"24":{"name":"(anonymous_24)","decl":{"start":{"line":335,"column":40},"end":{"line":335,"column":55}},"loc":{"start":{"line":335,"column":55},"end":{"line":335,"column":120}},"line":335},"25":{"name":"(anonymous_25)","decl":{"start":{"line":342,"column":40},"end":{"line":342,"column":55}},"loc":{"start":{"line":342,"column":55},"end":{"line":342,"column":107}},"line":342},"26":{"name":"(anonymous_26)","decl":{"start":{"line":394,"column":57},"end":{"line":394,"column":62}},"loc":{"start":{"line":395,"column":48},"end":{"line":395,"column":null}},"line":395},"27":{"name":"(anonymous_27)","decl":{"start":{"line":427,"column":62},"end":{"line":427,"column":67}},"loc":{"start":{"line":428,"column":48},"end":{"line":428,"column":null}},"line":428},"28":{"name":"(anonymous_28)","decl":{"start":{"line":456,"column":48},"end":{"line":456,"column":60}},"loc":{"start":{"line":456,"column":70},"end":{"line":456,"column":null}},"line":456},"29":{"name":"(anonymous_29)","decl":{"start":{"line":459,"column":64},"end":{"line":459,"column":69}},"loc":{"start":{"line":460,"column":52},"end":{"line":463,"column":null}},"line":460},"30":{"name":"(anonymous_30)","decl":{"start":{"line":480,"column":16},"end":{"line":480,"column":25}},"loc":{"start":{"line":480,"column":35},"end":{"line":486,"column":null}},"line":480}},"branchMap":{"0":{"loc":{"start":{"line":29,"column":20},"end":{"line":29,"column":null}},"type":"binary-expr","locations":[{"start":{"line":29,"column":20},"end":{"line":29,"column":43}},{"start":{"line":29,"column":43},"end":{"line":29,"column":null}}],"line":29},"1":{"loc":{"start":{"line":38,"column":21},"end":{"line":38,"column":null}},"type":"cond-expr","locations":[{"start":{"line":38,"column":62},"end":{"line":38,"column":82}},{"start":{"line":38,"column":82},"end":{"line":38,"column":null}}],"line":38},"2":{"loc":{"start":{"line":39,"column":17},"end":{"line":39,"column":null}},"type":"cond-expr","locations":[{"start":{"line":39,"column":54},"end":{"line":39,"column":70}},{"start":{"line":39,"column":70},"end":{"line":39,"column":null}}],"line":39},"3":{"loc":{"start":{"line":40,"column":16},"end":{"line":40,"column":null}},"type":"cond-expr","locations":[{"start":{"line":40,"column":52},"end":{"line":40,"column":67}},{"start":{"line":40,"column":67},"end":{"line":40,"column":null}}],"line":40},"4":{"loc":{"start":{"line":41,"column":19},"end":{"line":41,"column":null}},"type":"cond-expr","locations":[{"start":{"line":41,"column":58},"end":{"line":41,"column":76}},{"start":{"line":41,"column":76},"end":{"line":41,"column":null}}],"line":41},"5":{"loc":{"start":{"line":42,"column":18},"end":{"line":42,"column":null}},"type":"cond-expr","locations":[{"start":{"line":42,"column":56},"end":{"line":42,"column":73}},{"start":{"line":42,"column":73},"end":{"line":42,"column":null}}],"line":42},"6":{"loc":{"start":{"line":47,"column":8},"end":{"line":48,"column":null}},"type":"if","locations":[{"start":{"line":47,"column":8},"end":{"line":48,"column":null}},{"start":{},"end":{}}],"line":47},"7":{"loc":{"start":{"line":47,"column":12},"end":{"line":47,"column":126}},"type":"binary-expr","locations":[{"start":{"line":47,"column":12},"end":{"line":47,"column":29}},{"start":{"line":47,"column":29},"end":{"line":47,"column":41}},{"start":{"line":47,"column":41},"end":{"line":47,"column":74}},{"start":{"line":47,"column":74},"end":{"line":47,"column":126}}],"line":47},"8":{"loc":{"start":{"line":54,"column":20},"end":{"line":55,"column":null}},"type":"if","locations":[{"start":{"line":54,"column":20},"end":{"line":55,"column":null}},{"start":{},"end":{}}],"line":54},"9":{"loc":{"start":{"line":67,"column":8},"end":{"line":68,"column":null}},"type":"if","locations":[{"start":{"line":67,"column":8},"end":{"line":68,"column":null}},{"start":{},"end":{}}],"line":67},"10":{"loc":{"start":{"line":89,"column":20},"end":{"line":89,"column":null}},"type":"cond-expr","locations":[{"start":{"line":89,"column":37},"end":{"line":89,"column":99}},{"start":{"line":89,"column":102},"end":{"line":89,"column":null}}],"line":89},"11":{"loc":{"start":{"line":93,"column":22},"end":{"line":93,"column":null}},"type":"cond-expr","locations":[{"start":{"line":93,"column":49},"end":{"line":93,"column":86}},{"start":{"line":93,"column":86},"end":{"line":93,"column":null}}],"line":93},"12":{"loc":{"start":{"line":94,"column":20},"end":{"line":94,"column":null}},"type":"cond-expr","locations":[{"start":{"line":94,"column":46},"end":{"line":94,"column":87}},{"start":{"line":94,"column":90},"end":{"line":94,"column":null}}],"line":94},"13":{"loc":{"start":{"line":108,"column":8},"end":{"line":109,"column":null}},"type":"if","locations":[{"start":{"line":108,"column":8},"end":{"line":109,"column":null}},{"start":{},"end":{}}],"line":108},"14":{"loc":{"start":{"line":147,"column":36},"end":{"line":149,"column":null}},"type":"cond-expr","locations":[{"start":{"line":148,"column":42},"end":{"line":148,"column":null}},{"start":{"line":149,"column":42},"end":{"line":149,"column":null}}],"line":147},"15":{"loc":{"start":{"line":156,"column":41},"end":{"line":156,"column":null}},"type":"cond-expr","locations":[{"start":{"line":156,"column":60},"end":{"line":156,"column":76}},{"start":{"line":156,"column":76},"end":{"line":156,"column":null}}],"line":156},"16":{"loc":{"start":{"line":157,"column":140},"end":{"line":157,"column":null}},"type":"cond-expr","locations":[{"start":{"line":157,"column":159},"end":{"line":157,"column":223}},{"start":{"line":157,"column":223},"end":{"line":157,"column":null}}],"line":157},"17":{"loc":{"start":{"line":159,"column":33},"end":{"line":159,"column":null}},"type":"cond-expr","locations":[{"start":{"line":159,"column":52},"end":{"line":159,"column":72}},{"start":{"line":159,"column":72},"end":{"line":159,"column":null}}],"line":159},"18":{"loc":{"start":{"line":217,"column":96},"end":{"line":217,"column":null}},"type":"cond-expr","locations":[{"start":{"line":217,"column":122},"end":{"line":217,"column":145}},{"start":{"line":217,"column":145},"end":{"line":217,"column":null}}],"line":217},"19":{"loc":{"start":{"line":219,"column":64},"end":{"line":219,"column":129}},"type":"cond-expr","locations":[{"start":{"line":219,"column":90},"end":{"line":219,"column":111}},{"start":{"line":219,"column":111},"end":{"line":219,"column":129}}],"line":219},"20":{"loc":{"start":{"line":220,"column":30},"end":{"line":220,"column":null}},"type":"cond-expr","locations":[{"start":{"line":220,"column":68},"end":{"line":220,"column":97}},{"start":{"line":220,"column":100},"end":{"line":220,"column":null}}],"line":220},"21":{"loc":{"start":{"line":222,"column":25},"end":{"line":223,"column":null}},"type":"binary-expr","locations":[{"start":{"line":222,"column":25},"end":{"line":222,"column":66}},{"start":{"line":222,"column":66},"end":{"line":222,"column":null}},{"start":{"line":223,"column":28},"end":{"line":223,"column":null}}],"line":222},"22":{"loc":{"start":{"line":231,"column":21},"end":{"line":234,"column":null}},"type":"binary-expr","locations":[{"start":{"line":231,"column":21},"end":{"line":231,"column":null}},{"start":{"line":232,"column":24},"end":{"line":234,"column":null}}],"line":231},"23":{"loc":{"start":{"line":264,"column":48},"end":{"line":266,"column":null}},"type":"cond-expr","locations":[{"start":{"line":265,"column":54},"end":{"line":265,"column":null}},{"start":{"line":266,"column":54},"end":{"line":266,"column":null}}],"line":264},"24":{"loc":{"start":{"line":280,"column":45},"end":{"line":280,"column":null}},"type":"cond-expr","locations":[{"start":{"line":280,"column":72},"end":{"line":280,"column":118}},{"start":{"line":280,"column":118},"end":{"line":280,"column":null}}],"line":280},"25":{"loc":{"start":{"line":280,"column":75},"end":{"line":280,"column":103}},"type":"cond-expr","locations":[{"start":{"line":280,"column":92},"end":{"line":280,"column":98}},{"start":{"line":280,"column":98},"end":{"line":280,"column":103}}],"line":280},"26":{"loc":{"start":{"line":283,"column":74},"end":{"line":283,"column":120}},"type":"cond-expr","locations":[{"start":{"line":283,"column":111},"end":{"line":283,"column":117}},{"start":{"line":283,"column":117},"end":{"line":283,"column":120}}],"line":283},"27":{"loc":{"start":{"line":284,"column":81},"end":{"line":284,"column":107}},"type":"cond-expr","locations":[{"start":{"line":284,"column":97},"end":{"line":284,"column":103}},{"start":{"line":284,"column":103},"end":{"line":284,"column":107}}],"line":284},"28":{"loc":{"start":{"line":284,"column":107},"end":{"line":284,"column":146}},"type":"binary-expr","locations":[{"start":{"line":284,"column":107},"end":{"line":284,"column":135}},{"start":{"line":284,"column":139},"end":{"line":284,"column":146}}],"line":284},"29":{"loc":{"start":{"line":288,"column":48},"end":{"line":292,"column":null}},"type":"cond-expr","locations":[{"start":{"line":289,"column":54},"end":{"line":289,"column":null}},{"start":{"line":290,"column":54},"end":{"line":292,"column":null}}],"line":288},"30":{"loc":{"start":{"line":290,"column":54},"end":{"line":292,"column":null}},"type":"cond-expr","locations":[{"start":{"line":291,"column":58},"end":{"line":291,"column":null}},{"start":{"line":292,"column":58},"end":{"line":292,"column":null}}],"line":290},"31":{"loc":{"start":{"line":298,"column":45},"end":{"line":298,"column":null}},"type":"cond-expr","locations":[{"start":{"line":298,"column":60},"end":{"line":298,"column":134}},{"start":{"line":298,"column":134},"end":{"line":298,"column":null}}],"line":298},"32":{"loc":{"start":{"line":298,"column":93},"end":{"line":298,"column":134}},"type":"cond-expr","locations":[{"start":{"line":298,"column":120},"end":{"line":298,"column":128}},{"start":{"line":298,"column":128},"end":{"line":298,"column":134}}],"line":298},"33":{"loc":{"start":{"line":349,"column":37},"end":{"line":362,"column":null}},"type":"cond-expr","locations":[{"start":{"line":350,"column":40},"end":{"line":351,"column":null}},{"start":{"line":351,"column":40},"end":{"line":362,"column":null}}],"line":349},"34":{"loc":{"start":{"line":351,"column":40},"end":{"line":362,"column":null}},"type":"cond-expr","locations":[{"start":{"line":352,"column":40},"end":{"line":360,"column":41}},{"start":{"line":360,"column":40},"end":{"line":362,"column":null}}],"line":351},"35":{"loc":{"start":{"line":369,"column":21},"end":{"line":467,"column":null}},"type":"binary-expr","locations":[{"start":{"line":369,"column":21},"end":{"line":369,"column":null}},{"start":{"line":370,"column":24},"end":{"line":467,"column":null}}],"line":369},"36":{"loc":{"start":{"line":436,"column":29},"end":{"line":467,"column":null}},"type":"binary-expr","locations":[{"start":{"line":436,"column":29},"end":{"line":436,"column":null}},{"start":{"line":437,"column":32},"end":{"line":467,"column":null}}],"line":436},"37":{"loc":{"start":{"line":462,"column":62},"end":{"line":462,"column":null}},"type":"cond-expr","locations":[{"start":{"line":462,"column":79},"end":{"line":462,"column":98}},{"start":{"line":462,"column":98},"end":{"line":462,"column":null}}],"line":462},"38":{"loc":{"start":{"line":481,"column":20},"end":{"line":484,"column":null}},"type":"if","locations":[{"start":{"line":481,"column":20},"end":{"line":484,"column":null}},{"start":{"line":483,"column":27},"end":{"line":484,"column":null}}],"line":481},"39":{"loc":{"start":{"line":491,"column":13},"end":{"line":497,"column":null}},"type":"binary-expr","locations":[{"start":{"line":491,"column":13},"end":{"line":491,"column":null}},{"start":{"line":492,"column":16},"end":{"line":497,"column":null}}],"line":491}},"s":{"0":24,"1":24,"2":24,"3":24,"4":24,"5":24,"6":24,"7":24,"8":24,"9":48,"10":24,"11":48,"12":24,"13":48,"14":24,"15":24,"16":48,"17":24,"18":24,"19":19,"20":19,"21":19,"22":0,"23":0,"24":0,"25":0,"26":0,"27":0,"28":0,"29":24,"30":1,"31":1,"32":24,"33":2,"34":2,"35":24,"36":3,"37":3,"38":24,"39":24,"40":24,"41":24,"42":24,"43":24,"44":24,"45":24,"46":24,"47":24,"48":24,"49":24,"50":48,"51":48,"52":48,"53":48,"54":48,"55":25,"56":48,"57":24,"58":1,"59":24,"60":24,"61":0,"62":0,"63":0,"64":0,"65":48,"66":0,"67":2,"68":1,"69":0,"70":0,"71":0,"72":0,"73":0,"74":0,"75":2,"76":1,"77":1,"78":2},"f":{"0":24,"1":48,"2":48,"3":48,"4":48,"5":19,"6":0,"7":0,"8":0,"9":1,"10":2,"11":3,"12":24,"13":24,"14":48,"15":1,"16":0,"17":0,"18":0,"19":0,"20":48,"21":0,"22":2,"23":1,"24":0,"25":0,"26":0,"27":0,"28":0,"29":0,"30":2},"b":{"0":[24,0],"1":[24,0],"2":[24,0],"3":[24,0],"4":[24,0],"5":[24,0],"6":[19,0],"7":[19,19,19,19],"8":[0,0],"9":[1,0],"10":[24,0],"11":[23,1],"12":[24,0],"13":[25,23],"14":[0,24],"15":[0,24],"16":[0,24],"17":[0,24],"18":[24,0],"19":[24,0],"20":[24,0],"21":[24,24,0],"22":[24,0],"23":[48,0],"24":[47,1],"25":[23,24],"26":[24,24],"27":[24,24],"28":[48,0],"29":[24,24],"30":[24,0],"31":[47,1],"32":[47,0],"33":[0,24],"34":[24,0],"35":[24,0],"36":[0,0],"37":[0,0],"38":[1,1],"39":[24,24]},"meta":{"lastBranch":40,"lastFunction":31,"lastStatement":79,"seen":{"f:18:16:18:34":0,"s:19:10:19:34":0,"s:20:24:20:61":1,"s:22:194:22:222":2,"s:24:25:24:59":3,"s:25:25:25:58":4,"s:26:10:26:36":5,"s:28:26:28:Infinity":6,"s:29:20:29:Infinity":7,"b:29:20:29:43:29:43:29:Infinity":0,"s:31:26:31:69":8,"f:31:33:31:41":1,"s:31:47:31:69":9,"s:32:25:32:67":10,"f:32:32:32:40":2,"s:32:46:32:67":11,"s:33:28:33:Infinity":12,"f:33:35:33:43":3,"s:33:49:33:74":13,"s:34:29:34:Infinity":14,"s:35:31:35:101":15,"f:35:38:35:46":4,"s:35:61:35:97":16,"s:37:22:43:Infinity":17,"b:38:62:38:82:38:82:38:Infinity":1,"b:39:54:39:70:39:70:39:Infinity":2,"b:40:52:40:67:40:67:40:Infinity":3,"b:41:58:41:76:41:76:41:Infinity":4,"b:42:56:42:73:42:73:42:Infinity":5,"s:45:4:64:Infinity":18,"f:45:4:45:20":5,"s:46:29:46:Infinity":19,"b:47:8:48:Infinity:undefined:undefined:undefined:undefined":6,"s:47:8:48:Infinity":20,"b:47:12:47:29:47:29:47:41:47:41:47:74:47:74:47:126":7,"s:48:12:48:Infinity":21,"s:51:25:59:Infinity":22,"f:51:36:51:Infinity":6,"s:53:16:57:Infinity":23,"f:53:24:53:33":7,"b:54:20:55:Infinity:undefined:undefined:undefined:undefined":8,"s:54:20:55:Infinity":24,"s:55:24:55:Infinity":25,"s:62:8:62:Infinity":26,"s:63:8:63:Infinity":27,"f:63:8:63:21":8,"s:63:21:63:42":28,"s:66:10:68:Infinity":29,"f:66:10:66:31":9,"b:67:8:68:Infinity:undefined:undefined:undefined:undefined":9,"s:67:8:68:Infinity":30,"s:68:12:68:Infinity":31,"s:72:10:74:Infinity":32,"f:72:10:72:28":10,"s:73:8:73:Infinity":33,"s:74:8:74:Infinity":34,"s:77:10:79:Infinity":35,"f:77:10:77:32":11,"s:78:8:78:Infinity":36,"s:79:8:79:Infinity":37,"s:83:24:85:Infinity":38,"s:88:27:88:Infinity":39,"s:89:20:89:Infinity":40,"b:89:37:89:99:89:102:89:Infinity":10,"s:91:24:91:93":41,"f:91:38:91:46":12,"s:91:57:91:89":42,"s:92:22:92:90":43,"f:92:35:92:43":13,"s:92:54:92:86":44,"s:93:22:93:Infinity":45,"b:93:49:93:86:93:86:93:Infinity":11,"s:94:20:94:Infinity":46,"b:94:46:94:87:94:90:94:Infinity":12,"s:96:29:98:Infinity":47,"s:101:27:101:29":48,"s:102:4:112:Infinity":49,"f:102:11:102:20":14,"s:103:21:103:46":50,"s:104:25:104:75":51,"s:105:24:105:63":52,"s:106:22:106:Infinity":53,"b:108:8:109:Infinity:undefined:undefined:undefined:undefined":13,"s:108:8:109:Infinity":54,"s:109:12:109:Infinity":55,"s:111:8:111:Infinity":56,"s:114:27:114:98":57,"f:114:57:114:63":15,"s:114:72:114:98":58,"s:116:30:121:Infinity":59,"s:123:4:497:Infinity":60,"f:134:32:134:47":16,"s:134:47:134:60":61,"f:145:32:145:47":17,"s:145:47:145:74":62,"b:148:42:148:Infinity:149:42:149:Infinity":14,"b:156:60:156:76:156:76:156:Infinity":15,"b:157:159:157:223:157:223:157:Infinity":16,"b:159:52:159:72:159:72:159:Infinity":17,"f:162:32:162:47":18,"s:162:47:162:67":63,"f:169:32:169:47":19,"s:169:47:169:65":64,"b:217:122:217:145:217:145:217:Infinity":18,"b:219:90:219:111:219:111:219:129":19,"b:220:68:220:97:220:100:220:Infinity":20,"b:222:25:222:66:222:66:222:Infinity:223:28:223:Infinity":21,"b:231:21:231:Infinity:232:24:234:Infinity":22,"f:253:47:253:52":20,"s:254:36:325:Infinity":65,"b:265:54:265:Infinity:266:54:266:Infinity":23,"b:280:72:280:118:280:118:280:Infinity":24,"b:280:92:280:98:280:98:280:103":25,"b:283:111:283:117:283:117:283:120":26,"b:284:97:284:103:284:103:284:107":27,"b:284:107:284:135:284:139:284:146":28,"b:289:54:289:Infinity:290:54:292:Infinity":29,"b:291:58:291:Infinity:292:58:292:Infinity":30,"b:298:60:298:134:298:134:298:Infinity":31,"b:298:120:298:128:298:128:298:134":32,"f:303:52:303:67":21,"s:303:67:303:97":66,"f:310:52:310:67":22,"s:310:67:310:88":67,"f:317:52:317:67":23,"s:317:67:317:94":68,"f:335:40:335:55":24,"s:335:55:335:120":69,"f:342:40:342:55":25,"s:342:55:342:107":70,"b:350:40:351:Infinity:351:40:362:Infinity":33,"b:352:40:360:41:360:40:362:Infinity":34,"b:369:21:369:Infinity:370:24:467:Infinity":35,"f:394:57:394:62":26,"s:395:48:395:Infinity":71,"f:427:62:427:67":27,"s:428:48:428:Infinity":72,"b:436:29:436:Infinity:437:32:467:Infinity":36,"f:456:48:456:60":28,"s:456:70:456:Infinity":73,"f:459:64:459:69":29,"s:460:52:463:Infinity":74,"b:462:79:462:98:462:98:462:Infinity":37,"f:480:16:480:25":30,"b:481:20:484:Infinity:483:27:484:Infinity":38,"s:481:20:484:Infinity":75,"s:482:24:482:Infinity":76,"s:484:24:484:Infinity":77,"s:486:20:486:Infinity":78,"b:491:13:491:Infinity:492:16:497:Infinity":39}}}
}
