{"C:\\Users\\Cata\\WebstormProjects\\untitled1\\src\\components\\TradeDialog.jsx": {"path":"C:\\Users\\Cata\\WebstormProjects\\untitled1\\src\\components\\TradeDialog.jsx","statementMap":{"0":{"start":{"line":21,"column":19},"end":{"line":21,"column":null}},"1":{"start":{"line":24,"column":21},"end":{"line":34,"column":6}},"2":{"start":{"line":35,"column":19},"end":{"line":35,"column":44}},"3":{"start":{"line":36,"column":29},"end":{"line":36,"column":66}},"4":{"start":{"line":37,"column":23},"end":{"line":37,"column":55}},"5":{"start":{"line":38,"column":18},"end":{"line":38,"column":42}},"6":{"start":{"line":39,"column":10},"end":{"line":39,"column":37}},"7":{"start":{"line":41,"column":4},"end":{"line":77,"column":null}},"8":{"start":{"line":42,"column":8},"end":{"line":75,"column":null}},"9":{"start":{"line":43,"column":12},"end":{"line":73,"column":null}},"10":{"start":{"line":44,"column":16},"end":{"line":54,"column":null}},"11":{"start":{"line":55,"column":16},"end":{"line":55,"column":null}},"12":{"start":{"line":57,"column":28},"end":{"line":57,"column":38}},"13":{"start":{"line":59,"column":31},"end":{"line":59,"column":null}},"14":{"start":{"line":60,"column":38},"end":{"line":60,"column":88}},"15":{"start":{"line":62,"column":16},"end":{"line":72,"column":null}},"16":{"start":{"line":73,"column":16},"end":{"line":73,"column":null}},"17":{"start":{"line":75,"column":12},"end":{"line":75,"column":null}},"18":{"start":{"line":79,"column":10},"end":{"line":95,"column":null}},"19":{"start":{"line":80,"column":8},"end":{"line":80,"column":null}},"20":{"start":{"line":80,"column":20},"end":{"line":80,"column":null}},"21":{"start":{"line":82,"column":8},"end":{"line":95,"column":null}},"22":{"start":{"line":83,"column":12},"end":{"line":93,"column":null}},"23":{"start":{"line":84,"column":31},"end":{"line":84,"column":47}},"24":{"start":{"line":85,"column":16},"end":{"line":91,"column":null}},"25":{"start":{"line":86,"column":37},"end":{"line":90,"column":null}},"26":{"start":{"line":91,"column":20},"end":{"line":91,"column":null}},"27":{"start":{"line":91,"column":40},"end":{"line":91,"column":59}},"28":{"start":{"line":93,"column":16},"end":{"line":93,"column":null}},"29":{"start":{"line":98,"column":10},"end":{"line":115,"column":null}},"30":{"start":{"line":99,"column":22},"end":{"line":99,"column":null}},"31":{"start":{"line":100,"column":8},"end":{"line":100,"column":null}},"32":{"start":{"line":100,"column":20},"end":{"line":100,"column":null}},"33":{"start":{"line":102,"column":8},"end":{"line":115,"column":null}},"34":{"start":{"line":102,"column":21},"end":{"line":102,"column":24}},"35":{"start":{"line":103,"column":12},"end":{"line":115,"column":null}},"36":{"start":{"line":104,"column":29},"end":{"line":104,"column":49}},"37":{"start":{"line":105,"column":16},"end":{"line":115,"column":null}},"38":{"start":{"line":106,"column":35},"end":{"line":106,"column":51}},"39":{"start":{"line":107,"column":20},"end":{"line":113,"column":null}},"40":{"start":{"line":108,"column":41},"end":{"line":112,"column":null}},"41":{"start":{"line":113,"column":24},"end":{"line":113,"column":null}},"42":{"start":{"line":113,"column":44},"end":{"line":113,"column":63}},"43":{"start":{"line":115,"column":20},"end":{"line":115,"column":null}},"44":{"start":{"line":121,"column":10},"end":{"line":123,"column":null}},"45":{"start":{"line":122,"column":8},"end":{"line":122,"column":null}},"46":{"start":{"line":123,"column":8},"end":{"line":123,"column":null}},"47":{"start":{"line":126,"column":10},"end":{"line":127,"column":null}},"48":{"start":{"line":127,"column":8},"end":{"line":127,"column":null}},"49":{"start":{"line":130,"column":10},"end":{"line":133,"column":null}},"50":{"start":{"line":131,"column":8},"end":{"line":131,"column":null}},"51":{"start":{"line":132,"column":8},"end":{"line":132,"column":null}},"52":{"start":{"line":133,"column":8},"end":{"line":133,"column":null}},"53":{"start":{"line":136,"column":10},"end":{"line":137,"column":null}},"54":{"start":{"line":137,"column":8},"end":{"line":137,"column":null}},"55":{"start":{"line":137,"column":28},"end":{"line":137,"column":63}},"56":{"start":{"line":137,"column":49},"end":{"line":137,"column":63}},"57":{"start":{"line":140,"column":4},"end":{"line":147,"column":null}},"58":{"start":{"line":141,"column":8},"end":{"line":144,"column":null}},"59":{"start":{"line":142,"column":18},"end":{"line":142,"column":59}},"60":{"start":{"line":142,"column":45},"end":{"line":142,"column":59}},"61":{"start":{"line":143,"column":12},"end":{"line":143,"column":null}},"62":{"start":{"line":144,"column":12},"end":{"line":144,"column":null}},"63":{"start":{"line":144,"column":25},"end":{"line":144,"column":81}},"64":{"start":{"line":149,"column":10},"end":{"line":180,"column":null}},"65":{"start":{"line":150,"column":8},"end":{"line":150,"column":null}},"66":{"start":{"line":153,"column":25},"end":{"line":153,"column":51}},"67":{"start":{"line":154,"column":24},"end":{"line":154,"column":49}},"68":{"start":{"line":156,"column":8},"end":{"line":156,"column":null}},"69":{"start":{"line":156,"column":36},"end":{"line":156,"column":null}},"70":{"start":{"line":157,"column":8},"end":{"line":157,"column":null}},"71":{"start":{"line":157,"column":46},"end":{"line":157,"column":null}},"72":{"start":{"line":158,"column":8},"end":{"line":158,"column":null}},"73":{"start":{"line":158,"column":44},"end":{"line":158,"column":null}},"74":{"start":{"line":159,"column":8},"end":{"line":159,"column":null}},"75":{"start":{"line":159,"column":71},"end":{"line":159,"column":null}},"76":{"start":{"line":161,"column":20},"end":{"line":161,"column":null}},"77":{"start":{"line":162,"column":28},"end":{"line":162,"column":null}},"78":{"start":{"line":164,"column":26},"end":{"line":178,"column":null}},"79":{"start":{"line":180,"column":8},"end":{"line":180,"column":null}},"80":{"start":{"line":183,"column":4},"end":{"line":427,"column":null}},"81":{"start":{"line":206,"column":49},"end":{"line":206,"column":100}},"82":{"start":{"line":221,"column":53},"end":{"line":221,"column":104}},"83":{"start":{"line":235,"column":53},"end":{"line":235,"column":103}},"84":{"start":{"line":248,"column":53},"end":{"line":248,"column":103}},"85":{"start":{"line":261,"column":53},"end":{"line":261,"column":108}},"86":{"start":{"line":273,"column":53},"end":{"line":273,"column":106}},"87":{"start":{"line":283,"column":93},"end":{"line":283,"column":139}},"88":{"start":{"line":296,"column":90},"end":{"line":296,"column":133}},"89":{"start":{"line":315,"column":49},"end":{"line":315,"column":101}},"90":{"start":{"line":331,"column":40},"end":{"line":333,"column":null}},"91":{"start":{"line":355,"column":49},"end":{"line":355,"column":81}},"92":{"start":{"line":366,"column":55},"end":{"line":366,"column":84}},"93":{"start":{"line":382,"column":36},"end":{"line":403,"column":null}},"94":{"start":{"line":398,"column":59},"end":{"line":398,"column":78}},"95":{"start":{"line":413,"column":43},"end":{"line":413,"column":62}}},"fnMap":{"0":{"name":"TradeDialog","decl":{"start":{"line":23,"column":16},"end":{"line":23,"column":28}},"loc":{"start":{"line":23,"column":67},"end":{"line":427,"column":null}},"line":23},"1":{"name":"(anonymous_1)","decl":{"start":{"line":41,"column":4},"end":{"line":41,"column":20}},"loc":{"start":{"line":41,"column":20},"end":{"line":77,"column":8}},"line":41},"2":{"name":"(anonymous_2)","decl":{"start":{"line":79,"column":10},"end":{"line":79,"column":30}},"loc":{"start":{"line":79,"column":40},"end":{"line":95,"column":null}},"line":79},"3":{"name":"(anonymous_3)","decl":{"start":{"line":82,"column":26},"end":{"line":82,"column":35}},"loc":{"start":{"line":82,"column":44},"end":{"line":95,"column":null}},"line":82},"4":{"name":"(anonymous_4)","decl":{"start":{"line":85,"column":23},"end":{"line":85,"column":33}},"loc":{"start":{"line":85,"column":39},"end":{"line":91,"column":null}},"line":85},"5":{"name":"(anonymous_5)","decl":{"start":{"line":91,"column":20},"end":{"line":91,"column":31}},"loc":{"start":{"line":91,"column":40},"end":{"line":91,"column":59}},"line":91},"6":{"name":"(anonymous_6)","decl":{"start":{"line":98,"column":10},"end":{"line":98,"column":25}},"loc":{"start":{"line":98,"column":31},"end":{"line":115,"column":null}},"line":98},"7":{"name":"(anonymous_7)","decl":{"start":{"line":107,"column":27},"end":{"line":107,"column":37}},"loc":{"start":{"line":107,"column":47},"end":{"line":113,"column":null}},"line":107},"8":{"name":"(anonymous_8)","decl":{"start":{"line":113,"column":24},"end":{"line":113,"column":35}},"loc":{"start":{"line":113,"column":44},"end":{"line":113,"column":63}},"line":113},"9":{"name":"(anonymous_9)","decl":{"start":{"line":121,"column":10},"end":{"line":121,"column":28}},"loc":{"start":{"line":121,"column":34},"end":{"line":123,"column":null}},"line":121},"10":{"name":"(anonymous_10)","decl":{"start":{"line":126,"column":10},"end":{"line":126,"column":34}},"loc":{"start":{"line":126,"column":34},"end":{"line":127,"column":null}},"line":126},"11":{"name":"(anonymous_11)","decl":{"start":{"line":130,"column":10},"end":{"line":130,"column":24}},"loc":{"start":{"line":130,"column":30},"end":{"line":133,"column":null}},"line":130},"12":{"name":"(anonymous_12)","decl":{"start":{"line":136,"column":10},"end":{"line":136,"column":25}},"loc":{"start":{"line":136,"column":32},"end":{"line":137,"column":null}},"line":136},"13":{"name":"(anonymous_13)","decl":{"start":{"line":137,"column":8},"end":{"line":137,"column":19}},"loc":{"start":{"line":137,"column":28},"end":{"line":137,"column":63}},"line":137},"14":{"name":"(anonymous_14)","decl":{"start":{"line":137,"column":33},"end":{"line":137,"column":41}},"loc":{"start":{"line":137,"column":49},"end":{"line":137,"column":63}},"line":137},"15":{"name":"(anonymous_15)","decl":{"start":{"line":140,"column":4},"end":{"line":140,"column":20}},"loc":{"start":{"line":140,"column":20},"end":{"line":147,"column":8}},"line":140},"16":{"name":"(anonymous_16)","decl":{"start":{"line":142,"column":18},"end":{"line":142,"column":39}},"loc":{"start":{"line":142,"column":45},"end":{"line":142,"column":59}},"line":142},"17":{"name":"(anonymous_17)","decl":{"start":{"line":144,"column":12},"end":{"line":144,"column":25}},"loc":{"start":{"line":144,"column":25},"end":{"line":144,"column":81}},"line":144},"18":{"name":"(anonymous_18)","decl":{"start":{"line":149,"column":10},"end":{"line":149,"column":26}},"loc":{"start":{"line":149,"column":32},"end":{"line":180,"column":null}},"line":149},"19":{"name":"(anonymous_19)","decl":{"start":{"line":206,"column":32},"end":{"line":206,"column":43}},"loc":{"start":{"line":206,"column":49},"end":{"line":206,"column":100}},"line":206},"20":{"name":"(anonymous_20)","decl":{"start":{"line":221,"column":36},"end":{"line":221,"column":47}},"loc":{"start":{"line":221,"column":53},"end":{"line":221,"column":104}},"line":221},"21":{"name":"(anonymous_21)","decl":{"start":{"line":235,"column":36},"end":{"line":235,"column":47}},"loc":{"start":{"line":235,"column":53},"end":{"line":235,"column":103}},"line":235},"22":{"name":"(anonymous_22)","decl":{"start":{"line":248,"column":36},"end":{"line":248,"column":47}},"loc":{"start":{"line":248,"column":53},"end":{"line":248,"column":103}},"line":248},"23":{"name":"(anonymous_23)","decl":{"start":{"line":261,"column":36},"end":{"line":261,"column":47}},"loc":{"start":{"line":261,"column":53},"end":{"line":261,"column":108}},"line":261},"24":{"name":"(anonymous_24)","decl":{"start":{"line":273,"column":36},"end":{"line":273,"column":47}},"loc":{"start":{"line":273,"column":53},"end":{"line":273,"column":106}},"line":273},"25":{"name":"(anonymous_25)","decl":{"start":{"line":283,"column":67},"end":{"line":283,"column":83}},"loc":{"start":{"line":283,"column":93},"end":{"line":283,"column":139}},"line":283},"26":{"name":"(anonymous_26)","decl":{"start":{"line":296,"column":64},"end":{"line":296,"column":80}},"loc":{"start":{"line":296,"column":90},"end":{"line":296,"column":133}},"line":296},"27":{"name":"(anonymous_27)","decl":{"start":{"line":315,"column":32},"end":{"line":315,"column":43}},"loc":{"start":{"line":315,"column":49},"end":{"line":315,"column":101}},"line":315},"28":{"name":"(anonymous_28)","decl":{"start":{"line":330,"column":48},"end":{"line":330,"column":53}},"loc":{"start":{"line":331,"column":40},"end":{"line":333,"column":null}},"line":331},"29":{"name":"(anonymous_29)","decl":{"start":{"line":355,"column":32},"end":{"line":355,"column":43}},"loc":{"start":{"line":355,"column":49},"end":{"line":355,"column":81}},"line":355},"30":{"name":"(anonymous_30)","decl":{"start":{"line":366,"column":40},"end":{"line":366,"column":55}},"loc":{"start":{"line":366,"column":55},"end":{"line":366,"column":84}},"line":366},"31":{"name":"(anonymous_31)","decl":{"start":{"line":381,"column":40},"end":{"line":381,"column":45}},"loc":{"start":{"line":382,"column":36},"end":{"line":403,"column":null}},"line":382},"32":{"name":"(anonymous_32)","decl":{"start":{"line":398,"column":44},"end":{"line":398,"column":59}},"loc":{"start":{"line":398,"column":59},"end":{"line":398,"column":78}},"line":398},"33":{"name":"(anonymous_33)","decl":{"start":{"line":413,"column":28},"end":{"line":413,"column":43}},"loc":{"start":{"line":413,"column":43},"end":{"line":413,"column":62}},"line":413}},"branchMap":{"0":{"loc":{"start":{"line":42,"column":8},"end":{"line":75,"column":null}},"type":"if","locations":[{"start":{"line":42,"column":8},"end":{"line":75,"column":null}},{"start":{},"end":{}}],"line":42},"1":{"loc":{"start":{"line":43,"column":12},"end":{"line":73,"column":null}},"type":"if","locations":[{"start":{"line":43,"column":12},"end":{"line":73,"column":null}},{"start":{"line":56,"column":19},"end":{"line":73,"column":null}}],"line":43},"2":{"loc":{"start":{"line":50,"column":26},"end":{"line":50,"column":null}},"type":"binary-expr","locations":[{"start":{"line":50,"column":26},"end":{"line":50,"column":48}},{"start":{"line":50,"column":52},"end":{"line":50,"column":null}}],"line":50},"3":{"loc":{"start":{"line":51,"column":28},"end":{"line":51,"column":null}},"type":"binary-expr","locations":[{"start":{"line":51,"column":28},"end":{"line":51,"column":44}},{"start":{"line":51,"column":44},"end":{"line":51,"column":null}}],"line":51},"4":{"loc":{"start":{"line":55,"column":26},"end":{"line":55,"column":44}},"type":"binary-expr","locations":[{"start":{"line":55,"column":26},"end":{"line":55,"column":42}},{"start":{"line":55,"column":42},"end":{"line":55,"column":44}}],"line":55},"5":{"loc":{"start":{"line":80,"column":8},"end":{"line":80,"column":null}},"type":"if","locations":[{"start":{"line":80,"column":8},"end":{"line":80,"column":null}},{"start":{},"end":{}}],"line":80},"6":{"loc":{"start":{"line":83,"column":12},"end":{"line":93,"column":null}},"type":"if","locations":[{"start":{"line":83,"column":12},"end":{"line":93,"column":null}},{"start":{},"end":{}}],"line":83},"7":{"loc":{"start":{"line":100,"column":8},"end":{"line":100,"column":null}},"type":"if","locations":[{"start":{"line":100,"column":8},"end":{"line":100,"column":null}},{"start":{},"end":{}}],"line":100},"8":{"loc":{"start":{"line":103,"column":12},"end":{"line":115,"column":null}},"type":"if","locations":[{"start":{"line":103,"column":12},"end":{"line":115,"column":null}},{"start":{},"end":{}}],"line":103},"9":{"loc":{"start":{"line":105,"column":16},"end":{"line":115,"column":null}},"type":"if","locations":[{"start":{"line":105,"column":16},"end":{"line":115,"column":null}},{"start":{},"end":{}}],"line":105},"10":{"loc":{"start":{"line":141,"column":8},"end":{"line":144,"column":null}},"type":"if","locations":[{"start":{"line":141,"column":8},"end":{"line":144,"column":null}},{"start":{},"end":{}}],"line":141},"11":{"loc":{"start":{"line":156,"column":8},"end":{"line":156,"column":null}},"type":"if","locations":[{"start":{"line":156,"column":8},"end":{"line":156,"column":null}},{"start":{},"end":{}}],"line":156},"12":{"loc":{"start":{"line":157,"column":8},"end":{"line":157,"column":null}},"type":"if","locations":[{"start":{"line":157,"column":8},"end":{"line":157,"column":null}},{"start":{},"end":{}}],"line":157},"13":{"loc":{"start":{"line":157,"column":12},"end":{"line":157,"column":46}},"type":"binary-expr","locations":[{"start":{"line":157,"column":12},"end":{"line":157,"column":27}},{"start":{"line":157,"column":31},"end":{"line":157,"column":46}}],"line":157},"14":{"loc":{"start":{"line":158,"column":8},"end":{"line":158,"column":null}},"type":"if","locations":[{"start":{"line":158,"column":8},"end":{"line":158,"column":null}},{"start":{},"end":{}}],"line":158},"15":{"loc":{"start":{"line":158,"column":12},"end":{"line":158,"column":44}},"type":"binary-expr","locations":[{"start":{"line":158,"column":12},"end":{"line":158,"column":26}},{"start":{"line":158,"column":30},"end":{"line":158,"column":44}}],"line":158},"16":{"loc":{"start":{"line":159,"column":8},"end":{"line":159,"column":null}},"type":"if","locations":[{"start":{"line":159,"column":8},"end":{"line":159,"column":null}},{"start":{},"end":{}}],"line":159},"17":{"loc":{"start":{"line":161,"column":20},"end":{"line":161,"column":null}},"type":"cond-expr","locations":[{"start":{"line":161,"column":52},"end":{"line":161,"column":73}},{"start":{"line":161,"column":73},"end":{"line":161,"column":null}}],"line":161},"18":{"loc":{"start":{"line":165,"column":16},"end":{"line":165,"column":41}},"type":"binary-expr","locations":[{"start":{"line":165,"column":16},"end":{"line":165,"column":25}},{"start":{"line":165,"column":25},"end":{"line":165,"column":41}}],"line":165},"19":{"loc":{"start":{"line":175,"column":18},"end":{"line":175,"column":null}},"type":"cond-expr","locations":[{"start":{"line":175,"column":34},"end":{"line":175,"column":59}},{"start":{"line":175,"column":62},"end":{"line":175,"column":null}}],"line":175},"20":{"loc":{"start":{"line":177,"column":20},"end":{"line":177,"column":null}},"type":"cond-expr","locations":[{"start":{"line":177,"column":40},"end":{"line":177,"column":49}},{"start":{"line":177,"column":49},"end":{"line":177,"column":null}}],"line":177},"21":{"loc":{"start":{"line":188,"column":25},"end":{"line":188,"column":null}},"type":"cond-expr","locations":[{"start":{"line":188,"column":33},"end":{"line":188,"column":48}},{"start":{"line":188,"column":48},"end":{"line":188,"column":null}}],"line":188},"22":{"loc":{"start":{"line":191,"column":25},"end":{"line":191,"column":null}},"type":"cond-expr","locations":[{"start":{"line":191,"column":33},"end":{"line":191,"column":63}},{"start":{"line":191,"column":63},"end":{"line":191,"column":null}}],"line":191},"23":{"loc":{"start":{"line":195,"column":17},"end":{"line":195,"column":null}},"type":"binary-expr","locations":[{"start":{"line":195,"column":17},"end":{"line":195,"column":26}},{"start":{"line":195,"column":26},"end":{"line":195,"column":null}}],"line":195},"24":{"loc":{"start":{"line":345,"column":32},"end":{"line":347,"column":null}},"type":"cond-expr","locations":[{"start":{"line":346,"column":38},"end":{"line":346,"column":null}},{"start":{"line":347,"column":38},"end":{"line":347,"column":null}}],"line":345},"25":{"loc":{"start":{"line":379,"column":25},"end":{"line":405,"column":null}},"type":"binary-expr","locations":[{"start":{"line":379,"column":25},"end":{"line":379,"column":null}},{"start":{"line":380,"column":28},"end":{"line":405,"column":null}}],"line":379},"26":{"loc":{"start":{"line":422,"column":29},"end":{"line":422,"column":null}},"type":"cond-expr","locations":[{"start":{"line":422,"column":37},"end":{"line":422,"column":48}},{"start":{"line":422,"column":48},"end":{"line":422,"column":null}}],"line":422}},"s":{"0":1,"1":29,"2":29,"3":29,"4":29,"5":29,"6":29,"7":29,"8":15,"9":5,"10":2,"11":2,"12":3,"13":3,"14":3,"15":3,"16":3,"17":5,"18":29,"19":0,"20":0,"21":0,"22":0,"23":0,"24":0,"25":0,"26":0,"27":0,"28":0,"29":29,"30":0,"31":0,"32":0,"33":0,"34":0,"35":0,"36":0,"37":0,"38":0,"39":0,"40":0,"41":0,"42":0,"43":0,"44":29,"45":0,"46":0,"47":29,"48":0,"49":29,"50":0,"51":0,"52":0,"53":29,"54":0,"55":0,"56":0,"57":29,"58":15,"59":5,"60":0,"61":5,"62":5,"63":5,"64":29,"65":3,"66":3,"67":3,"68":3,"69":0,"70":3,"71":1,"72":2,"73":0,"74":2,"75":0,"76":2,"77":3,"78":3,"79":3,"80":29,"81":3,"82":2,"83":2,"84":0,"85":0,"86":0,"87":0,"88":0,"89":0,"90":145,"91":0,"92":0,"93":0,"94":0,"95":0},"f":{"0":29,"1":15,"2":0,"3":0,"4":0,"5":0,"6":0,"7":0,"8":0,"9":0,"10":0,"11":0,"12":0,"13":0,"14":0,"15":15,"16":0,"17":5,"18":3,"19":3,"20":2,"21":2,"22":0,"23":0,"24":0,"25":0,"26":0,"27":0,"28":145,"29":0,"30":0,"31":0,"32":0,"33":0},"b":{"0":[5,10],"1":[2,3],"2":[2,0],"3":[2,0],"4":[2,2],"5":[0,0],"6":[0,0],"7":[0,0],"8":[0,0],"9":[0,0],"10":[5,10],"11":[0,3],"12":[1,2],"13":[3,3],"14":[0,2],"15":[2,2],"16":[0,2],"17":[2,0],"18":[3,1],"19":[1,1],"20":[0,2],"21":[6,23],"22":[6,23],"23":[29,1],"24":[0,29],"25":[29,0],"26":[6,23]},"meta":{"lastBranch":27,"lastFunction":34,"lastStatement":96,"seen":{"s:21:19:21:Infinity":0,"f:23:16:23:28":0,"s:24:21:34:6":1,"s:35:19:35:44":2,"s:36:29:36:66":3,"s:37:23:37:55":4,"s:38:18:38:42":5,"s:39:10:39:37":6,"s:41:4:77:Infinity":7,"f:41:4:41:20":1,"b:42:8:75:Infinity:undefined:undefined:undefined:undefined":0,"s:42:8:75:Infinity":8,"b:43:12:73:Infinity:56:19:73:Infinity":1,"s:43:12:73:Infinity":9,"s:44:16:54:Infinity":10,"b:50:26:50:48:50:52:50:Infinity":2,"b:51:28:51:44:51:44:51:Infinity":3,"s:55:16:55:Infinity":11,"b:55:26:55:42:55:42:55:44":4,"s:57:28:57:38":12,"s:59:31:59:Infinity":13,"s:60:38:60:88":14,"s:62:16:72:Infinity":15,"s:73:16:73:Infinity":16,"s:75:12:75:Infinity":17,"s:79:10:95:Infinity":18,"f:79:10:79:30":2,"b:80:8:80:Infinity:undefined:undefined:undefined:undefined":5,"s:80:8:80:Infinity":19,"s:80:20:80:Infinity":20,"s:82:8:95:Infinity":21,"f:82:26:82:35":3,"b:83:12:93:Infinity:undefined:undefined:undefined:undefined":6,"s:83:12:93:Infinity":22,"s:84:31:84:47":23,"s:85:16:91:Infinity":24,"f:85:23:85:33":4,"s:86:37:90:Infinity":25,"s:91:20:91:Infinity":26,"f:91:20:91:31":5,"s:91:40:91:59":27,"s:93:16:93:Infinity":28,"s:98:10:115:Infinity":29,"f:98:10:98:25":6,"s:99:22:99:Infinity":30,"b:100:8:100:Infinity:undefined:undefined:undefined:undefined":7,"s:100:8:100:Infinity":31,"s:100:20:100:Infinity":32,"s:102:8:115:Infinity":33,"s:102:21:102:24":34,"b:103:12:115:Infinity:undefined:undefined:undefined:undefined":8,"s:103:12:115:Infinity":35,"s:104:29:104:49":36,"b:105:16:115:Infinity:undefined:undefined:undefined:undefined":9,"s:105:16:115:Infinity":37,"s:106:35:106:51":38,"s:107:20:113:Infinity":39,"f:107:27:107:37":7,"s:108:41:112:Infinity":40,"s:113:24:113:Infinity":41,"f:113:24:113:35":8,"s:113:44:113:63":42,"s:115:20:115:Infinity":43,"s:121:10:123:Infinity":44,"f:121:10:121:28":9,"s:122:8:122:Infinity":45,"s:123:8:123:Infinity":46,"s:126:10:127:Infinity":47,"f:126:10:126:34":10,"s:127:8:127:Infinity":48,"s:130:10:133:Infinity":49,"f:130:10:130:24":11,"s:131:8:131:Infinity":50,"s:132:8:132:Infinity":51,"s:133:8:133:Infinity":52,"s:136:10:137:Infinity":53,"f:136:10:136:25":12,"s:137:8:137:Infinity":54,"f:137:8:137:19":13,"s:137:28:137:63":55,"f:137:33:137:41":14,"s:137:49:137:63":56,"s:140:4:147:Infinity":57,"f:140:4:140:20":15,"b:141:8:144:Infinity:undefined:undefined:undefined:undefined":10,"s:141:8:144:Infinity":58,"s:142:18:142:59":59,"f:142:18:142:39":16,"s:142:45:142:59":60,"s:143:12:143:Infinity":61,"s:144:12:144:Infinity":62,"f:144:12:144:25":17,"s:144:25:144:81":63,"s:149:10:180:Infinity":64,"f:149:10:149:26":18,"s:150:8:150:Infinity":65,"s:153:25:153:51":66,"s:154:24:154:49":67,"b:156:8:156:Infinity:undefined:undefined:undefined:undefined":11,"s:156:8:156:Infinity":68,"s:156:36:156:Infinity":69,"b:157:8:157:Infinity:undefined:undefined:undefined:undefined":12,"s:157:8:157:Infinity":70,"b:157:12:157:27:157:31:157:46":13,"s:157:46:157:Infinity":71,"b:158:8:158:Infinity:undefined:undefined:undefined:undefined":14,"s:158:8:158:Infinity":72,"b:158:12:158:26:158:30:158:44":15,"s:158:44:158:Infinity":73,"b:159:8:159:Infinity:undefined:undefined:undefined:undefined":16,"s:159:8:159:Infinity":74,"s:159:71:159:Infinity":75,"s:161:20:161:Infinity":76,"b:161:52:161:73:161:73:161:Infinity":17,"s:162:28:162:Infinity":77,"s:164:26:178:Infinity":78,"b:165:16:165:25:165:25:165:41":18,"b:175:34:175:59:175:62:175:Infinity":19,"b:177:40:177:49:177:49:177:Infinity":20,"s:180:8:180:Infinity":79,"s:183:4:427:Infinity":80,"b:188:33:188:48:188:48:188:Infinity":21,"b:191:33:191:63:191:63:191:Infinity":22,"b:195:17:195:26:195:26:195:Infinity":23,"f:206:32:206:43":19,"s:206:49:206:100":81,"f:221:36:221:47":20,"s:221:53:221:104":82,"f:235:36:235:47":21,"s:235:53:235:103":83,"f:248:36:248:47":22,"s:248:53:248:103":84,"f:261:36:261:47":23,"s:261:53:261:108":85,"f:273:36:273:47":24,"s:273:53:273:106":86,"f:283:67:283:83":25,"s:283:93:283:139":87,"f:296:64:296:80":26,"s:296:90:296:133":88,"f:315:32:315:43":27,"s:315:49:315:101":89,"f:330:48:330:53":28,"s:331:40:333:Infinity":90,"b:346:38:346:Infinity:347:38:347:Infinity":24,"f:355:32:355:43":29,"s:355:49:355:81":91,"f:366:40:366:55":30,"s:366:55:366:84":92,"b:379:25:379:Infinity:380:28:405:Infinity":25,"f:381:40:381:45":31,"s:382:36:403:Infinity":93,"f:398:44:398:59":32,"s:398:59:398:78":94,"f:413:28:413:43":33,"s:413:43:413:62":95,"b:422:37:422:48:422:48:422:Infinity":26}}}
,"C:\\Users\\Cata\\WebstormProjects\\untitled1\\src\\components\\ui\\button.tsx": {"path":"C:\\Users\\Cata\\WebstormProjects\\untitled1\\src\\components\\ui\\button.tsx","statementMap":{"0":{"start":{"line":7,"column":6},"end":{"line":34,"column":null}},"1":{"start":{"line":47,"column":15},"end":{"line":47,"column":null}},"2":{"start":{"line":49,"column":2},"end":{"line":54,"column":null}}},"fnMap":{"0":{"name":"Button","decl":{"start":{"line":37,"column":9},"end":{"line":37,"column":16}},"loc":{"start":{"line":46,"column":5},"end":{"line":54,"column":null}},"line":46}},"branchMap":{"0":{"loc":{"start":{"line":41,"column":2},"end":{"line":41,"column":null}},"type":"default-arg","locations":[{"start":{"line":41,"column":12},"end":{"line":41,"column":null}}],"line":41},"1":{"loc":{"start":{"line":47,"column":15},"end":{"line":47,"column":null}},"type":"cond-expr","locations":[{"start":{"line":47,"column":25},"end":{"line":47,"column":32}},{"start":{"line":47,"column":32},"end":{"line":47,"column":null}}],"line":47}},"s":{"0":1,"1":0,"2":0},"f":{"0":0},"b":{"0":[0],"1":[0,0]},"meta":{"lastBranch":2,"lastFunction":1,"lastStatement":3,"seen":{"s:7:6:34:Infinity":0,"f:37:9:37:16":0,"b:41:12:41:Infinity":0,"s:47:15:47:Infinity":1,"b:47:25:47:32:47:32:47:Infinity":1,"s:49:2:54:Infinity":2}}}
,"C:\\Users\\Cata\\WebstormProjects\\untitled1\\src\\components\\ui\\dialog.tsx": {"path":"C:\\Users\\Cata\\WebstormProjects\\untitled1\\src\\components\\ui\\dialog.tsx","statementMap":{"0":{"start":{"line":1,"column":0},"end":{"line":1,"column":null}},"1":{"start":{"line":12,"column":2},"end":{"line":12,"column":null}},"2":{"start":{"line":18,"column":2},"end":{"line":18,"column":null}},"3":{"start":{"line":24,"column":2},"end":{"line":24,"column":null}},"4":{"start":{"line":30,"column":2},"end":{"line":30,"column":null}},"5":{"start":{"line":37,"column":2},"end":{"line":45,"column":null}},"6":{"start":{"line":54,"column":2},"end":{"line":68,"column":null}},"7":{"start":{"line":76,"column":2},"end":{"line":81,"column":null}},"8":{"start":{"line":86,"column":2},"end":{"line":94,"column":null}},"9":{"start":{"line":102,"column":2},"end":{"line":107,"column":null}},"10":{"start":{"line":115,"column":2},"end":{"line":120,"column":null}}},"fnMap":{"0":{"name":"Dialog","decl":{"start":{"line":9,"column":9},"end":{"line":9,"column":16}},"loc":{"start":{"line":11,"column":54},"end":{"line":12,"column":null}},"line":11},"1":{"name":"DialogTrigger","decl":{"start":{"line":15,"column":9},"end":{"line":15,"column":23}},"loc":{"start":{"line":17,"column":57},"end":{"line":18,"column":null}},"line":17},"2":{"name":"DialogPortal","decl":{"start":{"line":21,"column":9},"end":{"line":21,"column":22}},"loc":{"start":{"line":23,"column":56},"end":{"line":24,"column":null}},"line":23},"3":{"name":"DialogClose","decl":{"start":{"line":27,"column":9},"end":{"line":27,"column":21}},"loc":{"start":{"line":29,"column":55},"end":{"line":30,"column":null}},"line":29},"4":{"name":"DialogOverlay","decl":{"start":{"line":33,"column":9},"end":{"line":33,"column":23}},"loc":{"start":{"line":36,"column":57},"end":{"line":45,"column":null}},"line":36},"5":{"name":"DialogContent","decl":{"start":{"line":49,"column":9},"end":{"line":49,"column":23}},"loc":{"start":{"line":53,"column":57},"end":{"line":68,"column":null}},"line":53},"6":{"name":"DialogHeader","decl":{"start":{"line":75,"column":9},"end":{"line":75,"column":22}},"loc":{"start":{"line":75,"column":76},"end":{"line":81,"column":null}},"line":75},"7":{"name":"DialogFooter","decl":{"start":{"line":85,"column":9},"end":{"line":85,"column":22}},"loc":{"start":{"line":85,"column":76},"end":{"line":94,"column":null}},"line":85},"8":{"name":"DialogTitle","decl":{"start":{"line":98,"column":9},"end":{"line":98,"column":21}},"loc":{"start":{"line":101,"column":55},"end":{"line":107,"column":null}},"line":101},"9":{"name":"DialogDescription","decl":{"start":{"line":111,"column":9},"end":{"line":111,"column":27}},"loc":{"start":{"line":114,"column":61},"end":{"line":120,"column":null}},"line":114}},"branchMap":{},"s":{"0":1,"1":29,"2":0,"3":29,"4":0,"5":20,"6":29,"7":15,"8":0,"9":15,"10":15},"f":{"0":29,"1":0,"2":29,"3":0,"4":20,"5":29,"6":15,"7":0,"8":15,"9":15},"b":{},"meta":{"lastBranch":0,"lastFunction":10,"lastStatement":11,"seen":{"s:1:0:1:Infinity":0,"f:9:9:9:16":0,"s:12:2:12:Infinity":1,"f:15:9:15:23":1,"s:18:2:18:Infinity":2,"f:21:9:21:22":2,"s:24:2:24:Infinity":3,"f:27:9:27:21":3,"s:30:2:30:Infinity":4,"f:33:9:33:23":4,"s:37:2:45:Infinity":5,"f:49:9:49:23":5,"s:54:2:68:Infinity":6,"f:75:9:75:22":6,"s:76:2:81:Infinity":7,"f:85:9:85:22":7,"s:86:2:94:Infinity":8,"f:98:9:98:21":8,"s:102:2:107:Infinity":9,"f:111:9:111:27":9,"s:115:2:120:Infinity":10}}}
,"C:\\Users\\Cata\\WebstormProjects\\untitled1\\src\\components\\ui\\input.tsx": {"path":"C:\\Users\\Cata\\WebstormProjects\\untitled1\\src\\components\\ui\\input.tsx","statementMap":{"0":{"start":{"line":6,"column":2},"end":{"line":17,"column":null}}},"fnMap":{"0":{"name":"Input","decl":{"start":{"line":5,"column":9},"end":{"line":5,"column":15}},"loc":{"start":{"line":5,"column":77},"end":{"line":17,"column":null}},"line":5}},"branchMap":{},"s":{"0":90},"f":{"0":90},"b":{},"meta":{"lastBranch":0,"lastFunction":1,"lastStatement":1,"seen":{"f:5:9:5:15":0,"s:6:2:17:Infinity":0}}}
,"C:\\Users\\Cata\\WebstormProjects\\untitled1\\src\\components\\ui\\label.tsx": {"path":"C:\\Users\\Cata\\WebstormProjects\\untitled1\\src\\components\\ui\\label.tsx","statementMap":{"0":{"start":{"line":1,"column":0},"end":{"line":1,"column":null}},"1":{"start":{"line":12,"column":2},"end":{"line":20,"column":null}}},"fnMap":{"0":{"name":"Label","decl":{"start":{"line":8,"column":9},"end":{"line":8,"column":15}},"loc":{"start":{"line":11,"column":53},"end":{"line":20,"column":null}},"line":11}},"branchMap":{},"s":{"0":1,"1":150},"f":{"0":150},"b":{},"meta":{"lastBranch":0,"lastFunction":1,"lastStatement":2,"seen":{"s:1:0:1:Infinity":0,"f:8:9:8:15":0,"s:12:2:20:Infinity":1}}}
,"C:\\Users\\Cata\\WebstormProjects\\untitled1\\src\\components\\ui\\pagination.tsx": {"path":"C:\\Users\\Cata\\WebstormProjects\\untitled1\\src\\components\\ui\\pagination.tsx","statementMap":{"0":{"start":{"line":12,"column":2},"end":{"line":19,"column":null}},"1":{"start":{"line":27,"column":2},"end":{"line":32,"column":null}},"2":{"start":{"line":37,"column":2},"end":{"line":37,"column":null}},"3":{"start":{"line":51,"column":2},"end":{"line":64,"column":null}},"4":{"start":{"line":72,"column":2},"end":{"line":80,"column":null}},"5":{"start":{"line":89,"column":2},"end":{"line":97,"column":null}},"6":{"start":{"line":106,"column":2},"end":{"line":114,"column":null}}},"fnMap":{"0":{"name":"Pagination","decl":{"start":{"line":11,"column":9},"end":{"line":11,"column":20}},"loc":{"start":{"line":11,"column":74},"end":{"line":19,"column":null}},"line":11},"1":{"name":"PaginationContent","decl":{"start":{"line":23,"column":9},"end":{"line":23,"column":27}},"loc":{"start":{"line":26,"column":31},"end":{"line":32,"column":null}},"line":26},"2":{"name":"PaginationItem","decl":{"start":{"line":36,"column":9},"end":{"line":36,"column":24}},"loc":{"start":{"line":36,"column":66},"end":{"line":37,"column":null}},"line":36},"3":{"name":"PaginationLink","decl":{"start":{"line":45,"column":9},"end":{"line":45,"column":24}},"loc":{"start":{"line":50,"column":24},"end":{"line":64,"column":null}},"line":50},"4":{"name":"PaginationPrevious","decl":{"start":{"line":68,"column":9},"end":{"line":68,"column":28}},"loc":{"start":{"line":71,"column":48},"end":{"line":80,"column":null}},"line":71},"5":{"name":"PaginationNext","decl":{"start":{"line":85,"column":9},"end":{"line":85,"column":24}},"loc":{"start":{"line":88,"column":48},"end":{"line":97,"column":null}},"line":88},"6":{"name":"PaginationEllipsis","decl":{"start":{"line":102,"column":9},"end":{"line":102,"column":28}},"loc":{"start":{"line":105,"column":33},"end":{"line":114,"column":null}},"line":105}},"branchMap":{"0":{"loc":{"start":{"line":48,"column":2},"end":{"line":48,"column":null}},"type":"default-arg","locations":[{"start":{"line":48,"column":9},"end":{"line":48,"column":null}}],"line":48},"1":{"loc":{"start":{"line":53,"column":20},"end":{"line":53,"column":null}},"type":"cond-expr","locations":[{"start":{"line":53,"column":31},"end":{"line":53,"column":40}},{"start":{"line":53,"column":40},"end":{"line":53,"column":null}}],"line":53},"2":{"loc":{"start":{"line":58,"column":19},"end":{"line":58,"column":null}},"type":"cond-expr","locations":[{"start":{"line":58,"column":30},"end":{"line":58,"column":42}},{"start":{"line":58,"column":42},"end":{"line":58,"column":null}}],"line":58}},"s":{"0":16,"1":16,"2":48,"3":48,"4":16,"5":16,"6":0},"f":{"0":16,"1":16,"2":48,"3":48,"4":16,"5":16,"6":0},"b":{"0":[48],"1":[16,32],"2":[16,32]},"meta":{"lastBranch":3,"lastFunction":7,"lastStatement":7,"seen":{"f:11:9:11:20":0,"s:12:2:19:Infinity":0,"f:23:9:23:27":1,"s:27:2:32:Infinity":1,"f:36:9:36:24":2,"s:37:2:37:Infinity":2,"f:45:9:45:24":3,"b:48:9:48:Infinity":0,"s:51:2:64:Infinity":3,"b:53:31:53:40:53:40:53:Infinity":1,"b:58:30:58:42:58:42:58:Infinity":2,"f:68:9:68:28":4,"s:72:2:80:Infinity":4,"f:85:9:85:24":5,"s:89:2:97:Infinity":5,"f:102:9:102:28":6,"s:106:2:114:Infinity":6}}}
,"C:\\Users\\Cata\\WebstormProjects\\untitled1\\src\\components\\ui\\select.tsx": {"path":"C:\\Users\\Cata\\WebstormProjects\\untitled1\\src\\components\\ui\\select.tsx","statementMap":{"0":{"start":{"line":1,"column":0},"end":{"line":1,"column":null}},"1":{"start":{"line":16,"column":2},"end":{"line":16,"column":null}},"2":{"start":{"line":22,"column":2},"end":{"line":22,"column":null}},"3":{"start":{"line":28,"column":2},"end":{"line":28,"column":null}},"4":{"start":{"line":31,"column":22},"end":{"line":54,"column":null}},"5":{"start":{"line":37,"column":2},"end":{"line":51,"column":null}},"6":{"start":{"line":55,"column":0},"end":{"line":55,"column":null}},"7":{"start":{"line":63,"column":2},"end":{"line":88,"column":null}},"8":{"start":{"line":96,"column":2},"end":{"line":101,"column":null}},"9":{"start":{"line":110,"column":2},"end":{"line":124,"column":null}},"10":{"start":{"line":133,"column":2},"end":{"line":138,"column":null}},"11":{"start":{"line":146,"column":2},"end":{"line":156,"column":null}},"12":{"start":{"line":164,"column":2},"end":{"line":174,"column":null}}},"fnMap":{"0":{"name":"Select","decl":{"start":{"line":13,"column":9},"end":{"line":13,"column":16}},"loc":{"start":{"line":15,"column":54},"end":{"line":16,"column":null}},"line":15},"1":{"name":"SelectGroup","decl":{"start":{"line":19,"column":9},"end":{"line":19,"column":21}},"loc":{"start":{"line":21,"column":55},"end":{"line":22,"column":null}},"line":21},"2":{"name":"SelectValue","decl":{"start":{"line":25,"column":9},"end":{"line":25,"column":21}},"loc":{"start":{"line":27,"column":55},"end":{"line":28,"column":null}},"line":27},"3":{"name":"(anonymous_3)","decl":{"start":{"line":31,"column":28},"end":{"line":31,"column":null}},"loc":{"start":{"line":36,"column":64},"end":{"line":54,"column":null}},"line":36},"4":{"name":"SelectContent","decl":{"start":{"line":57,"column":9},"end":{"line":57,"column":23}},"loc":{"start":{"line":62,"column":57},"end":{"line":88,"column":null}},"line":62},"5":{"name":"SelectLabel","decl":{"start":{"line":92,"column":9},"end":{"line":92,"column":21}},"loc":{"start":{"line":95,"column":55},"end":{"line":101,"column":null}},"line":95},"6":{"name":"SelectItem","decl":{"start":{"line":105,"column":9},"end":{"line":105,"column":20}},"loc":{"start":{"line":109,"column":54},"end":{"line":124,"column":null}},"line":109},"7":{"name":"SelectSeparator","decl":{"start":{"line":129,"column":9},"end":{"line":129,"column":25}},"loc":{"start":{"line":132,"column":59},"end":{"line":138,"column":null}},"line":132},"8":{"name":"SelectScrollUpButton","decl":{"start":{"line":142,"column":9},"end":{"line":142,"column":30}},"loc":{"start":{"line":145,"column":64},"end":{"line":156,"column":null}},"line":145},"9":{"name":"SelectScrollDownButton","decl":{"start":{"line":160,"column":9},"end":{"line":160,"column":32}},"loc":{"start":{"line":163,"column":66},"end":{"line":174,"column":null}},"line":163}},"branchMap":{"0":{"loc":{"start":{"line":36,"column":16},"end":{"line":36,"column":34}},"type":"default-arg","locations":[{"start":{"line":36,"column":23},"end":{"line":36,"column":34}}],"line":36},"1":{"loc":{"start":{"line":60,"column":2},"end":{"line":60,"column":null}},"type":"default-arg","locations":[{"start":{"line":60,"column":13},"end":{"line":60,"column":null}}],"line":60},"2":{"loc":{"start":{"line":69,"column":10},"end":{"line":70,"column":null}},"type":"binary-expr","locations":[{"start":{"line":69,"column":10},"end":{"line":69,"column":null}},{"start":{"line":70,"column":12},"end":{"line":70,"column":null}}],"line":69},"3":{"loc":{"start":{"line":80,"column":12},"end":{"line":81,"column":null}},"type":"binary-expr","locations":[{"start":{"line":80,"column":12},"end":{"line":80,"column":null}},{"start":{"line":81,"column":14},"end":{"line":81,"column":null}}],"line":80}},"s":{"0":1,"1":45,"2":0,"3":45,"4":1,"5":45,"6":1,"7":45,"8":0,"9":150,"10":0,"11":45,"12":45},"f":{"0":45,"1":0,"2":45,"3":45,"4":45,"5":0,"6":150,"7":0,"8":45,"9":45},"b":{"0":[45],"1":[45],"2":[45,45],"3":[45,45]},"meta":{"lastBranch":4,"lastFunction":10,"lastStatement":13,"seen":{"s:1:0:1:Infinity":0,"f:13:9:13:16":0,"s:16:2:16:Infinity":1,"f:19:9:19:21":1,"s:22:2:22:Infinity":2,"f:25:9:25:21":2,"s:28:2:28:Infinity":3,"s:31:22:54:Infinity":4,"f:31:28:31:Infinity":3,"b:36:23:36:34":0,"s:37:2:51:Infinity":5,"s:55:0:55:Infinity":6,"f:57:9:57:23":4,"b:60:13:60:Infinity":1,"s:63:2:88:Infinity":7,"b:69:10:69:Infinity:70:12:70:Infinity":2,"b:80:12:80:Infinity:81:14:81:Infinity":3,"f:92:9:92:21":5,"s:96:2:101:Infinity":8,"f:105:9:105:20":6,"s:110:2:124:Infinity":9,"f:129:9:129:25":7,"s:133:2:138:Infinity":10,"f:142:9:142:30":8,"s:146:2:156:Infinity":11,"f:160:9:160:32":9,"s:164:2:174:Infinity":12}}}
,"C:\\Users\\Cata\\WebstormProjects\\untitled1\\src\\components\\ui\\table.tsx": {"path":"C:\\Users\\Cata\\WebstormProjects\\untitled1\\src\\components\\ui\\table.tsx","statementMap":{"0":{"start":{"line":1,"column":0},"end":{"line":1,"column":null}},"1":{"start":{"line":8,"column":2},"end":{"line":18,"column":null}},"2":{"start":{"line":23,"column":2},"end":{"line":28,"column":null}},"3":{"start":{"line":33,"column":2},"end":{"line":38,"column":null}},"4":{"start":{"line":43,"column":2},"end":{"line":51,"column":null}},"5":{"start":{"line":56,"column":2},"end":{"line":64,"column":null}},"6":{"start":{"line":69,"column":2},"end":{"line":77,"column":null}},"7":{"start":{"line":82,"column":2},"end":{"line":90,"column":null}},"8":{"start":{"line":98,"column":2},"end":{"line":103,"column":null}}},"fnMap":{"0":{"name":"Table","decl":{"start":{"line":7,"column":9},"end":{"line":7,"column":15}},"loc":{"start":{"line":7,"column":71},"end":{"line":18,"column":null}},"line":7},"1":{"name":"TableHeader","decl":{"start":{"line":22,"column":9},"end":{"line":22,"column":21}},"loc":{"start":{"line":22,"column":77},"end":{"line":28,"column":null}},"line":22},"2":{"name":"TableBody","decl":{"start":{"line":32,"column":9},"end":{"line":32,"column":19}},"loc":{"start":{"line":32,"column":75},"end":{"line":38,"column":null}},"line":32},"3":{"name":"TableFooter","decl":{"start":{"line":42,"column":9},"end":{"line":42,"column":21}},"loc":{"start":{"line":42,"column":77},"end":{"line":51,"column":null}},"line":42},"4":{"name":"TableRow","decl":{"start":{"line":55,"column":9},"end":{"line":55,"column":18}},"loc":{"start":{"line":55,"column":71},"end":{"line":64,"column":null}},"line":55},"5":{"name":"TableHead","decl":{"start":{"line":68,"column":9},"end":{"line":68,"column":19}},"loc":{"start":{"line":68,"column":72},"end":{"line":77,"column":null}},"line":68},"6":{"name":"TableCell","decl":{"start":{"line":81,"column":9},"end":{"line":81,"column":19}},"loc":{"start":{"line":81,"column":72},"end":{"line":90,"column":null}},"line":81},"7":{"name":"TableCaption","decl":{"start":{"line":94,"column":9},"end":{"line":94,"column":22}},"loc":{"start":{"line":97,"column":36},"end":{"line":103,"column":null}},"line":97}},"branchMap":{},"s":{"0":1,"1":16,"2":16,"3":16,"4":0,"5":48,"6":144,"7":288,"8":0},"f":{"0":16,"1":16,"2":16,"3":0,"4":48,"5":144,"6":288,"7":0},"b":{},"meta":{"lastBranch":0,"lastFunction":8,"lastStatement":9,"seen":{"s:1:0:1:Infinity":0,"f:7:9:7:15":0,"s:8:2:18:Infinity":1,"f:22:9:22:21":1,"s:23:2:28:Infinity":2,"f:32:9:32:19":2,"s:33:2:38:Infinity":3,"f:42:9:42:21":3,"s:43:2:51:Infinity":4,"f:55:9:55:18":4,"s:56:2:64:Infinity":5,"f:68:9:68:19":5,"s:69:2:77:Infinity":6,"f:81:9:81:19":6,"s:82:2:90:Infinity":7,"f:94:9:94:22":7,"s:98:2:103:Infinity":8}}}
,"C:\\Users\\Cata\\WebstormProjects\\untitled1\\src\\components\\ui\\textarea.tsx": {"path":"C:\\Users\\Cata\\WebstormProjects\\untitled1\\src\\components\\ui\\textarea.tsx","statementMap":{"0":{"start":{"line":6,"column":2},"end":{"line":14,"column":null}}},"fnMap":{"0":{"name":"Textarea","decl":{"start":{"line":5,"column":9},"end":{"line":5,"column":18}},"loc":{"start":{"line":5,"column":77},"end":{"line":14,"column":null}},"line":5}},"branchMap":{},"s":{"0":15},"f":{"0":15},"b":{},"meta":{"lastBranch":0,"lastFunction":1,"lastStatement":1,"seen":{"f:5:9:5:18":0,"s:6:2:14:Infinity":0}}}
,"C:\\Users\\Cata\\WebstormProjects\\untitled1\\src\\components\\ui\\utils.ts": {"path":"C:\\Users\\Cata\\WebstormProjects\\untitled1\\src\\components\\ui\\utils.ts","statementMap":{"0":{"start":{"line":5,"column":2},"end":{"line":5,"column":null}}},"fnMap":{"0":{"name":"cn","decl":{"start":{"line":4,"column":16},"end":{"line":4,"column":19}},"loc":{"start":{"line":4,"column":44},"end":{"line":5,"column":null}},"line":4}},"branchMap":{},"s":{"0":1364},"f":{"0":1364},"b":{},"meta":{"lastBranch":0,"lastFunction":1,"lastStatement":1,"seen":{"f:4:16:4:19":0,"s:5:2:5:Infinity":0}}}
,"C:\\Users\\Cata\\WebstormProjects\\untitled1\\src\\context\\TradeContext.jsx": {"path":"C:\\Users\\Cata\\WebstormProjects\\untitled1\\src\\context\\TradeContext.jsx","statementMap":{"0":{"start":{"line":3,"column":22},"end":{"line":7,"column":null}},"1":{"start":{"line":10,"column":6},"end":{"line":10,"column":36}},"2":{"start":{"line":13,"column":19},"end":{"line":13,"column":55}},"3":{"start":{"line":15,"column":10},"end":{"line":17,"column":null}},"4":{"start":{"line":16,"column":25},"end":{"line":16,"column":null}},"5":{"start":{"line":17,"column":8},"end":{"line":17,"column":null}},"6":{"start":{"line":20,"column":10},"end":{"line":21,"column":null}},"7":{"start":{"line":21,"column":8},"end":{"line":21,"column":null}},"8":{"start":{"line":21,"column":34},"end":{"line":21,"column":78}},"9":{"start":{"line":24,"column":10},"end":{"line":25,"column":null}},"10":{"start":{"line":25,"column":8},"end":{"line":25,"column":null}},"11":{"start":{"line":25,"column":37},"end":{"line":25,"column":49}},"12":{"start":{"line":28,"column":10},"end":{"line":29,"column":null}},"13":{"start":{"line":29,"column":8},"end":{"line":29,"column":null}},"14":{"start":{"line":29,"column":32},"end":{"line":29,"column":44}},"15":{"start":{"line":32,"column":4},"end":{"line":35,"column":null}},"16":{"start":{"line":39,"column":13},"end":{"line":39,"column":55}}},"fnMap":{"0":{"name":"TradeProvider","decl":{"start":{"line":12,"column":16},"end":{"line":12,"column":30}},"loc":{"start":{"line":12,"column":44},"end":{"line":35,"column":null}},"line":12},"1":{"name":"(anonymous_1)","decl":{"start":{"line":15,"column":10},"end":{"line":15,"column":22}},"loc":{"start":{"line":15,"column":32},"end":{"line":17,"column":null}},"line":15},"2":{"name":"(anonymous_2)","decl":{"start":{"line":20,"column":10},"end":{"line":20,"column":23}},"loc":{"start":{"line":20,"column":40},"end":{"line":21,"column":null}},"line":20},"3":{"name":"(anonymous_3)","decl":{"start":{"line":21,"column":25},"end":{"line":21,"column":29}},"loc":{"start":{"line":21,"column":34},"end":{"line":21,"column":78}},"line":21},"4":{"name":"(anonymous_4)","decl":{"start":{"line":24,"column":10},"end":{"line":24,"column":25}},"loc":{"start":{"line":24,"column":32},"end":{"line":25,"column":null}},"line":24},"5":{"name":"(anonymous_5)","decl":{"start":{"line":25,"column":25},"end":{"line":25,"column":32}},"loc":{"start":{"line":25,"column":37},"end":{"line":25,"column":49}},"line":25},"6":{"name":"(anonymous_6)","decl":{"start":{"line":28,"column":10},"end":{"line":28,"column":22}},"loc":{"start":{"line":28,"column":29},"end":{"line":29,"column":null}},"line":28},"7":{"name":"(anonymous_7)","decl":{"start":{"line":29,"column":22},"end":{"line":29,"column":27}},"loc":{"start":{"line":29,"column":32},"end":{"line":29,"column":44}},"line":29},"8":{"name":"(anonymous_8)","decl":{"start":{"line":39,"column":13},"end":{"line":39,"column":31}},"loc":{"start":{"line":39,"column":13},"end":{"line":39,"column":55}},"line":39}},"branchMap":{"0":{"loc":{"start":{"line":21,"column":34},"end":{"line":21,"column":78}},"type":"cond-expr","locations":[{"start":{"line":21,"column":61},"end":{"line":21,"column":76}},{"start":{"line":21,"column":76},"end":{"line":21,"column":78}}],"line":21}},"s":{"0":2,"1":2,"2":18,"3":18,"4":2,"5":2,"6":18,"7":2,"8":4,"9":18,"10":2,"11":4,"12":18,"13":0,"14":0,"15":18,"16":23},"f":{"0":18,"1":2,"2":2,"3":4,"4":2,"5":4,"6":0,"7":0,"8":23},"b":{"0":[2,2]},"meta":{"lastBranch":1,"lastFunction":9,"lastStatement":17,"seen":{"s:3:22:7:Infinity":0,"s:10:6:10:36":1,"f:12:16:12:30":0,"s:13:19:13:55":2,"s:15:10:17:Infinity":3,"f:15:10:15:22":1,"s:16:25:16:Infinity":4,"s:17:8:17:Infinity":5,"s:20:10:21:Infinity":6,"f:20:10:20:23":2,"s:21:8:21:Infinity":7,"f:21:25:21:29":3,"s:21:34:21:78":8,"b:21:61:21:76:21:76:21:78":0,"s:24:10:25:Infinity":9,"f:24:10:24:25":4,"s:25:8:25:Infinity":10,"f:25:25:25:32":5,"s:25:37:25:49":11,"s:28:10:29:Infinity":12,"f:28:10:28:22":6,"s:29:8:29:Infinity":13,"f:29:22:29:27":7,"s:29:32:29:44":14,"s:32:4:35:Infinity":15,"s:39:13:39:55":16,"f:39:13:39:31":8}}}
,"C:\\Users\\Cata\\WebstormProjects\\untitled1\\src\\pages\\MasterTablePage.jsx": {"path":"C:\\Users\\Cata\\WebstormProjects\\untitled1\\src\\pages\\MasterTablePage.jsx","statementMap":{"0":{"start":{"line":24,"column":10},"end":{"line":24,"column":34}},"1":{"start":{"line":27,"column":41},"end":{"line":27,"column":68}},"2":{"start":{"line":29,"column":24},"end":{"line":29,"column":53}},"3":{"start":{"line":30,"column":25},"end":{"line":30,"column":59}},"4":{"start":{"line":31,"column":25},"end":{"line":31,"column":58}},"5":{"start":{"line":33,"column":25},"end":{"line":33,"column":null}},"6":{"start":{"line":34,"column":23},"end":{"line":34,"column":62}},"7":{"start":{"line":35,"column":10},"end":{"line":35,"column":null}},"8":{"start":{"line":36,"column":21},"end":{"line":36,"column":null}},"9":{"start":{"line":37,"column":26},"end":{"line":37,"column":60}},"10":{"start":{"line":39,"column":10},"end":{"line":41,"column":null}},"11":{"start":{"line":40,"column":8},"end":{"line":41,"column":null}},"12":{"start":{"line":41,"column":12},"end":{"line":41,"column":null}},"13":{"start":{"line":45,"column":10},"end":{"line":47,"column":null}},"14":{"start":{"line":46,"column":8},"end":{"line":46,"column":null}},"15":{"start":{"line":47,"column":8},"end":{"line":47,"column":null}},"16":{"start":{"line":50,"column":10},"end":{"line":52,"column":null}},"17":{"start":{"line":51,"column":8},"end":{"line":51,"column":null}},"18":{"start":{"line":52,"column":8},"end":{"line":52,"column":null}},"19":{"start":{"line":55,"column":18},"end":{"line":61,"column":null}},"20":{"start":{"line":57,"column":38},"end":{"line":57,"column":60}},"21":{"start":{"line":58,"column":37},"end":{"line":58,"column":58}},"22":{"start":{"line":59,"column":40},"end":{"line":59,"column":65}},"23":{"start":{"line":60,"column":44},"end":{"line":60,"column":57}},"24":{"start":{"line":63,"column":4},"end":{"line":276,"column":null}},"25":{"start":{"line":74,"column":47},"end":{"line":74,"column":60}},"26":{"start":{"line":85,"column":47},"end":{"line":85,"column":65}},"27":{"start":{"line":156,"column":32},"end":{"line":221,"column":null}},"28":{"start":{"line":199,"column":63},"end":{"line":199,"column":93}},"29":{"start":{"line":206,"column":63},"end":{"line":206,"column":84}},"30":{"start":{"line":213,"column":63},"end":{"line":213,"column":90}},"31":{"start":{"line":232,"column":55},"end":{"line":232,"column":96}},"32":{"start":{"line":232,"column":77},"end":{"line":232,"column":95}},"33":{"start":{"line":236,"column":83},"end":{"line":236,"column":89}},"34":{"start":{"line":237,"column":36},"end":{"line":249,"column":null}},"35":{"start":{"line":239,"column":59},"end":{"line":239,"column":79}},"36":{"start":{"line":253,"column":55},"end":{"line":253,"column":110}},"37":{"start":{"line":253,"column":77},"end":{"line":253,"column":109}},"38":{"start":{"line":269,"column":20},"end":{"line":272,"column":null}},"39":{"start":{"line":270,"column":24},"end":{"line":270,"column":null}},"40":{"start":{"line":272,"column":24},"end":{"line":272,"column":null}},"41":{"start":{"line":274,"column":20},"end":{"line":274,"column":null}}},"fnMap":{"0":{"name":"MasterTablePage","decl":{"start":{"line":23,"column":16},"end":{"line":23,"column":34}},"loc":{"start":{"line":23,"column":34},"end":{"line":276,"column":null}},"line":23},"1":{"name":"(anonymous_1)","decl":{"start":{"line":39,"column":10},"end":{"line":39,"column":31}},"loc":{"start":{"line":39,"column":38},"end":{"line":41,"column":null}},"line":39},"2":{"name":"(anonymous_2)","decl":{"start":{"line":45,"column":10},"end":{"line":45,"column":28}},"loc":{"start":{"line":45,"column":38},"end":{"line":47,"column":null}},"line":45},"3":{"name":"(anonymous_3)","decl":{"start":{"line":50,"column":10},"end":{"line":50,"column":32}},"loc":{"start":{"line":50,"column":32},"end":{"line":52,"column":null}},"line":50},"4":{"name":"(anonymous_4)","decl":{"start":{"line":57,"column":24},"end":{"line":57,"column":32}},"loc":{"start":{"line":57,"column":38},"end":{"line":57,"column":60}},"line":57},"5":{"name":"(anonymous_5)","decl":{"start":{"line":58,"column":23},"end":{"line":58,"column":31}},"loc":{"start":{"line":58,"column":37},"end":{"line":58,"column":58}},"line":58},"6":{"name":"(anonymous_6)","decl":{"start":{"line":59,"column":26},"end":{"line":59,"column":34}},"loc":{"start":{"line":59,"column":40},"end":{"line":59,"column":65}},"line":59},"7":{"name":"(anonymous_7)","decl":{"start":{"line":60,"column":25},"end":{"line":60,"column":33}},"loc":{"start":{"line":60,"column":44},"end":{"line":60,"column":57}},"line":60},"8":{"name":"(anonymous_8)","decl":{"start":{"line":74,"column":32},"end":{"line":74,"column":47}},"loc":{"start":{"line":74,"column":47},"end":{"line":74,"column":60}},"line":74},"9":{"name":"(anonymous_9)","decl":{"start":{"line":85,"column":32},"end":{"line":85,"column":47}},"loc":{"start":{"line":85,"column":47},"end":{"line":85,"column":65}},"line":85},"10":{"name":"(anonymous_10)","decl":{"start":{"line":155,"column":43},"end":{"line":155,"column":48}},"loc":{"start":{"line":156,"column":32},"end":{"line":221,"column":null}},"line":156},"11":{"name":"(anonymous_11)","decl":{"start":{"line":199,"column":48},"end":{"line":199,"column":63}},"loc":{"start":{"line":199,"column":63},"end":{"line":199,"column":93}},"line":199},"12":{"name":"(anonymous_12)","decl":{"start":{"line":206,"column":48},"end":{"line":206,"column":63}},"loc":{"start":{"line":206,"column":63},"end":{"line":206,"column":84}},"line":206},"13":{"name":"(anonymous_13)","decl":{"start":{"line":213,"column":48},"end":{"line":213,"column":63}},"loc":{"start":{"line":213,"column":63},"end":{"line":213,"column":90}},"line":213},"14":{"name":"(anonymous_14)","decl":{"start":{"line":232,"column":40},"end":{"line":232,"column":55}},"loc":{"start":{"line":232,"column":55},"end":{"line":232,"column":96}},"line":232},"15":{"name":"(anonymous_15)","decl":{"start":{"line":232,"column":55},"end":{"line":232,"column":71}},"loc":{"start":{"line":232,"column":77},"end":{"line":232,"column":95}},"line":232},"16":{"name":"(anonymous_16)","decl":{"start":{"line":236,"column":71},"end":{"line":236,"column":74}},"loc":{"start":{"line":236,"column":83},"end":{"line":236,"column":89}},"line":236},"17":{"name":"(anonymous_17)","decl":{"start":{"line":236,"column":90},"end":{"line":236,"column":95}},"loc":{"start":{"line":237,"column":36},"end":{"line":249,"column":null}},"line":237},"18":{"name":"(anonymous_18)","decl":{"start":{"line":239,"column":44},"end":{"line":239,"column":59}},"loc":{"start":{"line":239,"column":59},"end":{"line":239,"column":79}},"line":239},"19":{"name":"(anonymous_19)","decl":{"start":{"line":253,"column":40},"end":{"line":253,"column":55}},"loc":{"start":{"line":253,"column":55},"end":{"line":253,"column":110}},"line":253},"20":{"name":"(anonymous_20)","decl":{"start":{"line":253,"column":55},"end":{"line":253,"column":71}},"loc":{"start":{"line":253,"column":77},"end":{"line":253,"column":109}},"line":253},"21":{"name":"(anonymous_21)","decl":{"start":{"line":268,"column":16},"end":{"line":268,"column":25}},"loc":{"start":{"line":268,"column":35},"end":{"line":274,"column":null}},"line":268}},"branchMap":{"0":{"loc":{"start":{"line":40,"column":8},"end":{"line":41,"column":null}},"type":"if","locations":[{"start":{"line":40,"column":8},"end":{"line":41,"column":null}},{"start":{},"end":{}}],"line":40},"1":{"loc":{"start":{"line":132,"column":52},"end":{"line":132,"column":113}},"type":"cond-expr","locations":[{"start":{"line":132,"column":74},"end":{"line":132,"column":93}},{"start":{"line":132,"column":93},"end":{"line":132,"column":113}}],"line":132},"2":{"loc":{"start":{"line":160,"column":44},"end":{"line":162,"column":null}},"type":"cond-expr","locations":[{"start":{"line":161,"column":50},"end":{"line":161,"column":null}},{"start":{"line":162,"column":50},"end":{"line":162,"column":null}}],"line":160},"3":{"loc":{"start":{"line":175,"column":73},"end":{"line":175,"column":null}},"type":"cond-expr","locations":[{"start":{"line":175,"column":104},"end":{"line":175,"column":123}},{"start":{"line":175,"column":123},"end":{"line":175,"column":null}}],"line":175},"4":{"loc":{"start":{"line":175,"column":73},"end":{"line":175,"column":104}},"type":"binary-expr","locations":[{"start":{"line":175,"column":73},"end":{"line":175,"column":87}},{"start":{"line":175,"column":87},"end":{"line":175,"column":104}}],"line":175},"5":{"loc":{"start":{"line":175,"column":123},"end":{"line":175,"column":null}},"type":"cond-expr","locations":[{"start":{"line":175,"column":154},"end":{"line":175,"column":173}},{"start":{"line":175,"column":173},"end":{"line":175,"column":null}}],"line":175},"6":{"loc":{"start":{"line":175,"column":123},"end":{"line":175,"column":154}},"type":"binary-expr","locations":[{"start":{"line":175,"column":123},"end":{"line":175,"column":137}},{"start":{"line":175,"column":137},"end":{"line":175,"column":154}}],"line":175},"7":{"loc":{"start":{"line":176,"column":41},"end":{"line":176,"column":null}},"type":"cond-expr","locations":[{"start":{"line":176,"column":68},"end":{"line":176,"column":114}},{"start":{"line":176,"column":114},"end":{"line":176,"column":null}}],"line":176},"8":{"loc":{"start":{"line":176,"column":71},"end":{"line":176,"column":99}},"type":"cond-expr","locations":[{"start":{"line":176,"column":88},"end":{"line":176,"column":94}},{"start":{"line":176,"column":94},"end":{"line":176,"column":99}}],"line":176},"9":{"loc":{"start":{"line":178,"column":58},"end":{"line":178,"column":null}},"type":"cond-expr","locations":[{"start":{"line":178,"column":74},"end":{"line":178,"column":93}},{"start":{"line":178,"column":93},"end":{"line":178,"column":null}}],"line":178},"10":{"loc":{"start":{"line":178,"column":93},"end":{"line":178,"column":null}},"type":"cond-expr","locations":[{"start":{"line":178,"column":109},"end":{"line":178,"column":128}},{"start":{"line":178,"column":128},"end":{"line":178,"column":null}}],"line":178},"11":{"loc":{"start":{"line":179,"column":70},"end":{"line":179,"column":95}},"type":"cond-expr","locations":[{"start":{"line":179,"column":86},"end":{"line":179,"column":92}},{"start":{"line":179,"column":92},"end":{"line":179,"column":95}}],"line":179},"12":{"loc":{"start":{"line":180,"column":77},"end":{"line":180,"column":103}},"type":"cond-expr","locations":[{"start":{"line":180,"column":93},"end":{"line":180,"column":99}},{"start":{"line":180,"column":99},"end":{"line":180,"column":103}}],"line":180},"13":{"loc":{"start":{"line":180,"column":103},"end":{"line":180,"column":142}},"type":"binary-expr","locations":[{"start":{"line":180,"column":103},"end":{"line":180,"column":131}},{"start":{"line":180,"column":135},"end":{"line":180,"column":142}}],"line":180},"14":{"loc":{"start":{"line":184,"column":44},"end":{"line":188,"column":null}},"type":"cond-expr","locations":[{"start":{"line":185,"column":50},"end":{"line":185,"column":null}},{"start":{"line":186,"column":50},"end":{"line":188,"column":null}}],"line":184},"15":{"loc":{"start":{"line":186,"column":50},"end":{"line":188,"column":null}},"type":"cond-expr","locations":[{"start":{"line":187,"column":54},"end":{"line":187,"column":null}},{"start":{"line":188,"column":54},"end":{"line":188,"column":null}}],"line":186},"16":{"loc":{"start":{"line":194,"column":41},"end":{"line":194,"column":null}},"type":"cond-expr","locations":[{"start":{"line":194,"column":56},"end":{"line":194,"column":130}},{"start":{"line":194,"column":130},"end":{"line":194,"column":null}}],"line":194},"17":{"loc":{"start":{"line":194,"column":89},"end":{"line":194,"column":130}},"type":"cond-expr","locations":[{"start":{"line":194,"column":116},"end":{"line":194,"column":124}},{"start":{"line":194,"column":124},"end":{"line":194,"column":130}}],"line":194},"18":{"loc":{"start":{"line":233,"column":51},"end":{"line":233,"column":null}},"type":"cond-expr","locations":[{"start":{"line":233,"column":71},"end":{"line":233,"column":106}},{"start":{"line":233,"column":106},"end":{"line":233,"column":null}}],"line":233},"19":{"loc":{"start":{"line":236,"column":54},"end":{"line":236,"column":71}},"type":"binary-expr","locations":[{"start":{"line":236,"column":54},"end":{"line":236,"column":68}},{"start":{"line":236,"column":68},"end":{"line":236,"column":71}}],"line":236},"20":{"loc":{"start":{"line":242,"column":48},"end":{"line":244,"column":null}},"type":"cond-expr","locations":[{"start":{"line":243,"column":54},"end":{"line":243,"column":null}},{"start":{"line":244,"column":54},"end":{"line":244,"column":null}}],"line":242},"21":{"loc":{"start":{"line":253,"column":86},"end":{"line":253,"column":103}},"type":"binary-expr","locations":[{"start":{"line":253,"column":86},"end":{"line":253,"column":100}},{"start":{"line":253,"column":100},"end":{"line":253,"column":103}}],"line":253},"22":{"loc":{"start":{"line":254,"column":51},"end":{"line":254,"column":null}},"type":"cond-expr","locations":[{"start":{"line":254,"column":87},"end":{"line":254,"column":122}},{"start":{"line":254,"column":122},"end":{"line":254,"column":null}}],"line":254},"23":{"loc":{"start":{"line":254,"column":68},"end":{"line":254,"column":87}},"type":"binary-expr","locations":[{"start":{"line":254,"column":68},"end":{"line":254,"column":82}},{"start":{"line":254,"column":82},"end":{"line":254,"column":87}}],"line":254},"24":{"loc":{"start":{"line":269,"column":20},"end":{"line":272,"column":null}},"type":"if","locations":[{"start":{"line":269,"column":20},"end":{"line":272,"column":null}},{"start":{"line":271,"column":27},"end":{"line":272,"column":null}}],"line":269}},"s":{"0":16,"1":16,"2":16,"3":16,"4":16,"5":16,"6":16,"7":16,"8":16,"9":16,"10":16,"11":1,"12":1,"13":16,"14":2,"15":2,"16":16,"17":3,"18":3,"19":16,"20":32,"21":32,"22":32,"23":32,"24":16,"25":0,"26":0,"27":32,"28":0,"29":2,"30":1,"31":0,"32":0,"33":16,"34":16,"35":0,"36":0,"37":0,"38":2,"39":1,"40":1,"41":2},"f":{"0":16,"1":1,"2":2,"3":3,"4":32,"5":32,"6":32,"7":32,"8":0,"9":0,"10":32,"11":0,"12":2,"13":1,"14":0,"15":0,"16":16,"17":16,"18":0,"19":0,"20":0,"21":2},"b":{"0":[1,0],"1":[15,1],"2":[32,0],"3":[15,17],"4":[32,31],"5":[16,1],"6":[17,16],"7":[31,1],"8":[15,16],"9":[16,16],"10":[16,0],"11":[16,16],"12":[16,16],"13":[32,0],"14":[16,16],"15":[16,0],"16":[31,1],"17":[31,0],"18":[16,0],"19":[16,0],"20":[16,0],"21":[0,0],"22":[16,0],"23":[16,0],"24":[1,1]},"meta":{"lastBranch":25,"lastFunction":22,"lastStatement":42,"seen":{"f:23:16:23:34":0,"s:24:10:24:34":0,"s:27:41:27:68":1,"s:29:24:29:53":2,"s:30:25:30:59":3,"s:31:25:31:58":4,"s:33:25:33:Infinity":5,"s:34:23:34:62":6,"s:35:10:35:Infinity":7,"s:36:21:36:Infinity":8,"s:37:26:37:60":9,"s:39:10:41:Infinity":10,"f:39:10:39:31":1,"b:40:8:41:Infinity:undefined:undefined:undefined:undefined":0,"s:40:8:41:Infinity":11,"s:41:12:41:Infinity":12,"s:45:10:47:Infinity":13,"f:45:10:45:28":2,"s:46:8:46:Infinity":14,"s:47:8:47:Infinity":15,"s:50:10:52:Infinity":16,"f:50:10:50:32":3,"s:51:8:51:Infinity":17,"s:52:8:52:Infinity":18,"s:55:18:61:Infinity":19,"f:57:24:57:32":4,"s:57:38:57:60":20,"f:58:23:58:31":5,"s:58:37:58:58":21,"f:59:26:59:34":6,"s:59:40:59:65":22,"f:60:25:60:33":7,"s:60:44:60:57":23,"s:63:4:276:Infinity":24,"f:74:32:74:47":8,"s:74:47:74:60":25,"f:85:32:85:47":9,"s:85:47:85:65":26,"b:132:74:132:93:132:93:132:113":1,"f:155:43:155:48":10,"s:156:32:221:Infinity":27,"b:161:50:161:Infinity:162:50:162:Infinity":2,"b:175:104:175:123:175:123:175:Infinity":3,"b:175:73:175:87:175:87:175:104":4,"b:175:154:175:173:175:173:175:Infinity":5,"b:175:123:175:137:175:137:175:154":6,"b:176:68:176:114:176:114:176:Infinity":7,"b:176:88:176:94:176:94:176:99":8,"b:178:74:178:93:178:93:178:Infinity":9,"b:178:109:178:128:178:128:178:Infinity":10,"b:179:86:179:92:179:92:179:95":11,"b:180:93:180:99:180:99:180:103":12,"b:180:103:180:131:180:135:180:142":13,"b:185:50:185:Infinity:186:50:188:Infinity":14,"b:187:54:187:Infinity:188:54:188:Infinity":15,"b:194:56:194:130:194:130:194:Infinity":16,"b:194:116:194:124:194:124:194:130":17,"f:199:48:199:63":11,"s:199:63:199:93":28,"f:206:48:206:63":12,"s:206:63:206:84":29,"f:213:48:213:63":13,"s:213:63:213:90":30,"f:232:40:232:55":14,"s:232:55:232:96":31,"f:232:55:232:71":15,"s:232:77:232:95":32,"b:233:71:233:106:233:106:233:Infinity":18,"b:236:54:236:68:236:68:236:71":19,"f:236:71:236:74":16,"s:236:83:236:89":33,"f:236:90:236:95":17,"s:237:36:249:Infinity":34,"f:239:44:239:59":18,"s:239:59:239:79":35,"b:243:54:243:Infinity:244:54:244:Infinity":20,"f:253:40:253:55":19,"s:253:55:253:110":36,"f:253:55:253:71":20,"s:253:77:253:109":37,"b:253:86:253:100:253:100:253:103":21,"b:254:87:254:122:254:122:254:Infinity":22,"b:254:68:254:82:254:82:254:87":23,"f:268:16:268:25":21,"b:269:20:272:Infinity:271:27:272:Infinity":24,"s:269:20:272:Infinity":38,"s:270:24:270:Infinity":39,"s:272:24:272:Infinity":40,"s:274:20:274:Infinity":41}}}
}
