TN:
SF:src\App.jsx
FN:12,App
FNF:1
FNH:0
FNDA:0,App
DA:13,0
DA:15,0
LF:2
LH:0
BRF:0
BRH:0
end_of_record
TN:
SF:src\main.jsx
FNF:0
FNH:0
DA:8,0
LF:1
LH:0
BRF:0
BRH:0
end_of_record
TN:
SF:src\routes.jsx
FNF:0
FNH:0
DA:9,0
LF:1
LH:0
BRF:0
BRH:0
end_of_record
TN:
SF:src\__tests__\MasterTablePage.tests.jsx
FN:8,(anonymous_0)
FN:18,(anonymous_1)
FN:19,(anonymous_2)
FN:25,(anonymous_3)
FN:31,(anonymous_4)
FN:46,(anonymous_5)
FN:51,(anonymous_6)
FN:61,(anonymous_7)
FN:76,(anonymous_8)
FN:81,(anonymous_9)
FN:88,(anonymous_10)
FN:95,(anonymous_11)
FN:100,(anonymous_12)
FN:113,(anonymous_13)
FNF:14
FNH:0
FNDA:0,(anonymous_0)
FNDA:0,(anonymous_1)
FNDA:0,(anonymous_2)
FNDA:0,(anonymous_3)
FNDA:0,(anonymous_4)
FNDA:0,(anonymous_5)
FNDA:0,(anonymous_6)
FNDA:0,(anonymous_7)
FNDA:0,(anonymous_8)
FNDA:0,(anonymous_9)
FNDA:0,(anonymous_10)
FNDA:0,(anonymous_11)
FNDA:0,(anonymous_12)
FNDA:0,(anonymous_13)
DA:8,0
DA:9,0
DA:18,0
DA:19,0
DA:20,0
DA:21,0
DA:22,0
DA:25,0
DA:26,0
DA:27,0
DA:28,0
DA:31,0
DA:32,0
DA:35,0
DA:38,0
DA:39,0
DA:40,0
DA:43,0
DA:46,0
DA:47,0
DA:51,0
DA:52,0
DA:55,0
DA:56,0
DA:58,0
DA:61,0
DA:62,0
DA:65,0
DA:66,0
DA:69,0
DA:70,0
DA:73,0
DA:76,0
DA:77,0
DA:81,0
DA:82,0
DA:85,0
DA:88,0
DA:91,0
DA:92,0
DA:95,0
DA:96,0
DA:100,0
DA:101,0
DA:104,0
DA:107,0
DA:110,0
DA:113,0
DA:115,0
DA:117,0
LF:50
LH:0
BRF:0
BRH:0
end_of_record
TN:
SF:src\components\ImageWithFallback.jsx
FN:6,ImageWithFallback
FN:16,(anonymous_1)
FNF:2
FNH:0
FNDA:0,ImageWithFallback
FNDA:0,(anonymous_1)
DA:4,0
DA:7,0
DA:9,0
DA:16,0
LF:4
LH:0
BRDA:9,0,0,0
BRDA:9,0,1,0
BRDA:10,1,0,0
BRDA:10,1,1,0
BRF:4
BRH:0
end_of_record
TN:
SF:src\components\PageTransition.jsx
FN:24,PageTransition
FNF:1
FNH:0
FNDA:0,PageTransition
DA:3,0
DA:18,0
DA:25,0
LF:3
LH:0
BRF:0
BRH:0
end_of_record
TN:
SF:src\components\RootLayout.jsx
FN:9,SystemMonitor
FN:14,(anonymous_1)
FN:31,(anonymous_2)
FN:33,(anonymous_3)
FN:40,(anonymous_4)
FN:53,RootLayout
FN:57,(anonymous_6)
FNF:7
FNH:0
FNDA:0,SystemMonitor
FNDA:0,(anonymous_1)
FNDA:0,(anonymous_2)
FNDA:0,(anonymous_3)
FNDA:0,(anonymous_4)
FNDA:0,RootLayout
FNDA:0,(anonymous_6)
DA:10,0
DA:11,0
DA:12,0
DA:14,0
DA:15,0
DA:16,0
DA:17,0
DA:21,0
DA:31,0
DA:33,0
DA:40,0
DA:54,0
DA:57,0
DA:58,0
DA:59,0
DA:60,0
DA:63,0
LF:17
LH:0
BRDA:15,0,0,0
BRDA:15,0,1,0
BRDA:27,1,0,0
BRDA:27,1,1,0
BRDA:60,2,0,0
BRDA:60,2,1,0
BRDA:65,3,0,0
BRDA:65,3,1,0
BRF:8
BRH:0
end_of_record
TN:
SF:src\components\TradeDialog.jsx
FN:23,TradeDialog
FN:41,(anonymous_1)
FN:79,(anonymous_2)
FN:82,(anonymous_3)
FN:85,(anonymous_4)
FN:91,(anonymous_5)
FN:98,(anonymous_6)
FN:107,(anonymous_7)
FN:113,(anonymous_8)
FN:121,(anonymous_9)
FN:126,(anonymous_10)
FN:130,(anonymous_11)
FN:136,(anonymous_12)
FN:137,(anonymous_13)
FN:137,(anonymous_14)
FN:140,(anonymous_15)
FN:142,(anonymous_16)
FN:144,(anonymous_17)
FN:149,(anonymous_18)
FN:206,(anonymous_19)
FN:221,(anonymous_20)
FN:235,(anonymous_21)
FN:248,(anonymous_22)
FN:261,(anonymous_23)
FN:273,(anonymous_24)
FN:283,(anonymous_25)
FN:296,(anonymous_26)
FN:315,(anonymous_27)
FN:330,(anonymous_28)
FN:355,(anonymous_29)
FN:366,(anonymous_30)
FN:381,(anonymous_31)
FN:398,(anonymous_32)
FN:413,(anonymous_33)
FNF:34
FNH:9
FNDA:37,TradeDialog
FNDA:15,(anonymous_1)
FNDA:0,(anonymous_2)
FNDA:0,(anonymous_3)
FNDA:0,(anonymous_4)
FNDA:0,(anonymous_5)
FNDA:0,(anonymous_6)
FNDA:0,(anonymous_7)
FNDA:0,(anonymous_8)
FNDA:0,(anonymous_9)
FNDA:0,(anonymous_10)
FNDA:0,(anonymous_11)
FNDA:0,(anonymous_12)
FNDA:0,(anonymous_13)
FNDA:0,(anonymous_14)
FNDA:15,(anonymous_15)
FNDA:0,(anonymous_16)
FNDA:5,(anonymous_17)
FNDA:3,(anonymous_18)
FNDA:3,(anonymous_19)
FNDA:2,(anonymous_20)
FNDA:2,(anonymous_21)
FNDA:0,(anonymous_22)
FNDA:0,(anonymous_23)
FNDA:0,(anonymous_24)
FNDA:0,(anonymous_25)
FNDA:0,(anonymous_26)
FNDA:0,(anonymous_27)
FNDA:185,(anonymous_28)
FNDA:0,(anonymous_29)
FNDA:0,(anonymous_30)
FNDA:0,(anonymous_31)
FNDA:0,(anonymous_32)
FNDA:0,(anonymous_33)
DA:21,1
DA:24,37
DA:35,37
DA:36,37
DA:37,37
DA:38,37
DA:39,37
DA:41,37
DA:42,15
DA:43,5
DA:44,2
DA:55,2
DA:57,3
DA:59,3
DA:60,3
DA:62,3
DA:73,3
DA:75,5
DA:79,37
DA:80,0
DA:82,0
DA:83,0
DA:84,0
DA:85,0
DA:86,0
DA:91,0
DA:93,0
DA:98,37
DA:99,0
DA:100,0
DA:102,0
DA:103,0
DA:104,0
DA:105,0
DA:106,0
DA:107,0
DA:108,0
DA:113,0
DA:115,0
DA:121,37
DA:122,0
DA:123,0
DA:126,37
DA:127,0
DA:130,37
DA:131,0
DA:132,0
DA:133,0
DA:136,37
DA:137,0
DA:140,37
DA:141,15
DA:142,5
DA:143,5
DA:144,5
DA:149,37
DA:150,3
DA:153,3
DA:154,3
DA:156,3
DA:157,3
DA:158,2
DA:159,2
DA:161,2
DA:162,3
DA:164,3
DA:180,3
DA:183,37
DA:206,3
DA:221,2
DA:235,2
DA:248,0
DA:261,0
DA:273,0
DA:283,0
DA:296,0
DA:315,0
DA:331,185
DA:355,0
DA:366,0
DA:382,0
DA:398,0
DA:413,0
LF:83
LH:46
BRDA:42,0,0,5
BRDA:42,0,1,10
BRDA:43,1,0,2
BRDA:43,1,1,3
BRDA:50,2,0,2
BRDA:50,2,1,0
BRDA:51,3,0,2
BRDA:51,3,1,0
BRDA:55,4,0,2
BRDA:55,4,1,2
BRDA:80,5,0,0
BRDA:80,5,1,0
BRDA:83,6,0,0
BRDA:83,6,1,0
BRDA:100,7,0,0
BRDA:100,7,1,0
BRDA:103,8,0,0
BRDA:103,8,1,0
BRDA:105,9,0,0
BRDA:105,9,1,0
BRDA:141,10,0,5
BRDA:141,10,1,10
BRDA:156,11,0,0
BRDA:156,11,1,3
BRDA:157,12,0,1
BRDA:157,12,1,2
BRDA:157,13,0,3
BRDA:157,13,1,3
BRDA:158,14,0,0
BRDA:158,14,1,2
BRDA:158,15,0,2
BRDA:158,15,1,2
BRDA:159,16,0,0
BRDA:159,16,1,2
BRDA:161,17,0,2
BRDA:161,17,1,0
BRDA:165,18,0,3
BRDA:165,18,1,1
BRDA:175,19,0,1
BRDA:175,19,1,1
BRDA:177,20,0,0
BRDA:177,20,1,2
BRDA:188,21,0,6
BRDA:188,21,1,31
BRDA:191,22,0,6
BRDA:191,22,1,31
BRDA:195,23,0,37
BRDA:195,23,1,1
BRDA:345,24,0,0
BRDA:345,24,1,37
BRDA:379,25,0,37
BRDA:379,25,1,0
BRDA:422,26,0,6
BRDA:422,26,1,31
BRF:54
BRH:35
end_of_record
TN:
SF:src\components\ui\accordion.tsx
FN:9,Accordion
FN:15,AccordionItem
FN:28,AccordionTrigger
FN:50,AccordionContent
FNF:4
FNH:0
FNDA:0,Accordion
FNDA:0,AccordionItem
FNDA:0,AccordionTrigger
FNDA:0,AccordionContent
DA:1,0
DA:12,0
DA:19,0
DA:33,0
DA:55,0
LF:5
LH:0
BRF:0
BRH:0
end_of_record
TN:
SF:src\components\ui\alert-dialog.tsx
FN:9,AlertDialog
FN:15,AlertDialogTrigger
FN:23,AlertDialogPortal
FN:31,AlertDialogOverlay
FN:47,AlertDialogContent
FN:66,AlertDialogHeader
FN:79,AlertDialogFooter
FN:95,AlertDialogTitle
FN:108,AlertDialogDescription
FN:121,AlertDialogAction
FN:133,AlertDialogCancel
FNF:11
FNH:0
FNDA:0,AlertDialog
FNDA:0,AlertDialogTrigger
FNDA:0,AlertDialogPortal
FNDA:0,AlertDialogOverlay
FNDA:0,AlertDialogContent
FNDA:0,AlertDialogHeader
FNDA:0,AlertDialogFooter
FNDA:0,AlertDialogTitle
FNDA:0,AlertDialogDescription
FNDA:0,AlertDialogAction
FNDA:0,AlertDialogCancel
DA:1,0
DA:12,0
DA:18,0
DA:26,0
DA:35,0
DA:51,0
DA:70,0
DA:83,0
DA:99,0
DA:112,0
DA:125,0
DA:137,0
LF:12
LH:0
BRF:0
BRH:0
end_of_record
TN:
SF:src\components\ui\alert.tsx
FN:22,Alert
FN:37,AlertTitle
FN:50,AlertDescription
FNF:3
FNH:0
FNDA:0,Alert
FNDA:0,AlertTitle
FNDA:0,AlertDescription
DA:6,0
DA:27,0
DA:38,0
DA:54,0
LF:4
LH:0
BRF:0
BRH:0
end_of_record
TN:
SF:src\components\ui\aspect-ratio.tsx
FN:5,AspectRatio
FNF:1
FNH:0
FNDA:0,AspectRatio
DA:1,0
DA:8,0
LF:2
LH:0
BRF:0
BRH:0
end_of_record
TN:
SF:src\components\ui\avatar.tsx
FN:8,Avatar
FN:24,AvatarImage
FN:37,AvatarFallback
FNF:3
FNH:0
FNDA:0,Avatar
FNDA:0,AvatarImage
FNDA:0,AvatarFallback
DA:1,0
DA:12,0
DA:28,0
DA:41,0
LF:4
LH:0
BRF:0
BRH:0
end_of_record
TN:
SF:src\components\ui\badge.tsx
FN:28,Badge
FNF:1
FNH:0
FNDA:0,Badge
DA:7,0
DA:35,0
DA:37,0
LF:3
LH:0
BRDA:31,0,0,0
BRDA:35,1,0,0
BRDA:35,1,1,0
BRF:3
BRH:0
end_of_record
TN:
SF:src\components\ui\breadcrumb.tsx
FN:7,Breadcrumb
FN:11,BreadcrumbList
FN:24,BreadcrumbItem
FN:34,BreadcrumbLink
FN:52,BreadcrumbPage
FN:65,BreadcrumbSeparator
FN:83,BreadcrumbEllipsis
FNF:7
FNH:0
FNDA:0,Breadcrumb
FNDA:0,BreadcrumbList
FNDA:0,BreadcrumbItem
FNDA:0,BreadcrumbLink
FNDA:0,BreadcrumbPage
FNDA:0,BreadcrumbSeparator
FNDA:0,BreadcrumbEllipsis
DA:8,0
DA:12,0
DA:25,0
DA:41,0
DA:43,0
DA:53,0
DA:70,0
DA:87,0
LF:8
LH:0
BRDA:41,0,0,0
BRDA:41,0,1,0
BRDA:78,1,0,0
BRDA:78,1,1,0
BRF:4
BRH:0
end_of_record
TN:
SF:src\components\ui\button.tsx
FN:37,Button
FNF:1
FNH:0
FNDA:0,Button
DA:7,0
DA:47,0
DA:49,0
LF:3
LH:0
BRDA:41,0,0,0
BRDA:47,1,0,0
BRDA:47,1,1,0
BRF:3
BRH:0
end_of_record
TN:
SF:src\components\ui\card.tsx
FN:5,Card
FN:18,CardHeader
FN:31,CardTitle
FN:41,CardDescription
FN:51,CardAction
FN:64,CardContent
FN:74,CardFooter
FNF:7
FNH:0
FNDA:0,Card
FNDA:0,CardHeader
FNDA:0,CardTitle
FNDA:0,CardDescription
FNDA:0,CardAction
FNDA:0,CardContent
FNDA:0,CardFooter
DA:6,0
DA:19,0
DA:32,0
DA:42,0
DA:52,0
DA:65,0
DA:75,0
LF:7
LH:0
BRF:0
BRH:0
end_of_record
TN:
SF:src\components\ui\chart.tsx
FN:27,useChart
FN:37,ChartContainer
FN:72,(anonymous_2)
FN:73,(anonymous_3)
FN:85,(anonymous_4)
FN:89,(anonymous_5)
FN:107,ChartTooltipContent
FN:131,(anonymous_7)
FN:182,(anonymous_8)
FN:253,ChartLegendContent
FN:278,(anonymous_10)
FN:308,getPayloadConfigFromPayload
FNF:12
FNH:0
FNDA:0,useChart
FNDA:0,ChartContainer
FNDA:0,(anonymous_2)
FNDA:0,(anonymous_3)
FNDA:0,(anonymous_4)
FNDA:0,(anonymous_5)
FNDA:0,ChartTooltipContent
FNDA:0,(anonymous_7)
FNDA:0,(anonymous_8)
FNDA:0,ChartLegendContent
FNDA:0,(anonymous_10)
FNDA:0,getPayloadConfigFromPayload
DA:1,0
DA:9,0
DA:25,0
DA:28,0
DA:30,0
DA:31,0
DA:34,0
DA:49,0
DA:50,0
DA:52,0
DA:72,0
DA:73,0
DA:74,0
DA:77,0
DA:78,0
DA:81,0
DA:86,0
DA:91,0
DA:93,0
DA:105,0
DA:129,0
DA:131,0
DA:132,0
DA:133,0
DA:136,0
DA:137,0
DA:138,0
DA:140,0
DA:144,0
DA:145,0
DA:152,0
DA:153,0
DA:156,0
DA:167,0
DA:168,0
DA:171,0
DA:173,0
DA:183,0
DA:184,0
DA:185,0
DA:187,0
DA:251,0
DA:264,0
DA:266,0
DA:267,0
DA:270,0
DA:279,0
DA:280,0
DA:282,0
DA:313,0
DA:314,0
DA:318,0
DA:324,0
DA:326,0
DA:330,0
DA:332,0
DA:336,0
DA:341,0
LF:58
LH:0
BRDA:30,0,0,0
BRDA:30,0,1,0
BRDA:50,1,0,0
BRDA:50,1,1,0
BRDA:74,2,0,0
BRDA:74,2,1,0
BRDA:77,3,0,0
BRDA:77,3,1,0
BRDA:91,4,0,0
BRDA:91,4,1,0
BRDA:93,5,0,0
BRDA:93,5,1,0
BRDA:111,6,0,0
BRDA:112,7,0,0
BRDA:113,8,0,0
BRDA:132,9,0,0
BRDA:132,9,1,0
BRDA:132,10,0,0
BRDA:132,10,1,0
BRDA:137,11,0,0
BRDA:137,11,1,0
BRDA:137,11,2,0
BRDA:137,11,3,0
BRDA:140,12,0,0
BRDA:140,12,1,0
BRDA:140,13,0,0
BRDA:140,13,1,0
BRDA:141,14,0,0
BRDA:141,14,1,0
BRDA:144,15,0,0
BRDA:144,15,1,0
BRDA:152,16,0,0
BRDA:152,16,1,0
BRDA:167,17,0,0
BRDA:167,17,1,0
BRDA:167,18,0,0
BRDA:167,18,1,0
BRDA:171,19,0,0
BRDA:171,19,1,0
BRDA:180,20,0,0
BRDA:180,20,1,0
BRDA:183,21,0,0
BRDA:183,21,1,0
BRDA:183,21,2,0
BRDA:183,21,3,0
BRDA:185,22,0,0
BRDA:185,22,1,0
BRDA:185,22,2,0
BRDA:192,23,0,0
BRDA:192,23,1,0
BRDA:195,24,0,0
BRDA:195,24,1,0
BRDA:195,25,0,0
BRDA:195,25,1,0
BRDA:195,25,2,0
BRDA:199,26,0,0
BRDA:199,26,1,0
BRDA:202,27,0,0
BRDA:202,27,1,0
BRDA:211,28,0,0
BRDA:211,28,1,0
BRDA:226,29,0,0
BRDA:226,29,1,0
BRDA:230,30,0,0
BRDA:230,30,1,0
BRDA:232,31,0,0
BRDA:232,31,1,0
BRDA:235,32,0,0
BRDA:235,32,1,0
BRDA:255,33,0,0
BRDA:257,34,0,0
BRDA:266,35,0,0
BRDA:266,35,1,0
BRDA:274,36,0,0
BRDA:274,36,1,0
BRDA:279,37,0,0
BRDA:279,37,1,0
BRDA:279,37,2,0
BRDA:289,38,0,0
BRDA:289,38,1,0
BRDA:289,39,0,0
BRDA:289,39,1,0
BRDA:313,40,0,0
BRDA:313,40,1,0
BRDA:313,41,0,0
BRDA:313,41,1,0
BRDA:318,42,0,0
BRDA:318,42,1,0
BRDA:318,43,0,0
BRDA:318,43,1,0
BRDA:318,43,2,0
BRDA:326,44,0,0
BRDA:326,44,1,0
BRDA:327,45,0,0
BRDA:327,45,1,0
BRDA:332,46,0,0
BRDA:332,46,1,0
BRDA:332,47,0,0
BRDA:332,47,1,0
BRDA:332,47,2,0
BRDA:341,48,0,0
BRDA:341,48,1,0
BRF:102
BRH:0
end_of_record
TN:
SF:src\components\ui\checkbox.tsx
FN:9,Checkbox
FNF:1
FNH:0
FNDA:0,Checkbox
DA:1,0
DA:13,0
LF:2
LH:0
BRF:0
BRH:0
end_of_record
TN:
SF:src\components\ui\collapsible.tsx
FN:5,Collapsible
FN:11,CollapsibleTrigger
FN:22,CollapsibleContent
FNF:3
FNH:0
FNDA:0,Collapsible
FNDA:0,CollapsibleTrigger
FNDA:0,CollapsibleContent
DA:1,0
DA:8,0
DA:14,0
DA:25,0
LF:4
LH:0
BRF:0
BRH:0
end_of_record
TN:
SF:src\components\ui\context-menu.tsx
FN:9,ContextMenu
FN:15,ContextMenuTrigger
FN:23,ContextMenuGroup
FN:31,ContextMenuPortal
FN:39,ContextMenuSub
FN:45,ContextMenuRadioGroup
FN:56,ContextMenuSubTrigger
FN:80,ContextMenuSubContent
FN:96,ContextMenuContent
FN:114,ContextMenuItem
FN:137,ContextMenuCheckboxItem
FN:163,ContextMenuRadioItem
FN:187,ContextMenuLabel
FN:207,ContextMenuSeparator
FN:220,ContextMenuShortcut
FNF:15
FNH:0
FNDA:0,ContextMenu
FNDA:0,ContextMenuTrigger
FNDA:0,ContextMenuGroup
FNDA:0,ContextMenuPortal
FNDA:0,ContextMenuSub
FNDA:0,ContextMenuRadioGroup
FNDA:0,ContextMenuSubTrigger
FNDA:0,ContextMenuSubContent
FNDA:0,ContextMenuContent
FNDA:0,ContextMenuItem
FNDA:0,ContextMenuCheckboxItem
FNDA:0,ContextMenuRadioItem
FNDA:0,ContextMenuLabel
FNDA:0,ContextMenuSeparator
FNDA:0,ContextMenuShortcut
DA:1,0
DA:12,0
DA:18,0
DA:26,0
DA:34,0
DA:42,0
DA:48,0
DA:64,0
DA:84,0
DA:100,0
DA:123,0
DA:143,0
DA:168,0
DA:194,0
DA:211,0
DA:224,0
LF:16
LH:0
BRDA:117,0,0,0
BRF:1
BRH:0
end_of_record
TN:
SF:src\components\ui\dialog.tsx
FN:9,Dialog
FN:15,DialogTrigger
FN:21,DialogPortal
FN:27,DialogClose
FN:33,DialogOverlay
FN:49,DialogContent
FN:75,DialogHeader
FN:85,DialogFooter
FN:98,DialogTitle
FN:111,DialogDescription
FNF:10
FNH:7
FNDA:37,Dialog
FNDA:0,DialogTrigger
FNDA:37,DialogPortal
FNDA:0,DialogClose
FNDA:20,DialogOverlay
FNDA:37,DialogContent
FNDA:15,DialogHeader
FNDA:0,DialogFooter
FNDA:15,DialogTitle
FNDA:15,DialogDescription
DA:1,1
DA:12,37
DA:18,0
DA:24,37
DA:30,0
DA:37,20
DA:54,37
DA:76,15
DA:86,0
DA:102,15
DA:115,15
LF:11
LH:8
BRF:0
BRH:0
end_of_record
TN:
SF:src\components\ui\dropdown-menu.tsx
FN:9,DropdownMenu
FN:15,DropdownMenuPortal
FN:23,DropdownMenuTrigger
FN:34,DropdownMenuContent
FN:54,DropdownMenuGroup
FN:62,DropdownMenuItem
FN:85,DropdownMenuCheckboxItem
FN:111,DropdownMenuRadioGroup
FN:122,DropdownMenuRadioItem
FN:146,DropdownMenuLabel
FN:166,DropdownMenuSeparator
FN:179,DropdownMenuShortcut
FN:195,DropdownMenuSub
FN:201,DropdownMenuSubTrigger
FN:225,DropdownMenuSubContent
FNF:15
FNH:0
FNDA:0,DropdownMenu
FNDA:0,DropdownMenuPortal
FNDA:0,DropdownMenuTrigger
FNDA:0,DropdownMenuContent
FNDA:0,DropdownMenuGroup
FNDA:0,DropdownMenuItem
FNDA:0,DropdownMenuCheckboxItem
FNDA:0,DropdownMenuRadioGroup
FNDA:0,DropdownMenuRadioItem
FNDA:0,DropdownMenuLabel
FNDA:0,DropdownMenuSeparator
FNDA:0,DropdownMenuShortcut
FNDA:0,DropdownMenuSub
FNDA:0,DropdownMenuSubTrigger
FNDA:0,DropdownMenuSubContent
DA:1,0
DA:12,0
DA:18,0
DA:26,0
DA:39,0
DA:57,0
DA:71,0
DA:91,0
DA:114,0
DA:127,0
DA:153,0
DA:170,0
DA:183,0
DA:198,0
DA:209,0
DA:229,0
LF:16
LH:0
BRDA:36,0,0,0
BRDA:65,1,0,0
BRF:2
BRH:0
end_of_record
TN:
SF:src\components\ui\hover-card.tsx
FN:8,HoverCard
FN:14,HoverCardTrigger
FN:22,HoverCardContent
FNF:3
FNH:0
FNDA:0,HoverCard
FNDA:0,HoverCardTrigger
FNDA:0,HoverCardContent
DA:1,0
DA:11,0
DA:17,0
DA:28,0
LF:4
LH:0
BRDA:24,0,0,0
BRDA:25,1,0,0
BRF:2
BRH:0
end_of_record
TN:
SF:src\components\ui\input.tsx
FN:5,Input
FNF:1
FNH:1
FNDA:90,Input
DA:6,90
LF:1
LH:1
BRF:0
BRH:0
end_of_record
TN:
SF:src\components\ui\label.tsx
FN:8,Label
FNF:1
FNH:1
FNDA:150,Label
DA:1,1
DA:12,150
LF:2
LH:2
BRF:0
BRH:0
end_of_record
TN:
SF:src\components\ui\menubar.tsx
FN:9,Menubar
FN:25,MenubarMenu
FN:31,MenubarGroup
FN:37,MenubarPortal
FN:43,MenubarRadioGroup
FN:51,MenubarTrigger
FN:67,MenubarContent
FN:91,MenubarItem
FN:114,MenubarCheckboxItem
FN:140,MenubarRadioItem
FN:164,MenubarLabel
FN:184,MenubarSeparator
FN:197,MenubarShortcut
FN:213,MenubarSub
FN:219,MenubarSubTrigger
FN:243,MenubarSubContent
FNF:16
FNH:0
FNDA:0,Menubar
FNDA:0,MenubarMenu
FNDA:0,MenubarGroup
FNDA:0,MenubarPortal
FNDA:0,MenubarRadioGroup
FNDA:0,MenubarTrigger
FNDA:0,MenubarContent
FNDA:0,MenubarItem
FNDA:0,MenubarCheckboxItem
FNDA:0,MenubarRadioItem
FNDA:0,MenubarLabel
FNDA:0,MenubarSeparator
FNDA:0,MenubarShortcut
FNDA:0,MenubarSub
FNDA:0,MenubarSubTrigger
FNDA:0,MenubarSubContent
DA:1,0
DA:13,0
DA:28,0
DA:34,0
DA:40,0
DA:46,0
DA:55,0
DA:74,0
DA:100,0
DA:120,0
DA:145,0
DA:171,0
DA:188,0
DA:201,0
DA:216,0
DA:227,0
DA:247,0
LF:17
LH:0
BRDA:69,0,0,0
BRDA:70,1,0,0
BRDA:71,2,0,0
BRDA:94,3,0,0
BRF:4
BRH:0
end_of_record
TN:
SF:src\components\ui\navigation-menu.tsx
FN:8,NavigationMenu
FN:32,NavigationMenuList
FN:48,NavigationMenuItem
FN:65,NavigationMenuTrigger
FN:85,NavigationMenuContent
FN:102,NavigationMenuViewport
FN:124,NavigationMenuLink
FN:140,NavigationMenuIndicator
FNF:8
FNH:0
FNDA:0,NavigationMenu
FNDA:0,NavigationMenuList
FNDA:0,NavigationMenuItem
FNDA:0,NavigationMenuTrigger
FNDA:0,NavigationMenuContent
FNDA:0,NavigationMenuViewport
FNDA:0,NavigationMenuLink
FNDA:0,NavigationMenuIndicator
DA:16,0
DA:36,0
DA:52,0
DA:61,0
DA:70,0
DA:89,0
DA:106,0
DA:128,0
DA:144,0
LF:9
LH:0
BRDA:11,0,0,0
BRDA:27,1,0,0
BRDA:27,1,1,0
BRF:3
BRH:0
end_of_record
TN:
SF:src\components\ui\pagination.tsx
FN:11,Pagination
FN:23,PaginationContent
FN:36,PaginationItem
FN:45,PaginationLink
FN:68,PaginationPrevious
FN:85,PaginationNext
FN:102,PaginationEllipsis
FNF:7
FNH:0
FNDA:0,Pagination
FNDA:0,PaginationContent
FNDA:0,PaginationItem
FNDA:0,PaginationLink
FNDA:0,PaginationPrevious
FNDA:0,PaginationNext
FNDA:0,PaginationEllipsis
DA:12,0
DA:27,0
DA:37,0
DA:51,0
DA:72,0
DA:89,0
DA:106,0
LF:7
LH:0
BRDA:48,0,0,0
BRDA:53,1,0,0
BRDA:53,1,1,0
BRDA:58,2,0,0
BRDA:58,2,1,0
BRF:5
BRH:0
end_of_record
TN:
SF:src\components\ui\popover.tsx
FN:8,Popover
FN:14,PopoverTrigger
FN:20,PopoverContent
FN:42,PopoverAnchor
FNF:4
FNH:0
FNDA:0,Popover
FNDA:0,PopoverTrigger
FNDA:0,PopoverContent
FNDA:0,PopoverAnchor
DA:1,0
DA:11,0
DA:17,0
DA:26,0
DA:45,0
LF:5
LH:0
BRDA:22,0,0,0
BRDA:23,1,0,0
BRF:2
BRH:0
end_of_record
TN:
SF:src\components\ui\progress.tsx
FN:8,Progress
FNF:1
FNH:0
FNDA:0,Progress
DA:1,0
DA:13,0
LF:2
LH:0
BRDA:25,0,0,0
BRDA:25,0,1,0
BRF:2
BRH:0
end_of_record
TN:
SF:src\components\ui\radio-group.tsx
FN:9,RadioGroup
FN:22,RadioGroupItem
FNF:2
FNH:0
FNDA:0,RadioGroup
FNDA:0,RadioGroupItem
DA:1,0
DA:13,0
DA:26,0
LF:3
LH:0
BRF:0
BRH:0
end_of_record
TN:
SF:src\components\ui\scroll-area.tsx
FN:8,ScrollArea
FN:31,ScrollBar
FNF:2
FNH:0
FNDA:0,ScrollArea
FNDA:0,ScrollBar
DA:1,0
DA:13,0
DA:36,0
LF:3
LH:0
BRDA:33,0,0,0
BRDA:42,1,0,0
BRDA:42,1,1,0
BRDA:44,2,0,0
BRDA:44,2,1,0
BRF:5
BRH:0
end_of_record
TN:
SF:src\components\ui\select.tsx
FN:13,Select
FN:19,SelectGroup
FN:25,SelectValue
FN:31,(anonymous_3)
FN:57,SelectContent
FN:92,SelectLabel
FN:105,SelectItem
FN:129,SelectSeparator
FN:142,SelectScrollUpButton
FN:160,SelectScrollDownButton
FNF:10
FNH:7
FNDA:45,Select
FNDA:0,SelectGroup
FNDA:45,SelectValue
FNDA:45,(anonymous_3)
FNDA:45,SelectContent
FNDA:0,SelectLabel
FNDA:150,SelectItem
FNDA:0,SelectSeparator
FNDA:45,SelectScrollUpButton
FNDA:45,SelectScrollDownButton
DA:1,1
DA:16,45
DA:22,0
DA:28,45
DA:31,1
DA:37,45
DA:55,1
DA:63,45
DA:96,0
DA:110,150
DA:133,0
DA:146,45
DA:164,45
LF:13
LH:10
BRDA:36,0,0,45
BRDA:60,1,0,45
BRDA:69,2,0,45
BRDA:69,2,1,45
BRDA:80,3,0,45
BRDA:80,3,1,45
BRF:6
BRH:6
end_of_record
TN:
SF:src\components\ui\separator.tsx
FN:8,Separator
FNF:1
FNH:0
FNDA:0,Separator
DA:1,0
DA:14,0
LF:2
LH:0
BRDA:10,0,0,0
BRDA:11,1,0,0
BRF:2
BRH:0
end_of_record
TN:
SF:src\components\ui\sheet.tsx
FN:9,Sheet
FN:13,SheetTrigger
FN:19,SheetClose
FN:25,SheetPortal
FN:31,SheetOverlay
FN:47,SheetContent
FN:84,SheetHeader
FN:94,SheetFooter
FN:104,SheetTitle
FN:117,SheetDescription
FNF:10
FNH:0
FNDA:0,Sheet
FNDA:0,SheetTrigger
FNDA:0,SheetClose
FNDA:0,SheetPortal
FNDA:0,SheetOverlay
FNDA:0,SheetContent
FNDA:0,SheetHeader
FNDA:0,SheetFooter
FNDA:0,SheetTitle
FNDA:0,SheetDescription
DA:1,0
DA:10,0
DA:16,0
DA:22,0
DA:28,0
DA:35,0
DA:55,0
DA:85,0
DA:95,0
DA:108,0
DA:121,0
LF:11
LH:0
BRDA:50,0,0,0
BRDA:62,1,0,0
BRDA:62,1,1,0
BRDA:64,2,0,0
BRDA:64,2,1,0
BRDA:66,3,0,0
BRDA:66,3,1,0
BRDA:68,4,0,0
BRDA:68,4,1,0
BRF:9
BRH:0
end_of_record
TN:
SF:src\components\ui\sidebar.tsx
FN:47,useSidebar
FN:56,SidebarProvider
FN:76,(anonymous_2)
FN:92,(anonymous_3)
FN:93,(anonymous_4)
FN:93,(anonymous_5)
FN:97,(anonymous_6)
FN:98,(anonymous_7)
FN:109,(anonymous_8)
FN:116,(anonymous_9)
FN:154,Sidebar
FN:256,SidebarTrigger
FN:270,(anonymous_12)
FN:282,SidebarRail
FN:307,SidebarInset
FN:321,SidebarInput
FN:335,SidebarHeader
FN:346,SidebarFooter
FN:357,SidebarSeparator
FN:371,SidebarContent
FN:385,SidebarGroup
FN:396,SidebarGroupLabel
FN:417,SidebarGroupAction
FN:440,SidebarGroupContent
FN:454,SidebarMenu
FN:465,SidebarMenuItem
FN:498,SidebarMenuButton
FN:548,SidebarMenuAction
FN:580,SidebarMenuBadge
FN:602,SidebarMenuSkeleton
FN:610,(anonymous_30)
FN:640,SidebarMenuSub
FN:655,SidebarMenuSubItem
FN:669,SidebarMenuSubButton
FNF:34
FNH:0
FNDA:0,useSidebar
FNDA:0,SidebarProvider
FNDA:0,(anonymous_2)
FNDA:0,(anonymous_3)
FNDA:0,(anonymous_4)
FNDA:0,(anonymous_5)
FNDA:0,(anonymous_6)
FNDA:0,(anonymous_7)
FNDA:0,(anonymous_8)
FNDA:0,(anonymous_9)
FNDA:0,Sidebar
FNDA:0,SidebarTrigger
FNDA:0,(anonymous_12)
FNDA:0,SidebarRail
FNDA:0,SidebarInset
FNDA:0,SidebarInput
FNDA:0,SidebarHeader
FNDA:0,SidebarFooter
FNDA:0,SidebarSeparator
FNDA:0,SidebarContent
FNDA:0,SidebarGroup
FNDA:0,SidebarGroupLabel
FNDA:0,SidebarGroupAction
FNDA:0,SidebarGroupContent
FNDA:0,SidebarMenu
FNDA:0,SidebarMenuItem
FNDA:0,SidebarMenuButton
FNDA:0,SidebarMenuAction
FNDA:0,SidebarMenuBadge
FNDA:0,SidebarMenuSkeleton
FNDA:0,(anonymous_30)
FNDA:0,SidebarMenuSub
FNDA:0,SidebarMenuSubItem
FNDA:0,SidebarMenuSubButton
DA:1,0
DA:28,0
DA:29,0
DA:30,0
DA:31,0
DA:32,0
DA:33,0
DA:45,0
DA:48,0
DA:49,0
DA:50,0
DA:53,0
DA:69,0
DA:70,0
DA:74,0
DA:75,0
DA:76,0
DA:78,0
DA:79,0
DA:80,0
DA:82,0
DA:86,0
DA:92,0
DA:93,0
DA:97,0
DA:98,0
DA:99,0
DA:103,0
DA:104,0
DA:108,0
DA:109,0
DA:114,0
DA:116,0
DA:117,0
DA:129,0
DA:166,0
DA:168,0
DA:169,0
DA:183,0
DA:184,0
DA:208,0
DA:261,0
DA:263,0
DA:271,0
DA:272,0
DA:283,0
DA:285,0
DA:308,0
DA:325,0
DA:336,0
DA:347,0
DA:361,0
DA:372,0
DA:386,0
DA:401,0
DA:403,0
DA:422,0
DA:424,0
DA:444,0
DA:455,0
DA:466,0
DA:476,0
DA:511,0
DA:512,0
DA:515,0
DA:525,0
DA:526,0
DA:529,0
DA:530,0
DA:535,0
DA:557,0
DA:559,0
DA:584,0
DA:610,0
DA:611,0
DA:614,0
DA:641,0
DA:659,0
DA:680,0
DA:682,0
LF:80
LH:0
BRDA:49,0,0,0
BRDA:49,0,1,0
BRDA:57,1,0,0
BRDA:75,2,0,0
BRDA:75,2,1,0
BRDA:78,3,0,0
BRDA:78,3,1,0
BRDA:79,4,0,0
BRDA:79,4,1,0
BRDA:93,5,0,0
BRDA:93,5,1,0
BRDA:99,6,0,0
BRDA:99,6,1,0
BRDA:100,7,0,0
BRDA:100,7,1,0
BRDA:100,7,2,0
BRDA:114,8,0,0
BRDA:114,8,1,0
BRDA:155,9,0,0
BRDA:156,10,0,0
BRDA:157,11,0,0
BRDA:168,12,0,0
BRDA:168,12,1,0
BRDA:183,13,0,0
BRDA:183,13,1,0
BRDA:212,14,0,0
BRDA:212,14,1,0
BRDA:224,15,0,0
BRDA:224,15,1,0
BRDA:224,16,0,0
BRDA:224,16,1,0
BRDA:233,17,0,0
BRDA:233,17,1,0
BRDA:237,18,0,0
BRDA:237,18,1,0
BRDA:237,19,0,0
BRDA:237,19,1,0
BRDA:398,20,0,0
BRDA:401,21,0,0
BRDA:401,21,1,0
BRDA:419,22,0,0
BRDA:422,23,0,0
BRDA:422,23,1,0
BRDA:499,24,0,0
BRDA:500,25,0,0
BRDA:501,26,0,0
BRDA:502,27,0,0
BRDA:511,28,0,0
BRDA:511,28,1,0
BRDA:525,29,0,0
BRDA:525,29,1,0
BRDA:529,30,0,0
BRDA:529,30,1,0
BRDA:541,31,0,0
BRDA:541,31,1,0
BRDA:550,32,0,0
BRDA:551,33,0,0
BRDA:557,34,0,0
BRDA:557,34,1,0
BRDA:571,35,0,0
BRDA:571,35,1,0
BRDA:604,36,0,0
BRDA:621,37,0,0
BRDA:621,37,1,0
BRDA:670,38,0,0
BRDA:671,39,0,0
BRDA:672,40,0,0
BRDA:680,41,0,0
BRDA:680,41,1,0
BRDA:691,42,0,0
BRDA:691,42,1,0
BRDA:692,43,0,0
BRDA:692,43,1,0
BRF:73
BRH:0
end_of_record
TN:
SF:src\components\ui\skeleton.tsx
FN:3,Skeleton
FNF:1
FNH:0
FNDA:0,Skeleton
DA:4,0
LF:1
LH:0
BRF:0
BRH:0
end_of_record
TN:
SF:src\components\ui\slider.tsx
FN:8,Slider
FN:16,(anonymous_1)
FN:52,(anonymous_2)
FNF:3
FNH:0
FNDA:0,Slider
FNDA:0,(anonymous_1)
FNDA:0,(anonymous_2)
DA:1,0
DA:16,0
DA:18,0
DA:26,0
DA:53,0
LF:5
LH:0
BRDA:12,0,0,0
BRDA:13,1,0,0
BRDA:18,2,0,0
BRDA:18,2,1,0
BRDA:20,3,0,0
BRDA:20,3,1,0
BRF:6
BRH:0
end_of_record
TN:
SF:src\components\ui\switch.tsx
FN:8,Switch
FNF:1
FNH:0
FNDA:0,Switch
DA:1,0
DA:12,0
LF:2
LH:0
BRF:0
BRH:0
end_of_record
TN:
SF:src\components\ui\table.tsx
FN:7,Table
FN:22,TableHeader
FN:32,TableBody
FN:42,TableFooter
FN:55,TableRow
FN:68,TableHead
FN:81,TableCell
FN:94,TableCaption
FNF:8
FNH:6
FNDA:24,Table
FNDA:24,TableHeader
FNDA:24,TableBody
FNDA:0,TableFooter
FNDA:24,TableRow
FNDA:216,TableHead
FNDA:432,TableCell
FNDA:0,TableCaption
DA:1,1
DA:8,24
DA:23,24
DA:33,24
DA:43,0
DA:56,24
DA:69,216
DA:82,432
DA:98,0
LF:9
LH:7
BRF:0
BRH:0
end_of_record
TN:
SF:src\components\ui\tabs.tsx
FN:8,Tabs
FN:21,TabsList
FN:37,TabsTrigger
FN:53,TabsContent
FNF:4
FNH:0
FNDA:0,Tabs
FNDA:0,TabsList
FNDA:0,TabsTrigger
FNDA:0,TabsContent
DA:1,0
DA:12,0
DA:25,0
DA:41,0
DA:57,0
LF:5
LH:0
BRF:0
BRH:0
end_of_record
TN:
SF:src\components\ui\textarea.tsx
FN:5,Textarea
FNF:1
FNH:1
FNDA:15,Textarea
DA:6,15
LF:1
LH:1
BRF:0
BRH:0
end_of_record
TN:
SF:src\components\ui\toggle-group.tsx
FN:17,ToggleGroup
FN:43,ToggleGroupItem
FNF:2
FNH:0
FNDA:0,ToggleGroup
FNDA:0,ToggleGroupItem
DA:1,0
DA:10,0
DA:25,0
DA:51,0
DA:53,0
LF:5
LH:0
BRDA:56,0,0,0
BRDA:56,0,1,0
BRDA:57,1,0,0
BRDA:57,1,1,0
BRDA:60,2,0,0
BRDA:60,2,1,0
BRDA:61,3,0,0
BRDA:61,3,1,0
BRF:8
BRH:0
end_of_record
TN:
SF:src\components\ui\toggle.tsx
FN:31,Toggle
FNF:1
FNH:0
FNDA:0,Toggle
DA:1,0
DA:9,0
DA:38,0
LF:3
LH:0
BRF:0
BRH:0
end_of_record
TN:
SF:src\components\ui\tooltip.tsx
FN:8,TooltipProvider
FN:21,Tooltip
FN:31,TooltipTrigger
FN:37,TooltipContent
FNF:4
FNH:0
FNDA:0,TooltipProvider
FNDA:0,Tooltip
FNDA:0,TooltipTrigger
FNDA:0,TooltipContent
DA:1,0
DA:12,0
DA:24,0
DA:34,0
DA:43,0
LF:5
LH:0
BRDA:9,0,0,0
BRDA:39,1,0,0
BRF:2
BRH:0
end_of_record
TN:
SF:src\components\ui\use-mobile.ts
FN:5,useIsMobile
FN:10,(anonymous_1)
FN:12,(anonymous_2)
FN:17,(anonymous_3)
FNF:4
FNH:0
FNDA:0,useIsMobile
FNDA:0,(anonymous_1)
FNDA:0,(anonymous_2)
FNDA:0,(anonymous_3)
DA:3,0
DA:6,0
DA:10,0
DA:11,0
DA:12,0
DA:13,0
DA:15,0
DA:16,0
DA:17,0
DA:20,0
LF:10
LH:0
BRF:0
BRH:0
end_of_record
TN:
SF:src\components\ui\utils.ts
FN:4,cn
FNF:1
FNH:1
FNDA:1476,cn
DA:5,1476
LF:1
LH:1
BRF:0
BRH:0
end_of_record
TN:
SF:src\context\ThemeContext.jsx
FN:5,ThemeProvider
FN:6,(anonymous_1)
FN:18,(anonymous_2)
FN:35,useTheme
FNF:4
FNH:0
FNDA:0,ThemeProvider
FNDA:0,(anonymous_1)
FNDA:0,(anonymous_2)
FNDA:0,useTheme
DA:3,0
DA:6,0
DA:8,0
DA:9,0
DA:10,0
DA:11,0
DA:12,0
DA:15,0
DA:18,0
DA:20,0
DA:21,0
DA:22,0
DA:25,0
DA:28,0
DA:36,0
DA:37,0
DA:38,0
DA:40,0
LF:18
LH:0
BRDA:11,0,0,0
BRDA:11,0,1,0
BRDA:12,1,0,0
BRDA:12,1,1,0
BRDA:37,2,0,0
BRDA:37,2,1,0
BRF:6
BRH:0
end_of_record
TN:
SF:src\context\TradeContext.jsx
FN:25,(anonymous_0)
FN:26,(anonymous_1)
FN:27,(anonymous_2)
FN:28,(anonymous_3)
FN:35,safeParse
FN:43,deduplicateTrades
FN:45,(anonymous_6)
FN:49,loadFromStorage
FN:59,saveToStorage
FN:71,sortTrades
FN:72,(anonymous_10)
FN:75,mergeTrades
FN:78,(anonymous_12)
FN:80,(anonymous_13)
FN:84,createTempId
FN:88,normalizeTradeForApi
FN:116,graphqlFetch
FN:138,getAdjustedPnl
FN:145,calculateDuration
FN:157,TradeProvider
FN:158,(anonymous_20)
FN:159,(anonymous_21)
FN:160,(anonymous_22)
FN:166,(anonymous_23)
FN:177,(anonymous_24)
FN:181,(anonymous_25)
FN:185,(anonymous_26)
FN:187,(anonymous_27)
FN:198,(anonymous_28)
FN:203,(anonymous_29)
FN:208,(anonymous_30)
FN:212,(anonymous_31)
FN:224,(anonymous_32)
FN:240,(anonymous_33)
FN:256,(anonymous_34)
FN:274,(anonymous_35)
FN:295,(anonymous_36)
FN:311,(anonymous_37)
FN:320,(anonymous_38)
FN:331,(anonymous_39)
FN:337,(anonymous_40)
FN:346,(anonymous_41)
FN:356,(anonymous_42)
FN:368,(anonymous_43)
FN:380,(anonymous_44)
FN:384,(anonymous_45)
FN:400,(anonymous_46)
FN:405,(anonymous_47)
FN:415,(anonymous_48)
FN:419,(anonymous_49)
FN:424,(anonymous_50)
FN:425,(anonymous_51)
FN:431,(anonymous_52)
FN:435,(anonymous_53)
FN:449,(anonymous_54)
FN:469,(anonymous_55)
FN:470,(anonymous_56)
FN:483,(anonymous_57)
FN:488,(anonymous_58)
FN:509,(anonymous_59)
FN:522,(anonymous_60)
FN:526,(anonymous_61)
FN:530,(anonymous_62)
FN:538,(anonymous_63)
FN:546,(anonymous_64)
FN:557,(anonymous_65)
FN:571,(anonymous_66)
FN:584,(anonymous_67)
FN:588,(anonymous_68)
FN:614,(anonymous_69)
FN:628,(anonymous_70)
FN:639,(anonymous_71)
FN:658,(anonymous_72)
FN:665,(anonymous_73)
FN:667,(anonymous_74)
FN:678,(anonymous_75)
FN:684,(anonymous_76)
FN:686,(anonymous_77)
FN:701,(anonymous_78)
FN:702,(anonymous_79)
FN:740,(anonymous_80)
FNF:81
FNH:40
FNDA:0,(anonymous_0)
FNDA:0,(anonymous_1)
FNDA:0,(anonymous_2)
FNDA:0,(anonymous_3)
FNDA:60,safeParse
FNDA:48,deduplicateTrades
FNDA:48,(anonymous_6)
FNDA:60,loadFromStorage
FNDA:36,saveToStorage
FNDA:15,sortTrades
FNDA:18,(anonymous_10)
FNDA:0,mergeTrades
FNDA:0,(anonymous_12)
FNDA:0,(anonymous_13)
FNDA:2,createTempId
FNDA:2,normalizeTradeForApi
FNDA:9,graphqlFetch
FNDA:240,getAdjustedPnl
FNDA:1,calculateDuration
FNDA:30,TradeProvider
FNDA:12,(anonymous_20)
FNDA:12,(anonymous_21)
FNDA:12,(anonymous_22)
FNDA:12,(anonymous_23)
FNDA:30,(anonymous_24)
FNDA:27,(anonymous_25)
FNDA:21,(anonymous_26)
FNDA:0,(anonymous_27)
FNDA:15,(anonymous_28)
FNDA:0,(anonymous_29)
FNDA:0,(anonymous_30)
FNDA:1,(anonymous_31)
FNDA:0,(anonymous_32)
FNDA:0,(anonymous_33)
FNDA:4,(anonymous_34)
FNDA:0,(anonymous_35)
FNDA:1,(anonymous_36)
FNDA:0,(anonymous_37)
FNDA:0,(anonymous_38)
FNDA:0,(anonymous_39)
FNDA:0,(anonymous_40)
FNDA:0,(anonymous_41)
FNDA:0,(anonymous_42)
FNDA:0,(anonymous_43)
FNDA:0,(anonymous_44)
FNDA:1,(anonymous_45)
FNDA:1,(anonymous_46)
FNDA:0,(anonymous_47)
FNDA:2,(anonymous_48)
FNDA:1,(anonymous_49)
FNDA:0,(anonymous_50)
FNDA:0,(anonymous_51)
FNDA:2,(anonymous_52)
FNDA:4,(anonymous_53)
FNDA:4,(anonymous_54)
FNDA:0,(anonymous_55)
FNDA:0,(anonymous_56)
FNDA:0,(anonymous_57)
FNDA:0,(anonymous_58)
FNDA:4,(anonymous_59)
FNDA:0,(anonymous_60)
FNDA:0,(anonymous_61)
FNDA:0,(anonymous_62)
FNDA:0,(anonymous_63)
FNDA:0,(anonymous_64)
FNDA:0,(anonymous_65)
FNDA:12,(anonymous_66)
FNDA:0,(anonymous_67)
FNDA:0,(anonymous_68)
FNDA:0,(anonymous_69)
FNDA:12,(anonymous_70)
FNDA:2,(anonymous_71)
FNDA:0,(anonymous_72)
FNDA:2,(anonymous_73)
FNDA:4,(anonymous_74)
FNDA:0,(anonymous_75)
FNDA:2,(anonymous_76)
FNDA:4,(anonymous_77)
FNDA:0,(anonymous_78)
FNDA:0,(anonymous_79)
FNDA:35,(anonymous_80)
DA:3,2
DA:8,2
DA:9,2
DA:10,2
DA:11,2
DA:12,2
DA:16,2
DA:23,2
DA:28,0
DA:36,60
DA:37,60
DA:39,0
DA:44,48
DA:45,48
DA:46,48
DA:50,60
DA:51,0
DA:54,60
DA:56,60
DA:60,36
DA:61,0
DA:64,36
DA:65,36
DA:72,18
DA:76,0
DA:78,0
DA:80,0
DA:81,0
DA:85,2
DA:89,2
DA:100,2
DA:103,2
DA:117,9
DA:118,0
DA:121,9
DA:129,1
DA:130,1
DA:131,0
DA:132,0
DA:135,1
DA:139,240
DA:140,235
DA:142,5
DA:146,1
DA:147,1
DA:148,1
DA:149,1
DA:150,0
DA:152,1
DA:153,1
DA:154,1
DA:158,30
DA:159,30
DA:160,30
DA:161,30
DA:162,30
DA:163,30
DA:164,30
DA:165,30
DA:166,30
DA:167,30
DA:168,30
DA:169,30
DA:170,30
DA:171,30
DA:172,30
DA:173,30
DA:174,30
DA:175,30
DA:177,30
DA:178,30
DA:181,30
DA:182,27
DA:185,30
DA:186,21
DA:187,0
DA:188,0
DA:189,0
DA:190,0
DA:193,21
DA:194,21
DA:198,30
DA:199,15
DA:200,15
DA:203,30
DA:204,0
DA:205,0
DA:208,30
DA:209,0
DA:212,30
DA:213,1
DA:214,1
DA:215,1
DA:216,0
DA:217,0
DA:224,30
DA:225,0
DA:226,0
DA:227,0
DA:228,0
DA:229,0
DA:231,0
DA:232,0
DA:233,0
DA:235,0
DA:236,0
DA:240,30
DA:241,0
DA:242,0
DA:243,0
DA:244,0
DA:245,0
DA:247,0
DA:248,0
DA:249,0
DA:251,0
DA:252,0
DA:256,30
DA:257,4
DA:258,0
DA:261,4
DA:262,4
DA:263,4
DA:265,4
DA:266,1
DA:267,4
DA:268,0
DA:271,1
DA:272,1
DA:274,0
DA:277,1
DA:278,1
DA:279,1
DA:280,1
DA:282,4
DA:283,4
DA:284,1
DA:287,1
DA:289,0
DA:291,1
DA:295,30
DA:296,1
DA:297,0
DA:300,1
DA:301,1
DA:302,1
DA:303,0
DA:304,0
DA:311,30
DA:312,0
DA:313,0
DA:314,0
DA:317,0
DA:318,0
DA:319,0
DA:320,0
DA:321,0
DA:322,0
DA:323,0
DA:324,0
DA:325,0
DA:328,0
DA:331,30
DA:332,0
DA:334,0
DA:335,0
DA:336,0
DA:337,0
DA:338,0
DA:343,0
DA:346,30
DA:347,0
DA:348,0
DA:349,0
DA:350,0
DA:352,0
DA:356,30
DA:357,0
DA:358,0
DA:359,0
DA:360,0
DA:361,0
DA:364,0
DA:368,30
DA:369,0
DA:370,0
DA:371,0
DA:372,0
DA:373,0
DA:376,0
DA:380,30
DA:381,0
DA:384,30
DA:385,1
DA:386,1
DA:392,1
DA:393,1
DA:395,1
DA:396,1
DA:397,1
DA:400,30
DA:401,1
DA:402,1
DA:404,1
DA:405,0
DA:406,0
DA:407,0
DA:409,0
DA:412,1
DA:415,2
DA:416,1
DA:419,30
DA:420,1
DA:421,1
DA:423,1
DA:424,0
DA:425,0
DA:426,0
DA:427,0
DA:430,1
DA:431,2
DA:432,1
DA:435,30
DA:436,4
DA:437,0
DA:440,4
DA:441,4
DA:442,1
DA:443,0
DA:445,0
DA:449,30
DA:450,4
DA:451,4
DA:454,0
DA:455,0
DA:456,0
DA:458,0
DA:459,0
DA:461,0
DA:462,0
DA:463,0
DA:465,0
DA:466,0
DA:467,0
DA:468,0
DA:469,0
DA:470,0
DA:471,0
DA:472,0
DA:474,0
DA:475,0
DA:477,0
DA:479,0
DA:480,0
DA:481,0
DA:482,0
DA:483,0
DA:484,0
DA:485,0
DA:486,0
DA:487,0
DA:488,0
DA:489,0
DA:491,0
DA:494,0
DA:495,0
DA:498,0
DA:499,0
DA:500,0
DA:502,0
DA:503,0
DA:505,0
DA:509,30
DA:510,4
DA:511,4
DA:514,0
DA:515,0
DA:518,0
DA:519,0
DA:520,0
DA:522,0
DA:523,0
DA:526,0
DA:527,0
DA:528,0
DA:529,0
DA:530,0
DA:531,0
DA:538,0
DA:539,0
DA:540,0
DA:541,0
DA:542,0
DA:546,0
DA:547,0
DA:548,0
DA:549,0
DA:553,0
DA:557,30
DA:558,0
DA:560,0
DA:561,0
DA:562,0
DA:563,0
DA:564,0
DA:566,0
DA:567,0
DA:571,30
DA:572,12
DA:573,0
DA:576,12
DA:577,12
DA:579,12
DA:581,12
DA:584,0
DA:585,0
DA:588,0
DA:589,0
DA:590,0
DA:593,0
DA:594,0
DA:597,0
DA:598,0
DA:599,0
DA:602,0
DA:604,0
DA:605,0
DA:606,0
DA:607,0
DA:608,0
DA:610,0
DA:611,0
DA:614,0
DA:615,0
DA:616,0
DA:617,0
DA:618,0
DA:619,0
DA:621,0
DA:622,0
DA:628,30
DA:629,12
DA:630,4
DA:631,4
DA:632,4
DA:633,8
DA:634,0
DA:639,30
DA:640,2
DA:641,2
DA:647,2
DA:649,2
DA:650,1
DA:651,1
DA:654,1
DA:655,1
DA:656,1
DA:657,0
DA:658,0
DA:660,0
DA:661,0
DA:665,30
DA:666,2
DA:667,4
DA:669,2
DA:670,1
DA:671,1
DA:674,1
DA:675,1
DA:676,1
DA:677,0
DA:678,0
DA:680,0
DA:684,30
DA:685,2
DA:686,4
DA:688,2
DA:689,1
DA:690,1
DA:693,1
DA:694,1
DA:695,1
DA:697,0
DA:701,30
DA:702,0
DA:705,30
DA:740,35
LF:387
LH:183
BRDA:11,0,0,2
BRDA:11,0,1,0
BRDA:12,1,0,2
BRDA:12,1,1,0
BRDA:13,2,0,0
BRDA:13,2,1,2
BRDA:13,3,0,2
BRDA:13,3,1,0
BRDA:37,4,0,0
BRDA:37,4,1,60
BRDA:50,5,0,0
BRDA:50,5,1,60
BRDA:50,6,0,60
BRDA:50,6,1,60
BRDA:56,7,0,48
BRDA:56,7,1,12
BRDA:60,8,0,0
BRDA:60,8,1,36
BRDA:60,9,0,36
BRDA:60,9,1,36
BRDA:97,10,0,1
BRDA:97,10,1,1
BRDA:98,11,0,2
BRDA:98,11,1,1
BRDA:116,12,0,9
BRDA:117,13,0,0
BRDA:117,13,1,9
BRDA:117,14,0,9
BRDA:117,14,1,9
BRDA:130,15,0,0
BRDA:130,15,1,1
BRDA:130,16,0,1
BRDA:130,16,1,1
BRDA:131,17,0,0
BRDA:131,17,1,0
BRDA:139,18,0,235
BRDA:139,18,1,5
BRDA:139,19,0,240
BRDA:139,19,1,235
BRDA:142,20,0,5
BRDA:142,20,1,0
BRDA:149,21,0,0
BRDA:149,21,1,1
BRDA:149,22,0,1
BRDA:149,22,1,1
BRDA:166,23,0,12
BRDA:166,23,1,0
BRDA:186,24,0,0
BRDA:186,24,1,21
BRDA:216,25,0,0
BRDA:216,25,1,0
BRDA:228,26,0,0
BRDA:228,26,1,0
BRDA:229,27,0,0
BRDA:229,27,1,0
BRDA:244,28,0,0
BRDA:244,28,1,0
BRDA:245,29,0,0
BRDA:245,29,1,0
BRDA:256,30,0,4
BRDA:256,31,0,4
BRDA:257,32,0,0
BRDA:257,32,1,4
BRDA:257,33,0,4
BRDA:257,33,1,4
BRDA:257,33,2,4
BRDA:257,33,3,0
BRDA:267,34,0,0
BRDA:267,34,1,4
BRDA:271,35,0,1
BRDA:271,35,1,0
BRDA:280,36,0,1
BRDA:280,36,1,0
BRDA:283,37,0,1
BRDA:283,37,1,3
BRDA:295,38,0,1
BRDA:296,39,0,0
BRDA:296,39,1,1
BRDA:296,40,0,1
BRDA:296,40,1,1
BRDA:296,40,2,1
BRDA:303,41,0,0
BRDA:303,41,1,0
BRDA:313,42,0,0
BRDA:313,42,1,0
BRDA:313,43,0,0
BRDA:313,43,1,0
BRDA:317,44,0,0
BRDA:317,44,1,0
BRDA:336,45,0,0
BRDA:336,45,1,0
BRDA:360,46,0,0
BRDA:360,46,1,0
BRDA:372,47,0,0
BRDA:372,47,1,0
BRDA:385,48,0,1
BRDA:385,48,1,0
BRDA:389,49,0,1
BRDA:389,49,1,1
BRDA:389,49,2,0
BRDA:404,50,0,0
BRDA:404,50,1,1
BRDA:406,51,0,0
BRDA:406,51,1,0
BRDA:406,52,0,0
BRDA:406,52,1,0
BRDA:415,53,0,1
BRDA:415,53,1,1
BRDA:423,54,0,0
BRDA:423,54,1,1
BRDA:424,55,0,0
BRDA:424,55,1,0
BRDA:436,56,0,0
BRDA:436,56,1,4
BRDA:450,57,0,4
BRDA:450,57,1,0
BRDA:450,58,0,4
BRDA:450,58,1,4
BRDA:450,58,2,4
BRDA:465,59,0,0
BRDA:465,59,1,0
BRDA:469,60,0,0
BRDA:469,60,1,0
BRDA:471,61,0,0
BRDA:471,61,1,0
BRDA:471,62,0,0
BRDA:471,62,1,0
BRDA:474,63,0,0
BRDA:474,63,1,0
BRDA:474,64,0,0
BRDA:474,64,1,0
BRDA:479,65,0,0
BRDA:479,65,1,0
BRDA:483,66,0,0
BRDA:483,66,1,0
BRDA:485,67,0,0
BRDA:485,67,1,0
BRDA:510,68,0,4
BRDA:510,68,1,0
BRDA:510,69,0,4
BRDA:510,69,1,4
BRDA:510,69,2,4
BRDA:514,70,0,0
BRDA:514,70,1,0
BRDA:514,71,0,0
BRDA:514,71,1,0
BRDA:529,72,0,0
BRDA:529,72,1,0
BRDA:529,73,0,0
BRDA:529,73,1,0
BRDA:541,74,0,0
BRDA:541,74,1,0
BRDA:548,75,0,0
BRDA:548,75,1,0
BRDA:558,76,0,0
BRDA:558,76,1,0
BRDA:558,77,0,0
BRDA:558,77,1,0
BRDA:572,78,0,0
BRDA:572,78,1,12
BRDA:579,79,0,12
BRDA:579,79,1,0
BRDA:604,80,0,0
BRDA:604,80,1,0
BRDA:618,81,0,0
BRDA:618,81,1,0
BRDA:621,82,0,0
BRDA:621,82,1,0
BRDA:629,83,0,4
BRDA:629,83,1,8
BRDA:633,84,0,0
BRDA:633,84,1,8
BRDA:644,85,0,2
BRDA:644,85,1,2
BRDA:649,86,0,1
BRDA:649,86,1,1
BRDA:658,87,0,0
BRDA:658,87,1,0
BRDA:667,88,0,2
BRDA:667,88,1,2
BRDA:669,89,0,1
BRDA:669,89,1,1
BRDA:678,90,0,0
BRDA:678,90,1,0
BRDA:688,91,0,1
BRDA:688,91,1,1
BRDA:702,92,0,0
BRDA:702,92,1,0
BRF:188
BRH:81
end_of_record
TN:
SF:src\hooks\UseCookieTracker.jsx
FN:5,(anonymous_0)
FN:11,(anonymous_1)
FN:21,useCookieTracker
FN:23,(anonymous_3)
FN:24,(anonymous_4)
FN:25,(anonymous_5)
FN:28,(anonymous_6)
FN:37,(anonymous_7)
FN:43,(anonymous_8)
FN:48,(anonymous_9)
FNF:10
FNH:0
FNDA:0,(anonymous_0)
FNDA:0,(anonymous_1)
FNDA:0,useCookieTracker
FNDA:0,(anonymous_3)
FNDA:0,(anonymous_4)
FNDA:0,(anonymous_5)
FNDA:0,(anonymous_6)
FNDA:0,(anonymous_7)
FNDA:0,(anonymous_8)
FNDA:0,(anonymous_9)
DA:5,0
DA:6,0
DA:7,0
DA:8,0
DA:11,0
DA:12,0
DA:13,0
DA:14,0
DA:15,0
DA:16,0
DA:18,0
DA:22,0
DA:23,0
DA:24,0
DA:25,0
DA:28,0
DA:29,0
DA:30,0
DA:32,0
DA:33,0
DA:37,0
DA:38,0
DA:39,0
DA:40,0
DA:43,0
DA:44,0
DA:45,0
DA:48,0
DA:49,0
DA:50,0
DA:53,0
LF:31
LH:0
BRDA:16,0,0,0
BRDA:16,0,1,0
BRDA:23,1,0,0
BRDA:23,1,1,0
BRDA:24,2,0,0
BRDA:24,2,1,0
BRDA:29,3,0,0
BRDA:29,3,1,0
BRDA:38,4,0,0
BRDA:38,4,1,0
BRDA:49,5,0,0
BRDA:49,5,1,0
BRF:12
BRH:0
end_of_record
TN:
SF:src\hooks\useCookieTracker.jsx
FN:5,(anonymous_0)
FN:11,(anonymous_1)
FN:21,useCookieTracker
FN:23,(anonymous_3)
FN:24,(anonymous_4)
FN:25,(anonymous_5)
FN:28,(anonymous_6)
FN:37,(anonymous_7)
FN:43,(anonymous_8)
FN:48,(anonymous_9)
FNF:10
FNH:7
FNDA:16,(anonymous_0)
FNDA:32,(anonymous_1)
FNDA:24,useCookieTracker
FNDA:8,(anonymous_3)
FNDA:8,(anonymous_4)
FNDA:8,(anonymous_5)
FNDA:8,(anonymous_6)
FNDA:0,(anonymous_7)
FNDA:0,(anonymous_8)
FNDA:0,(anonymous_9)
DA:5,1
DA:6,16
DA:7,16
DA:8,16
DA:11,1
DA:12,32
DA:13,32
DA:14,32
DA:15,53
DA:16,53
DA:18,25
DA:22,24
DA:23,24
DA:24,24
DA:25,24
DA:28,24
DA:29,8
DA:30,8
DA:32,8
DA:33,8
DA:37,24
DA:38,0
DA:39,0
DA:40,0
DA:43,24
DA:44,0
DA:45,0
DA:48,24
DA:49,0
DA:50,0
DA:53,24
LF:31
LH:24
BRDA:16,0,0,7
BRDA:16,0,1,46
BRDA:23,1,0,8
BRDA:23,1,1,8
BRDA:24,2,0,8
BRDA:24,2,1,8
BRDA:29,3,0,8
BRDA:29,3,1,1
BRDA:38,4,0,0
BRDA:38,4,1,0
BRDA:49,5,0,0
BRDA:49,5,1,0
BRF:12
BRH:8
end_of_record
TN:
SF:src\lib\utils.js
FN:4,cn
FNF:1
FNH:0
FNDA:0,cn
DA:5,0
LF:1
LH:0
BRF:0
BRH:0
end_of_record
TN:
SF:src\pages\AuthPage.jsx
FN:5,AuthPage
FN:9,(anonymous_1)
FN:67,(anonymous_2)
FNF:3
FNH:0
FNDA:0,AuthPage
FNDA:0,(anonymous_1)
FNDA:0,(anonymous_2)
DA:6,0
DA:7,0
DA:9,0
DA:10,0
DA:12,0
DA:15,0
DA:67,0
LF:7
LH:0
BRDA:60,0,0,0
BRDA:60,0,1,0
BRDA:70,1,0,0
BRDA:70,1,1,0
BRF:4
BRH:0
end_of_record
TN:
SF:src\pages\DetailedViewPage.jsx
FN:15,DetailedViewPage
FN:30,(anonymous_1)
FN:50,(anonymous_2)
FN:154,(anonymous_3)
FN:183,(anonymous_4)
FN:194,(anonymous_5)
FNF:6
FNH:0
FNDA:0,DetailedViewPage
FNDA:0,(anonymous_1)
FNDA:0,(anonymous_2)
FNDA:0,(anonymous_3)
FNDA:0,(anonymous_4)
FNDA:0,(anonymous_5)
DA:7,0
DA:16,0
DA:17,0
DA:18,0
DA:20,0
DA:21,0
DA:22,0
DA:26,0
DA:27,0
DA:30,0
DA:37,0
DA:38,0
DA:40,0
DA:50,0
DA:155,0
DA:184,0
DA:195,0
LF:17
LH:0
BRDA:21,0,0,0
BRDA:21,0,1,0
BRDA:23,1,0,0
BRDA:23,1,1,0
BRDA:26,2,0,0
BRDA:26,2,1,0
BRDA:37,3,0,0
BRDA:37,3,1,0
BRDA:38,4,0,0
BRDA:38,4,1,0
BRDA:59,5,0,0
BRDA:59,5,1,0
BRDA:61,6,0,0
BRDA:61,6,1,0
BRDA:91,7,0,0
BRDA:91,7,1,0
BRDA:92,8,0,0
BRDA:92,8,1,0
BRDA:92,9,0,0
BRDA:92,9,1,0
BRDA:92,10,0,0
BRDA:92,10,1,0
BRDA:108,11,0,0
BRDA:108,11,1,0
BRDA:112,12,0,0
BRDA:112,12,1,0
BRDA:127,13,0,0
BRDA:127,13,1,0
BRDA:140,14,0,0
BRDA:140,14,1,0
BRDA:149,15,0,0
BRDA:149,15,1,0
BRDA:158,16,0,0
BRDA:158,16,1,0
BRDA:162,17,0,0
BRDA:162,17,1,0
BRDA:155,18,0,0
BRDA:155,18,1,0
BRDA:171,19,0,0
BRDA:171,19,1,0
BRDA:171,19,2,0
BRF:41
BRH:0
end_of_record
TN:
SF:src\pages\LandingPage.jsx
FN:4,LandingPage
FN:33,(anonymous_1)
FNF:2
FNH:0
FNDA:0,LandingPage
FNDA:0,(anonymous_1)
DA:5,0
DA:7,0
DA:33,0
LF:3
LH:0
BRF:0
BRH:0
end_of_record
TN:
SF:src\pages\LoginPage.jsx
FN:8,LoginPage
FN:12,(anonymous_1)
FN:19,(anonymous_2)
FN:28,(anonymous_3)
FN:32,(anonymous_4)
FNF:5
FNH:0
FNDA:0,LoginPage
FNDA:0,(anonymous_1)
FNDA:0,(anonymous_2)
FNDA:0,(anonymous_3)
FNDA:0,(anonymous_4)
DA:9,0
DA:10,0
DA:12,0
DA:13,0
DA:14,0
DA:17,0
DA:19,0
DA:28,0
DA:32,0
LF:9
LH:0
BRF:0
BRH:0
end_of_record
TN:
SF:src\pages\MasterTablePage.jsx
FN:18,MasterTablePage
FN:31,(anonymous_1)
FN:32,(anonymous_2)
FN:33,(anonymous_3)
FN:35,(anonymous_4)
FN:45,(anonymous_5)
FN:51,(anonymous_6)
FN:53,(anonymous_7)
FN:63,(anonymous_8)
FN:66,(anonymous_9)
FN:72,(anonymous_10)
FN:77,(anonymous_11)
FN:91,(anonymous_12)
FN:92,(anonymous_13)
FN:102,(anonymous_14)
FN:114,(anonymous_15)
FN:134,(anonymous_16)
FN:145,(anonymous_17)
FN:162,(anonymous_18)
FN:169,(anonymous_19)
FN:253,(anonymous_20)
FN:303,(anonymous_21)
FN:310,(anonymous_22)
FN:317,(anonymous_23)
FN:335,(anonymous_24)
FN:342,(anonymous_25)
FN:394,(anonymous_26)
FN:427,(anonymous_27)
FN:456,(anonymous_28)
FN:459,(anonymous_29)
FN:480,(anonymous_30)
FNF:31
FNH:17
FNDA:24,MasterTablePage
FNDA:48,(anonymous_1)
FNDA:48,(anonymous_2)
FNDA:48,(anonymous_3)
FNDA:48,(anonymous_4)
FNDA:19,(anonymous_5)
FNDA:0,(anonymous_6)
FNDA:0,(anonymous_7)
FNDA:0,(anonymous_8)
FNDA:1,(anonymous_9)
FNDA:2,(anonymous_10)
FNDA:3,(anonymous_11)
FNDA:24,(anonymous_12)
FNDA:24,(anonymous_13)
FNDA:48,(anonymous_14)
FNDA:1,(anonymous_15)
FNDA:0,(anonymous_16)
FNDA:0,(anonymous_17)
FNDA:0,(anonymous_18)
FNDA:0,(anonymous_19)
FNDA:48,(anonymous_20)
FNDA:0,(anonymous_21)
FNDA:2,(anonymous_22)
FNDA:1,(anonymous_23)
FNDA:0,(anonymous_24)
FNDA:0,(anonymous_25)
FNDA:0,(anonymous_26)
FNDA:0,(anonymous_27)
FNDA:0,(anonymous_28)
FNDA:0,(anonymous_29)
FNDA:2,(anonymous_30)
DA:19,24
DA:20,24
DA:22,24
DA:24,24
DA:25,24
DA:26,24
DA:28,24
DA:29,24
DA:31,48
DA:32,48
DA:33,48
DA:34,24
DA:35,48
DA:37,24
DA:45,24
DA:46,19
DA:47,19
DA:48,19
DA:51,0
DA:53,0
DA:54,0
DA:55,0
DA:62,0
DA:63,0
DA:66,24
DA:67,1
DA:68,1
DA:72,24
DA:73,2
DA:74,2
DA:77,24
DA:78,3
DA:79,3
DA:83,24
DA:88,24
DA:89,24
DA:91,24
DA:92,24
DA:93,24
DA:94,24
DA:96,24
DA:101,24
DA:102,24
DA:103,48
DA:104,48
DA:105,48
DA:106,48
DA:108,48
DA:109,25
DA:111,48
DA:114,24
DA:116,24
DA:123,24
DA:134,0
DA:145,0
DA:162,0
DA:169,0
DA:254,48
DA:303,0
DA:310,2
DA:317,1
DA:335,0
DA:342,0
DA:395,0
DA:428,0
DA:456,0
DA:460,0
DA:481,2
DA:482,1
DA:484,1
DA:486,2
LF:71
LH:54
BRDA:29,0,0,24
BRDA:29,0,1,0
BRDA:38,1,0,24
BRDA:38,1,1,0
BRDA:39,2,0,24
BRDA:39,2,1,0
BRDA:40,3,0,24
BRDA:40,3,1,0
BRDA:41,4,0,24
BRDA:41,4,1,0
BRDA:42,5,0,24
BRDA:42,5,1,0
BRDA:47,6,0,19
BRDA:47,6,1,0
BRDA:47,7,0,19
BRDA:47,7,1,19
BRDA:47,7,2,19
BRDA:47,7,3,19
BRDA:54,8,0,0
BRDA:54,8,1,0
BRDA:67,9,0,1
BRDA:67,9,1,0
BRDA:89,10,0,24
BRDA:89,10,1,0
BRDA:93,11,0,23
BRDA:93,11,1,1
BRDA:94,12,0,24
BRDA:94,12,1,0
BRDA:108,13,0,25
BRDA:108,13,1,23
BRDA:147,14,0,0
BRDA:147,14,1,24
BRDA:156,15,0,0
BRDA:156,15,1,24
BRDA:157,16,0,0
BRDA:157,16,1,24
BRDA:159,17,0,0
BRDA:159,17,1,24
BRDA:217,18,0,24
BRDA:217,18,1,0
BRDA:219,19,0,24
BRDA:219,19,1,0
BRDA:220,20,0,24
BRDA:220,20,1,0
BRDA:222,21,0,24
BRDA:222,21,1,24
BRDA:222,21,2,0
BRDA:231,22,0,24
BRDA:231,22,1,0
BRDA:264,23,0,48
BRDA:264,23,1,0
BRDA:280,24,0,47
BRDA:280,24,1,1
BRDA:280,25,0,23
BRDA:280,25,1,24
BRDA:283,26,0,24
BRDA:283,26,1,24
BRDA:284,27,0,24
BRDA:284,27,1,24
BRDA:284,28,0,48
BRDA:284,28,1,0
BRDA:288,29,0,24
BRDA:288,29,1,24
BRDA:290,30,0,24
BRDA:290,30,1,0
BRDA:298,31,0,47
BRDA:298,31,1,1
BRDA:298,32,0,47
BRDA:298,32,1,0
BRDA:349,33,0,0
BRDA:349,33,1,24
BRDA:351,34,0,24
BRDA:351,34,1,0
BRDA:369,35,0,24
BRDA:369,35,1,0
BRDA:436,36,0,0
BRDA:436,36,1,0
BRDA:462,37,0,0
BRDA:462,37,1,0
BRDA:481,38,0,1
BRDA:481,38,1,1
BRDA:491,39,0,24
BRDA:491,39,1,24
BRF:83
BRH:51
end_of_record
TN:
SF:src\pages\PerformanceVaultPage.jsx
FN:7,PerformanceVaultPage
FN:11,(anonymous_1)
FN:12,(anonymous_2)
FN:21,(anonymous_3)
FN:22,(anonymous_4)
FN:23,(anonymous_5)
FN:33,(anonymous_6)
FN:34,(anonymous_7)
FN:44,(anonymous_8)
FN:57,(anonymous_9)
FN:58,(anonymous_10)
FN:62,(anonymous_11)
FN:67,(anonymous_12)
FN:91,(anonymous_13)
FN:106,(anonymous_14)
FN:110,(anonymous_15)
FN:118,(anonymous_16)
FN:132,(anonymous_17)
FN:238,(anonymous_18)
FN:241,(anonymous_19)
FN:257,(anonymous_20)
FN:270,(anonymous_21)
FN:274,(anonymous_22)
FNF:23
FNH:0
FNDA:0,PerformanceVaultPage
FNDA:0,(anonymous_1)
FNDA:0,(anonymous_2)
FNDA:0,(anonymous_3)
FNDA:0,(anonymous_4)
FNDA:0,(anonymous_5)
FNDA:0,(anonymous_6)
FNDA:0,(anonymous_7)
FNDA:0,(anonymous_8)
FNDA:0,(anonymous_9)
FNDA:0,(anonymous_10)
FNDA:0,(anonymous_11)
FNDA:0,(anonymous_12)
FNDA:0,(anonymous_13)
FNDA:0,(anonymous_14)
FNDA:0,(anonymous_15)
FNDA:0,(anonymous_16)
FNDA:0,(anonymous_17)
FNDA:0,(anonymous_18)
FNDA:0,(anonymous_19)
FNDA:0,(anonymous_20)
FNDA:0,(anonymous_21)
FNDA:0,(anonymous_22)
DA:8,0
DA:9,0
DA:11,0
DA:12,0
DA:16,0
DA:17,0
DA:18,0
DA:21,0
DA:22,0
DA:23,0
DA:25,0
DA:30,0
DA:31,0
DA:33,0
DA:34,0
DA:35,0
DA:36,0
DA:38,0
DA:43,0
DA:44,0
DA:45,0
DA:46,0
DA:47,0
DA:49,0
DA:51,0
DA:52,0
DA:54,0
DA:57,0
DA:58,0
DA:59,0
DA:62,0
DA:63,0
DA:64,0
DA:65,0
DA:67,0
DA:68,0
DA:70,0
DA:71,0
DA:74,0
DA:75,0
DA:76,0
DA:77,0
DA:78,0
DA:80,0
DA:83,0
DA:84,0
DA:86,0
DA:90,0
DA:91,0
DA:93,0
DA:94,0
DA:95,0
DA:97,0
DA:100,0
DA:101,0
DA:106,0
DA:107,0
DA:109,0
DA:110,0
DA:111,0
DA:112,0
DA:113,0
DA:114,0
DA:118,0
DA:121,0
DA:132,0
DA:238,0
DA:242,0
DA:257,0
DA:270,0
DA:274,0
LF:71
LH:0
BRDA:11,0,0,0
BRDA:11,0,1,0
BRDA:12,1,0,0
BRDA:12,1,1,0
BRDA:31,2,0,0
BRDA:31,2,1,0
BRDA:35,3,0,0
BRDA:35,3,1,0
BRDA:36,4,0,0
BRDA:36,4,1,0
BRDA:51,5,0,0
BRDA:51,5,1,0
BRDA:59,6,0,0
BRDA:59,6,1,0
BRDA:70,7,0,0
BRDA:70,7,1,0
BRDA:75,8,0,0
BRDA:75,8,1,0
BRDA:77,9,0,0
BRDA:77,9,1,0
BRDA:83,10,0,0
BRDA:83,10,1,0
BRDA:91,11,0,0
BRDA:91,11,1,0
BRDA:94,12,0,0
BRDA:94,12,1,0
BRDA:107,13,0,0
BRDA:107,13,1,0
BRDA:113,14,0,0
BRDA:113,14,1,0
BRDA:148,15,0,0
BRDA:148,15,1,0
BRDA:152,16,0,0
BRDA:152,16,1,0
BRDA:153,17,0,0
BRDA:153,17,1,0
BRDA:162,18,0,0
BRDA:162,18,1,0
BRDA:162,18,2,0
BRDA:169,19,0,0
BRDA:169,19,1,0
BRDA:179,20,0,0
BRDA:179,20,1,0
BRDA:194,21,0,0
BRDA:194,21,1,0
BRDA:195,22,0,0
BRDA:195,22,1,0
BRDA:242,23,0,0
BRDA:242,23,1,0
BRF:49
BRH:0
end_of_record
TN:
SF:src\pages\ProfilePage.jsx
FN:7,ProfilePage
FN:20,(anonymous_1)
FN:20,(anonymous_2)
FN:22,(anonymous_3)
FN:25,(anonymous_4)
FN:35,(anonymous_5)
FN:44,(anonymous_6)
FN:122,(anonymous_7)
FNF:8
FNH:0
FNDA:0,ProfilePage
FNDA:0,(anonymous_1)
FNDA:0,(anonymous_2)
FNDA:0,(anonymous_3)
FNDA:0,(anonymous_4)
FNDA:0,(anonymous_5)
FNDA:0,(anonymous_6)
FNDA:0,(anonymous_7)
DA:8,0
DA:9,0
DA:10,0
DA:11,0
DA:17,0
DA:18,0
DA:20,0
DA:21,0
DA:22,0
DA:25,0
DA:26,0
DA:27,0
DA:33,0
DA:34,0
DA:35,0
DA:38,0
DA:44,0
DA:122,0
LF:18
LH:0
BRDA:12,0,0,0
BRDA:12,0,1,0
BRDA:13,1,0,0
BRDA:13,1,1,0
BRDA:14,2,0,0
BRDA:14,2,1,0
BRDA:15,3,0,0
BRDA:15,3,1,0
BRDA:17,4,0,0
BRDA:17,4,1,0
BRDA:21,5,0,0
BRDA:21,5,1,0
BRDA:28,6,0,0
BRDA:28,6,1,0
BRDA:31,7,0,0
BRDA:31,7,1,0
BRDA:31,8,0,0
BRDA:31,8,1,0
BRDA:139,9,0,0
BRDA:139,9,1,0
BRDA:151,10,0,0
BRDA:151,10,1,0
BRDA:155,11,0,0
BRDA:155,11,1,0
BRDA:159,12,0,0
BRDA:159,12,1,0
BRDA:163,13,0,0
BRDA:163,13,1,0
BRF:28
BRH:0
end_of_record
